[0.295s] Invoking command in '/home/maranmen/Quadruped_8DOF/build/moveit2_tutorials': CMAKE_PREFIX_PATH=/home/maranmen/Quadruped_8DOF/install/quadruped_model:/opt/ros/humble /usr/bin/cmake /home/maranmen/Quadruped_8DOF/src/moveit2_tutorials -DCMAKE_BUILD_TYPE=Release -DCMAKE_INSTALL_PREFIX=/home/maranmen/Quadruped_8DOF/install/moveit2_tutorials
[0.363s] -- The C compiler identification is GNU 11.4.0
[0.425s] -- The CXX compiler identification is GNU 11.4.0
[0.433s] -- Detecting C compiler ABI info
[0.523s] -- Detecting C compiler ABI info - done
[0.527s] -- Check for working C compiler: /usr/bin/cc - skipped
[0.527s] -- Detecting C compile features
[0.528s] -- Detecting C compile features - done
[0.531s] -- Detecting CXX compiler ABI info
[0.627s] -- Detecting CXX compiler ABI info - done
[0.635s] -- Check for working CXX compiler: /usr/bin/c++ - skipped
[0.635s] -- Detecting CXX compile features
[0.636s] -- Detecting CXX compile features - done
[0.648s] [31mCMake Error at CMakeLists.txt:5 (find_package):
[0.648s]   By not providing "Findmoveit_common.cmake" in CMAKE_MODULE_PATH this
[0.648s]   project has asked CMake to find a package configuration file provided by
[0.648s]   "moveit_common", but CMake did not find one.
[0.648s] 
[0.648s]   Could not find a package configuration file provided by "moveit_common"
[0.648s]   with any of the following names:
[0.648s] 
[0.648s]     moveit_commonConfig.cmake
[0.648s]     moveit_common-config.cmake
[0.648s] 
[0.648s]   Add the installation prefix of "moveit_common" to CMAKE_PREFIX_PATH or set
[0.648s]   "moveit_common_DIR" to a directory containing one of the above files.  If
[0.648s]   "moveit_common" provides a separate development package or SDK, be sure it
[0.648s]   has been installed.
[0.649s] 
[0.649s] [0m
[0.649s] -- Configuring incomplete, errors occurred!
[0.649s] See also "/home/maranmen/Quadruped_8DOF/build/moveit2_tutorials/CMakeFiles/CMakeOutput.log".
[0.651s] Invoked command in '/home/maranmen/Quadruped_8DOF/build/moveit2_tutorials' returned '1': CMAKE_PREFIX_PATH=/home/maranmen/Quadruped_8DOF/install/quadruped_model:/opt/ros/humble /usr/bin/cmake /home/maranmen/Quadruped_8DOF/src/moveit2_tutorials -DCMAKE_BUILD_TYPE=Release -DCMAKE_INSTALL_PREFIX=/home/maranmen/Quadruped_8DOF/install/moveit2_tutorials
