[0.022s] Invoking command in '/home/maranmen/Quadruped_8DOF/build/moveit_resources_prbt_support': CMAKE_PREFIX_PATH=/home/maranmen/Quadruped_8DOF/install/quadruped_model:/opt/ros/humble /usr/bin/cmake /home/maranmen/Quadruped_8DOF/src/moveit2/moveit_planners/test_configs/prbt_support -DCMAKE_BUILD_TYPE=Release -DCMAKE_INSTALL_PREFIX=/home/maranmen/Quadruped_8DOF/install/moveit_resources_prbt_support
[0.138s] -- The C compiler identification is GNU 11.4.0
[0.252s] -- The CXX compiler identification is GNU 11.4.0
[0.302s] -- Detecting C compiler ABI info
[0.531s] -- Detecting C compiler ABI info - done
[0.538s] -- Check for working C compiler: /usr/bin/cc - skipped
[0.538s] -- Detecting C compile features
[0.539s] -- Detecting C compile features - done
[0.543s] -- Detecting CXX compiler ABI info
[0.763s] -- Detecting CXX compiler ABI info - done
[0.773s] -- Check for working CXX compiler: /usr/bin/c++ - skipped
[0.774s] -- Detecting CXX compile features
[0.774s] -- Detecting CXX compile features - done
[0.777s] -- Found ament_cmake: 1.3.9 (/opt/ros/humble/share/ament_cmake/cmake)
[0.987s] -- Found Python3: /usr/bin/python3 (found version "3.10.12") found components: Interpreter 
[1.201s] -- Configuring done
[1.203s] -- Generating done
[1.205s] -- Build files have been written to: /home/maranmen/Quadruped_8DOF/build/moveit_resources_prbt_support
[1.213s] Invoked command in '/home/maranmen/Quadruped_8DOF/build/moveit_resources_prbt_support' returned '0': CMAKE_PREFIX_PATH=/home/maranmen/Quadruped_8DOF/install/quadruped_model:/opt/ros/humble /usr/bin/cmake /home/maranmen/Quadruped_8DOF/src/moveit2/moveit_planners/test_configs/prbt_support -DCMAKE_BUILD_TYPE=Release -DCMAKE_INSTALL_PREFIX=/home/maranmen/Quadruped_8DOF/install/moveit_resources_prbt_support
[1.213s] Invoking command in '/home/maranmen/Quadruped_8DOF/build/moveit_resources_prbt_support': CMAKE_PREFIX_PATH=/home/maranmen/Quadruped_8DOF/install/quadruped_model:/opt/ros/humble /usr/bin/cmake --build /home/maranmen/Quadruped_8DOF/build/moveit_resources_prbt_support -- -j4 -l4
[1.274s] Invoked command in '/home/maranmen/Quadruped_8DOF/build/moveit_resources_prbt_support' returned '0': CMAKE_PREFIX_PATH=/home/maranmen/Quadruped_8DOF/install/quadruped_model:/opt/ros/humble /usr/bin/cmake --build /home/maranmen/Quadruped_8DOF/build/moveit_resources_prbt_support -- -j4 -l4
[1.340s] Invoking command in '/home/maranmen/Quadruped_8DOF/build/moveit_resources_prbt_support': CMAKE_PREFIX_PATH=/home/maranmen/Quadruped_8DOF/install/quadruped_model:/opt/ros/humble /usr/bin/cmake --install /home/maranmen/Quadruped_8DOF/build/moveit_resources_prbt_support
[1.356s] -- Install configuration: "Release"
[1.357s] -- Installing: /home/maranmen/Quadruped_8DOF/install/moveit_resources_prbt_support/share/ament_index/resource_index/package_run_dependencies/moveit_resources_prbt_support
[1.357s] -- Installing: /home/maranmen/Quadruped_8DOF/install/moveit_resources_prbt_support/share/ament_index/resource_index/parent_prefix_path/moveit_resources_prbt_support
[1.357s] -- Installing: /home/maranmen/Quadruped_8DOF/install/moveit_resources_prbt_support/share/moveit_resources_prbt_support/environment/ament_prefix_path.sh
[1.357s] -- Installing: /home/maranmen/Quadruped_8DOF/install/moveit_resources_prbt_support/share/moveit_resources_prbt_support/environment/ament_prefix_path.dsv
[1.357s] -- Installing: /home/maranmen/Quadruped_8DOF/install/moveit_resources_prbt_support/share/moveit_resources_prbt_support/environment/path.sh
[1.358s] -- Installing: /home/maranmen/Quadruped_8DOF/install/moveit_resources_prbt_support/share/moveit_resources_prbt_support/environment/path.dsv
[1.358s] -- Installing: /home/maranmen/Quadruped_8DOF/install/moveit_resources_prbt_support/share/moveit_resources_prbt_support/local_setup.bash
[1.358s] -- Installing: /home/maranmen/Quadruped_8DOF/install/moveit_resources_prbt_support/share/moveit_resources_prbt_support/local_setup.sh
[1.393s] -- Installing: /home/maranmen/Quadruped_8DOF/install/moveit_resources_prbt_support/share/moveit_resources_prbt_support/local_setup.zsh
[1.393s] -- Installing: /home/maranmen/Quadruped_8DOF/install/moveit_resources_prbt_support/share/moveit_resources_prbt_support/local_setup.dsv
[1.393s] -- Installing: /home/maranmen/Quadruped_8DOF/install/moveit_resources_prbt_support/share/moveit_resources_prbt_support/package.dsv
[1.393s] -- Installing: /home/maranmen/Quadruped_8DOF/install/moveit_resources_prbt_support/share/ament_index/resource_index/packages/moveit_resources_prbt_support
[1.393s] -- Installing: /home/maranmen/Quadruped_8DOF/install/moveit_resources_prbt_support/share/moveit_resources_prbt_support/cmake/moveit_resources_prbt_supportConfig.cmake
[1.393s] -- Installing: /home/maranmen/Quadruped_8DOF/install/moveit_resources_prbt_support/share/moveit_resources_prbt_support/cmake/moveit_resources_prbt_supportConfig-version.cmake
[1.393s] -- Installing: /home/maranmen/Quadruped_8DOF/install/moveit_resources_prbt_support/share/moveit_resources_prbt_support/package.xml
[1.394s] -- Installing: /home/maranmen/Quadruped_8DOF/install/moveit_resources_prbt_support/share/moveit_resources_prbt_support/urdf
[1.394s] -- Installing: /home/maranmen/Quadruped_8DOF/install/moveit_resources_prbt_support/share/moveit_resources_prbt_support/urdf/prbt_macro.xacro
[1.394s] -- Installing: /home/maranmen/Quadruped_8DOF/install/moveit_resources_prbt_support/share/moveit_resources_prbt_support/urdf/prbt.ros2_control.xacro
[1.394s] -- Installing: /home/maranmen/Quadruped_8DOF/install/moveit_resources_prbt_support/share/moveit_resources_prbt_support/urdf/prbt.xacro
[1.394s] -- Installing: /home/maranmen/Quadruped_8DOF/install/moveit_resources_prbt_support/share/moveit_resources_prbt_support/urdf/simple_gripper_brackets.urdf.xacro
[1.395s] -- Installing: /home/maranmen/Quadruped_8DOF/install/moveit_resources_prbt_support/share/moveit_resources_prbt_support/meshes
[1.396s] -- Installing: /home/maranmen/Quadruped_8DOF/install/moveit_resources_prbt_support/share/moveit_resources_prbt_support/meshes/link_5.dae
[1.396s] -- Installing: /home/maranmen/Quadruped_8DOF/install/moveit_resources_prbt_support/share/moveit_resources_prbt_support/meshes/link_4.stl
[1.396s] -- Installing: /home/maranmen/Quadruped_8DOF/install/moveit_resources_prbt_support/share/moveit_resources_prbt_support/meshes/link_4.dae
[1.398s] -- Installing: /home/maranmen/Quadruped_8DOF/install/moveit_resources_prbt_support/share/moveit_resources_prbt_support/meshes/flange.dae
[1.398s] -- Installing: /home/maranmen/Quadruped_8DOF/install/moveit_resources_prbt_support/share/moveit_resources_prbt_support/meshes/link_2.dae
[1.403s] -- Installing: /home/maranmen/Quadruped_8DOF/install/moveit_resources_prbt_support/share/moveit_resources_prbt_support/meshes/link_1.stl
[1.404s] -- Installing: /home/maranmen/Quadruped_8DOF/install/moveit_resources_prbt_support/share/moveit_resources_prbt_support/meshes/foot.stl
[1.404s] -- Installing: /home/maranmen/Quadruped_8DOF/install/moveit_resources_prbt_support/share/moveit_resources_prbt_support/meshes/foot.dae
[1.407s] -- Installing: /home/maranmen/Quadruped_8DOF/install/moveit_resources_prbt_support/share/moveit_resources_prbt_support/meshes/flange.stl
[1.408s] -- Installing: /home/maranmen/Quadruped_8DOF/install/moveit_resources_prbt_support/share/moveit_resources_prbt_support/meshes/link_3.dae
[1.410s] -- Installing: /home/maranmen/Quadruped_8DOF/install/moveit_resources_prbt_support/share/moveit_resources_prbt_support/meshes/link_3.stl
[1.410s] -- Installing: /home/maranmen/Quadruped_8DOF/install/moveit_resources_prbt_support/share/moveit_resources_prbt_support/meshes/link_5.stl
[1.411s] -- Installing: /home/maranmen/Quadruped_8DOF/install/moveit_resources_prbt_support/share/moveit_resources_prbt_support/meshes/link_1.dae
[1.413s] -- Installing: /home/maranmen/Quadruped_8DOF/install/moveit_resources_prbt_support/share/moveit_resources_prbt_support/meshes/link_2.stl
[1.414s] -- Installing: /home/maranmen/Quadruped_8DOF/install/moveit_resources_prbt_support/share/moveit_resources_prbt_support/config
[1.414s] -- Installing: /home/maranmen/Quadruped_8DOF/install/moveit_resources_prbt_support/share/moveit_resources_prbt_support/config/prbt_0_1.dcf
[1.415s] -- Installing: /home/maranmen/Quadruped_8DOF/install/moveit_resources_prbt_support/share/moveit_resources_prbt_support/config/manipulator_driver.yaml
[1.415s] -- Installing: /home/maranmen/Quadruped_8DOF/install/moveit_resources_prbt_support/share/moveit_resources_prbt_support/config/manipulator_controller.yaml
[1.419s] Invoked command in '/home/maranmen/Quadruped_8DOF/build/moveit_resources_prbt_support' returned '0': CMAKE_PREFIX_PATH=/home/maranmen/Quadruped_8DOF/install/quadruped_model:/opt/ros/humble /usr/bin/cmake --install /home/maranmen/Quadruped_8DOF/build/moveit_resources_prbt_support
