[2.930s] Invoking command in '/home/julio/Desktop/proyecto_tesis/quadruped_8DOF/src/quadruped_model': PYTHONPATH=/home/julio/Desktop/proyecto_tesis/quadruped_8DOF/build/quadruped_model/prefix_override:/usr/lib/python3/dist-packages/colcon_core/task/python/colcon_distutils_commands:/home/julio/Desktop/proyecto_tesis/quadruped_8DOF/install/quadruped_model/lib/python3.10/site-packages:${PYTHONPATH} /usr/bin/python3 -W ignore:setup.py install is deprecated setup.py egg_info --egg-base ../../build/quadruped_model build --build-base /home/julio/Desktop/proyecto_tesis/quadruped_8DOF/build/quadruped_model/build install --record /home/julio/Desktop/proyecto_tesis/quadruped_8DOF/build/quadruped_model/install.log --single-version-externally-managed install_data
[3.821s] running egg_info
[3.825s] writing ../../build/quadruped_model/quadruped_model.egg-info/PKG-INFO
[3.826s] writing dependency_links to ../../build/quadruped_model/quadruped_model.egg-info/dependency_links.txt
[3.826s] writing entry points to ../../build/quadruped_model/quadruped_model.egg-info/entry_points.txt
[3.831s] writing requirements to ../../build/quadruped_model/quadruped_model.egg-info/requires.txt
[3.832s] writing top-level names to ../../build/quadruped_model/quadruped_model.egg-info/top_level.txt
[3.837s] reading manifest file '../../build/quadruped_model/quadruped_model.egg-info/SOURCES.txt'
[3.846s] writing manifest file '../../build/quadruped_model/quadruped_model.egg-info/SOURCES.txt'
[3.848s] running build
[3.852s] running build_py
[3.852s] copying quadruped_model/move_robot.py -> /home/julio/Desktop/proyecto_tesis/quadruped_8DOF/build/quadruped_model/build/lib/quadruped_model
[3.852s] running install
[3.855s] running install_lib
[3.858s] copying /home/julio/Desktop/proyecto_tesis/quadruped_8DOF/build/quadruped_model/build/lib/quadruped_model/move_robot.py -> /home/julio/Desktop/proyecto_tesis/quadruped_8DOF/install/quadruped_model/lib/python3.10/site-packages/quadruped_model
[3.869s] byte-compiling /home/julio/Desktop/proyecto_tesis/quadruped_8DOF/install/quadruped_model/lib/python3.10/site-packages/quadruped_model/move_robot.py to move_robot.cpython-310.pyc
[3.886s] running install_data
[3.893s] running install_egg_info
[3.919s] removing '/home/julio/Desktop/proyecto_tesis/quadruped_8DOF/install/quadruped_model/lib/python3.10/site-packages/quadruped_model-0.0.0-py3.10.egg-info' (and everything under it)
[3.922s] Copying ../../build/quadruped_model/quadruped_model.egg-info to /home/julio/Desktop/proyecto_tesis/quadruped_8DOF/install/quadruped_model/lib/python3.10/site-packages/quadruped_model-0.0.0-py3.10.egg-info
[3.928s] running install_scripts
[3.961s] Installing continuous_lifter script to /home/julio/Desktop/proyecto_tesis/quadruped_8DOF/install/quadruped_model/lib/quadruped_model
[3.964s] Installing move_hip script to /home/julio/Desktop/proyecto_tesis/quadruped_8DOF/install/quadruped_model/lib/quadruped_model
[3.964s] Installing move_leg script to /home/julio/Desktop/proyecto_tesis/quadruped_8DOF/install/quadruped_model/lib/quadruped_model
[3.966s] Installing move_robot script to /home/julio/Desktop/proyecto_tesis/quadruped_8DOF/install/quadruped_model/lib/quadruped_model
[3.966s] Installing vrep_communication script to /home/julio/Desktop/proyecto_tesis/quadruped_8DOF/install/quadruped_model/lib/quadruped_model
[3.966s] writing list of installed files to '/home/julio/Desktop/proyecto_tesis/quadruped_8DOF/build/quadruped_model/install.log'
[4.042s] Invoked command in '/home/julio/Desktop/proyecto_tesis/quadruped_8DOF/src/quadruped_model' returned '0': PYTHONPATH=/home/julio/Desktop/proyecto_tesis/quadruped_8DOF/build/quadruped_model/prefix_override:/usr/lib/python3/dist-packages/colcon_core/task/python/colcon_distutils_commands:/home/julio/Desktop/proyecto_tesis/quadruped_8DOF/install/quadruped_model/lib/python3.10/site-packages:${PYTHONPATH} /usr/bin/python3 -W ignore:setup.py install is deprecated setup.py egg_info --egg-base ../../build/quadruped_model build --build-base /home/julio/Desktop/proyecto_tesis/quadruped_8DOF/build/quadruped_model/build install --record /home/julio/Desktop/proyecto_tesis/quadruped_8DOF/build/quadruped_model/install.log --single-version-externally-managed install_data
