[1.774s] Invoking command in '/home/julio/Desktop/proyecto_tesis/quadruped_8DOF/build/quadruped_vrep': CMAKE_PREFIX_PATH=${CMAKE_PREFIX_PATH}:/home/julio/Desktop/proyecto_tesis/quadruped_8DOF/install/cinematic_control:/home/julio/Desktop/proyecto_tesis/quadruped_8DOF/install/quadruped_model:/opt/ros/humble /usr/bin/cmake --build /home/julio/Desktop/proyecto_tesis/quadruped_8DOF/build/quadruped_vrep -- -j2 -l2
[2.754s] [100%] Built target communication
[2.899s] Invoked command in '/home/julio/Desktop/proyecto_tesis/quadruped_8DOF/build/quadruped_vrep' returned '0': CMAKE_PREFIX_PATH=${CMAKE_PREFIX_PATH}:/home/julio/Desktop/proyecto_tesis/quadruped_8DOF/install/cinematic_control:/home/julio/Desktop/proyecto_tesis/quadruped_8DOF/install/quadruped_model:/opt/ros/humble /usr/bin/cmake --build /home/julio/Desktop/proyecto_tesis/quadruped_8DOF/build/quadruped_vrep -- -j2 -l2
[3.948s] Invoking command in '/home/julio/Desktop/proyecto_tesis/quadruped_8DOF/build/quadruped_vrep': CMAKE_PREFIX_PATH=${CMAKE_PREFIX_PATH}:/home/julio/Desktop/proyecto_tesis/quadruped_8DOF/install/cinematic_control:/home/julio/Desktop/proyecto_tesis/quadruped_8DOF/install/quadruped_model:/opt/ros/humble /usr/bin/cmake --install /home/julio/Desktop/proyecto_tesis/quadruped_8DOF/build/quadruped_vrep
[4.088s] -- Install configuration: ""
[4.088s] -- Up-to-date: /home/julio/Desktop/proyecto_tesis/quadruped_8DOF/install/quadruped_vrep/lib/quadruped_vrep/communication
[4.102s] -- Up-to-date: /home/julio/Desktop/proyecto_tesis/quadruped_8DOF/install/quadruped_vrep/share/ament_index/resource_index/package_run_dependencies/quadruped_vrep
[4.102s] -- Up-to-date: /home/julio/Desktop/proyecto_tesis/quadruped_8DOF/install/quadruped_vrep/share/ament_index/resource_index/parent_prefix_path/quadruped_vrep
[4.109s] -- Up-to-date: /home/julio/Desktop/proyecto_tesis/quadruped_8DOF/install/quadruped_vrep/share/quadruped_vrep/environment/ament_prefix_path.sh
[4.109s] -- Up-to-date: /home/julio/Desktop/proyecto_tesis/quadruped_8DOF/install/quadruped_vrep/share/quadruped_vrep/environment/ament_prefix_path.dsv
[4.109s] -- Up-to-date: /home/julio/Desktop/proyecto_tesis/quadruped_8DOF/install/quadruped_vrep/share/quadruped_vrep/environment/path.sh
[4.115s] -- Up-to-date: /home/julio/Desktop/proyecto_tesis/quadruped_8DOF/install/quadruped_vrep/share/quadruped_vrep/environment/path.dsv
[4.118s] -- Up-to-date: /home/julio/Desktop/proyecto_tesis/quadruped_8DOF/install/quadruped_vrep/share/quadruped_vrep/local_setup.bash
[4.118s] -- Up-to-date: /home/julio/Desktop/proyecto_tesis/quadruped_8DOF/install/quadruped_vrep/share/quadruped_vrep/local_setup.sh
[4.125s] -- Up-to-date: /home/julio/Desktop/proyecto_tesis/quadruped_8DOF/install/quadruped_vrep/share/quadruped_vrep/local_setup.zsh
[4.126s] -- Up-to-date: /home/julio/Desktop/proyecto_tesis/quadruped_8DOF/install/quadruped_vrep/share/quadruped_vrep/local_setup.dsv
[4.126s] -- Installing: /home/julio/Desktop/proyecto_tesis/quadruped_8DOF/install/quadruped_vrep/share/quadruped_vrep/package.dsv
[4.128s] -- Up-to-date: /home/julio/Desktop/proyecto_tesis/quadruped_8DOF/install/quadruped_vrep/share/ament_index/resource_index/packages/quadruped_vrep
[4.129s] -- Up-to-date: /home/julio/Desktop/proyecto_tesis/quadruped_8DOF/install/quadruped_vrep/share/quadruped_vrep/cmake/quadruped_vrepConfig.cmake
[4.129s] -- Up-to-date: /home/julio/Desktop/proyecto_tesis/quadruped_8DOF/install/quadruped_vrep/share/quadruped_vrep/cmake/quadruped_vrepConfig-version.cmake
[4.129s] -- Up-to-date: /home/julio/Desktop/proyecto_tesis/quadruped_8DOF/install/quadruped_vrep/share/quadruped_vrep/package.xml
[4.173s] Invoked command in '/home/julio/Desktop/proyecto_tesis/quadruped_8DOF/build/quadruped_vrep' returned '0': CMAKE_PREFIX_PATH=${CMAKE_PREFIX_PATH}:/home/julio/Desktop/proyecto_tesis/quadruped_8DOF/install/cinematic_control:/home/julio/Desktop/proyecto_tesis/quadruped_8DOF/install/quadruped_model:/opt/ros/humble /usr/bin/cmake --install /home/julio/Desktop/proyecto_tesis/quadruped_8DOF/build/quadruped_vrep
