[0.323s] DEBUG:colcon:Command line arguments: ['/usr/bin/colcon', 'build']
[0.323s] DEBUG:colcon:Parsed command line arguments: Namespace(log_base=None, log_level=None, verb_name='build', build_base='build', install_base='install', merge_install=False, symlink_install=False, test_result_base=None, continue_on_error=False, executor='parallel', parallel_workers=2, event_handlers=None, ignore_user_meta=False, metas=['./colcon.meta'], base_paths=['.'], packages_ignore=None, packages_ignore_regex=None, paths=None, packages_up_to=None, packages_up_to_regex=None, packages_above=None, packages_above_and_dependencies=None, packages_above_depth=None, packages_select_by_dep=None, packages_skip_by_dep=None, packages_skip_up_to=None, packages_select_build_failed=False, packages_skip_build_finished=False, packages_select_test_failures=False, packages_skip_test_passed=False, packages_select=None, packages_skip=None, packages_select_regex=None, packages_skip_regex=None, packages_start=None, packages_end=None, allow_overriding=[], cmake_args=None, cmake_target=None, cmake_target_skip_unavailable=False, cmake_clean_cache=False, cmake_clean_first=False, cmake_force_configure=False, ament_cmake_args=None, catkin_cmake_args=None, catkin_skip_building_tests=False, mixin_files=None, mixin=None, verb_parser=<colcon_mixin.mixin.mixin_argument.MixinArgumentDecorator object at 0x746e6783a770>, verb_extension=<colcon_core.verb.build.BuildVerb object at 0x746e67839cf0>, main=<bound method BuildVerb.main of <colcon_core.verb.build.BuildVerb object at 0x746e67839cf0>>, mixin_verb=('build',))
[1.052s] Level 1:colcon.colcon_core.package_discovery:discover_packages(colcon_meta) check parameters
[1.052s] Level 1:colcon.colcon_core.package_discovery:discover_packages(recursive) check parameters
[1.052s] Level 1:colcon.colcon_core.package_discovery:discover_packages(ignore) check parameters
[1.052s] Level 1:colcon.colcon_core.package_discovery:discover_packages(path) check parameters
[1.052s] Level 1:colcon.colcon_core.package_discovery:discover_packages(colcon_meta) discover
[1.052s] Level 1:colcon.colcon_core.package_discovery:discover_packages(recursive) discover
[1.053s] INFO:colcon.colcon_core.package_discovery:Crawling recursively for packages in '/home/julio/Desktop/proyecto_tesis/quadruped_8DOF'
[1.053s] Level 1:colcon.colcon_core.package_identification:_identify(.) by extensions ['ignore', 'ignore_ament_install']
[1.053s] Level 1:colcon.colcon_core.package_identification:_identify(.) by extension 'ignore'
[1.054s] Level 1:colcon.colcon_core.package_identification:_identify(.) by extension 'ignore_ament_install'
[1.054s] Level 1:colcon.colcon_core.package_identification:_identify(.) by extensions ['colcon_pkg']
[1.054s] Level 1:colcon.colcon_core.package_identification:_identify(.) by extension 'colcon_pkg'
[1.054s] Level 1:colcon.colcon_core.package_identification:_identify(.) by extensions ['colcon_meta']
[1.054s] Level 1:colcon.colcon_core.package_identification:_identify(.) by extension 'colcon_meta'
[1.054s] Level 1:colcon.colcon_core.package_identification:_identify(.) by extensions ['ros']
[1.054s] Level 1:colcon.colcon_core.package_identification:_identify(.) by extension 'ros'
[1.132s] Level 1:colcon.colcon_core.package_identification:_identify(.) by extensions ['cmake', 'python']
[1.132s] Level 1:colcon.colcon_core.package_identification:_identify(.) by extension 'cmake'
[1.132s] Level 1:colcon.colcon_core.package_identification:_identify(.) by extension 'python'
[1.132s] Level 1:colcon.colcon_core.package_identification:_identify(.) by extensions ['python_setup_py']
[1.132s] Level 1:colcon.colcon_core.package_identification:_identify(.) by extension 'python_setup_py'
[1.133s] Level 1:colcon.colcon_core.package_identification:_identify(build) by extensions ['ignore', 'ignore_ament_install']
[1.133s] Level 1:colcon.colcon_core.package_identification:_identify(build) by extension 'ignore'
[1.134s] Level 1:colcon.colcon_core.package_identification:_identify(build) ignored
[1.134s] Level 1:colcon.colcon_core.package_identification:_identify(install) by extensions ['ignore', 'ignore_ament_install']
[1.135s] Level 1:colcon.colcon_core.package_identification:_identify(install) by extension 'ignore'
[1.135s] Level 1:colcon.colcon_core.package_identification:_identify(install) ignored
[1.135s] Level 1:colcon.colcon_core.package_identification:_identify(log) by extensions ['ignore', 'ignore_ament_install']
[1.136s] Level 1:colcon.colcon_core.package_identification:_identify(log) by extension 'ignore'
[1.136s] Level 1:colcon.colcon_core.package_identification:_identify(log) ignored
[1.136s] Level 1:colcon.colcon_core.package_identification:_identify(src) by extensions ['ignore', 'ignore_ament_install']
[1.136s] Level 1:colcon.colcon_core.package_identification:_identify(src) by extension 'ignore'
[1.136s] Level 1:colcon.colcon_core.package_identification:_identify(src) by extension 'ignore_ament_install'
[1.136s] Level 1:colcon.colcon_core.package_identification:_identify(src) by extensions ['colcon_pkg']
[1.137s] Level 1:colcon.colcon_core.package_identification:_identify(src) by extension 'colcon_pkg'
[1.137s] Level 1:colcon.colcon_core.package_identification:_identify(src) by extensions ['colcon_meta']
[1.137s] Level 1:colcon.colcon_core.package_identification:_identify(src) by extension 'colcon_meta'
[1.137s] Level 1:colcon.colcon_core.package_identification:_identify(src) by extensions ['ros']
[1.137s] Level 1:colcon.colcon_core.package_identification:_identify(src) by extension 'ros'
[1.137s] Level 1:colcon.colcon_core.package_identification:_identify(src) by extensions ['cmake', 'python']
[1.137s] Level 1:colcon.colcon_core.package_identification:_identify(src) by extension 'cmake'
[1.138s] Level 1:colcon.colcon_core.package_identification:_identify(src) by extension 'python'
[1.138s] Level 1:colcon.colcon_core.package_identification:_identify(src) by extensions ['python_setup_py']
[1.138s] Level 1:colcon.colcon_core.package_identification:_identify(src) by extension 'python_setup_py'
[1.138s] Level 1:colcon.colcon_core.package_identification:_identify(src/action) by extensions ['ignore', 'ignore_ament_install']
[1.138s] Level 1:colcon.colcon_core.package_identification:_identify(src/action) by extension 'ignore'
[1.138s] Level 1:colcon.colcon_core.package_identification:_identify(src/action) by extension 'ignore_ament_install'
[1.138s] Level 1:colcon.colcon_core.package_identification:_identify(src/action) by extensions ['colcon_pkg']
[1.139s] Level 1:colcon.colcon_core.package_identification:_identify(src/action) by extension 'colcon_pkg'
[1.139s] Level 1:colcon.colcon_core.package_identification:_identify(src/action) by extensions ['colcon_meta']
[1.139s] Level 1:colcon.colcon_core.package_identification:_identify(src/action) by extension 'colcon_meta'
[1.139s] Level 1:colcon.colcon_core.package_identification:_identify(src/action) by extensions ['ros']
[1.139s] Level 1:colcon.colcon_core.package_identification:_identify(src/action) by extension 'ros'
[1.139s] Level 1:colcon.colcon_core.package_identification:_identify(src/action) by extensions ['cmake', 'python']
[1.139s] Level 1:colcon.colcon_core.package_identification:_identify(src/action) by extension 'cmake'
[1.139s] Level 1:colcon.colcon_core.package_identification:_identify(src/action) by extension 'python'
[1.139s] Level 1:colcon.colcon_core.package_identification:_identify(src/action) by extensions ['python_setup_py']
[1.140s] Level 1:colcon.colcon_core.package_identification:_identify(src/action) by extension 'python_setup_py'
[1.140s] Level 1:colcon.colcon_core.package_identification:_identify(src/cinematic_control) by extensions ['ignore', 'ignore_ament_install']
[1.140s] Level 1:colcon.colcon_core.package_identification:_identify(src/cinematic_control) by extension 'ignore'
[1.140s] Level 1:colcon.colcon_core.package_identification:_identify(src/cinematic_control) by extension 'ignore_ament_install'
[1.140s] Level 1:colcon.colcon_core.package_identification:_identify(src/cinematic_control) by extensions ['colcon_pkg']
[1.140s] Level 1:colcon.colcon_core.package_identification:_identify(src/cinematic_control) by extension 'colcon_pkg'
[1.141s] Level 1:colcon.colcon_core.package_identification:_identify(src/cinematic_control) by extensions ['colcon_meta']
[1.141s] Level 1:colcon.colcon_core.package_identification:_identify(src/cinematic_control) by extension 'colcon_meta'
[1.141s] Level 1:colcon.colcon_core.package_identification:_identify(src/cinematic_control) by extensions ['ros']
[1.141s] Level 1:colcon.colcon_core.package_identification:_identify(src/cinematic_control) by extension 'ros'
[1.147s] DEBUG:colcon.colcon_core.package_identification:Package 'src/cinematic_control' with type 'ros.ament_python' and name 'cinematic_control'
[1.148s] Level 1:colcon.colcon_core.package_identification:_identify(src/quadruped_model) by extensions ['ignore', 'ignore_ament_install']
[1.148s] Level 1:colcon.colcon_core.package_identification:_identify(src/quadruped_model) by extension 'ignore'
[1.148s] Level 1:colcon.colcon_core.package_identification:_identify(src/quadruped_model) by extension 'ignore_ament_install'
[1.148s] Level 1:colcon.colcon_core.package_identification:_identify(src/quadruped_model) by extensions ['colcon_pkg']
[1.149s] Level 1:colcon.colcon_core.package_identification:_identify(src/quadruped_model) by extension 'colcon_pkg'
[1.149s] Level 1:colcon.colcon_core.package_identification:_identify(src/quadruped_model) by extensions ['colcon_meta']
[1.149s] Level 1:colcon.colcon_core.package_identification:_identify(src/quadruped_model) by extension 'colcon_meta'
[1.149s] Level 1:colcon.colcon_core.package_identification:_identify(src/quadruped_model) by extensions ['ros']
[1.149s] Level 1:colcon.colcon_core.package_identification:_identify(src/quadruped_model) by extension 'ros'
[1.151s] DEBUG:colcon.colcon_core.package_identification:Package 'src/quadruped_model' with type 'ros.ament_python' and name 'quadruped_model'
[1.151s] Level 1:colcon.colcon_core.package_identification:_identify(src/quadruped_vrep) by extensions ['ignore', 'ignore_ament_install']
[1.151s] Level 1:colcon.colcon_core.package_identification:_identify(src/quadruped_vrep) by extension 'ignore'
[1.151s] Level 1:colcon.colcon_core.package_identification:_identify(src/quadruped_vrep) by extension 'ignore_ament_install'
[1.151s] Level 1:colcon.colcon_core.package_identification:_identify(src/quadruped_vrep) by extensions ['colcon_pkg']
[1.151s] Level 1:colcon.colcon_core.package_identification:_identify(src/quadruped_vrep) by extension 'colcon_pkg'
[1.151s] Level 1:colcon.colcon_core.package_identification:_identify(src/quadruped_vrep) by extensions ['colcon_meta']
[1.152s] Level 1:colcon.colcon_core.package_identification:_identify(src/quadruped_vrep) by extension 'colcon_meta'
[1.152s] Level 1:colcon.colcon_core.package_identification:_identify(src/quadruped_vrep) by extensions ['ros']
[1.152s] Level 1:colcon.colcon_core.package_identification:_identify(src/quadruped_vrep) by extension 'ros'
[1.153s] DEBUG:colcon.colcon_core.package_identification:Package 'src/quadruped_vrep' with type 'ros.ament_cmake' and name 'quadruped_vrep'
[1.153s] Level 1:colcon.colcon_core.package_identification:_identify(src/srv) by extensions ['ignore', 'ignore_ament_install']
[1.154s] Level 1:colcon.colcon_core.package_identification:_identify(src/srv) by extension 'ignore'
[1.154s] Level 1:colcon.colcon_core.package_identification:_identify(src/srv) by extension 'ignore_ament_install'
[1.154s] Level 1:colcon.colcon_core.package_identification:_identify(src/srv) by extensions ['colcon_pkg']
[1.154s] Level 1:colcon.colcon_core.package_identification:_identify(src/srv) by extension 'colcon_pkg'
[1.154s] Level 1:colcon.colcon_core.package_identification:_identify(src/srv) by extensions ['colcon_meta']
[1.154s] Level 1:colcon.colcon_core.package_identification:_identify(src/srv) by extension 'colcon_meta'
[1.154s] Level 1:colcon.colcon_core.package_identification:_identify(src/srv) by extensions ['ros']
[1.154s] Level 1:colcon.colcon_core.package_identification:_identify(src/srv) by extension 'ros'
[1.155s] Level 1:colcon.colcon_core.package_identification:_identify(src/srv) by extensions ['cmake', 'python']
[1.155s] Level 1:colcon.colcon_core.package_identification:_identify(src/srv) by extension 'cmake'
[1.155s] Level 1:colcon.colcon_core.package_identification:_identify(src/srv) by extension 'python'
[1.156s] Level 1:colcon.colcon_core.package_identification:_identify(src/srv) by extensions ['python_setup_py']
[1.156s] Level 1:colcon.colcon_core.package_identification:_identify(src/srv) by extension 'python_setup_py'
[1.156s] Level 1:colcon.colcon_core.package_discovery:discover_packages(recursive) using defaults
[1.156s] Level 1:colcon.colcon_core.package_discovery:discover_packages(ignore) discover
[1.156s] Level 1:colcon.colcon_core.package_discovery:discover_packages(ignore) using defaults
[1.156s] Level 1:colcon.colcon_core.package_discovery:discover_packages(path) discover
[1.156s] Level 1:colcon.colcon_core.package_discovery:discover_packages(path) using defaults
[1.224s] Level 1:colcon.colcon_core.package_discovery:discover_packages(prefix_path) check parameters
[1.224s] Level 1:colcon.colcon_core.package_discovery:discover_packages(prefix_path) discover
[1.229s] DEBUG:colcon.colcon_installed_package_information.package_discovery:Found 3 installed packages in /home/julio/Desktop/proyecto_tesis/quadruped_8DOF/install
[1.237s] DEBUG:colcon.colcon_installed_package_information.package_discovery:Found 299 installed packages in /opt/ros/humble
[1.260s] Level 1:colcon.colcon_core.package_discovery:discover_packages(prefix_path) using defaults
[1.384s] Level 5:colcon.colcon_core.verb:set package 'quadruped_model' build argument 'cmake_args' from command line to 'None'
[1.384s] Level 5:colcon.colcon_core.verb:set package 'quadruped_model' build argument 'cmake_target' from command line to 'None'
[1.384s] Level 5:colcon.colcon_core.verb:set package 'quadruped_model' build argument 'cmake_target_skip_unavailable' from command line to 'False'
[1.384s] Level 5:colcon.colcon_core.verb:set package 'quadruped_model' build argument 'cmake_clean_cache' from command line to 'False'
[1.384s] Level 5:colcon.colcon_core.verb:set package 'quadruped_model' build argument 'cmake_clean_first' from command line to 'False'
[1.384s] Level 5:colcon.colcon_core.verb:set package 'quadruped_model' build argument 'cmake_force_configure' from command line to 'False'
[1.384s] Level 5:colcon.colcon_core.verb:set package 'quadruped_model' build argument 'ament_cmake_args' from command line to 'None'
[1.384s] Level 5:colcon.colcon_core.verb:set package 'quadruped_model' build argument 'catkin_cmake_args' from command line to 'None'
[1.384s] Level 5:colcon.colcon_core.verb:set package 'quadruped_model' build argument 'catkin_skip_building_tests' from command line to 'False'
[1.385s] DEBUG:colcon.colcon_core.verb:Building package 'quadruped_model' with the following arguments: {'ament_cmake_args': None, 'build_base': '/home/julio/Desktop/proyecto_tesis/quadruped_8DOF/build/quadruped_model', 'catkin_cmake_args': None, 'catkin_skip_building_tests': False, 'cmake_args': None, 'cmake_clean_cache': False, 'cmake_clean_first': False, 'cmake_force_configure': False, 'cmake_target': None, 'cmake_target_skip_unavailable': False, 'install_base': '/home/julio/Desktop/proyecto_tesis/quadruped_8DOF/install/quadruped_model', 'merge_install': False, 'path': '/home/julio/Desktop/proyecto_tesis/quadruped_8DOF/src/quadruped_model', 'symlink_install': False, 'test_result_base': None}
[1.385s] Level 5:colcon.colcon_core.verb:set package 'quadruped_vrep' build argument 'cmake_args' from command line to 'None'
[1.385s] Level 5:colcon.colcon_core.verb:set package 'quadruped_vrep' build argument 'cmake_target' from command line to 'None'
[1.385s] Level 5:colcon.colcon_core.verb:set package 'quadruped_vrep' build argument 'cmake_target_skip_unavailable' from command line to 'False'
[1.386s] Level 5:colcon.colcon_core.verb:set package 'quadruped_vrep' build argument 'cmake_clean_cache' from command line to 'False'
[1.386s] Level 5:colcon.colcon_core.verb:set package 'quadruped_vrep' build argument 'cmake_clean_first' from command line to 'False'
[1.386s] Level 5:colcon.colcon_core.verb:set package 'quadruped_vrep' build argument 'cmake_force_configure' from command line to 'False'
[1.386s] Level 5:colcon.colcon_core.verb:set package 'quadruped_vrep' build argument 'ament_cmake_args' from command line to 'None'
[1.386s] Level 5:colcon.colcon_core.verb:set package 'quadruped_vrep' build argument 'catkin_cmake_args' from command line to 'None'
[1.386s] Level 5:colcon.colcon_core.verb:set package 'quadruped_vrep' build argument 'catkin_skip_building_tests' from command line to 'False'
[1.386s] DEBUG:colcon.colcon_core.verb:Building package 'quadruped_vrep' with the following arguments: {'ament_cmake_args': None, 'build_base': '/home/julio/Desktop/proyecto_tesis/quadruped_8DOF/build/quadruped_vrep', 'catkin_cmake_args': None, 'catkin_skip_building_tests': False, 'cmake_args': None, 'cmake_clean_cache': False, 'cmake_clean_first': False, 'cmake_force_configure': False, 'cmake_target': None, 'cmake_target_skip_unavailable': False, 'install_base': '/home/julio/Desktop/proyecto_tesis/quadruped_8DOF/install/quadruped_vrep', 'merge_install': False, 'path': '/home/julio/Desktop/proyecto_tesis/quadruped_8DOF/src/quadruped_vrep', 'symlink_install': False, 'test_result_base': None}
[1.387s] Level 5:colcon.colcon_core.verb:set package 'cinematic_control' build argument 'cmake_args' from command line to 'None'
[1.387s] Level 5:colcon.colcon_core.verb:set package 'cinematic_control' build argument 'cmake_target' from command line to 'None'
[1.387s] Level 5:colcon.colcon_core.verb:set package 'cinematic_control' build argument 'cmake_target_skip_unavailable' from command line to 'False'
[1.387s] Level 5:colcon.colcon_core.verb:set package 'cinematic_control' build argument 'cmake_clean_cache' from command line to 'False'
[1.387s] Level 5:colcon.colcon_core.verb:set package 'cinematic_control' build argument 'cmake_clean_first' from command line to 'False'
[1.387s] Level 5:colcon.colcon_core.verb:set package 'cinematic_control' build argument 'cmake_force_configure' from command line to 'False'
[1.387s] Level 5:colcon.colcon_core.verb:set package 'cinematic_control' build argument 'ament_cmake_args' from command line to 'None'
[1.387s] Level 5:colcon.colcon_core.verb:set package 'cinematic_control' build argument 'catkin_cmake_args' from command line to 'None'
[1.387s] Level 5:colcon.colcon_core.verb:set package 'cinematic_control' build argument 'catkin_skip_building_tests' from command line to 'False'
[1.388s] DEBUG:colcon.colcon_core.verb:Building package 'cinematic_control' with the following arguments: {'ament_cmake_args': None, 'build_base': '/home/julio/Desktop/proyecto_tesis/quadruped_8DOF/build/cinematic_control', 'catkin_cmake_args': None, 'catkin_skip_building_tests': False, 'cmake_args': None, 'cmake_clean_cache': False, 'cmake_clean_first': False, 'cmake_force_configure': False, 'cmake_target': None, 'cmake_target_skip_unavailable': False, 'install_base': '/home/julio/Desktop/proyecto_tesis/quadruped_8DOF/install/cinematic_control', 'merge_install': False, 'path': '/home/julio/Desktop/proyecto_tesis/quadruped_8DOF/src/cinematic_control', 'symlink_install': False, 'test_result_base': None}
[1.388s] INFO:colcon.colcon_core.executor:Executing jobs using 'parallel' executor
[1.391s] DEBUG:colcon.colcon_parallel_executor.executor.parallel:run_until_complete
[1.392s] INFO:colcon.colcon_ros.task.ament_python.build:Building ROS package in '/home/julio/Desktop/proyecto_tesis/quadruped_8DOF/src/quadruped_model' with build type 'ament_python'
[1.393s] Level 1:colcon.colcon_core.shell:create_environment_hook('quadruped_model', 'ament_prefix_path')
[1.402s] INFO:colcon.colcon_core.plugin_system:Skipping extension 'colcon_core.shell.bat': Not used on non-Windows systems
[1.402s] INFO:colcon.colcon_core.shell:Creating environment hook '/home/julio/Desktop/proyecto_tesis/quadruped_8DOF/install/quadruped_model/share/quadruped_model/hook/ament_prefix_path.ps1'
[1.407s] INFO:colcon.colcon_core.shell:Creating environment descriptor '/home/julio/Desktop/proyecto_tesis/quadruped_8DOF/install/quadruped_model/share/quadruped_model/hook/ament_prefix_path.dsv'
[1.408s] INFO:colcon.colcon_core.shell:Creating environment hook '/home/julio/Desktop/proyecto_tesis/quadruped_8DOF/install/quadruped_model/share/quadruped_model/hook/ament_prefix_path.sh'
[1.410s] INFO:colcon.colcon_core.shell:Skip shell extension 'powershell' for command environment: Not usable outside of PowerShell
[1.410s] DEBUG:colcon.colcon_core.shell:Skip shell extension 'dsv' for command environment
[1.435s] INFO:colcon.colcon_ros.task.ament_cmake.build:Building ROS package in '/home/julio/Desktop/proyecto_tesis/quadruped_8DOF/src/quadruped_vrep' with build type 'ament_cmake'
[1.436s] INFO:colcon.colcon_cmake.task.cmake.build:Building CMake package in '/home/julio/Desktop/proyecto_tesis/quadruped_8DOF/src/quadruped_vrep'
[1.436s] INFO:colcon.colcon_core.shell:Skip shell extension 'powershell' for command environment: Not usable outside of PowerShell
[1.436s] DEBUG:colcon.colcon_core.shell:Skip shell extension 'dsv' for command environment
[2.362s] INFO:colcon.colcon_core.task.python.build:Building Python package in '/home/julio/Desktop/proyecto_tesis/quadruped_8DOF/src/quadruped_model'
[2.363s] INFO:colcon.colcon_core.shell:Skip shell extension 'powershell' for command environment: Not usable outside of PowerShell
[2.364s] DEBUG:colcon.colcon_core.shell:Skip shell extension 'dsv' for command environment
[2.401s] DEBUG:colcon.colcon_core.event_handler.log_command:Invoking command in '/home/julio/Desktop/proyecto_tesis/quadruped_8DOF/build/quadruped_vrep': CMAKE_PREFIX_PATH=${CMAKE_PREFIX_PATH}:/home/julio/Desktop/proyecto_tesis/quadruped_8DOF/install/cinematic_control:/home/julio/Desktop/proyecto_tesis/quadruped_8DOF/install/quadruped_model:/opt/ros/humble /usr/bin/cmake --build /home/julio/Desktop/proyecto_tesis/quadruped_8DOF/build/quadruped_vrep -- -j2 -l2
[2.930s] DEBUG:colcon.colcon_core.event_handler.log_command:Invoked command in '/home/julio/Desktop/proyecto_tesis/quadruped_8DOF/build/quadruped_vrep' returned '0': CMAKE_PREFIX_PATH=${CMAKE_PREFIX_PATH}:/home/julio/Desktop/proyecto_tesis/quadruped_8DOF/install/cinematic_control:/home/julio/Desktop/proyecto_tesis/quadruped_8DOF/install/quadruped_model:/opt/ros/humble /usr/bin/cmake --build /home/julio/Desktop/proyecto_tesis/quadruped_8DOF/build/quadruped_vrep -- -j2 -l2
[3.535s] DEBUG:colcon.colcon_core.event_handler.log_command:Invoking command in '/home/julio/Desktop/proyecto_tesis/quadruped_8DOF/build/quadruped_vrep': CMAKE_PREFIX_PATH=${CMAKE_PREFIX_PATH}:/home/julio/Desktop/proyecto_tesis/quadruped_8DOF/install/cinematic_control:/home/julio/Desktop/proyecto_tesis/quadruped_8DOF/install/quadruped_model:/opt/ros/humble /usr/bin/cmake --install /home/julio/Desktop/proyecto_tesis/quadruped_8DOF/build/quadruped_vrep
[3.694s] Level 1:colcon.colcon_core.environment:create_environment_scripts_only(quadruped_vrep)
[3.697s] DEBUG:colcon.colcon_core.event_handler.log_command:Invoked command in '/home/julio/Desktop/proyecto_tesis/quadruped_8DOF/build/quadruped_vrep' returned '0': CMAKE_PREFIX_PATH=${CMAKE_PREFIX_PATH}:/home/julio/Desktop/proyecto_tesis/quadruped_8DOF/install/cinematic_control:/home/julio/Desktop/proyecto_tesis/quadruped_8DOF/install/quadruped_model:/opt/ros/humble /usr/bin/cmake --install /home/julio/Desktop/proyecto_tesis/quadruped_8DOF/build/quadruped_vrep
[3.713s] Level 1:colcon.colcon_core.environment:checking '/home/julio/Desktop/proyecto_tesis/quadruped_8DOF/install/quadruped_vrep' for CMake module files
[3.719s] Level 1:colcon.colcon_core.environment:checking '/home/julio/Desktop/proyecto_tesis/quadruped_8DOF/install/quadruped_vrep' for CMake config files
[3.722s] Level 1:colcon.colcon_core.shell:create_environment_hook('quadruped_vrep', 'cmake_prefix_path')
[3.723s] INFO:colcon.colcon_core.shell:Creating environment hook '/home/julio/Desktop/proyecto_tesis/quadruped_8DOF/install/quadruped_vrep/share/quadruped_vrep/hook/cmake_prefix_path.ps1'
[3.729s] INFO:colcon.colcon_core.shell:Creating environment descriptor '/home/julio/Desktop/proyecto_tesis/quadruped_8DOF/install/quadruped_vrep/share/quadruped_vrep/hook/cmake_prefix_path.dsv'
[3.730s] INFO:colcon.colcon_core.shell:Creating environment hook '/home/julio/Desktop/proyecto_tesis/quadruped_8DOF/install/quadruped_vrep/share/quadruped_vrep/hook/cmake_prefix_path.sh'
[3.734s] Level 1:colcon.colcon_core.environment:checking '/home/julio/Desktop/proyecto_tesis/quadruped_8DOF/install/quadruped_vrep/lib'
[3.737s] Level 1:colcon.colcon_core.environment:checking '/home/julio/Desktop/proyecto_tesis/quadruped_8DOF/install/quadruped_vrep/bin'
[3.737s] Level 1:colcon.colcon_core.environment:checking '/home/julio/Desktop/proyecto_tesis/quadruped_8DOF/install/quadruped_vrep/lib/pkgconfig/quadruped_vrep.pc'
[3.741s] Level 1:colcon.colcon_core.environment:checking '/home/julio/Desktop/proyecto_tesis/quadruped_8DOF/install/quadruped_vrep/lib/python3.10/site-packages'
[3.742s] Level 1:colcon.colcon_core.environment:checking '/home/julio/Desktop/proyecto_tesis/quadruped_8DOF/install/quadruped_vrep/bin'
[3.743s] INFO:colcon.colcon_core.shell:Creating package script '/home/julio/Desktop/proyecto_tesis/quadruped_8DOF/install/quadruped_vrep/share/quadruped_vrep/package.ps1'
[3.748s] INFO:colcon.colcon_core.shell:Creating package descriptor '/home/julio/Desktop/proyecto_tesis/quadruped_8DOF/install/quadruped_vrep/share/quadruped_vrep/package.dsv'
[3.749s] INFO:colcon.colcon_core.shell:Creating package script '/home/julio/Desktop/proyecto_tesis/quadruped_8DOF/install/quadruped_vrep/share/quadruped_vrep/package.sh'
[3.756s] INFO:colcon.colcon_core.shell:Creating package script '/home/julio/Desktop/proyecto_tesis/quadruped_8DOF/install/quadruped_vrep/share/quadruped_vrep/package.bash'
[3.760s] INFO:colcon.colcon_core.shell:Creating package script '/home/julio/Desktop/proyecto_tesis/quadruped_8DOF/install/quadruped_vrep/share/quadruped_vrep/package.zsh'
[3.763s] Level 1:colcon.colcon_core.environment:create_file_with_runtime_dependencies(/home/julio/Desktop/proyecto_tesis/quadruped_8DOF/install/quadruped_vrep/share/colcon-core/packages/quadruped_vrep)
[4.329s] Level 1:colcon.colcon_core.environment:create_environment_scripts_only(quadruped_vrep)
[4.330s] Level 1:colcon.colcon_core.environment:checking '/home/julio/Desktop/proyecto_tesis/quadruped_8DOF/install/quadruped_vrep' for CMake module files
[4.342s] Level 1:colcon.colcon_core.environment:checking '/home/julio/Desktop/proyecto_tesis/quadruped_8DOF/install/quadruped_vrep' for CMake config files
[4.344s] Level 1:colcon.colcon_core.shell:create_environment_hook('quadruped_vrep', 'cmake_prefix_path')
[4.349s] INFO:colcon.colcon_core.shell:Creating environment hook '/home/julio/Desktop/proyecto_tesis/quadruped_8DOF/install/quadruped_vrep/share/quadruped_vrep/hook/cmake_prefix_path.ps1'
[4.351s] INFO:colcon.colcon_core.shell:Creating environment descriptor '/home/julio/Desktop/proyecto_tesis/quadruped_8DOF/install/quadruped_vrep/share/quadruped_vrep/hook/cmake_prefix_path.dsv'
[4.355s] INFO:colcon.colcon_core.shell:Creating environment hook '/home/julio/Desktop/proyecto_tesis/quadruped_8DOF/install/quadruped_vrep/share/quadruped_vrep/hook/cmake_prefix_path.sh'
[4.357s] Level 1:colcon.colcon_core.environment:checking '/home/julio/Desktop/proyecto_tesis/quadruped_8DOF/install/quadruped_vrep/lib'
[4.360s] Level 1:colcon.colcon_core.environment:checking '/home/julio/Desktop/proyecto_tesis/quadruped_8DOF/install/quadruped_vrep/bin'
[4.360s] Level 1:colcon.colcon_core.environment:checking '/home/julio/Desktop/proyecto_tesis/quadruped_8DOF/install/quadruped_vrep/lib/pkgconfig/quadruped_vrep.pc'
[4.361s] Level 1:colcon.colcon_core.environment:checking '/home/julio/Desktop/proyecto_tesis/quadruped_8DOF/install/quadruped_vrep/lib/python3.10/site-packages'
[4.361s] Level 1:colcon.colcon_core.environment:checking '/home/julio/Desktop/proyecto_tesis/quadruped_8DOF/install/quadruped_vrep/bin'
[4.362s] INFO:colcon.colcon_core.shell:Creating package script '/home/julio/Desktop/proyecto_tesis/quadruped_8DOF/install/quadruped_vrep/share/quadruped_vrep/package.ps1'
[4.363s] INFO:colcon.colcon_core.shell:Creating package descriptor '/home/julio/Desktop/proyecto_tesis/quadruped_8DOF/install/quadruped_vrep/share/quadruped_vrep/package.dsv'
[4.366s] INFO:colcon.colcon_core.shell:Creating package script '/home/julio/Desktop/proyecto_tesis/quadruped_8DOF/install/quadruped_vrep/share/quadruped_vrep/package.sh'
[4.369s] INFO:colcon.colcon_core.shell:Creating package script '/home/julio/Desktop/proyecto_tesis/quadruped_8DOF/install/quadruped_vrep/share/quadruped_vrep/package.bash'
[4.371s] INFO:colcon.colcon_core.shell:Creating package script '/home/julio/Desktop/proyecto_tesis/quadruped_8DOF/install/quadruped_vrep/share/quadruped_vrep/package.zsh'
[4.376s] Level 1:colcon.colcon_core.environment:create_file_with_runtime_dependencies(/home/julio/Desktop/proyecto_tesis/quadruped_8DOF/install/quadruped_vrep/share/colcon-core/packages/quadruped_vrep)
[4.514s] DEBUG:colcon.colcon_core.event_handler.log_command:Invoking command in '/home/julio/Desktop/proyecto_tesis/quadruped_8DOF/src/quadruped_model': PYTHONPATH=/home/julio/Desktop/proyecto_tesis/quadruped_8DOF/build/quadruped_model/prefix_override:/usr/lib/python3/dist-packages/colcon_core/task/python/colcon_distutils_commands:/home/julio/Desktop/proyecto_tesis/quadruped_8DOF/install/quadruped_model/lib/python3.10/site-packages:${PYTHONPATH} /usr/bin/python3 -W ignore:setup.py install is deprecated setup.py egg_info --egg-base ../../build/quadruped_model build --build-base /home/julio/Desktop/proyecto_tesis/quadruped_8DOF/build/quadruped_model/build install --record /home/julio/Desktop/proyecto_tesis/quadruped_8DOF/build/quadruped_model/install.log --single-version-externally-managed install_data
[5.605s] Level 1:colcon.colcon_core.environment:checking '/home/julio/Desktop/proyecto_tesis/quadruped_8DOF/install/quadruped_model' for CMake module files
[5.607s] DEBUG:colcon.colcon_core.event_handler.log_command:Invoked command in '/home/julio/Desktop/proyecto_tesis/quadruped_8DOF/src/quadruped_model' returned '0': PYTHONPATH=/home/julio/Desktop/proyecto_tesis/quadruped_8DOF/build/quadruped_model/prefix_override:/usr/lib/python3/dist-packages/colcon_core/task/python/colcon_distutils_commands:/home/julio/Desktop/proyecto_tesis/quadruped_8DOF/install/quadruped_model/lib/python3.10/site-packages:${PYTHONPATH} /usr/bin/python3 -W ignore:setup.py install is deprecated setup.py egg_info --egg-base ../../build/quadruped_model build --build-base /home/julio/Desktop/proyecto_tesis/quadruped_8DOF/build/quadruped_model/build install --record /home/julio/Desktop/proyecto_tesis/quadruped_8DOF/build/quadruped_model/install.log --single-version-externally-managed install_data
[5.608s] Level 1:colcon.colcon_core.environment:checking '/home/julio/Desktop/proyecto_tesis/quadruped_8DOF/install/quadruped_model' for CMake config files
[5.615s] Level 1:colcon.colcon_core.environment:checking '/home/julio/Desktop/proyecto_tesis/quadruped_8DOF/install/quadruped_model/lib'
[5.616s] Level 1:colcon.colcon_core.environment:checking '/home/julio/Desktop/proyecto_tesis/quadruped_8DOF/install/quadruped_model/bin'
[5.616s] Level 1:colcon.colcon_core.environment:checking '/home/julio/Desktop/proyecto_tesis/quadruped_8DOF/install/quadruped_model/lib/pkgconfig/quadruped_model.pc'
[5.617s] Level 1:colcon.colcon_core.environment:checking '/home/julio/Desktop/proyecto_tesis/quadruped_8DOF/install/quadruped_model/lib/python3.10/site-packages'
[5.617s] Level 1:colcon.colcon_core.shell:create_environment_hook('quadruped_model', 'pythonpath')
[5.617s] INFO:colcon.colcon_core.shell:Creating environment hook '/home/julio/Desktop/proyecto_tesis/quadruped_8DOF/install/quadruped_model/share/quadruped_model/hook/pythonpath.ps1'
[5.624s] INFO:colcon.colcon_core.shell:Creating environment descriptor '/home/julio/Desktop/proyecto_tesis/quadruped_8DOF/install/quadruped_model/share/quadruped_model/hook/pythonpath.dsv'
[5.628s] INFO:colcon.colcon_core.shell:Creating environment hook '/home/julio/Desktop/proyecto_tesis/quadruped_8DOF/install/quadruped_model/share/quadruped_model/hook/pythonpath.sh'
[5.633s] Level 1:colcon.colcon_core.environment:checking '/home/julio/Desktop/proyecto_tesis/quadruped_8DOF/install/quadruped_model/bin'
[5.637s] Level 1:colcon.colcon_core.environment:create_environment_scripts_only(quadruped_model)
[5.637s] INFO:colcon.colcon_core.shell:Creating package script '/home/julio/Desktop/proyecto_tesis/quadruped_8DOF/install/quadruped_model/share/quadruped_model/package.ps1'
[5.641s] INFO:colcon.colcon_core.shell:Creating package descriptor '/home/julio/Desktop/proyecto_tesis/quadruped_8DOF/install/quadruped_model/share/quadruped_model/package.dsv'
[5.643s] INFO:colcon.colcon_core.shell:Creating package script '/home/julio/Desktop/proyecto_tesis/quadruped_8DOF/install/quadruped_model/share/quadruped_model/package.sh'
[5.645s] INFO:colcon.colcon_core.shell:Creating package script '/home/julio/Desktop/proyecto_tesis/quadruped_8DOF/install/quadruped_model/share/quadruped_model/package.bash'
[5.646s] INFO:colcon.colcon_core.shell:Creating package script '/home/julio/Desktop/proyecto_tesis/quadruped_8DOF/install/quadruped_model/share/quadruped_model/package.zsh'
[5.647s] Level 1:colcon.colcon_core.environment:create_file_with_runtime_dependencies(/home/julio/Desktop/proyecto_tesis/quadruped_8DOF/install/quadruped_model/share/colcon-core/packages/quadruped_model)
[5.649s] INFO:colcon.colcon_ros.task.ament_python.build:Building ROS package in '/home/julio/Desktop/proyecto_tesis/quadruped_8DOF/src/cinematic_control' with build type 'ament_python'
[5.649s] Level 1:colcon.colcon_core.shell:create_environment_hook('cinematic_control', 'ament_prefix_path')
[5.649s] INFO:colcon.colcon_core.shell:Creating environment hook '/home/julio/Desktop/proyecto_tesis/quadruped_8DOF/install/cinematic_control/share/cinematic_control/hook/ament_prefix_path.ps1'
[5.655s] INFO:colcon.colcon_core.shell:Creating environment descriptor '/home/julio/Desktop/proyecto_tesis/quadruped_8DOF/install/cinematic_control/share/cinematic_control/hook/ament_prefix_path.dsv'
[5.656s] INFO:colcon.colcon_core.shell:Creating environment hook '/home/julio/Desktop/proyecto_tesis/quadruped_8DOF/install/cinematic_control/share/cinematic_control/hook/ament_prefix_path.sh'
[5.658s] INFO:colcon.colcon_core.shell:Skip shell extension 'powershell' for command environment: Not usable outside of PowerShell
[5.658s] DEBUG:colcon.colcon_core.shell:Skip shell extension 'dsv' for command environment
[6.582s] INFO:colcon.colcon_core.task.python.build:Building Python package in '/home/julio/Desktop/proyecto_tesis/quadruped_8DOF/src/cinematic_control'
[6.583s] INFO:colcon.colcon_core.shell:Skip shell extension 'powershell' for command environment: Not usable outside of PowerShell
[6.584s] DEBUG:colcon.colcon_core.shell:Skip shell extension 'dsv' for command environment
[7.923s] DEBUG:colcon.colcon_core.event_handler.log_command:Invoking command in '/home/julio/Desktop/proyecto_tesis/quadruped_8DOF/src/cinematic_control': AMENT_PREFIX_PATH=/home/julio/Desktop/proyecto_tesis/quadruped_8DOF/install/quadruped_model:/home/julio/Desktop/proyecto_tesis/quadruped_8DOF/install/quadruped_vrep:/home/julio/Desktop/proyecto_tesis/quadruped_8DOF/install/cinematic_control:/opt/ros/humble PYTHONPATH=/home/julio/Desktop/proyecto_tesis/quadruped_8DOF/build/cinematic_control/prefix_override:/usr/lib/python3/dist-packages/colcon_core/task/python/colcon_distutils_commands:/home/julio/Desktop/proyecto_tesis/quadruped_8DOF/install/cinematic_control/lib/python3.10/site-packages:/home/julio/Desktop/proyecto_tesis/quadruped_8DOF/install/quadruped_model/lib/python3.10/site-packages:/home/julio/Desktop/proyecto_tesis/quadruped_8DOF/install/cinematic_control/lib/python3.10/site-packages:/opt/ros/humble/lib/python3.10/site-packages:/opt/ros/humble/local/lib/python3.10/dist-packages /usr/bin/python3 -W ignore:setup.py install is deprecated setup.py egg_info --egg-base ../../build/cinematic_control build --build-base /home/julio/Desktop/proyecto_tesis/quadruped_8DOF/build/cinematic_control/build install --record /home/julio/Desktop/proyecto_tesis/quadruped_8DOF/build/cinematic_control/install.log --single-version-externally-managed install_data
[9.060s] Level 1:colcon.colcon_core.environment:checking '/home/julio/Desktop/proyecto_tesis/quadruped_8DOF/install/cinematic_control' for CMake module files
[9.063s] DEBUG:colcon.colcon_core.event_handler.log_command:Invoked command in '/home/julio/Desktop/proyecto_tesis/quadruped_8DOF/src/cinematic_control' returned '0': AMENT_PREFIX_PATH=/home/julio/Desktop/proyecto_tesis/quadruped_8DOF/install/quadruped_model:/home/julio/Desktop/proyecto_tesis/quadruped_8DOF/install/quadruped_vrep:/home/julio/Desktop/proyecto_tesis/quadruped_8DOF/install/cinematic_control:/opt/ros/humble PYTHONPATH=/home/julio/Desktop/proyecto_tesis/quadruped_8DOF/build/cinematic_control/prefix_override:/usr/lib/python3/dist-packages/colcon_core/task/python/colcon_distutils_commands:/home/julio/Desktop/proyecto_tesis/quadruped_8DOF/install/cinematic_control/lib/python3.10/site-packages:/home/julio/Desktop/proyecto_tesis/quadruped_8DOF/install/quadruped_model/lib/python3.10/site-packages:/home/julio/Desktop/proyecto_tesis/quadruped_8DOF/install/cinematic_control/lib/python3.10/site-packages:/opt/ros/humble/lib/python3.10/site-packages:/opt/ros/humble/local/lib/python3.10/dist-packages /usr/bin/python3 -W ignore:setup.py install is deprecated setup.py egg_info --egg-base ../../build/cinematic_control build --build-base /home/julio/Desktop/proyecto_tesis/quadruped_8DOF/build/cinematic_control/build install --record /home/julio/Desktop/proyecto_tesis/quadruped_8DOF/build/cinematic_control/install.log --single-version-externally-managed install_data
[9.064s] Level 1:colcon.colcon_core.environment:checking '/home/julio/Desktop/proyecto_tesis/quadruped_8DOF/install/cinematic_control' for CMake config files
[9.068s] Level 1:colcon.colcon_core.environment:checking '/home/julio/Desktop/proyecto_tesis/quadruped_8DOF/install/cinematic_control/lib'
[9.068s] Level 1:colcon.colcon_core.environment:checking '/home/julio/Desktop/proyecto_tesis/quadruped_8DOF/install/cinematic_control/bin'
[9.069s] Level 1:colcon.colcon_core.environment:checking '/home/julio/Desktop/proyecto_tesis/quadruped_8DOF/install/cinematic_control/lib/pkgconfig/cinematic_control.pc'
[9.070s] Level 1:colcon.colcon_core.environment:checking '/home/julio/Desktop/proyecto_tesis/quadruped_8DOF/install/cinematic_control/lib/python3.10/site-packages'
[9.071s] Level 1:colcon.colcon_core.shell:create_environment_hook('cinematic_control', 'pythonpath')
[9.071s] INFO:colcon.colcon_core.shell:Creating environment hook '/home/julio/Desktop/proyecto_tesis/quadruped_8DOF/install/cinematic_control/share/cinematic_control/hook/pythonpath.ps1'
[9.073s] INFO:colcon.colcon_core.shell:Creating environment descriptor '/home/julio/Desktop/proyecto_tesis/quadruped_8DOF/install/cinematic_control/share/cinematic_control/hook/pythonpath.dsv'
[9.078s] INFO:colcon.colcon_core.shell:Creating environment hook '/home/julio/Desktop/proyecto_tesis/quadruped_8DOF/install/cinematic_control/share/cinematic_control/hook/pythonpath.sh'
[9.082s] Level 1:colcon.colcon_core.environment:checking '/home/julio/Desktop/proyecto_tesis/quadruped_8DOF/install/cinematic_control/bin'
[9.083s] Level 1:colcon.colcon_core.environment:create_environment_scripts_only(cinematic_control)
[9.085s] INFO:colcon.colcon_core.shell:Creating package script '/home/julio/Desktop/proyecto_tesis/quadruped_8DOF/install/cinematic_control/share/cinematic_control/package.ps1'
[9.091s] INFO:colcon.colcon_core.shell:Creating package descriptor '/home/julio/Desktop/proyecto_tesis/quadruped_8DOF/install/cinematic_control/share/cinematic_control/package.dsv'
[9.096s] INFO:colcon.colcon_core.shell:Creating package script '/home/julio/Desktop/proyecto_tesis/quadruped_8DOF/install/cinematic_control/share/cinematic_control/package.sh'
[9.101s] INFO:colcon.colcon_core.shell:Creating package script '/home/julio/Desktop/proyecto_tesis/quadruped_8DOF/install/cinematic_control/share/cinematic_control/package.bash'
[9.106s] INFO:colcon.colcon_core.shell:Creating package script '/home/julio/Desktop/proyecto_tesis/quadruped_8DOF/install/cinematic_control/share/cinematic_control/package.zsh'
[9.110s] Level 1:colcon.colcon_core.environment:create_file_with_runtime_dependencies(/home/julio/Desktop/proyecto_tesis/quadruped_8DOF/install/cinematic_control/share/colcon-core/packages/cinematic_control)
[9.116s] DEBUG:colcon.colcon_parallel_executor.executor.parallel:closing loop
[9.126s] DEBUG:colcon.colcon_parallel_executor.executor.parallel:loop closed
[9.126s] DEBUG:colcon.colcon_parallel_executor.executor.parallel:run_until_complete finished with '0'
[9.128s] DEBUG:colcon.colcon_core.event_reactor:joining thread
[9.169s] INFO:colcon.colcon_core.plugin_system:Skipping extension 'colcon_notification.desktop_notification.terminal_notifier': Not used on non-Darwin systems
[9.170s] INFO:colcon.colcon_core.plugin_system:Skipping extension 'colcon_notification.desktop_notification.win32': Not used on non-Windows systems
[9.170s] INFO:colcon.colcon_notification.desktop_notification:Sending desktop notification using 'notify2'
[9.232s] DEBUG:colcon.colcon_core.event_reactor:joined thread
[9.233s] INFO:colcon.colcon_core.shell:Creating prefix script '/home/julio/Desktop/proyecto_tesis/quadruped_8DOF/install/local_setup.ps1'
[9.236s] INFO:colcon.colcon_core.shell:Creating prefix util module '/home/julio/Desktop/proyecto_tesis/quadruped_8DOF/install/_local_setup_util_ps1.py'
[9.243s] INFO:colcon.colcon_core.shell:Creating prefix chain script '/home/julio/Desktop/proyecto_tesis/quadruped_8DOF/install/setup.ps1'
[9.246s] INFO:colcon.colcon_core.shell:Creating prefix script '/home/julio/Desktop/proyecto_tesis/quadruped_8DOF/install/local_setup.sh'
[9.247s] INFO:colcon.colcon_core.shell:Creating prefix util module '/home/julio/Desktop/proyecto_tesis/quadruped_8DOF/install/_local_setup_util_sh.py'
[9.248s] INFO:colcon.colcon_core.shell:Creating prefix chain script '/home/julio/Desktop/proyecto_tesis/quadruped_8DOF/install/setup.sh'
[9.254s] INFO:colcon.colcon_core.shell:Creating prefix script '/home/julio/Desktop/proyecto_tesis/quadruped_8DOF/install/local_setup.bash'
[9.255s] INFO:colcon.colcon_core.shell:Creating prefix chain script '/home/julio/Desktop/proyecto_tesis/quadruped_8DOF/install/setup.bash'
[9.257s] INFO:colcon.colcon_core.shell:Creating prefix script '/home/julio/Desktop/proyecto_tesis/quadruped_8DOF/install/local_setup.zsh'
[9.259s] INFO:colcon.colcon_core.shell:Creating prefix chain script '/home/julio/Desktop/proyecto_tesis/quadruped_8DOF/install/setup.zsh'
