[1.640s] Invoking command in '/home/julio/Desktop/proyecto_tesis/quadruped_8DOF/src/cinematic_control': AMENT_PREFIX_PATH=/home/julio/Desktop/proyecto_tesis/quadruped_8DOF/install/quadruped_model:/home/julio/Desktop/proyecto_tesis/quadruped_8DOF/install/cinematic_control:/opt/ros/humble PYTHONPATH=/home/julio/Desktop/proyecto_tesis/quadruped_8DOF/build/cinematic_control/prefix_override:/usr/lib/python3/dist-packages/colcon_core/task/python/colcon_distutils_commands:/home/julio/Desktop/proyecto_tesis/quadruped_8DOF/install/cinematic_control/lib/python3.10/site-packages:/home/julio/Desktop/proyecto_tesis/quadruped_8DOF/install/quadruped_model/lib/python3.10/site-packages:/home/julio/Desktop/proyecto_tesis/quadruped_8DOF/install/cinematic_control/lib/python3.10/site-packages:/opt/ros/humble/lib/python3.10/site-packages:/opt/ros/humble/local/lib/python3.10/dist-packages /usr/bin/python3 -W ignore:setup.py install is deprecated setup.py egg_info --egg-base ../../build/cinematic_control build --build-base /home/julio/Desktop/proyecto_tesis/quadruped_8DOF/build/cinematic_control/build install --record /home/julio/Desktop/proyecto_tesis/quadruped_8DOF/build/cinematic_control/install.log --single-version-externally-managed install_data
[2.284s] running egg_info
[2.285s] writing ../../build/cinematic_control/cinematic_control.egg-info/PKG-INFO
[2.287s] writing dependency_links to ../../build/cinematic_control/cinematic_control.egg-info/dependency_links.txt
[2.288s] writing entry points to ../../build/cinematic_control/cinematic_control.egg-info/entry_points.txt
[2.288s] writing requirements to ../../build/cinematic_control/cinematic_control.egg-info/requires.txt
[2.289s] writing top-level names to ../../build/cinematic_control/cinematic_control.egg-info/top_level.txt
[2.296s] reading manifest file '../../build/cinematic_control/cinematic_control.egg-info/SOURCES.txt'
[2.305s] writing manifest file '../../build/cinematic_control/cinematic_control.egg-info/SOURCES.txt'
[2.307s] running build
[2.307s] running build_py
[2.309s] running install
[2.310s] running install_lib
[2.315s] running install_data
[2.317s] running install_egg_info
[2.322s] removing '/home/julio/Desktop/proyecto_tesis/quadruped_8DOF/install/cinematic_control/lib/python3.10/site-packages/cinematic_control-0.0.0-py3.10.egg-info' (and everything under it)
[2.334s] Copying ../../build/cinematic_control/cinematic_control.egg-info to /home/julio/Desktop/proyecto_tesis/quadruped_8DOF/install/cinematic_control/lib/python3.10/site-packages/cinematic_control-0.0.0-py3.10.egg-info
[2.345s] running install_scripts
[2.391s] Installing velocity_hip1_cmd script to /home/julio/Desktop/proyecto_tesis/quadruped_8DOF/install/cinematic_control/lib/cinematic_control
[2.391s] Installing velocity_hip2_cmd script to /home/julio/Desktop/proyecto_tesis/quadruped_8DOF/install/cinematic_control/lib/cinematic_control
[2.391s] Installing velocity_hip3_cmd script to /home/julio/Desktop/proyecto_tesis/quadruped_8DOF/install/cinematic_control/lib/cinematic_control
[2.392s] Installing velocity_hip4_cmd script to /home/julio/Desktop/proyecto_tesis/quadruped_8DOF/install/cinematic_control/lib/cinematic_control
[2.392s] writing list of installed files to '/home/julio/Desktop/proyecto_tesis/quadruped_8DOF/build/cinematic_control/install.log'
[2.460s] Invoked command in '/home/julio/Desktop/proyecto_tesis/quadruped_8DOF/src/cinematic_control' returned '0': AMENT_PREFIX_PATH=/home/julio/Desktop/proyecto_tesis/quadruped_8DOF/install/quadruped_model:/home/julio/Desktop/proyecto_tesis/quadruped_8DOF/install/cinematic_control:/opt/ros/humble PYTHONPATH=/home/julio/Desktop/proyecto_tesis/quadruped_8DOF/build/cinematic_control/prefix_override:/usr/lib/python3/dist-packages/colcon_core/task/python/colcon_distutils_commands:/home/julio/Desktop/proyecto_tesis/quadruped_8DOF/install/cinematic_control/lib/python3.10/site-packages:/home/julio/Desktop/proyecto_tesis/quadruped_8DOF/install/quadruped_model/lib/python3.10/site-packages:/home/julio/Desktop/proyecto_tesis/quadruped_8DOF/install/cinematic_control/lib/python3.10/site-packages:/opt/ros/humble/lib/python3.10/site-packages:/opt/ros/humble/local/lib/python3.10/dist-packages /usr/bin/python3 -W ignore:setup.py install is deprecated setup.py egg_info --egg-base ../../build/cinematic_control build --build-base /home/julio/Desktop/proyecto_tesis/quadruped_8DOF/build/cinematic_control/build install --record /home/julio/Desktop/proyecto_tesis/quadruped_8DOF/build/cinematic_control/install.log --single-version-externally-managed install_data
