[0.025s] Invoking command in '/home/maranmen/Quadruped_8DOF/build/moveit_common': CMAKE_PREFIX_PATH=/home/maranmen/Quadruped_8DOF/install/quadruped_model:/opt/ros/humble /usr/bin/cmake /home/maranmen/Quadruped_8DOF/src/moveit2/moveit_common -DCMAKE_BUILD_TYPE=Release -DCMAKE_INSTALL_PREFIX=/home/maranmen/Quadruped_8DOF/install/moveit_common
[0.327s] -- Found ament_cmake: 1.3.9 (/opt/ros/humble/share/ament_cmake/cmake)
[0.600s] -- Found Python3: /usr/bin/python3 (found version "3.10.12") found components: Interpreter 
[1.797s] -- Configuring done
[1.800s] -- Generating done
[1.801s] -- Build files have been written to: /home/maranmen/Quadruped_8DOF/build/moveit_common
[1.804s] Invoked command in '/home/maranmen/Quadruped_8DOF/build/moveit_common' returned '0': CMAKE_PREFIX_PATH=/home/maranmen/Quadruped_8DOF/install/quadruped_model:/opt/ros/humble /usr/bin/cmake /home/maranmen/Quadruped_8DOF/src/moveit2/moveit_common -DCMAKE_BUILD_TYPE=Release -DCMAKE_INSTALL_PREFIX=/home/maranmen/Quadruped_8DOF/install/moveit_common
[1.806s] Invoking command in '/home/maranmen/Quadruped_8DOF/build/moveit_common': CMAKE_PREFIX_PATH=/home/maranmen/Quadruped_8DOF/install/quadruped_model:/opt/ros/humble /usr/bin/cmake --build /home/maranmen/Quadruped_8DOF/build/moveit_common -- -j4 -l4
[1.856s] Invoked command in '/home/maranmen/Quadruped_8DOF/build/moveit_common' returned '0': CMAKE_PREFIX_PATH=/home/maranmen/Quadruped_8DOF/install/quadruped_model:/opt/ros/humble /usr/bin/cmake --build /home/maranmen/Quadruped_8DOF/build/moveit_common -- -j4 -l4
[1.907s] Invoking command in '/home/maranmen/Quadruped_8DOF/build/moveit_common': CMAKE_PREFIX_PATH=/home/maranmen/Quadruped_8DOF/install/quadruped_model:/opt/ros/humble /usr/bin/cmake --install /home/maranmen/Quadruped_8DOF/build/moveit_common
[1.922s] -- Install configuration: "Release"
[1.922s] -- Installing: /home/maranmen/Quadruped_8DOF/install/moveit_common/share/ament_index/resource_index/package_run_dependencies/moveit_common
[1.922s] -- Installing: /home/maranmen/Quadruped_8DOF/install/moveit_common/share/ament_index/resource_index/parent_prefix_path/moveit_common
[1.922s] -- Installing: /home/maranmen/Quadruped_8DOF/install/moveit_common/share/moveit_common/environment/ament_prefix_path.sh
[1.922s] -- Installing: /home/maranmen/Quadruped_8DOF/install/moveit_common/share/moveit_common/environment/ament_prefix_path.dsv
[1.923s] -- Installing: /home/maranmen/Quadruped_8DOF/install/moveit_common/share/moveit_common/environment/path.sh
[1.923s] -- Installing: /home/maranmen/Quadruped_8DOF/install/moveit_common/share/moveit_common/environment/path.dsv
[1.923s] -- Installing: /home/maranmen/Quadruped_8DOF/install/moveit_common/share/moveit_common/local_setup.bash
[1.923s] -- Installing: /home/maranmen/Quadruped_8DOF/install/moveit_common/share/moveit_common/local_setup.sh
[1.925s] -- Installing: /home/maranmen/Quadruped_8DOF/install/moveit_common/share/moveit_common/local_setup.zsh
[1.925s] -- Installing: /home/maranmen/Quadruped_8DOF/install/moveit_common/share/moveit_common/local_setup.dsv
[1.925s] -- Installing: /home/maranmen/Quadruped_8DOF/install/moveit_common/share/moveit_common/package.dsv
[1.927s] -- Installing: /home/maranmen/Quadruped_8DOF/install/moveit_common/share/ament_index/resource_index/packages/moveit_common
[1.928s] -- Installing: /home/maranmen/Quadruped_8DOF/install/moveit_common/share/moveit_common/cmake/moveit_common-extras.cmake
[1.928s] -- Installing: /home/maranmen/Quadruped_8DOF/install/moveit_common/share/moveit_common/cmake/moveit_commonConfig.cmake
[1.928s] -- Installing: /home/maranmen/Quadruped_8DOF/install/moveit_common/share/moveit_common/cmake/moveit_commonConfig-version.cmake
[1.929s] -- Installing: /home/maranmen/Quadruped_8DOF/install/moveit_common/share/moveit_common/package.xml
[1.929s] -- Up-to-date: /home/maranmen/Quadruped_8DOF/install/moveit_common/share/moveit_common/cmake
[1.930s] -- Installing: /home/maranmen/Quadruped_8DOF/install/moveit_common/share/moveit_common/cmake/moveit_package.cmake
[1.934s] Invoked command in '/home/maranmen/Quadruped_8DOF/build/moveit_common' returned '0': CMAKE_PREFIX_PATH=/home/maranmen/Quadruped_8DOF/install/quadruped_model:/opt/ros/humble /usr/bin/cmake --install /home/maranmen/Quadruped_8DOF/build/moveit_common
