[0.539s] DEBUG:colcon:Command line arguments: ['/usr/bin/colcon', 'build']
[0.539s] DEBUG:colcon:Parsed command line arguments: Namespace(log_base=None, log_level=None, verb_name='build', build_base='build', install_base='install', merge_install=False, symlink_install=False, test_result_base=None, continue_on_error=False, executor='parallel', parallel_workers=2, event_handlers=None, ignore_user_meta=False, metas=['./colcon.meta'], base_paths=['.'], packages_ignore=None, packages_ignore_regex=None, paths=None, packages_up_to=None, packages_up_to_regex=None, packages_above=None, packages_above_and_dependencies=None, packages_above_depth=None, packages_select_by_dep=None, packages_skip_by_dep=None, packages_skip_up_to=None, packages_select_build_failed=False, packages_skip_build_finished=False, packages_select_test_failures=False, packages_skip_test_passed=False, packages_select=None, packages_skip=None, packages_select_regex=None, packages_skip_regex=None, packages_start=None, packages_end=None, allow_overriding=[], cmake_args=None, cmake_target=None, cmake_target_skip_unavailable=False, cmake_clean_cache=False, cmake_clean_first=False, cmake_force_configure=False, ament_cmake_args=None, catkin_cmake_args=None, catkin_skip_building_tests=False, mixin_files=None, mixin=None, verb_parser=<colcon_mixin.mixin.mixin_argument.MixinArgumentDecorator object at 0x713912612770>, verb_extension=<colcon_core.verb.build.BuildVerb object at 0x713912611cf0>, main=<bound method BuildVerb.main of <colcon_core.verb.build.BuildVerb object at 0x713912611cf0>>, mixin_verb=('build',))
[1.084s] Level 1:colcon.colcon_core.package_discovery:discover_packages(colcon_meta) check parameters
[1.085s] Level 1:colcon.colcon_core.package_discovery:discover_packages(recursive) check parameters
[1.085s] Level 1:colcon.colcon_core.package_discovery:discover_packages(ignore) check parameters
[1.085s] Level 1:colcon.colcon_core.package_discovery:discover_packages(path) check parameters
[1.086s] Level 1:colcon.colcon_core.package_discovery:discover_packages(colcon_meta) discover
[1.086s] Level 1:colcon.colcon_core.package_discovery:discover_packages(recursive) discover
[1.086s] INFO:colcon.colcon_core.package_discovery:Crawling recursively for packages in '/home/julio/Desktop/proyecto_tesis/quadruped_8DOF'
[1.086s] Level 1:colcon.colcon_core.package_identification:_identify(.) by extensions ['ignore', 'ignore_ament_install']
[1.087s] Level 1:colcon.colcon_core.package_identification:_identify(.) by extension 'ignore'
[1.087s] Level 1:colcon.colcon_core.package_identification:_identify(.) by extension 'ignore_ament_install'
[1.087s] Level 1:colcon.colcon_core.package_identification:_identify(.) by extensions ['colcon_pkg']
[1.088s] Level 1:colcon.colcon_core.package_identification:_identify(.) by extension 'colcon_pkg'
[1.088s] Level 1:colcon.colcon_core.package_identification:_identify(.) by extensions ['colcon_meta']
[1.088s] Level 1:colcon.colcon_core.package_identification:_identify(.) by extension 'colcon_meta'
[1.088s] Level 1:colcon.colcon_core.package_identification:_identify(.) by extensions ['ros']
[1.088s] Level 1:colcon.colcon_core.package_identification:_identify(.) by extension 'ros'
[1.111s] Level 1:colcon.colcon_core.package_identification:_identify(.) by extensions ['cmake', 'python']
[1.112s] Level 1:colcon.colcon_core.package_identification:_identify(.) by extension 'cmake'
[1.114s] Level 1:colcon.colcon_core.package_identification:_identify(.) by extension 'python'
[1.115s] Level 1:colcon.colcon_core.package_identification:_identify(.) by extensions ['python_setup_py']
[1.115s] Level 1:colcon.colcon_core.package_identification:_identify(.) by extension 'python_setup_py'
[1.115s] Level 1:colcon.colcon_core.package_identification:_identify(build) by extensions ['ignore', 'ignore_ament_install']
[1.116s] Level 1:colcon.colcon_core.package_identification:_identify(build) by extension 'ignore'
[1.116s] Level 1:colcon.colcon_core.package_identification:_identify(build) ignored
[1.117s] Level 1:colcon.colcon_core.package_identification:_identify(install) by extensions ['ignore', 'ignore_ament_install']
[1.117s] Level 1:colcon.colcon_core.package_identification:_identify(install) by extension 'ignore'
[1.117s] Level 1:colcon.colcon_core.package_identification:_identify(install) ignored
[1.117s] Level 1:colcon.colcon_core.package_identification:_identify(log) by extensions ['ignore', 'ignore_ament_install']
[1.118s] Level 1:colcon.colcon_core.package_identification:_identify(log) by extension 'ignore'
[1.118s] Level 1:colcon.colcon_core.package_identification:_identify(log) ignored
[1.118s] Level 1:colcon.colcon_core.package_identification:_identify(src) by extensions ['ignore', 'ignore_ament_install']
[1.118s] Level 1:colcon.colcon_core.package_identification:_identify(src) by extension 'ignore'
[1.118s] Level 1:colcon.colcon_core.package_identification:_identify(src) by extension 'ignore_ament_install'
[1.118s] Level 1:colcon.colcon_core.package_identification:_identify(src) by extensions ['colcon_pkg']
[1.118s] Level 1:colcon.colcon_core.package_identification:_identify(src) by extension 'colcon_pkg'
[1.118s] Level 1:colcon.colcon_core.package_identification:_identify(src) by extensions ['colcon_meta']
[1.119s] Level 1:colcon.colcon_core.package_identification:_identify(src) by extension 'colcon_meta'
[1.119s] Level 1:colcon.colcon_core.package_identification:_identify(src) by extensions ['ros']
[1.119s] Level 1:colcon.colcon_core.package_identification:_identify(src) by extension 'ros'
[1.119s] Level 1:colcon.colcon_core.package_identification:_identify(src) by extensions ['cmake', 'python']
[1.119s] Level 1:colcon.colcon_core.package_identification:_identify(src) by extension 'cmake'
[1.119s] Level 1:colcon.colcon_core.package_identification:_identify(src) by extension 'python'
[1.120s] Level 1:colcon.colcon_core.package_identification:_identify(src) by extensions ['python_setup_py']
[1.120s] Level 1:colcon.colcon_core.package_identification:_identify(src) by extension 'python_setup_py'
[1.121s] Level 1:colcon.colcon_core.package_identification:_identify(src/action) by extensions ['ignore', 'ignore_ament_install']
[1.121s] Level 1:colcon.colcon_core.package_identification:_identify(src/action) by extension 'ignore'
[1.122s] Level 1:colcon.colcon_core.package_identification:_identify(src/action) by extension 'ignore_ament_install'
[1.123s] Level 1:colcon.colcon_core.package_identification:_identify(src/action) by extensions ['colcon_pkg']
[1.123s] Level 1:colcon.colcon_core.package_identification:_identify(src/action) by extension 'colcon_pkg'
[1.123s] Level 1:colcon.colcon_core.package_identification:_identify(src/action) by extensions ['colcon_meta']
[1.124s] Level 1:colcon.colcon_core.package_identification:_identify(src/action) by extension 'colcon_meta'
[1.125s] Level 1:colcon.colcon_core.package_identification:_identify(src/action) by extensions ['ros']
[1.125s] Level 1:colcon.colcon_core.package_identification:_identify(src/action) by extension 'ros'
[1.125s] Level 1:colcon.colcon_core.package_identification:_identify(src/action) by extensions ['cmake', 'python']
[1.125s] Level 1:colcon.colcon_core.package_identification:_identify(src/action) by extension 'cmake'
[1.125s] Level 1:colcon.colcon_core.package_identification:_identify(src/action) by extension 'python'
[1.125s] Level 1:colcon.colcon_core.package_identification:_identify(src/action) by extensions ['python_setup_py']
[1.126s] Level 1:colcon.colcon_core.package_identification:_identify(src/action) by extension 'python_setup_py'
[1.127s] Level 1:colcon.colcon_core.package_identification:_identify(src/cinematic_control) by extensions ['ignore', 'ignore_ament_install']
[1.128s] Level 1:colcon.colcon_core.package_identification:_identify(src/cinematic_control) by extension 'ignore'
[1.128s] Level 1:colcon.colcon_core.package_identification:_identify(src/cinematic_control) by extension 'ignore_ament_install'
[1.128s] Level 1:colcon.colcon_core.package_identification:_identify(src/cinematic_control) by extensions ['colcon_pkg']
[1.129s] Level 1:colcon.colcon_core.package_identification:_identify(src/cinematic_control) by extension 'colcon_pkg'
[1.131s] Level 1:colcon.colcon_core.package_identification:_identify(src/cinematic_control) by extensions ['colcon_meta']
[1.131s] Level 1:colcon.colcon_core.package_identification:_identify(src/cinematic_control) by extension 'colcon_meta'
[1.131s] Level 1:colcon.colcon_core.package_identification:_identify(src/cinematic_control) by extensions ['ros']
[1.131s] Level 1:colcon.colcon_core.package_identification:_identify(src/cinematic_control) by extension 'ros'
[1.141s] DEBUG:colcon.colcon_core.package_identification:Package 'src/cinematic_control' with type 'ros.ament_python' and name 'cinematic_control'
[1.143s] Level 1:colcon.colcon_core.package_identification:_identify(src/quadruped_model) by extensions ['ignore', 'ignore_ament_install']
[1.143s] Level 1:colcon.colcon_core.package_identification:_identify(src/quadruped_model) by extension 'ignore'
[1.144s] Level 1:colcon.colcon_core.package_identification:_identify(src/quadruped_model) by extension 'ignore_ament_install'
[1.145s] Level 1:colcon.colcon_core.package_identification:_identify(src/quadruped_model) by extensions ['colcon_pkg']
[1.145s] Level 1:colcon.colcon_core.package_identification:_identify(src/quadruped_model) by extension 'colcon_pkg'
[1.145s] Level 1:colcon.colcon_core.package_identification:_identify(src/quadruped_model) by extensions ['colcon_meta']
[1.145s] Level 1:colcon.colcon_core.package_identification:_identify(src/quadruped_model) by extension 'colcon_meta'
[1.147s] Level 1:colcon.colcon_core.package_identification:_identify(src/quadruped_model) by extensions ['ros']
[1.147s] Level 1:colcon.colcon_core.package_identification:_identify(src/quadruped_model) by extension 'ros'
[1.149s] DEBUG:colcon.colcon_core.package_identification:Package 'src/quadruped_model' with type 'ros.ament_python' and name 'quadruped_model'
[1.150s] Level 1:colcon.colcon_core.package_identification:_identify(src/quadruped_vrep) by extensions ['ignore', 'ignore_ament_install']
[1.151s] Level 1:colcon.colcon_core.package_identification:_identify(src/quadruped_vrep) by extension 'ignore'
[1.151s] Level 1:colcon.colcon_core.package_identification:_identify(src/quadruped_vrep) by extension 'ignore_ament_install'
[1.151s] Level 1:colcon.colcon_core.package_identification:_identify(src/quadruped_vrep) by extensions ['colcon_pkg']
[1.151s] Level 1:colcon.colcon_core.package_identification:_identify(src/quadruped_vrep) by extension 'colcon_pkg'
[1.153s] Level 1:colcon.colcon_core.package_identification:_identify(src/quadruped_vrep) by extensions ['colcon_meta']
[1.153s] Level 1:colcon.colcon_core.package_identification:_identify(src/quadruped_vrep) by extension 'colcon_meta'
[1.154s] Level 1:colcon.colcon_core.package_identification:_identify(src/quadruped_vrep) by extensions ['ros']
[1.154s] Level 1:colcon.colcon_core.package_identification:_identify(src/quadruped_vrep) by extension 'ros'
[1.155s] DEBUG:colcon.colcon_core.package_identification:Package 'src/quadruped_vrep' with type 'ros.ament_cmake' and name 'quadruped_vrep'
[1.156s] Level 1:colcon.colcon_core.package_identification:_identify(src/srv) by extensions ['ignore', 'ignore_ament_install']
[1.156s] Level 1:colcon.colcon_core.package_identification:_identify(src/srv) by extension 'ignore'
[1.157s] Level 1:colcon.colcon_core.package_identification:_identify(src/srv) by extension 'ignore_ament_install'
[1.158s] Level 1:colcon.colcon_core.package_identification:_identify(src/srv) by extensions ['colcon_pkg']
[1.158s] Level 1:colcon.colcon_core.package_identification:_identify(src/srv) by extension 'colcon_pkg'
[1.159s] Level 1:colcon.colcon_core.package_identification:_identify(src/srv) by extensions ['colcon_meta']
[1.159s] Level 1:colcon.colcon_core.package_identification:_identify(src/srv) by extension 'colcon_meta'
[1.159s] Level 1:colcon.colcon_core.package_identification:_identify(src/srv) by extensions ['ros']
[1.159s] Level 1:colcon.colcon_core.package_identification:_identify(src/srv) by extension 'ros'
[1.159s] Level 1:colcon.colcon_core.package_identification:_identify(src/srv) by extensions ['cmake', 'python']
[1.160s] Level 1:colcon.colcon_core.package_identification:_identify(src/srv) by extension 'cmake'
[1.161s] Level 1:colcon.colcon_core.package_identification:_identify(src/srv) by extension 'python'
[1.162s] Level 1:colcon.colcon_core.package_identification:_identify(src/srv) by extensions ['python_setup_py']
[1.162s] Level 1:colcon.colcon_core.package_identification:_identify(src/srv) by extension 'python_setup_py'
[1.163s] Level 1:colcon.colcon_core.package_discovery:discover_packages(recursive) using defaults
[1.164s] Level 1:colcon.colcon_core.package_discovery:discover_packages(ignore) discover
[1.164s] Level 1:colcon.colcon_core.package_discovery:discover_packages(ignore) using defaults
[1.164s] Level 1:colcon.colcon_core.package_discovery:discover_packages(path) discover
[1.164s] Level 1:colcon.colcon_core.package_discovery:discover_packages(path) using defaults
[1.237s] Level 1:colcon.colcon_core.package_discovery:discover_packages(prefix_path) check parameters
[1.237s] Level 1:colcon.colcon_core.package_discovery:discover_packages(prefix_path) discover
[1.244s] DEBUG:colcon.colcon_installed_package_information.package_discovery:Found 3 installed packages in /home/julio/Desktop/proyecto_tesis/quadruped_8DOF/install
[1.253s] DEBUG:colcon.colcon_installed_package_information.package_discovery:Found 299 installed packages in /opt/ros/humble
[1.280s] Level 1:colcon.colcon_core.package_discovery:discover_packages(prefix_path) using defaults
[1.417s] Level 5:colcon.colcon_core.verb:set package 'quadruped_model' build argument 'cmake_args' from command line to 'None'
[1.417s] Level 5:colcon.colcon_core.verb:set package 'quadruped_model' build argument 'cmake_target' from command line to 'None'
[1.418s] Level 5:colcon.colcon_core.verb:set package 'quadruped_model' build argument 'cmake_target_skip_unavailable' from command line to 'False'
[1.419s] Level 5:colcon.colcon_core.verb:set package 'quadruped_model' build argument 'cmake_clean_cache' from command line to 'False'
[1.419s] Level 5:colcon.colcon_core.verb:set package 'quadruped_model' build argument 'cmake_clean_first' from command line to 'False'
[1.420s] Level 5:colcon.colcon_core.verb:set package 'quadruped_model' build argument 'cmake_force_configure' from command line to 'False'
[1.420s] Level 5:colcon.colcon_core.verb:set package 'quadruped_model' build argument 'ament_cmake_args' from command line to 'None'
[1.420s] Level 5:colcon.colcon_core.verb:set package 'quadruped_model' build argument 'catkin_cmake_args' from command line to 'None'
[1.420s] Level 5:colcon.colcon_core.verb:set package 'quadruped_model' build argument 'catkin_skip_building_tests' from command line to 'False'
[1.421s] DEBUG:colcon.colcon_core.verb:Building package 'quadruped_model' with the following arguments: {'ament_cmake_args': None, 'build_base': '/home/julio/Desktop/proyecto_tesis/quadruped_8DOF/build/quadruped_model', 'catkin_cmake_args': None, 'catkin_skip_building_tests': False, 'cmake_args': None, 'cmake_clean_cache': False, 'cmake_clean_first': False, 'cmake_force_configure': False, 'cmake_target': None, 'cmake_target_skip_unavailable': False, 'install_base': '/home/julio/Desktop/proyecto_tesis/quadruped_8DOF/install/quadruped_model', 'merge_install': False, 'path': '/home/julio/Desktop/proyecto_tesis/quadruped_8DOF/src/quadruped_model', 'symlink_install': False, 'test_result_base': None}
[1.422s] Level 5:colcon.colcon_core.verb:set package 'quadruped_vrep' build argument 'cmake_args' from command line to 'None'
[1.423s] Level 5:colcon.colcon_core.verb:set package 'quadruped_vrep' build argument 'cmake_target' from command line to 'None'
[1.423s] Level 5:colcon.colcon_core.verb:set package 'quadruped_vrep' build argument 'cmake_target_skip_unavailable' from command line to 'False'
[1.423s] Level 5:colcon.colcon_core.verb:set package 'quadruped_vrep' build argument 'cmake_clean_cache' from command line to 'False'
[1.424s] Level 5:colcon.colcon_core.verb:set package 'quadruped_vrep' build argument 'cmake_clean_first' from command line to 'False'
[1.424s] Level 5:colcon.colcon_core.verb:set package 'quadruped_vrep' build argument 'cmake_force_configure' from command line to 'False'
[1.424s] Level 5:colcon.colcon_core.verb:set package 'quadruped_vrep' build argument 'ament_cmake_args' from command line to 'None'
[1.424s] Level 5:colcon.colcon_core.verb:set package 'quadruped_vrep' build argument 'catkin_cmake_args' from command line to 'None'
[1.424s] Level 5:colcon.colcon_core.verb:set package 'quadruped_vrep' build argument 'catkin_skip_building_tests' from command line to 'False'
[1.424s] DEBUG:colcon.colcon_core.verb:Building package 'quadruped_vrep' with the following arguments: {'ament_cmake_args': None, 'build_base': '/home/julio/Desktop/proyecto_tesis/quadruped_8DOF/build/quadruped_vrep', 'catkin_cmake_args': None, 'catkin_skip_building_tests': False, 'cmake_args': None, 'cmake_clean_cache': False, 'cmake_clean_first': False, 'cmake_force_configure': False, 'cmake_target': None, 'cmake_target_skip_unavailable': False, 'install_base': '/home/julio/Desktop/proyecto_tesis/quadruped_8DOF/install/quadruped_vrep', 'merge_install': False, 'path': '/home/julio/Desktop/proyecto_tesis/quadruped_8DOF/src/quadruped_vrep', 'symlink_install': False, 'test_result_base': None}
[1.425s] Level 5:colcon.colcon_core.verb:set package 'cinematic_control' build argument 'cmake_args' from command line to 'None'
[1.425s] Level 5:colcon.colcon_core.verb:set package 'cinematic_control' build argument 'cmake_target' from command line to 'None'
[1.425s] Level 5:colcon.colcon_core.verb:set package 'cinematic_control' build argument 'cmake_target_skip_unavailable' from command line to 'False'
[1.426s] Level 5:colcon.colcon_core.verb:set package 'cinematic_control' build argument 'cmake_clean_cache' from command line to 'False'
[1.426s] Level 5:colcon.colcon_core.verb:set package 'cinematic_control' build argument 'cmake_clean_first' from command line to 'False'
[1.426s] Level 5:colcon.colcon_core.verb:set package 'cinematic_control' build argument 'cmake_force_configure' from command line to 'False'
[1.426s] Level 5:colcon.colcon_core.verb:set package 'cinematic_control' build argument 'ament_cmake_args' from command line to 'None'
[1.427s] Level 5:colcon.colcon_core.verb:set package 'cinematic_control' build argument 'catkin_cmake_args' from command line to 'None'
[1.427s] Level 5:colcon.colcon_core.verb:set package 'cinematic_control' build argument 'catkin_skip_building_tests' from command line to 'False'
[1.427s] DEBUG:colcon.colcon_core.verb:Building package 'cinematic_control' with the following arguments: {'ament_cmake_args': None, 'build_base': '/home/julio/Desktop/proyecto_tesis/quadruped_8DOF/build/cinematic_control', 'catkin_cmake_args': None, 'catkin_skip_building_tests': False, 'cmake_args': None, 'cmake_clean_cache': False, 'cmake_clean_first': False, 'cmake_force_configure': False, 'cmake_target': None, 'cmake_target_skip_unavailable': False, 'install_base': '/home/julio/Desktop/proyecto_tesis/quadruped_8DOF/install/cinematic_control', 'merge_install': False, 'path': '/home/julio/Desktop/proyecto_tesis/quadruped_8DOF/src/cinematic_control', 'symlink_install': False, 'test_result_base': None}
[1.427s] INFO:colcon.colcon_core.executor:Executing jobs using 'parallel' executor
[1.430s] DEBUG:colcon.colcon_parallel_executor.executor.parallel:run_until_complete
[1.431s] INFO:colcon.colcon_ros.task.ament_python.build:Building ROS package in '/home/julio/Desktop/proyecto_tesis/quadruped_8DOF/src/quadruped_model' with build type 'ament_python'
[1.432s] Level 1:colcon.colcon_core.shell:create_environment_hook('quadruped_model', 'ament_prefix_path')
[1.444s] INFO:colcon.colcon_core.plugin_system:Skipping extension 'colcon_core.shell.bat': Not used on non-Windows systems
[1.446s] INFO:colcon.colcon_core.shell:Creating environment hook '/home/julio/Desktop/proyecto_tesis/quadruped_8DOF/install/quadruped_model/share/quadruped_model/hook/ament_prefix_path.ps1'
[1.450s] INFO:colcon.colcon_core.shell:Creating environment descriptor '/home/julio/Desktop/proyecto_tesis/quadruped_8DOF/install/quadruped_model/share/quadruped_model/hook/ament_prefix_path.dsv'
[1.454s] INFO:colcon.colcon_core.shell:Creating environment hook '/home/julio/Desktop/proyecto_tesis/quadruped_8DOF/install/quadruped_model/share/quadruped_model/hook/ament_prefix_path.sh'
[1.461s] INFO:colcon.colcon_core.shell:Skip shell extension 'powershell' for command environment: Not usable outside of PowerShell
[1.461s] DEBUG:colcon.colcon_core.shell:Skip shell extension 'dsv' for command environment
[1.570s] INFO:colcon.colcon_ros.task.ament_cmake.build:Building ROS package in '/home/julio/Desktop/proyecto_tesis/quadruped_8DOF/src/quadruped_vrep' with build type 'ament_cmake'
[1.570s] INFO:colcon.colcon_cmake.task.cmake.build:Building CMake package in '/home/julio/Desktop/proyecto_tesis/quadruped_8DOF/src/quadruped_vrep'
[1.575s] INFO:colcon.colcon_core.shell:Skip shell extension 'powershell' for command environment: Not usable outside of PowerShell
[1.575s] DEBUG:colcon.colcon_core.shell:Skip shell extension 'dsv' for command environment
[3.347s] INFO:colcon.colcon_core.task.python.build:Building Python package in '/home/julio/Desktop/proyecto_tesis/quadruped_8DOF/src/quadruped_model'
[3.348s] INFO:colcon.colcon_core.shell:Skip shell extension 'powershell' for command environment: Not usable outside of PowerShell
[3.348s] DEBUG:colcon.colcon_core.shell:Skip shell extension 'dsv' for command environment
[3.420s] DEBUG:colcon.colcon_core.event_handler.log_command:Invoking command in '/home/julio/Desktop/proyecto_tesis/quadruped_8DOF/build/quadruped_vrep': CMAKE_PREFIX_PATH=${CMAKE_PREFIX_PATH}:/home/julio/Desktop/proyecto_tesis/quadruped_8DOF/install/cinematic_control:/home/julio/Desktop/proyecto_tesis/quadruped_8DOF/install/quadruped_model:/opt/ros/humble /usr/bin/cmake --build /home/julio/Desktop/proyecto_tesis/quadruped_8DOF/build/quadruped_vrep -- -j2 -l2
[4.857s] DEBUG:colcon.colcon_core.event_handler.log_command:Invoked command in '/home/julio/Desktop/proyecto_tesis/quadruped_8DOF/build/quadruped_vrep' returned '0': CMAKE_PREFIX_PATH=${CMAKE_PREFIX_PATH}:/home/julio/Desktop/proyecto_tesis/quadruped_8DOF/install/cinematic_control:/home/julio/Desktop/proyecto_tesis/quadruped_8DOF/install/quadruped_model:/opt/ros/humble /usr/bin/cmake --build /home/julio/Desktop/proyecto_tesis/quadruped_8DOF/build/quadruped_vrep -- -j2 -l2
[6.062s] DEBUG:colcon.colcon_core.event_handler.log_command:Invoking command in '/home/julio/Desktop/proyecto_tesis/quadruped_8DOF/build/quadruped_vrep': CMAKE_PREFIX_PATH=${CMAKE_PREFIX_PATH}:/home/julio/Desktop/proyecto_tesis/quadruped_8DOF/install/cinematic_control:/home/julio/Desktop/proyecto_tesis/quadruped_8DOF/install/quadruped_model:/opt/ros/humble /usr/bin/cmake --install /home/julio/Desktop/proyecto_tesis/quadruped_8DOF/build/quadruped_vrep
[6.250s] Level 1:colcon.colcon_core.environment:create_environment_scripts_only(quadruped_vrep)
[6.255s] DEBUG:colcon.colcon_core.event_handler.log_command:Invoked command in '/home/julio/Desktop/proyecto_tesis/quadruped_8DOF/build/quadruped_vrep' returned '0': CMAKE_PREFIX_PATH=${CMAKE_PREFIX_PATH}:/home/julio/Desktop/proyecto_tesis/quadruped_8DOF/install/cinematic_control:/home/julio/Desktop/proyecto_tesis/quadruped_8DOF/install/quadruped_model:/opt/ros/humble /usr/bin/cmake --install /home/julio/Desktop/proyecto_tesis/quadruped_8DOF/build/quadruped_vrep
[6.290s] Level 1:colcon.colcon_core.environment:checking '/home/julio/Desktop/proyecto_tesis/quadruped_8DOF/install/quadruped_vrep' for CMake module files
[6.303s] Level 1:colcon.colcon_core.environment:checking '/home/julio/Desktop/proyecto_tesis/quadruped_8DOF/install/quadruped_vrep' for CMake config files
[6.336s] Level 1:colcon.colcon_core.shell:create_environment_hook('quadruped_vrep', 'cmake_prefix_path')
[6.337s] INFO:colcon.colcon_core.shell:Creating environment hook '/home/julio/Desktop/proyecto_tesis/quadruped_8DOF/install/quadruped_vrep/share/quadruped_vrep/hook/cmake_prefix_path.ps1'
[6.343s] INFO:colcon.colcon_core.shell:Creating environment descriptor '/home/julio/Desktop/proyecto_tesis/quadruped_8DOF/install/quadruped_vrep/share/quadruped_vrep/hook/cmake_prefix_path.dsv'
[6.345s] INFO:colcon.colcon_core.shell:Creating environment hook '/home/julio/Desktop/proyecto_tesis/quadruped_8DOF/install/quadruped_vrep/share/quadruped_vrep/hook/cmake_prefix_path.sh'
[6.350s] Level 1:colcon.colcon_core.environment:checking '/home/julio/Desktop/proyecto_tesis/quadruped_8DOF/install/quadruped_vrep/lib'
[6.351s] Level 1:colcon.colcon_core.environment:checking '/home/julio/Desktop/proyecto_tesis/quadruped_8DOF/install/quadruped_vrep/bin'
[6.351s] Level 1:colcon.colcon_core.environment:checking '/home/julio/Desktop/proyecto_tesis/quadruped_8DOF/install/quadruped_vrep/lib/pkgconfig/quadruped_vrep.pc'
[6.352s] Level 1:colcon.colcon_core.environment:checking '/home/julio/Desktop/proyecto_tesis/quadruped_8DOF/install/quadruped_vrep/lib/python3.10/site-packages'
[6.352s] Level 1:colcon.colcon_core.environment:checking '/home/julio/Desktop/proyecto_tesis/quadruped_8DOF/install/quadruped_vrep/bin'
[6.357s] INFO:colcon.colcon_core.shell:Creating package script '/home/julio/Desktop/proyecto_tesis/quadruped_8DOF/install/quadruped_vrep/share/quadruped_vrep/package.ps1'
[6.365s] INFO:colcon.colcon_core.shell:Creating package descriptor '/home/julio/Desktop/proyecto_tesis/quadruped_8DOF/install/quadruped_vrep/share/quadruped_vrep/package.dsv'
[6.371s] INFO:colcon.colcon_core.shell:Creating package script '/home/julio/Desktop/proyecto_tesis/quadruped_8DOF/install/quadruped_vrep/share/quadruped_vrep/package.sh'
[6.373s] INFO:colcon.colcon_core.shell:Creating package script '/home/julio/Desktop/proyecto_tesis/quadruped_8DOF/install/quadruped_vrep/share/quadruped_vrep/package.bash'
[6.377s] INFO:colcon.colcon_core.shell:Creating package script '/home/julio/Desktop/proyecto_tesis/quadruped_8DOF/install/quadruped_vrep/share/quadruped_vrep/package.zsh'
[6.382s] Level 1:colcon.colcon_core.environment:create_file_with_runtime_dependencies(/home/julio/Desktop/proyecto_tesis/quadruped_8DOF/install/quadruped_vrep/share/colcon-core/packages/quadruped_vrep)
[7.032s] Level 1:colcon.colcon_core.environment:create_environment_scripts_only(quadruped_vrep)
[7.043s] Level 1:colcon.colcon_core.environment:checking '/home/julio/Desktop/proyecto_tesis/quadruped_8DOF/install/quadruped_vrep' for CMake module files
[7.056s] Level 1:colcon.colcon_core.environment:checking '/home/julio/Desktop/proyecto_tesis/quadruped_8DOF/install/quadruped_vrep' for CMake config files
[7.067s] Level 1:colcon.colcon_core.shell:create_environment_hook('quadruped_vrep', 'cmake_prefix_path')
[7.075s] INFO:colcon.colcon_core.shell:Creating environment hook '/home/julio/Desktop/proyecto_tesis/quadruped_8DOF/install/quadruped_vrep/share/quadruped_vrep/hook/cmake_prefix_path.ps1'
[7.092s] INFO:colcon.colcon_core.shell:Creating environment descriptor '/home/julio/Desktop/proyecto_tesis/quadruped_8DOF/install/quadruped_vrep/share/quadruped_vrep/hook/cmake_prefix_path.dsv'
[7.097s] INFO:colcon.colcon_core.shell:Creating environment hook '/home/julio/Desktop/proyecto_tesis/quadruped_8DOF/install/quadruped_vrep/share/quadruped_vrep/hook/cmake_prefix_path.sh'
[7.108s] Level 1:colcon.colcon_core.environment:checking '/home/julio/Desktop/proyecto_tesis/quadruped_8DOF/install/quadruped_vrep/lib'
[7.108s] Level 1:colcon.colcon_core.environment:checking '/home/julio/Desktop/proyecto_tesis/quadruped_8DOF/install/quadruped_vrep/bin'
[7.109s] Level 1:colcon.colcon_core.environment:checking '/home/julio/Desktop/proyecto_tesis/quadruped_8DOF/install/quadruped_vrep/lib/pkgconfig/quadruped_vrep.pc'
[7.112s] Level 1:colcon.colcon_core.environment:checking '/home/julio/Desktop/proyecto_tesis/quadruped_8DOF/install/quadruped_vrep/lib/python3.10/site-packages'
[7.115s] Level 1:colcon.colcon_core.environment:checking '/home/julio/Desktop/proyecto_tesis/quadruped_8DOF/install/quadruped_vrep/bin'
[7.118s] INFO:colcon.colcon_core.shell:Creating package script '/home/julio/Desktop/proyecto_tesis/quadruped_8DOF/install/quadruped_vrep/share/quadruped_vrep/package.ps1'
[7.130s] INFO:colcon.colcon_core.shell:Creating package descriptor '/home/julio/Desktop/proyecto_tesis/quadruped_8DOF/install/quadruped_vrep/share/quadruped_vrep/package.dsv'
[7.137s] INFO:colcon.colcon_core.shell:Creating package script '/home/julio/Desktop/proyecto_tesis/quadruped_8DOF/install/quadruped_vrep/share/quadruped_vrep/package.sh'
[7.138s] INFO:colcon.colcon_core.shell:Creating package script '/home/julio/Desktop/proyecto_tesis/quadruped_8DOF/install/quadruped_vrep/share/quadruped_vrep/package.bash'
[7.145s] INFO:colcon.colcon_core.shell:Creating package script '/home/julio/Desktop/proyecto_tesis/quadruped_8DOF/install/quadruped_vrep/share/quadruped_vrep/package.zsh'
[7.152s] Level 1:colcon.colcon_core.environment:create_file_with_runtime_dependencies(/home/julio/Desktop/proyecto_tesis/quadruped_8DOF/install/quadruped_vrep/share/colcon-core/packages/quadruped_vrep)
[7.871s] DEBUG:colcon.colcon_core.event_handler.log_command:Invoking command in '/home/julio/Desktop/proyecto_tesis/quadruped_8DOF/src/quadruped_model': PYTHONPATH=/home/julio/Desktop/proyecto_tesis/quadruped_8DOF/build/quadruped_model/prefix_override:/usr/lib/python3/dist-packages/colcon_core/task/python/colcon_distutils_commands:/home/julio/Desktop/proyecto_tesis/quadruped_8DOF/install/quadruped_model/lib/python3.10/site-packages:${PYTHONPATH} /usr/bin/python3 -W ignore:setup.py install is deprecated setup.py egg_info --egg-base ../../build/quadruped_model build --build-base /home/julio/Desktop/proyecto_tesis/quadruped_8DOF/build/quadruped_model/build install --record /home/julio/Desktop/proyecto_tesis/quadruped_8DOF/build/quadruped_model/install.log --single-version-externally-managed install_data
[10.070s] Level 1:colcon.colcon_core.environment:checking '/home/julio/Desktop/proyecto_tesis/quadruped_8DOF/install/quadruped_model' for CMake module files
[10.077s] DEBUG:colcon.colcon_core.event_handler.log_command:Invoked command in '/home/julio/Desktop/proyecto_tesis/quadruped_8DOF/src/quadruped_model' returned '0': PYTHONPATH=/home/julio/Desktop/proyecto_tesis/quadruped_8DOF/build/quadruped_model/prefix_override:/usr/lib/python3/dist-packages/colcon_core/task/python/colcon_distutils_commands:/home/julio/Desktop/proyecto_tesis/quadruped_8DOF/install/quadruped_model/lib/python3.10/site-packages:${PYTHONPATH} /usr/bin/python3 -W ignore:setup.py install is deprecated setup.py egg_info --egg-base ../../build/quadruped_model build --build-base /home/julio/Desktop/proyecto_tesis/quadruped_8DOF/build/quadruped_model/build install --record /home/julio/Desktop/proyecto_tesis/quadruped_8DOF/build/quadruped_model/install.log --single-version-externally-managed install_data
[10.082s] Level 1:colcon.colcon_core.environment:checking '/home/julio/Desktop/proyecto_tesis/quadruped_8DOF/install/quadruped_model' for CMake config files
[10.097s] Level 1:colcon.colcon_core.environment:checking '/home/julio/Desktop/proyecto_tesis/quadruped_8DOF/install/quadruped_model/lib'
[10.101s] Level 1:colcon.colcon_core.environment:checking '/home/julio/Desktop/proyecto_tesis/quadruped_8DOF/install/quadruped_model/bin'
[10.101s] Level 1:colcon.colcon_core.environment:checking '/home/julio/Desktop/proyecto_tesis/quadruped_8DOF/install/quadruped_model/lib/pkgconfig/quadruped_model.pc'
[10.102s] Level 1:colcon.colcon_core.environment:checking '/home/julio/Desktop/proyecto_tesis/quadruped_8DOF/install/quadruped_model/lib/python3.10/site-packages'
[10.102s] Level 1:colcon.colcon_core.shell:create_environment_hook('quadruped_model', 'pythonpath')
[10.103s] INFO:colcon.colcon_core.shell:Creating environment hook '/home/julio/Desktop/proyecto_tesis/quadruped_8DOF/install/quadruped_model/share/quadruped_model/hook/pythonpath.ps1'
[10.107s] INFO:colcon.colcon_core.shell:Creating environment descriptor '/home/julio/Desktop/proyecto_tesis/quadruped_8DOF/install/quadruped_model/share/quadruped_model/hook/pythonpath.dsv'
[10.111s] INFO:colcon.colcon_core.shell:Creating environment hook '/home/julio/Desktop/proyecto_tesis/quadruped_8DOF/install/quadruped_model/share/quadruped_model/hook/pythonpath.sh'
[10.114s] Level 1:colcon.colcon_core.environment:checking '/home/julio/Desktop/proyecto_tesis/quadruped_8DOF/install/quadruped_model/bin'
[10.115s] Level 1:colcon.colcon_core.environment:create_environment_scripts_only(quadruped_model)
[10.115s] INFO:colcon.colcon_core.shell:Creating package script '/home/julio/Desktop/proyecto_tesis/quadruped_8DOF/install/quadruped_model/share/quadruped_model/package.ps1'
[10.120s] INFO:colcon.colcon_core.shell:Creating package descriptor '/home/julio/Desktop/proyecto_tesis/quadruped_8DOF/install/quadruped_model/share/quadruped_model/package.dsv'
[10.123s] INFO:colcon.colcon_core.shell:Creating package script '/home/julio/Desktop/proyecto_tesis/quadruped_8DOF/install/quadruped_model/share/quadruped_model/package.sh'
[10.125s] INFO:colcon.colcon_core.shell:Creating package script '/home/julio/Desktop/proyecto_tesis/quadruped_8DOF/install/quadruped_model/share/quadruped_model/package.bash'
[10.126s] INFO:colcon.colcon_core.shell:Creating package script '/home/julio/Desktop/proyecto_tesis/quadruped_8DOF/install/quadruped_model/share/quadruped_model/package.zsh'
[10.129s] Level 1:colcon.colcon_core.environment:create_file_with_runtime_dependencies(/home/julio/Desktop/proyecto_tesis/quadruped_8DOF/install/quadruped_model/share/colcon-core/packages/quadruped_model)
[10.130s] INFO:colcon.colcon_ros.task.ament_python.build:Building ROS package in '/home/julio/Desktop/proyecto_tesis/quadruped_8DOF/src/cinematic_control' with build type 'ament_python'
[10.132s] Level 1:colcon.colcon_core.shell:create_environment_hook('cinematic_control', 'ament_prefix_path')
[10.133s] INFO:colcon.colcon_core.shell:Creating environment hook '/home/julio/Desktop/proyecto_tesis/quadruped_8DOF/install/cinematic_control/share/cinematic_control/hook/ament_prefix_path.ps1'
[10.141s] INFO:colcon.colcon_core.shell:Creating environment descriptor '/home/julio/Desktop/proyecto_tesis/quadruped_8DOF/install/cinematic_control/share/cinematic_control/hook/ament_prefix_path.dsv'
[10.145s] INFO:colcon.colcon_core.shell:Creating environment hook '/home/julio/Desktop/proyecto_tesis/quadruped_8DOF/install/cinematic_control/share/cinematic_control/hook/ament_prefix_path.sh'
[10.147s] INFO:colcon.colcon_core.shell:Skip shell extension 'powershell' for command environment: Not usable outside of PowerShell
[10.148s] DEBUG:colcon.colcon_core.shell:Skip shell extension 'dsv' for command environment
[11.938s] INFO:colcon.colcon_core.task.python.build:Building Python package in '/home/julio/Desktop/proyecto_tesis/quadruped_8DOF/src/cinematic_control'
[11.940s] INFO:colcon.colcon_core.shell:Skip shell extension 'powershell' for command environment: Not usable outside of PowerShell
[11.940s] DEBUG:colcon.colcon_core.shell:Skip shell extension 'dsv' for command environment
[14.086s] DEBUG:colcon.colcon_core.event_handler.log_command:Invoking command in '/home/julio/Desktop/proyecto_tesis/quadruped_8DOF/src/cinematic_control': AMENT_PREFIX_PATH=/home/julio/Desktop/proyecto_tesis/quadruped_8DOF/install/quadruped_model:/home/julio/Desktop/proyecto_tesis/quadruped_8DOF/install/quadruped_vrep:/home/julio/Desktop/proyecto_tesis/quadruped_8DOF/install/cinematic_control:/opt/ros/humble PYTHONPATH=/home/julio/Desktop/proyecto_tesis/quadruped_8DOF/build/cinematic_control/prefix_override:/usr/lib/python3/dist-packages/colcon_core/task/python/colcon_distutils_commands:/home/julio/Desktop/proyecto_tesis/quadruped_8DOF/install/cinematic_control/lib/python3.10/site-packages:/home/julio/Desktop/proyecto_tesis/quadruped_8DOF/install/quadruped_model/lib/python3.10/site-packages:/home/julio/Desktop/proyecto_tesis/quadruped_8DOF/install/cinematic_control/lib/python3.10/site-packages:/opt/ros/humble/lib/python3.10/site-packages:/opt/ros/humble/local/lib/python3.10/dist-packages /usr/bin/python3 -W ignore:setup.py install is deprecated setup.py egg_info --egg-base ../../build/cinematic_control build --build-base /home/julio/Desktop/proyecto_tesis/quadruped_8DOF/build/cinematic_control/build install --record /home/julio/Desktop/proyecto_tesis/quadruped_8DOF/build/cinematic_control/install.log --single-version-externally-managed install_data
[16.352s] Level 1:colcon.colcon_core.environment:checking '/home/julio/Desktop/proyecto_tesis/quadruped_8DOF/install/cinematic_control' for CMake module files
[16.356s] DEBUG:colcon.colcon_core.event_handler.log_command:Invoked command in '/home/julio/Desktop/proyecto_tesis/quadruped_8DOF/src/cinematic_control' returned '0': AMENT_PREFIX_PATH=/home/julio/Desktop/proyecto_tesis/quadruped_8DOF/install/quadruped_model:/home/julio/Desktop/proyecto_tesis/quadruped_8DOF/install/quadruped_vrep:/home/julio/Desktop/proyecto_tesis/quadruped_8DOF/install/cinematic_control:/opt/ros/humble PYTHONPATH=/home/julio/Desktop/proyecto_tesis/quadruped_8DOF/build/cinematic_control/prefix_override:/usr/lib/python3/dist-packages/colcon_core/task/python/colcon_distutils_commands:/home/julio/Desktop/proyecto_tesis/quadruped_8DOF/install/cinematic_control/lib/python3.10/site-packages:/home/julio/Desktop/proyecto_tesis/quadruped_8DOF/install/quadruped_model/lib/python3.10/site-packages:/home/julio/Desktop/proyecto_tesis/quadruped_8DOF/install/cinematic_control/lib/python3.10/site-packages:/opt/ros/humble/lib/python3.10/site-packages:/opt/ros/humble/local/lib/python3.10/dist-packages /usr/bin/python3 -W ignore:setup.py install is deprecated setup.py egg_info --egg-base ../../build/cinematic_control build --build-base /home/julio/Desktop/proyecto_tesis/quadruped_8DOF/build/cinematic_control/build install --record /home/julio/Desktop/proyecto_tesis/quadruped_8DOF/build/cinematic_control/install.log --single-version-externally-managed install_data
[16.357s] Level 1:colcon.colcon_core.environment:checking '/home/julio/Desktop/proyecto_tesis/quadruped_8DOF/install/cinematic_control' for CMake config files
[16.362s] Level 1:colcon.colcon_core.environment:checking '/home/julio/Desktop/proyecto_tesis/quadruped_8DOF/install/cinematic_control/lib'
[16.364s] Level 1:colcon.colcon_core.environment:checking '/home/julio/Desktop/proyecto_tesis/quadruped_8DOF/install/cinematic_control/bin'
[16.365s] Level 1:colcon.colcon_core.environment:checking '/home/julio/Desktop/proyecto_tesis/quadruped_8DOF/install/cinematic_control/lib/pkgconfig/cinematic_control.pc'
[16.365s] Level 1:colcon.colcon_core.environment:checking '/home/julio/Desktop/proyecto_tesis/quadruped_8DOF/install/cinematic_control/lib/python3.10/site-packages'
[16.365s] Level 1:colcon.colcon_core.shell:create_environment_hook('cinematic_control', 'pythonpath')
[16.369s] INFO:colcon.colcon_core.shell:Creating environment hook '/home/julio/Desktop/proyecto_tesis/quadruped_8DOF/install/cinematic_control/share/cinematic_control/hook/pythonpath.ps1'
[16.371s] INFO:colcon.colcon_core.shell:Creating environment descriptor '/home/julio/Desktop/proyecto_tesis/quadruped_8DOF/install/cinematic_control/share/cinematic_control/hook/pythonpath.dsv'
[16.386s] INFO:colcon.colcon_core.shell:Creating environment hook '/home/julio/Desktop/proyecto_tesis/quadruped_8DOF/install/cinematic_control/share/cinematic_control/hook/pythonpath.sh'
[16.391s] Level 1:colcon.colcon_core.environment:checking '/home/julio/Desktop/proyecto_tesis/quadruped_8DOF/install/cinematic_control/bin'
[16.391s] Level 1:colcon.colcon_core.environment:create_environment_scripts_only(cinematic_control)
[16.392s] INFO:colcon.colcon_core.shell:Creating package script '/home/julio/Desktop/proyecto_tesis/quadruped_8DOF/install/cinematic_control/share/cinematic_control/package.ps1'
[16.396s] INFO:colcon.colcon_core.shell:Creating package descriptor '/home/julio/Desktop/proyecto_tesis/quadruped_8DOF/install/cinematic_control/share/cinematic_control/package.dsv'
[16.660s] INFO:colcon.colcon_core.shell:Creating package script '/home/julio/Desktop/proyecto_tesis/quadruped_8DOF/install/cinematic_control/share/cinematic_control/package.sh'
[16.664s] INFO:colcon.colcon_core.shell:Creating package script '/home/julio/Desktop/proyecto_tesis/quadruped_8DOF/install/cinematic_control/share/cinematic_control/package.bash'
[16.666s] INFO:colcon.colcon_core.shell:Creating package script '/home/julio/Desktop/proyecto_tesis/quadruped_8DOF/install/cinematic_control/share/cinematic_control/package.zsh'
[16.668s] Level 1:colcon.colcon_core.environment:create_file_with_runtime_dependencies(/home/julio/Desktop/proyecto_tesis/quadruped_8DOF/install/cinematic_control/share/colcon-core/packages/cinematic_control)
[16.670s] DEBUG:colcon.colcon_parallel_executor.executor.parallel:closing loop
[16.671s] DEBUG:colcon.colcon_parallel_executor.executor.parallel:loop closed
[16.671s] DEBUG:colcon.colcon_parallel_executor.executor.parallel:run_until_complete finished with '0'
[16.671s] DEBUG:colcon.colcon_core.event_reactor:joining thread
[16.696s] INFO:colcon.colcon_core.plugin_system:Skipping extension 'colcon_notification.desktop_notification.terminal_notifier': Not used on non-Darwin systems
[16.696s] INFO:colcon.colcon_core.plugin_system:Skipping extension 'colcon_notification.desktop_notification.win32': Not used on non-Windows systems
[16.697s] INFO:colcon.colcon_notification.desktop_notification:Sending desktop notification using 'notify2'
[17.951s] DEBUG:colcon.colcon_core.event_reactor:joined thread
[17.952s] INFO:colcon.colcon_core.shell:Creating prefix script '/home/julio/Desktop/proyecto_tesis/quadruped_8DOF/install/local_setup.ps1'
[17.957s] INFO:colcon.colcon_core.shell:Creating prefix util module '/home/julio/Desktop/proyecto_tesis/quadruped_8DOF/install/_local_setup_util_ps1.py'
[17.969s] INFO:colcon.colcon_core.shell:Creating prefix chain script '/home/julio/Desktop/proyecto_tesis/quadruped_8DOF/install/setup.ps1'
[17.991s] INFO:colcon.colcon_core.shell:Creating prefix script '/home/julio/Desktop/proyecto_tesis/quadruped_8DOF/install/local_setup.sh'
[17.995s] INFO:colcon.colcon_core.shell:Creating prefix util module '/home/julio/Desktop/proyecto_tesis/quadruped_8DOF/install/_local_setup_util_sh.py'
[17.996s] INFO:colcon.colcon_core.shell:Creating prefix chain script '/home/julio/Desktop/proyecto_tesis/quadruped_8DOF/install/setup.sh'
[18.004s] INFO:colcon.colcon_core.shell:Creating prefix script '/home/julio/Desktop/proyecto_tesis/quadruped_8DOF/install/local_setup.bash'
[18.008s] INFO:colcon.colcon_core.shell:Creating prefix chain script '/home/julio/Desktop/proyecto_tesis/quadruped_8DOF/install/setup.bash'
[18.031s] INFO:colcon.colcon_core.shell:Creating prefix script '/home/julio/Desktop/proyecto_tesis/quadruped_8DOF/install/local_setup.zsh'
[18.041s] INFO:colcon.colcon_core.shell:Creating prefix chain script '/home/julio/Desktop/proyecto_tesis/quadruped_8DOF/install/setup.zsh'
