[2.323s] Invoking command in '/home/julio/Desktop/proyecto_tesis/quadruped_8DOF/src/cinematic_control': AMENT_PREFIX_PATH=/home/julio/Desktop/proyecto_tesis/quadruped_8DOF/install/quadruped_model:/home/julio/Desktop/proyecto_tesis/quadruped_8DOF/install/cinematic_control:/opt/ros/humble PYTHONPATH=/home/julio/Desktop/proyecto_tesis/quadruped_8DOF/build/cinematic_control/prefix_override:/usr/lib/python3/dist-packages/colcon_core/task/python/colcon_distutils_commands:/home/julio/Desktop/proyecto_tesis/quadruped_8DOF/install/cinematic_control/lib/python3.10/site-packages:/home/julio/Desktop/proyecto_tesis/quadruped_8DOF/install/quadruped_model/lib/python3.10/site-packages:/home/julio/Desktop/proyecto_tesis/quadruped_8DOF/install/cinematic_control/lib/python3.10/site-packages:/opt/ros/humble/lib/python3.10/site-packages:/opt/ros/humble/local/lib/python3.10/dist-packages /usr/bin/python3 -W ignore:setup.py install is deprecated setup.py egg_info --egg-base ../../build/cinematic_control build --build-base /home/julio/Desktop/proyecto_tesis/quadruped_8DOF/build/cinematic_control/build install --record /home/julio/Desktop/proyecto_tesis/quadruped_8DOF/build/cinematic_control/install.log --single-version-externally-managed install_data
[3.125s] running egg_info
[3.128s] writing ../../build/cinematic_control/cinematic_control.egg-info/PKG-INFO
[3.131s] writing dependency_links to ../../build/cinematic_control/cinematic_control.egg-info/dependency_links.txt
[3.133s] writing entry points to ../../build/cinematic_control/cinematic_control.egg-info/entry_points.txt
[3.134s] writing requirements to ../../build/cinematic_control/cinematic_control.egg-info/requires.txt
[3.134s] writing top-level names to ../../build/cinematic_control/cinematic_control.egg-info/top_level.txt
[3.147s] reading manifest file '../../build/cinematic_control/cinematic_control.egg-info/SOURCES.txt'
[3.148s] writing manifest file '../../build/cinematic_control/cinematic_control.egg-info/SOURCES.txt'
[3.148s] running build
[3.148s] running build_py
[3.148s] running install
[3.152s] running install_lib
[3.157s] running install_data
[3.159s] running install_egg_info
[3.166s] removing '/home/julio/Desktop/proyecto_tesis/quadruped_8DOF/install/cinematic_control/lib/python3.10/site-packages/cinematic_control-0.0.0-py3.10.egg-info' (and everything under it)
[3.174s] Copying ../../build/cinematic_control/cinematic_control.egg-info to /home/julio/Desktop/proyecto_tesis/quadruped_8DOF/install/cinematic_control/lib/python3.10/site-packages/cinematic_control-0.0.0-py3.10.egg-info
[3.181s] running install_scripts
[3.274s] Installing velocity_hip1_cmd script to /home/julio/Desktop/proyecto_tesis/quadruped_8DOF/install/cinematic_control/lib/cinematic_control
[3.278s] Installing velocity_hip2_cmd script to /home/julio/Desktop/proyecto_tesis/quadruped_8DOF/install/cinematic_control/lib/cinematic_control
[3.280s] Installing velocity_hip3_cmd script to /home/julio/Desktop/proyecto_tesis/quadruped_8DOF/install/cinematic_control/lib/cinematic_control
[3.284s] Installing velocity_hip4_cmd script to /home/julio/Desktop/proyecto_tesis/quadruped_8DOF/install/cinematic_control/lib/cinematic_control
[3.285s] writing list of installed files to '/home/julio/Desktop/proyecto_tesis/quadruped_8DOF/build/cinematic_control/install.log'
[3.310s] Invoked command in '/home/julio/Desktop/proyecto_tesis/quadruped_8DOF/src/cinematic_control' returned '0': AMENT_PREFIX_PATH=/home/julio/Desktop/proyecto_tesis/quadruped_8DOF/install/quadruped_model:/home/julio/Desktop/proyecto_tesis/quadruped_8DOF/install/cinematic_control:/opt/ros/humble PYTHONPATH=/home/julio/Desktop/proyecto_tesis/quadruped_8DOF/build/cinematic_control/prefix_override:/usr/lib/python3/dist-packages/colcon_core/task/python/colcon_distutils_commands:/home/julio/Desktop/proyecto_tesis/quadruped_8DOF/install/cinematic_control/lib/python3.10/site-packages:/home/julio/Desktop/proyecto_tesis/quadruped_8DOF/install/quadruped_model/lib/python3.10/site-packages:/home/julio/Desktop/proyecto_tesis/quadruped_8DOF/install/cinematic_control/lib/python3.10/site-packages:/opt/ros/humble/lib/python3.10/site-packages:/opt/ros/humble/local/lib/python3.10/dist-packages /usr/bin/python3 -W ignore:setup.py install is deprecated setup.py egg_info --egg-base ../../build/cinematic_control build --build-base /home/julio/Desktop/proyecto_tesis/quadruped_8DOF/build/cinematic_control/build install --record /home/julio/Desktop/proyecto_tesis/quadruped_8DOF/build/cinematic_control/install.log --single-version-externally-managed install_data
