[0.014s] Invoking command in '/home/maranmen/Quadruped_8DOF/build/serial': CMAKE_PREFIX_PATH=/home/maranmen/Quadruped_8DOF/install/quadruped_model:/opt/ros/humble /usr/bin/cmake /home/maranmen/Quadruped_8DOF/src/serial -DCMAKE_BUILD_TYPE=Release -DCMAKE_INSTALL_PREFIX=/home/maranmen/Quadruped_8DOF/install/serial
[0.158s] -- The C compiler identification is GNU 11.4.0
[0.272s] -- The CXX compiler identification is GNU 11.4.0
[0.291s] -- Detecting C compiler ABI info
[0.503s] -- Detecting C compiler ABI info - done
[0.514s] -- Check for working C compiler: /usr/bin/cc - skipped
[0.515s] -- Detecting C compile features
[0.515s] -- Detecting C compile features - done
[0.519s] -- Detecting CXX compiler ABI info
[0.705s] -- Detecting CXX compiler ABI info - done
[0.725s] -- Check for working CXX compiler: /usr/bin/c++ - skipped
[0.725s] -- Detecting CXX compile features
[0.727s] -- Detecting CXX compile features - done
[0.730s] -- Found ament_cmake: 1.3.9 (/opt/ros/humble/share/ament_cmake/cmake)
[1.061s] -- Found Python3: /usr/bin/python3 (found version "3.10.12") found components: Interpreter 
[1.423s] -- Configuring done
[1.433s] -- Generating done
[1.434s] -- Build files have been written to: /home/maranmen/Quadruped_8DOF/build/serial
[1.440s] Invoked command in '/home/maranmen/Quadruped_8DOF/build/serial' returned '0': CMAKE_PREFIX_PATH=/home/maranmen/Quadruped_8DOF/install/quadruped_model:/opt/ros/humble /usr/bin/cmake /home/maranmen/Quadruped_8DOF/src/serial -DCMAKE_BUILD_TYPE=Release -DCMAKE_INSTALL_PREFIX=/home/maranmen/Quadruped_8DOF/install/serial
[1.441s] Invoking command in '/home/maranmen/Quadruped_8DOF/build/serial': CMAKE_PREFIX_PATH=/home/maranmen/Quadruped_8DOF/install/quadruped_model:/opt/ros/humble /usr/bin/cmake --build /home/maranmen/Quadruped_8DOF/build/serial -- -j4 -l4
[1.636s] [ 25%] [32mBuilding CXX object CMakeFiles/serial.dir/src/serial.cc.o[0m
[1.639s] [ 50%] [32mBuilding CXX object CMakeFiles/serial.dir/src/impl/unix.cc.o[0m
[1.659s] [ 75%] [32mBuilding CXX object CMakeFiles/serial.dir/src/impl/list_ports/list_ports_linux.cc.o[0m
[4.722s] [100%] [32m[1mLinking CXX static library libserial.a[0m
[21.637s] [100%] Built target serial
[21.670s] Invoked command in '/home/maranmen/Quadruped_8DOF/build/serial' returned '0': CMAKE_PREFIX_PATH=/home/maranmen/Quadruped_8DOF/install/quadruped_model:/opt/ros/humble /usr/bin/cmake --build /home/maranmen/Quadruped_8DOF/build/serial -- -j4 -l4
[21.870s] Invoking command in '/home/maranmen/Quadruped_8DOF/build/serial': CMAKE_PREFIX_PATH=/home/maranmen/Quadruped_8DOF/install/quadruped_model:/opt/ros/humble /usr/bin/cmake --install /home/maranmen/Quadruped_8DOF/build/serial
[21.908s] -- Install configuration: "Release"
[21.908s] -- Installing: /home/maranmen/Quadruped_8DOF/install/serial/lib/libserial.a
[21.909s] -- Installing: /home/maranmen/Quadruped_8DOF/install/serial/include
[21.909s] -- Installing: /home/maranmen/Quadruped_8DOF/install/serial/include/serial
[21.909s] -- Installing: /home/maranmen/Quadruped_8DOF/install/serial/include/serial/v8stdint.h
[21.910s] -- Installing: /home/maranmen/Quadruped_8DOF/install/serial/include/serial/serial.h
[21.910s] -- Installing: /home/maranmen/Quadruped_8DOF/install/serial/include/serial/impl
[21.910s] -- Installing: /home/maranmen/Quadruped_8DOF/install/serial/include/serial/impl/unix.h
[21.911s] -- Installing: /home/maranmen/Quadruped_8DOF/install/serial/include/serial/impl/win.h
[21.919s] -- Installing: /home/maranmen/Quadruped_8DOF/install/serial/share/serial/environment/library_path.sh
[21.919s] -- Installing: /home/maranmen/Quadruped_8DOF/install/serial/share/serial/environment/library_path.dsv
[21.919s] -- Installing: /home/maranmen/Quadruped_8DOF/install/serial/share/ament_index/resource_index/package_run_dependencies/serial
[21.920s] -- Installing: /home/maranmen/Quadruped_8DOF/install/serial/share/ament_index/resource_index/parent_prefix_path/serial
[21.920s] -- Installing: /home/maranmen/Quadruped_8DOF/install/serial/share/serial/environment/ament_prefix_path.sh
[21.920s] -- Installing: /home/maranmen/Quadruped_8DOF/install/serial/share/serial/environment/ament_prefix_path.dsv
[21.921s] -- Installing: /home/maranmen/Quadruped_8DOF/install/serial/share/serial/environment/path.sh
[21.921s] -- Installing: /home/maranmen/Quadruped_8DOF/install/serial/share/serial/environment/path.dsv
[21.921s] -- Installing: /home/maranmen/Quadruped_8DOF/install/serial/share/serial/local_setup.bash
[21.921s] -- Installing: /home/maranmen/Quadruped_8DOF/install/serial/share/serial/local_setup.sh
[21.922s] -- Installing: /home/maranmen/Quadruped_8DOF/install/serial/share/serial/local_setup.zsh
[21.922s] -- Installing: /home/maranmen/Quadruped_8DOF/install/serial/share/serial/local_setup.dsv
[21.922s] -- Installing: /home/maranmen/Quadruped_8DOF/install/serial/share/serial/package.dsv
[21.923s] -- Installing: /home/maranmen/Quadruped_8DOF/install/serial/share/ament_index/resource_index/packages/serial
[21.923s] -- Installing: /home/maranmen/Quadruped_8DOF/install/serial/share/serial/cmake/export_serialExport.cmake
[21.923s] -- Installing: /home/maranmen/Quadruped_8DOF/install/serial/share/serial/cmake/export_serialExport-release.cmake
[21.924s] -- Installing: /home/maranmen/Quadruped_8DOF/install/serial/share/serial/cmake/ament_cmake_export_include_directories-extras.cmake
[21.924s] -- Installing: /home/maranmen/Quadruped_8DOF/install/serial/share/serial/cmake/ament_cmake_export_libraries-extras.cmake
[21.924s] -- Installing: /home/maranmen/Quadruped_8DOF/install/serial/share/serial/cmake/ament_cmake_export_targets-extras.cmake
[21.925s] -- Installing: /home/maranmen/Quadruped_8DOF/install/serial/share/serial/cmake/serialConfig.cmake
[21.925s] -- Installing: /home/maranmen/Quadruped_8DOF/install/serial/share/serial/cmake/serialConfig-version.cmake
[21.925s] -- Installing: /home/maranmen/Quadruped_8DOF/install/serial/share/serial/package.xml
[21.930s] Invoked command in '/home/maranmen/Quadruped_8DOF/build/serial' returned '0': CMAKE_PREFIX_PATH=/home/maranmen/Quadruped_8DOF/install/quadruped_model:/opt/ros/humble /usr/bin/cmake --install /home/maranmen/Quadruped_8DOF/build/serial
