[0.098s] Invoking command in '/home/maranmen/quadruped_8DOF/build/quadruped_model': CMAKE_PREFIX_PATH=${CMAKE_PREFIX_PATH}:/home/maranmen/quadruped_8DOF/install/cinematic_control:/home/maranmen/ws_moveit/install/moveit_configs_utils:/opt/ros/humble /usr/bin/cmake --build /home/maranmen/quadruped_8DOF/build/quadruped_model -- -j4 -l4
[0.615s] -- Found ament_cmake: 1.3.9 (/opt/ros/humble/share/ament_cmake/cmake)
[1.687s] -- Configuring done
[1.728s] -- Generating done
[1.733s] -- Build files have been written to: /home/maranmen/quadruped_8DOF/build/quadruped_model
[1.916s] Invoked command in '/home/maranmen/quadruped_8DOF/build/quadruped_model' returned '0': CMAKE_PREFIX_PATH=${CMAKE_PREFIX_PATH}:/home/maranmen/quadruped_8DOF/install/cinematic_control:/home/maranmen/ws_moveit/install/moveit_configs_utils:/opt/ros/humble /usr/bin/cmake --build /home/maranmen/quadruped_8DOF/build/quadruped_model -- -j4 -l4
[2.340s] Invoking command in '/home/maranmen/quadruped_8DOF/build/quadruped_model': CMAKE_PREFIX_PATH=${CMAKE_PREFIX_PATH}:/home/maranmen/quadruped_8DOF/install/cinematic_control:/home/maranmen/ws_moveit/install/moveit_configs_utils:/opt/ros/humble /usr/bin/cmake --install /home/maranmen/quadruped_8DOF/build/quadruped_model
[2.414s] -- Install configuration: ""
[2.415s] -- Up-to-date: /home/maranmen/quadruped_8DOF/install/quadruped_model/share/ament_index/resource_index/package_run_dependencies/quadruped_model
[2.416s] -- Installing: /home/maranmen/quadruped_8DOF/install/quadruped_model/share/ament_index/resource_index/parent_prefix_path/quadruped_model
[2.416s] -- Installing: /home/maranmen/quadruped_8DOF/install/quadruped_model/share/quadruped_model/environment/ament_prefix_path.sh
[2.418s] -- Installing: /home/maranmen/quadruped_8DOF/install/quadruped_model/share/quadruped_model/environment/ament_prefix_path.dsv
[2.418s] -- Installing: /home/maranmen/quadruped_8DOF/install/quadruped_model/share/quadruped_model/environment/path.sh
[2.419s] -- Installing: /home/maranmen/quadruped_8DOF/install/quadruped_model/share/quadruped_model/environment/path.dsv
[2.420s] -- Up-to-date: /home/maranmen/quadruped_8DOF/install/quadruped_model/share/quadruped_model/local_setup.bash
[2.421s] -- Up-to-date: /home/maranmen/quadruped_8DOF/install/quadruped_model/share/quadruped_model/local_setup.sh
[2.421s] -- Up-to-date: /home/maranmen/quadruped_8DOF/install/quadruped_model/share/quadruped_model/local_setup.zsh
[2.422s] -- Installing: /home/maranmen/quadruped_8DOF/install/quadruped_model/share/quadruped_model/local_setup.dsv
[2.423s] -- Installing: /home/maranmen/quadruped_8DOF/install/quadruped_model/share/quadruped_model/package.dsv
[2.424s] -- Installing: /home/maranmen/quadruped_8DOF/install/quadruped_model/share/ament_index/resource_index/packages/quadruped_model
[2.425s] -- Up-to-date: /home/maranmen/quadruped_8DOF/install/quadruped_model/share/quadruped_model/cmake/quadruped_modelConfig.cmake
[2.425s] -- Up-to-date: /home/maranmen/quadruped_8DOF/install/quadruped_model/share/quadruped_model/cmake/quadruped_modelConfig-version.cmake
[2.425s] -- Up-to-date: /home/maranmen/quadruped_8DOF/install/quadruped_model/share/quadruped_model/package.xml
[2.427s] -- Up-to-date: /home/maranmen/quadruped_8DOF/install/quadruped_model/share/quadruped_model/launch
[2.428s] -- Up-to-date: /home/maranmen/quadruped_8DOF/install/quadruped_model/share/quadruped_model/launch/moveit_rviz.launch.py
[2.428s] -- Installing: /home/maranmen/quadruped_8DOF/install/quadruped_model/share/quadruped_model/launch/gazebo.launch.py
[2.428s] -- Up-to-date: /home/maranmen/quadruped_8DOF/install/quadruped_model/share/quadruped_model/launch/warehouse_db.launch.py
[2.428s] -- Installing: /home/maranmen/quadruped_8DOF/install/quadruped_model/share/quadruped_model/launch/display.launch.py
[2.429s] -- Up-to-date: /home/maranmen/quadruped_8DOF/install/quadruped_model/share/quadruped_model/launch/move_group.launch.py
[2.430s] -- Up-to-date: /home/maranmen/quadruped_8DOF/install/quadruped_model/share/quadruped_model/launch/setup_assistant.launch.py
[2.430s] -- Up-to-date: /home/maranmen/quadruped_8DOF/install/quadruped_model/share/quadruped_model/launch/demo.launch.py
[2.431s] -- Up-to-date: /home/maranmen/quadruped_8DOF/install/quadruped_model/share/quadruped_model/launch/static_virtual_joint_tfs.launch.py
[2.431s] -- Up-to-date: /home/maranmen/quadruped_8DOF/install/quadruped_model/share/quadruped_model/launch/rsp.launch.py
[2.432s] -- Up-to-date: /home/maranmen/quadruped_8DOF/install/quadruped_model/share/quadruped_model/launch/spawn_controllers.launch.py
[2.432s] -- Up-to-date: /home/maranmen/quadruped_8DOF/install/quadruped_model/share/quadruped_model/config
[2.433s] -- Up-to-date: /home/maranmen/quadruped_8DOF/install/quadruped_model/share/quadruped_model/config/moveit_controllers.yaml
[2.433s] -- Up-to-date: /home/maranmen/quadruped_8DOF/install/quadruped_model/share/quadruped_model/config/joint_limits.yaml
[2.434s] -- Up-to-date: /home/maranmen/quadruped_8DOF/install/quadruped_model/share/quadruped_model/config/quadruped_model.srdf
[2.434s] -- Up-to-date: /home/maranmen/quadruped_8DOF/install/quadruped_model/share/quadruped_model/config/initial_positions.yaml
[2.437s] -- Up-to-date: /home/maranmen/quadruped_8DOF/install/quadruped_model/share/quadruped_model/config/quadruped_model.urdf.xacro
[2.437s] -- Up-to-date: /home/maranmen/quadruped_8DOF/install/quadruped_model/share/quadruped_model/config/ros2_controllers.yaml
[2.437s] -- Up-to-date: /home/maranmen/quadruped_8DOF/install/quadruped_model/share/quadruped_model/config/quadruped_model.ros2_control.xacro
[2.438s] -- Up-to-date: /home/maranmen/quadruped_8DOF/install/quadruped_model/share/quadruped_model/config/moveit.rviz
[2.438s] -- Up-to-date: /home/maranmen/quadruped_8DOF/install/quadruped_model/share/quadruped_model/config/kinematics.yaml
[2.438s] -- Up-to-date: /home/maranmen/quadruped_8DOF/install/quadruped_model/share/quadruped_model/config/pilz_cartesian_limits.yaml
[2.438s] -- Up-to-date: /home/maranmen/quadruped_8DOF/install/quadruped_model/share/quadruped_model/.setup_assistant
[2.441s] Invoked command in '/home/maranmen/quadruped_8DOF/build/quadruped_model' returned '0': CMAKE_PREFIX_PATH=${CMAKE_PREFIX_PATH}:/home/maranmen/quadruped_8DOF/install/cinematic_control:/home/maranmen/ws_moveit/install/moveit_configs_utils:/opt/ros/humble /usr/bin/cmake --install /home/maranmen/quadruped_8DOF/build/quadruped_model
