[3.283s] Invoking command in '/home/julio/Desktop/proyecto_tesis/quadruped_8DOF/src/quadruped_model': PYTHONPATH=/home/julio/Desktop/proyecto_tesis/quadruped_8DOF/build/quadruped_model/prefix_override:/usr/lib/python3/dist-packages/colcon_core/task/python/colcon_distutils_commands:/home/julio/Desktop/proyecto_tesis/quadruped_8DOF/install/quadruped_model/lib/python3.10/site-packages:${PYTHONPATH} /usr/bin/python3 -W ignore:setup.py install is deprecated setup.py egg_info --egg-base ../../build/quadruped_model build --build-base /home/julio/Desktop/proyecto_tesis/quadruped_8DOF/build/quadruped_model/build install --record /home/julio/Desktop/proyecto_tesis/quadruped_8DOF/build/quadruped_model/install.log --single-version-externally-managed install_data
[4.258s] running egg_info
[4.258s] writing ../../build/quadruped_model/quadruped_model.egg-info/PKG-INFO
[4.259s] writing dependency_links to ../../build/quadruped_model/quadruped_model.egg-info/dependency_links.txt
[4.267s] writing entry points to ../../build/quadruped_model/quadruped_model.egg-info/entry_points.txt
[4.271s] writing requirements to ../../build/quadruped_model/quadruped_model.egg-info/requires.txt
[4.271s] writing top-level names to ../../build/quadruped_model/quadruped_model.egg-info/top_level.txt
[4.282s] reading manifest file '../../build/quadruped_model/quadruped_model.egg-info/SOURCES.txt'
[4.290s] writing manifest file '../../build/quadruped_model/quadruped_model.egg-info/SOURCES.txt'
[4.291s] running build
[4.291s] running build_py
[4.293s] copying quadruped_model/move_robot.py -> /home/julio/Desktop/proyecto_tesis/quadruped_8DOF/build/quadruped_model/build/lib/quadruped_model
[4.297s] running install
[4.299s] running install_lib
[4.302s] copying /home/julio/Desktop/proyecto_tesis/quadruped_8DOF/build/quadruped_model/build/lib/quadruped_model/move_robot.py -> /home/julio/Desktop/proyecto_tesis/quadruped_8DOF/install/quadruped_model/lib/python3.10/site-packages/quadruped_model
[4.305s] byte-compiling /home/julio/Desktop/proyecto_tesis/quadruped_8DOF/install/quadruped_model/lib/python3.10/site-packages/quadruped_model/move_robot.py to move_robot.cpython-310.pyc
[4.312s] running install_data
[4.315s] running install_egg_info
[4.322s] removing '/home/julio/Desktop/proyecto_tesis/quadruped_8DOF/install/quadruped_model/lib/python3.10/site-packages/quadruped_model-0.0.0-py3.10.egg-info' (and everything under it)
[4.326s] Copying ../../build/quadruped_model/quadruped_model.egg-info to /home/julio/Desktop/proyecto_tesis/quadruped_8DOF/install/quadruped_model/lib/python3.10/site-packages/quadruped_model-0.0.0-py3.10.egg-info
[4.341s] running install_scripts
[4.413s] Installing continuous_lifter script to /home/julio/Desktop/proyecto_tesis/quadruped_8DOF/install/quadruped_model/lib/quadruped_model
[4.419s] Installing move_robot script to /home/julio/Desktop/proyecto_tesis/quadruped_8DOF/install/quadruped_model/lib/quadruped_model
[4.419s] Installing vrep_communication script to /home/julio/Desktop/proyecto_tesis/quadruped_8DOF/install/quadruped_model/lib/quadruped_model
[4.421s] writing list of installed files to '/home/julio/Desktop/proyecto_tesis/quadruped_8DOF/build/quadruped_model/install.log'
[4.491s] Invoked command in '/home/julio/Desktop/proyecto_tesis/quadruped_8DOF/src/quadruped_model' returned '0': PYTHONPATH=/home/julio/Desktop/proyecto_tesis/quadruped_8DOF/build/quadruped_model/prefix_override:/usr/lib/python3/dist-packages/colcon_core/task/python/colcon_distutils_commands:/home/julio/Desktop/proyecto_tesis/quadruped_8DOF/install/quadruped_model/lib/python3.10/site-packages:${PYTHONPATH} /usr/bin/python3 -W ignore:setup.py install is deprecated setup.py egg_info --egg-base ../../build/quadruped_model build --build-base /home/julio/Desktop/proyecto_tesis/quadruped_8DOF/build/quadruped_model/build install --record /home/julio/Desktop/proyecto_tesis/quadruped_8DOF/build/quadruped_model/install.log --single-version-externally-managed install_data
