[0.010s] Invoking command in '/home/maranmen/Quadruped_8DOF/build/moveit_resources_fanuc_description': CMAKE_PREFIX_PATH=/home/maranmen/Quadruped_8DOF/install/quadruped_model:/opt/ros/humble /usr/bin/cmake /home/maranmen/Quadruped_8DOF/src/moveit_resources/fanuc_description -DCMAKE_BUILD_TYPE=Release -DCMAKE_INSTALL_PREFIX=/home/maranmen/Quadruped_8DOF/install/moveit_resources_fanuc_description
[0.101s] -- The C compiler identification is GNU 11.4.0
[0.204s] -- The CXX compiler identification is GNU 11.4.0
[0.204s] -- Detecting C compiler ABI info
[0.303s] -- Detecting C compiler ABI info - done
[0.310s] -- Check for working C compiler: /usr/bin/cc - skipped
[0.310s] -- Detecting C compile features
[0.310s] -- Detecting C compile features - done
[0.313s] -- Detecting CXX compiler ABI info
[0.463s] -- Detecting CXX compiler ABI info - done
[0.497s] -- Check for working CXX compiler: /usr/bin/c++ - skipped
[0.497s] -- Detecting CXX compile features
[0.497s] -- Detecting CXX compile features - done
[0.497s] -- Found ament_cmake: 1.3.9 (/opt/ros/humble/share/ament_cmake/cmake)
[0.657s] -- Found Python3: /usr/bin/python3 (found version "3.10.12") found components: Interpreter 
[0.846s] -- Configuring done
[0.855s] -- Generating done
[0.856s] -- Build files have been written to: /home/maranmen/Quadruped_8DOF/build/moveit_resources_fanuc_description
[0.861s] Invoked command in '/home/maranmen/Quadruped_8DOF/build/moveit_resources_fanuc_description' returned '0': CMAKE_PREFIX_PATH=/home/maranmen/Quadruped_8DOF/install/quadruped_model:/opt/ros/humble /usr/bin/cmake /home/maranmen/Quadruped_8DOF/src/moveit_resources/fanuc_description -DCMAKE_BUILD_TYPE=Release -DCMAKE_INSTALL_PREFIX=/home/maranmen/Quadruped_8DOF/install/moveit_resources_fanuc_description
[0.862s] Invoking command in '/home/maranmen/Quadruped_8DOF/build/moveit_resources_fanuc_description': CMAKE_PREFIX_PATH=/home/maranmen/Quadruped_8DOF/install/quadruped_model:/opt/ros/humble /usr/bin/cmake --build /home/maranmen/Quadruped_8DOF/build/moveit_resources_fanuc_description -- -j4 -l4
[0.934s] Invoked command in '/home/maranmen/Quadruped_8DOF/build/moveit_resources_fanuc_description' returned '0': CMAKE_PREFIX_PATH=/home/maranmen/Quadruped_8DOF/install/quadruped_model:/opt/ros/humble /usr/bin/cmake --build /home/maranmen/Quadruped_8DOF/build/moveit_resources_fanuc_description -- -j4 -l4
[0.989s] Invoking command in '/home/maranmen/Quadruped_8DOF/build/moveit_resources_fanuc_description': CMAKE_PREFIX_PATH=/home/maranmen/Quadruped_8DOF/install/quadruped_model:/opt/ros/humble /usr/bin/cmake --install /home/maranmen/Quadruped_8DOF/build/moveit_resources_fanuc_description
[1.004s] -- Install configuration: "Release"
[1.005s] -- Installing: /home/maranmen/Quadruped_8DOF/install/moveit_resources_fanuc_description/share/ament_index/resource_index/package_run_dependencies/moveit_resources_fanuc_description
[1.006s] -- Installing: /home/maranmen/Quadruped_8DOF/install/moveit_resources_fanuc_description/share/ament_index/resource_index/parent_prefix_path/moveit_resources_fanuc_description
[1.017s] -- Installing: /home/maranmen/Quadruped_8DOF/install/moveit_resources_fanuc_description/share/moveit_resources_fanuc_description/environment/ament_prefix_path.sh
[1.017s] -- Installing: /home/maranmen/Quadruped_8DOF/install/moveit_resources_fanuc_description/share/moveit_resources_fanuc_description/environment/ament_prefix_path.dsv
[1.017s] -- Installing: /home/maranmen/Quadruped_8DOF/install/moveit_resources_fanuc_description/share/moveit_resources_fanuc_description/environment/path.sh
[1.017s] -- Installing: /home/maranmen/Quadruped_8DOF/install/moveit_resources_fanuc_description/share/moveit_resources_fanuc_description/environment/path.dsv
[1.017s] -- Installing: /home/maranmen/Quadruped_8DOF/install/moveit_resources_fanuc_description/share/moveit_resources_fanuc_description/local_setup.bash
[1.018s] -- Installing: /home/maranmen/Quadruped_8DOF/install/moveit_resources_fanuc_description/share/moveit_resources_fanuc_description/local_setup.sh
[1.018s] -- Installing: /home/maranmen/Quadruped_8DOF/install/moveit_resources_fanuc_description/share/moveit_resources_fanuc_description/local_setup.zsh
[1.018s] -- Installing: /home/maranmen/Quadruped_8DOF/install/moveit_resources_fanuc_description/share/moveit_resources_fanuc_description/local_setup.dsv
[1.019s] -- Installing: /home/maranmen/Quadruped_8DOF/install/moveit_resources_fanuc_description/share/moveit_resources_fanuc_description/package.dsv
[1.019s] -- Installing: /home/maranmen/Quadruped_8DOF/install/moveit_resources_fanuc_description/share/ament_index/resource_index/packages/moveit_resources_fanuc_description
[1.019s] -- Installing: /home/maranmen/Quadruped_8DOF/install/moveit_resources_fanuc_description/share/moveit_resources_fanuc_description/cmake/moveit_resources_fanuc_descriptionConfig.cmake
[1.019s] -- Installing: /home/maranmen/Quadruped_8DOF/install/moveit_resources_fanuc_description/share/moveit_resources_fanuc_description/cmake/moveit_resources_fanuc_descriptionConfig-version.cmake
[1.019s] -- Installing: /home/maranmen/Quadruped_8DOF/install/moveit_resources_fanuc_description/share/moveit_resources_fanuc_description/package.xml
[1.019s] -- Installing: /home/maranmen/Quadruped_8DOF/install/moveit_resources_fanuc_description/share/moveit_resources_fanuc_description/meshes
[1.019s] -- Installing: /home/maranmen/Quadruped_8DOF/install/moveit_resources_fanuc_description/share/moveit_resources_fanuc_description/meshes/visual
[1.019s] -- Installing: /home/maranmen/Quadruped_8DOF/install/moveit_resources_fanuc_description/share/moveit_resources_fanuc_description/meshes/visual/link_4.stl
[1.020s] -- Installing: /home/maranmen/Quadruped_8DOF/install/moveit_resources_fanuc_description/share/moveit_resources_fanuc_description/meshes/visual/link_6.stl
[1.020s] -- Installing: /home/maranmen/Quadruped_8DOF/install/moveit_resources_fanuc_description/share/moveit_resources_fanuc_description/meshes/visual/link_1.stl
[1.020s] -- Installing: /home/maranmen/Quadruped_8DOF/install/moveit_resources_fanuc_description/share/moveit_resources_fanuc_description/meshes/visual/base_link.stl
[1.020s] -- Installing: /home/maranmen/Quadruped_8DOF/install/moveit_resources_fanuc_description/share/moveit_resources_fanuc_description/meshes/visual/link_3.stl
[1.027s] -- Installing: /home/maranmen/Quadruped_8DOF/install/moveit_resources_fanuc_description/share/moveit_resources_fanuc_description/meshes/visual/link_5.stl
[1.027s] -- Installing: /home/maranmen/Quadruped_8DOF/install/moveit_resources_fanuc_description/share/moveit_resources_fanuc_description/meshes/visual/link_2.stl
[1.028s] -- Installing: /home/maranmen/Quadruped_8DOF/install/moveit_resources_fanuc_description/share/moveit_resources_fanuc_description/meshes/collision
[1.028s] -- Installing: /home/maranmen/Quadruped_8DOF/install/moveit_resources_fanuc_description/share/moveit_resources_fanuc_description/meshes/collision/link_4.stl
[1.028s] -- Installing: /home/maranmen/Quadruped_8DOF/install/moveit_resources_fanuc_description/share/moveit_resources_fanuc_description/meshes/collision/link_6.stl
[1.029s] -- Installing: /home/maranmen/Quadruped_8DOF/install/moveit_resources_fanuc_description/share/moveit_resources_fanuc_description/meshes/collision/link_1.stl
[1.029s] -- Installing: /home/maranmen/Quadruped_8DOF/install/moveit_resources_fanuc_description/share/moveit_resources_fanuc_description/meshes/collision/base_link.stl
[1.029s] -- Installing: /home/maranmen/Quadruped_8DOF/install/moveit_resources_fanuc_description/share/moveit_resources_fanuc_description/meshes/collision/link_3.stl
[1.030s] -- Installing: /home/maranmen/Quadruped_8DOF/install/moveit_resources_fanuc_description/share/moveit_resources_fanuc_description/meshes/collision/link_5.stl
[1.030s] -- Installing: /home/maranmen/Quadruped_8DOF/install/moveit_resources_fanuc_description/share/moveit_resources_fanuc_description/meshes/collision/link_2.stl
[1.031s] -- Installing: /home/maranmen/Quadruped_8DOF/install/moveit_resources_fanuc_description/share/moveit_resources_fanuc_description/urdf
[1.031s] -- Installing: /home/maranmen/Quadruped_8DOF/install/moveit_resources_fanuc_description/share/moveit_resources_fanuc_description/urdf/fanuc.urdf
[1.034s] Invoked command in '/home/maranmen/Quadruped_8DOF/build/moveit_resources_fanuc_description' returned '0': CMAKE_PREFIX_PATH=/home/maranmen/Quadruped_8DOF/install/quadruped_model:/opt/ros/humble /usr/bin/cmake --install /home/maranmen/Quadruped_8DOF/build/moveit_resources_fanuc_description
