[0.073s] Invoking command in '/home/maranmen/Quadruped_8DOF/build/robotiq_driver': AMENT_PREFIX_PATH=/home/maranmen/Quadruped_8DOF/install/serial:${AMENT_PREFIX_PATH} CMAKE_PREFIX_PATH=/home/maranmen/Quadruped_8DOF/install/serial:/home/maranmen/Quadruped_8DOF/install/quadruped_model:/opt/ros/humble LD_LIBRARY_PATH=/home/maranmen/Quadruped_8DOF/install/serial/lib:${LD_LIBRARY_PATH} /usr/bin/cmake /home/maranmen/Quadruped_8DOF/src/ros2_robotiq_gripper/robotiq_driver -DCMAKE_BUILD_TYPE=Release -DCMAKE_INSTALL_PREFIX=/home/maranmen/Quadruped_8DOF/install/robotiq_driver
[0.548s] -- The CXX compiler identification is GNU 11.4.0
[0.595s] -- Detecting CXX compiler ABI info
[1.133s] -- Detecting CXX compiler ABI info - done
[1.170s] -- Check for working CXX compiler: /usr/bin/c++ - skipped
[1.172s] -- Detecting CXX compile features
[1.174s] -- Detecting CXX compile features - done
[1.375s] -- Found ament_cmake: 1.3.9 (/opt/ros/humble/share/ament_cmake/cmake)
[1.816s] -- Found Python3: /usr/bin/python3 (found version "3.10.12") found components: Interpreter 
[1.948s] -- Found hardware_interface: 2.41.0 (/opt/ros/humble/share/hardware_interface/cmake)
[1.998s] -- Found rosidl_generator_c: 3.1.5 (/opt/ros/humble/share/rosidl_generator_c/cmake)
[2.005s] -- Found rosidl_adapter: 3.1.5 (/opt/ros/humble/share/rosidl_adapter/cmake)
[2.030s] -- Found rosidl_generator_cpp: 3.1.5 (/opt/ros/humble/share/rosidl_generator_cpp/cmake)
[2.078s] -- Using all available rosidl_typesupport_c: rosidl_typesupport_fastrtps_c;rosidl_typesupport_introspection_c
[2.078s] -- Using all available rosidl_typesupport_cpp: rosidl_typesupport_fastrtps_cpp;rosidl_typesupport_introspection_cpp
[2.917s] -- Found rmw_implementation_cmake: 6.1.2 (/opt/ros/humble/share/rmw_implementation_cmake/cmake)
[2.921s] -- Found rmw_fastrtps_cpp: 6.2.6 (/opt/ros/humble/share/rmw_fastrtps_cpp/cmake)
[2.970s] -- Found TinyXML2 via Config file: TinyXML2_DIR-NOTFOUND
[3.066s] -- Found OpenSSL: /usr/lib/x86_64-linux-gnu/libcrypto.so (found version "3.0.2")  
[3.070s] -- Found TinyXML2 via Config file: TinyXML2_DIR-NOTFOUND
[3.089s] -- Found FastRTPS: /opt/ros/humble/include  
[3.101s] -- Found TinyXML2 via Config file: TinyXML2_DIR-NOTFOUND
[3.113s] -- Found TinyXML2 via Config file: TinyXML2_DIR-NOTFOUND
[3.128s] -- Using RMW implementation 'rmw_fastrtps_cpp' as default
[3.185s] -- Looking for C++ include pthread.h
[3.360s] -- Looking for C++ include pthread.h - found
[3.360s] -- Performing Test CMAKE_HAVE_LIBC_PTHREAD
[3.516s] -- Performing Test CMAKE_HAVE_LIBC_PTHREAD - Success
[3.518s] -- Found Threads: TRUE  
[3.737s] -- Found serial: 1.2.1 (/home/maranmen/Quadruped_8DOF/install/serial/share/serial/cmake)
[3.818s] -- Found ament_cmake_gtest: 1.3.9 (/opt/ros/humble/share/ament_cmake_gtest/cmake)
[3.820s] -- Found ament_cmake_gmock: 1.3.9 (/opt/ros/humble/share/ament_cmake_gmock/cmake)
[3.822s] -- Found ament_lint_auto: 0.12.11 (/opt/ros/humble/share/ament_lint_auto/cmake)
[3.824s] -- Found ros2_control_test_assets: 2.41.0 (/opt/ros/humble/share/ros2_control_test_assets/cmake)
[6.519s] -- Found gmock sources under '/opt/ros/humble/src/gmock_vendor': C++ tests using 'Google Mock' will be built
[6.570s] -- The C compiler identification is GNU 11.4.0
[6.578s] -- Detecting C compiler ABI info
[6.786s] -- Detecting C compiler ABI info - done
[6.786s] -- Check for working C compiler: /usr/bin/cc - skipped
[6.786s] -- Detecting C compile features
[6.787s] -- Detecting C compile features - done
[6.791s] -- Found gtest sources under '/opt/ros/humble/src/gtest_vendor': C++ tests using 'Google Test' will be built
[6.891s] -- Configuring done
[7.202s] -- Generating done
[7.211s] -- Build files have been written to: /home/maranmen/Quadruped_8DOF/build/robotiq_driver
[7.236s] Invoked command in '/home/maranmen/Quadruped_8DOF/build/robotiq_driver' returned '0': AMENT_PREFIX_PATH=/home/maranmen/Quadruped_8DOF/install/serial:${AMENT_PREFIX_PATH} CMAKE_PREFIX_PATH=/home/maranmen/Quadruped_8DOF/install/serial:/home/maranmen/Quadruped_8DOF/install/quadruped_model:/opt/ros/humble LD_LIBRARY_PATH=/home/maranmen/Quadruped_8DOF/install/serial/lib:${LD_LIBRARY_PATH} /usr/bin/cmake /home/maranmen/Quadruped_8DOF/src/ros2_robotiq_gripper/robotiq_driver -DCMAKE_BUILD_TYPE=Release -DCMAKE_INSTALL_PREFIX=/home/maranmen/Quadruped_8DOF/install/robotiq_driver
[7.247s] Invoking command in '/home/maranmen/Quadruped_8DOF/build/robotiq_driver': AMENT_PREFIX_PATH=/home/maranmen/Quadruped_8DOF/install/serial:${AMENT_PREFIX_PATH} CMAKE_PREFIX_PATH=/home/maranmen/Quadruped_8DOF/install/serial:/home/maranmen/Quadruped_8DOF/install/quadruped_model:/opt/ros/humble LD_LIBRARY_PATH=/home/maranmen/Quadruped_8DOF/install/serial/lib:${LD_LIBRARY_PATH} /usr/bin/cmake --build /home/maranmen/Quadruped_8DOF/build/robotiq_driver -- -j4 -l4
[7.364s] [  4%] [32mBuilding CXX object CMakeFiles/robotiq_driver.dir/src/crc_utils.cpp.o[0m
[7.587s] [  8%] [32mBuilding CXX object CMakeFiles/robotiq_driver.dir/src/data_utils.cpp.o[0m
[8.052s] [ 12%] [32mBuilding CXX object CMakeFiles/robotiq_driver.dir/src/hardware_interface.cpp.o[0m
[19.568s] [ 16%] [32mBuilding CXX object CMakeFiles/robotiq_driver.dir/src/default_driver.cpp.o[0m
[29.761s] [ 20%] [32mBuilding CXX object CMakeFiles/robotiq_driver.dir/src/default_driver_factory.cpp.o[0m
[31.071s] [ 25%] [32mBuilding CXX object CMakeFiles/robotiq_driver.dir/src/fake/fake_driver.cpp.o[0m
[32.103s] [ 29%] [32mBuilding CXX object CMakeFiles/robotiq_driver.dir/src/default_serial.cpp.o[0m
[33.496s] [ 33%] [32mBuilding CXX object CMakeFiles/robotiq_driver.dir/src/default_serial_factory.cpp.o[0m
[34.710s] [ 37%] [32m[1mLinking CXX shared library librobotiq_driver.so[0m
[35.007s] [ 37%] Built target robotiq_driver
[35.045s] [ 41%] [32mBuilding CXX object gmock/CMakeFiles/gmock.dir/opt/ros/humble/src/gtest_vendor/src/gtest-all.cc.o[0m
[45.990s] [ 45%] [32mBuilding CXX object gmock/CMakeFiles/gmock.dir/src/gmock-all.cc.o[0m
[49.738s] [ 50%] [32m[1mLinking CXX static library libgmock.a[0m
[49.851s] [ 50%] Built target gmock
[49.889s] [ 54%] [32mBuilding CXX object gmock/CMakeFiles/gmock_main.dir/src/gmock_main.cc.o[0m
[51.553s] [ 58%] [32m[1mLinking CXX static library libgmock_main.a[0m
[51.650s] [ 58%] Built target gmock_main
[51.684s] [ 62%] [32mBuilding CXX object tests/CMakeFiles/test_robotiq_gripper_hardware_interface.dir/test_robotiq_gripper_hardware_interface.cpp.o[0m
[57.017s] [ 66%] [32m[1mLinking CXX executable test_robotiq_gripper_hardware_interface[0m
[57.517s] [ 66%] Built target test_robotiq_gripper_hardware_interface
[57.557s] [ 70%] [32mBuilding CXX object tests/CMakeFiles/test_crc_utils.dir/test_crc_utils.cpp.o[0m
[59.124s] [ 75%] [32m[1mLinking CXX executable test_crc_utils[0m
[59.363s] [ 75%] Built target test_crc_utils
[59.406s] [ 79%] [32mBuilding CXX object tests/CMakeFiles/test_data_utils.dir/test_data_utils.cpp.o[0m
[61.244s] [ 83%] [32m[1mLinking CXX executable test_data_utils[0m
[61.468s] [ 83%] Built target test_data_utils
[61.499s] [ 87%] [32mBuilding CXX object tests/CMakeFiles/test_default_driver_factory.dir/test_default_driver_factory.cpp.o[0m
[68.451s] [ 91%] [32m[1mLinking CXX executable test_default_driver_factory[0m
[68.663s] [ 91%] Built target test_default_driver_factory
[68.702s] [ 95%] [32mBuilding CXX object tests/CMakeFiles/test_default_serial_factory.dir/test_default_serial_factory.cpp.o[0m
[74.087s] [100%] [32m[1mLinking CXX executable test_default_serial_factory[0m
[74.351s] [100%] Built target test_default_serial_factory
[74.374s] Invoked command in '/home/maranmen/Quadruped_8DOF/build/robotiq_driver' returned '0': AMENT_PREFIX_PATH=/home/maranmen/Quadruped_8DOF/install/serial:${AMENT_PREFIX_PATH} CMAKE_PREFIX_PATH=/home/maranmen/Quadruped_8DOF/install/serial:/home/maranmen/Quadruped_8DOF/install/quadruped_model:/opt/ros/humble LD_LIBRARY_PATH=/home/maranmen/Quadruped_8DOF/install/serial/lib:${LD_LIBRARY_PATH} /usr/bin/cmake --build /home/maranmen/Quadruped_8DOF/build/robotiq_driver -- -j4 -l4
[74.589s] Invoking command in '/home/maranmen/Quadruped_8DOF/build/robotiq_driver': AMENT_PREFIX_PATH=/home/maranmen/Quadruped_8DOF/install/serial:${AMENT_PREFIX_PATH} CMAKE_PREFIX_PATH=/home/maranmen/Quadruped_8DOF/install/serial:/home/maranmen/Quadruped_8DOF/install/quadruped_model:/opt/ros/humble LD_LIBRARY_PATH=/home/maranmen/Quadruped_8DOF/install/serial/lib:${LD_LIBRARY_PATH} /usr/bin/cmake --install /home/maranmen/Quadruped_8DOF/build/robotiq_driver
[74.599s] -- Install configuration: "Release"
[74.600s] -- Installing: /home/maranmen/Quadruped_8DOF/install/robotiq_driver/share/robotiq_driver/hardware_interface_plugin.xml
[74.600s] -- Installing: /home/maranmen/Quadruped_8DOF/install/robotiq_driver/share/robotiq_driver/environment/library_path.sh
[74.601s] -- Installing: /home/maranmen/Quadruped_8DOF/install/robotiq_driver/share/robotiq_driver/environment/library_path.dsv
[74.601s] -- Installing: /home/maranmen/Quadruped_8DOF/install/robotiq_driver/include
[74.601s] -- Installing: /home/maranmen/Quadruped_8DOF/install/robotiq_driver/include/robotiq_driver
[74.601s] -- Installing: /home/maranmen/Quadruped_8DOF/install/robotiq_driver/include/robotiq_driver/default_serial_factory.hpp
[74.601s] -- Installing: /home/maranmen/Quadruped_8DOF/install/robotiq_driver/include/robotiq_driver/crc_utils.hpp
[74.601s] -- Installing: /home/maranmen/Quadruped_8DOF/install/robotiq_driver/include/robotiq_driver/default_driver_factory.hpp
[74.601s] -- Installing: /home/maranmen/Quadruped_8DOF/install/robotiq_driver/include/robotiq_driver/driver_exception.hpp
[74.602s] -- Installing: /home/maranmen/Quadruped_8DOF/install/robotiq_driver/include/robotiq_driver/visibility_control.hpp
[74.602s] -- Installing: /home/maranmen/Quadruped_8DOF/install/robotiq_driver/include/robotiq_driver/driver_factory.hpp
[74.602s] -- Installing: /home/maranmen/Quadruped_8DOF/install/robotiq_driver/include/robotiq_driver/serial.hpp
[74.602s] -- Installing: /home/maranmen/Quadruped_8DOF/install/robotiq_driver/include/robotiq_driver/hardware_interface.hpp
[74.602s] -- Installing: /home/maranmen/Quadruped_8DOF/install/robotiq_driver/include/robotiq_driver/default_serial.hpp
[74.602s] -- Installing: /home/maranmen/Quadruped_8DOF/install/robotiq_driver/include/robotiq_driver/serial_factory.hpp
[74.602s] -- Installing: /home/maranmen/Quadruped_8DOF/install/robotiq_driver/include/robotiq_driver/default_driver.hpp
[74.602s] -- Installing: /home/maranmen/Quadruped_8DOF/install/robotiq_driver/include/robotiq_driver/data_utils.hpp
[74.603s] -- Installing: /home/maranmen/Quadruped_8DOF/install/robotiq_driver/include/robotiq_driver/driver.hpp
[74.603s] -- Installing: /home/maranmen/Quadruped_8DOF/install/robotiq_driver/include/robotiq_driver/fake
[74.603s] -- Installing: /home/maranmen/Quadruped_8DOF/install/robotiq_driver/include/robotiq_driver/fake/fake_driver.hpp
[74.603s] -- Installing: /home/maranmen/Quadruped_8DOF/install/robotiq_driver/lib/librobotiq_driver.so
[74.604s] -- Set runtime path of "/home/maranmen/Quadruped_8DOF/install/robotiq_driver/lib/librobotiq_driver.so" to ""
[74.604s] -- Installing: /home/maranmen/Quadruped_8DOF/install/robotiq_driver/share/ament_index/resource_index/package_run_dependencies/robotiq_driver
[74.604s] -- Installing: /home/maranmen/Quadruped_8DOF/install/robotiq_driver/share/ament_index/resource_index/parent_prefix_path/robotiq_driver
[74.605s] -- Installing: /home/maranmen/Quadruped_8DOF/install/robotiq_driver/share/robotiq_driver/environment/ament_prefix_path.sh
[74.605s] -- Installing: /home/maranmen/Quadruped_8DOF/install/robotiq_driver/share/robotiq_driver/environment/ament_prefix_path.dsv
[74.605s] -- Installing: /home/maranmen/Quadruped_8DOF/install/robotiq_driver/share/robotiq_driver/environment/path.sh
[74.605s] -- Installing: /home/maranmen/Quadruped_8DOF/install/robotiq_driver/share/robotiq_driver/environment/path.dsv
[74.605s] -- Installing: /home/maranmen/Quadruped_8DOF/install/robotiq_driver/share/robotiq_driver/local_setup.bash
[74.606s] -- Installing: /home/maranmen/Quadruped_8DOF/install/robotiq_driver/share/robotiq_driver/local_setup.sh
[74.606s] -- Installing: /home/maranmen/Quadruped_8DOF/install/robotiq_driver/share/robotiq_driver/local_setup.zsh
[74.606s] -- Installing: /home/maranmen/Quadruped_8DOF/install/robotiq_driver/share/robotiq_driver/local_setup.dsv
[74.606s] -- Installing: /home/maranmen/Quadruped_8DOF/install/robotiq_driver/share/robotiq_driver/package.dsv
[74.606s] -- Installing: /home/maranmen/Quadruped_8DOF/install/robotiq_driver/share/ament_index/resource_index/packages/robotiq_driver
[74.607s] -- Installing: /home/maranmen/Quadruped_8DOF/install/robotiq_driver/share/ament_index/resource_index/hardware_interface__pluginlib__plugin/robotiq_driver
[74.607s] -- Installing: /home/maranmen/Quadruped_8DOF/install/robotiq_driver/share/robotiq_driver/cmake/robotiq_driver_targetsExport.cmake
[74.607s] -- Installing: /home/maranmen/Quadruped_8DOF/install/robotiq_driver/share/robotiq_driver/cmake/robotiq_driver_targetsExport-release.cmake
[74.607s] -- Installing: /home/maranmen/Quadruped_8DOF/install/robotiq_driver/share/robotiq_driver/cmake/ament_cmake_export_targets-extras.cmake
[74.607s] -- Installing: /home/maranmen/Quadruped_8DOF/install/robotiq_driver/share/robotiq_driver/cmake/ament_cmake_export_dependencies-extras.cmake
[74.608s] -- Installing: /home/maranmen/Quadruped_8DOF/install/robotiq_driver/share/robotiq_driver/cmake/ament_cmake_export_include_directories-extras.cmake
[74.608s] -- Installing: /home/maranmen/Quadruped_8DOF/install/robotiq_driver/share/robotiq_driver/cmake/ament_cmake_export_libraries-extras.cmake
[74.608s] -- Installing: /home/maranmen/Quadruped_8DOF/install/robotiq_driver/share/robotiq_driver/cmake/robotiq_driverConfig.cmake
[74.608s] -- Installing: /home/maranmen/Quadruped_8DOF/install/robotiq_driver/share/robotiq_driver/cmake/robotiq_driverConfig-version.cmake
[74.608s] -- Installing: /home/maranmen/Quadruped_8DOF/install/robotiq_driver/share/robotiq_driver/package.xml
[74.619s] Invoked command in '/home/maranmen/Quadruped_8DOF/build/robotiq_driver' returned '0': AMENT_PREFIX_PATH=/home/maranmen/Quadruped_8DOF/install/serial:${AMENT_PREFIX_PATH} CMAKE_PREFIX_PATH=/home/maranmen/Quadruped_8DOF/install/serial:/home/maranmen/Quadruped_8DOF/install/quadruped_model:/opt/ros/humble LD_LIBRARY_PATH=/home/maranmen/Quadruped_8DOF/install/serial/lib:${LD_LIBRARY_PATH} /usr/bin/cmake --install /home/maranmen/Quadruped_8DOF/build/robotiq_driver
