[0.016s] Invoking command in '/home/maranmen/Quadruped_8DOF/build/dual_arm_panda_moveit_config': AMENT_PREFIX_PATH=/home/maranmen/Quadruped_8DOF/install/moveit_resources_panda_description:${AMENT_PREFIX_PATH} CMAKE_PREFIX_PATH=/home/maranmen/Quadruped_8DOF/install/moveit_resources_panda_description:/home/maranmen/Quadruped_8DOF/install/quadruped_model:/opt/ros/humble /usr/bin/cmake /home/maranmen/Quadruped_8DOF/src/moveit_resources/dual_arm_panda_moveit_config -DCMAKE_BUILD_TYPE=Release -DCMAKE_INSTALL_PREFIX=/home/maranmen/Quadruped_8DOF/install/dual_arm_panda_moveit_config
[0.101s] -- The C compiler identification is GNU 11.4.0
[0.176s] -- The CXX compiler identification is GNU 11.4.0
[0.186s] -- Detecting C compiler ABI info
[0.309s] -- Detecting C compiler ABI info - done
[0.313s] -- Check for working C compiler: /usr/bin/cc - skipped
[0.313s] -- Detecting C compile features
[0.314s] -- Detecting C compile features - done
[0.318s] -- Detecting CXX compiler ABI info
[0.481s] -- Detecting CXX compiler ABI info - done
[0.485s] -- Check for working CXX compiler: /usr/bin/c++ - skipped
[0.485s] -- Detecting CXX compile features
[0.486s] -- Detecting CXX compile features - done
[0.491s] -- Found ament_cmake: 1.3.9 (/opt/ros/humble/share/ament_cmake/cmake)
[0.722s] -- Found Python3: /usr/bin/python3 (found version "3.10.12") found components: Interpreter 
[0.925s] -- Configuring done
[0.930s] -- Generating done
[0.932s] -- Build files have been written to: /home/maranmen/Quadruped_8DOF/build/dual_arm_panda_moveit_config
[0.940s] Invoked command in '/home/maranmen/Quadruped_8DOF/build/dual_arm_panda_moveit_config' returned '0': AMENT_PREFIX_PATH=/home/maranmen/Quadruped_8DOF/install/moveit_resources_panda_description:${AMENT_PREFIX_PATH} CMAKE_PREFIX_PATH=/home/maranmen/Quadruped_8DOF/install/moveit_resources_panda_description:/home/maranmen/Quadruped_8DOF/install/quadruped_model:/opt/ros/humble /usr/bin/cmake /home/maranmen/Quadruped_8DOF/src/moveit_resources/dual_arm_panda_moveit_config -DCMAKE_BUILD_TYPE=Release -DCMAKE_INSTALL_PREFIX=/home/maranmen/Quadruped_8DOF/install/dual_arm_panda_moveit_config
[0.940s] Invoking command in '/home/maranmen/Quadruped_8DOF/build/dual_arm_panda_moveit_config': AMENT_PREFIX_PATH=/home/maranmen/Quadruped_8DOF/install/moveit_resources_panda_description:${AMENT_PREFIX_PATH} CMAKE_PREFIX_PATH=/home/maranmen/Quadruped_8DOF/install/moveit_resources_panda_description:/home/maranmen/Quadruped_8DOF/install/quadruped_model:/opt/ros/humble /usr/bin/cmake --build /home/maranmen/Quadruped_8DOF/build/dual_arm_panda_moveit_config -- -j4 -l4
[1.014s] Invoked command in '/home/maranmen/Quadruped_8DOF/build/dual_arm_panda_moveit_config' returned '0': AMENT_PREFIX_PATH=/home/maranmen/Quadruped_8DOF/install/moveit_resources_panda_description:${AMENT_PREFIX_PATH} CMAKE_PREFIX_PATH=/home/maranmen/Quadruped_8DOF/install/moveit_resources_panda_description:/home/maranmen/Quadruped_8DOF/install/quadruped_model:/opt/ros/humble /usr/bin/cmake --build /home/maranmen/Quadruped_8DOF/build/dual_arm_panda_moveit_config -- -j4 -l4
[1.075s] Invoking command in '/home/maranmen/Quadruped_8DOF/build/dual_arm_panda_moveit_config': AMENT_PREFIX_PATH=/home/maranmen/Quadruped_8DOF/install/moveit_resources_panda_description:${AMENT_PREFIX_PATH} CMAKE_PREFIX_PATH=/home/maranmen/Quadruped_8DOF/install/moveit_resources_panda_description:/home/maranmen/Quadruped_8DOF/install/quadruped_model:/opt/ros/humble /usr/bin/cmake --install /home/maranmen/Quadruped_8DOF/build/dual_arm_panda_moveit_config
[1.088s] -- Install configuration: "Release"
[1.089s] -- Installing: /home/maranmen/Quadruped_8DOF/install/dual_arm_panda_moveit_config/share/ament_index/resource_index/package_run_dependencies/dual_arm_panda_moveit_config
[1.089s] -- Installing: /home/maranmen/Quadruped_8DOF/install/dual_arm_panda_moveit_config/share/ament_index/resource_index/parent_prefix_path/dual_arm_panda_moveit_config
[1.090s] -- Installing: /home/maranmen/Quadruped_8DOF/install/dual_arm_panda_moveit_config/share/dual_arm_panda_moveit_config/environment/ament_prefix_path.sh
[1.090s] -- Installing: /home/maranmen/Quadruped_8DOF/install/dual_arm_panda_moveit_config/share/dual_arm_panda_moveit_config/environment/ament_prefix_path.dsv
[1.090s] -- Installing: /home/maranmen/Quadruped_8DOF/install/dual_arm_panda_moveit_config/share/dual_arm_panda_moveit_config/environment/path.sh
[1.091s] -- Installing: /home/maranmen/Quadruped_8DOF/install/dual_arm_panda_moveit_config/share/dual_arm_panda_moveit_config/environment/path.dsv
[1.091s] -- Installing: /home/maranmen/Quadruped_8DOF/install/dual_arm_panda_moveit_config/share/dual_arm_panda_moveit_config/local_setup.bash
[1.091s] -- Installing: /home/maranmen/Quadruped_8DOF/install/dual_arm_panda_moveit_config/share/dual_arm_panda_moveit_config/local_setup.sh
[1.092s] -- Installing: /home/maranmen/Quadruped_8DOF/install/dual_arm_panda_moveit_config/share/dual_arm_panda_moveit_config/local_setup.zsh
[1.092s] -- Installing: /home/maranmen/Quadruped_8DOF/install/dual_arm_panda_moveit_config/share/dual_arm_panda_moveit_config/local_setup.dsv
[1.093s] -- Installing: /home/maranmen/Quadruped_8DOF/install/dual_arm_panda_moveit_config/share/dual_arm_panda_moveit_config/package.dsv
[1.094s] -- Installing: /home/maranmen/Quadruped_8DOF/install/dual_arm_panda_moveit_config/share/ament_index/resource_index/packages/dual_arm_panda_moveit_config
[1.094s] -- Installing: /home/maranmen/Quadruped_8DOF/install/dual_arm_panda_moveit_config/share/dual_arm_panda_moveit_config/cmake/dual_arm_panda_moveit_configConfig.cmake
[1.094s] -- Installing: /home/maranmen/Quadruped_8DOF/install/dual_arm_panda_moveit_config/share/dual_arm_panda_moveit_config/cmake/dual_arm_panda_moveit_configConfig-version.cmake
[1.095s] -- Installing: /home/maranmen/Quadruped_8DOF/install/dual_arm_panda_moveit_config/share/dual_arm_panda_moveit_config/package.xml
[1.095s] -- Installing: /home/maranmen/Quadruped_8DOF/install/dual_arm_panda_moveit_config/share/dual_arm_panda_moveit_config/launch
[1.095s] -- Installing: /home/maranmen/Quadruped_8DOF/install/dual_arm_panda_moveit_config/share/dual_arm_panda_moveit_config/launch/demo.launch.py
[1.096s] -- Installing: /home/maranmen/Quadruped_8DOF/install/dual_arm_panda_moveit_config/share/dual_arm_panda_moveit_config/launch/moveit.rviz
[1.097s] -- Installing: /home/maranmen/Quadruped_8DOF/install/dual_arm_panda_moveit_config/share/dual_arm_panda_moveit_config/config
[1.097s] -- Installing: /home/maranmen/Quadruped_8DOF/install/dual_arm_panda_moveit_config/share/dual_arm_panda_moveit_config/config/panda_arm_macro.xacro
[1.098s] -- Installing: /home/maranmen/Quadruped_8DOF/install/dual_arm_panda_moveit_config/share/dual_arm_panda_moveit_config/config/hand.xacro
[1.099s] -- Installing: /home/maranmen/Quadruped_8DOF/install/dual_arm_panda_moveit_config/share/dual_arm_panda_moveit_config/config/ompl_planning.yaml
[1.099s] -- Installing: /home/maranmen/Quadruped_8DOF/install/dual_arm_panda_moveit_config/share/dual_arm_panda_moveit_config/config/moveit_controllers.yaml
[1.100s] -- Installing: /home/maranmen/Quadruped_8DOF/install/dual_arm_panda_moveit_config/share/dual_arm_panda_moveit_config/config/joint_limits.yaml
[1.101s] -- Installing: /home/maranmen/Quadruped_8DOF/install/dual_arm_panda_moveit_config/share/dual_arm_panda_moveit_config/config/left_initial_positions.yaml
[1.102s] -- Installing: /home/maranmen/Quadruped_8DOF/install/dual_arm_panda_moveit_config/share/dual_arm_panda_moveit_config/config/ros2_controllers.yaml
[1.102s] -- Installing: /home/maranmen/Quadruped_8DOF/install/dual_arm_panda_moveit_config/share/dual_arm_panda_moveit_config/config/panda.srdf
[1.103s] -- Installing: /home/maranmen/Quadruped_8DOF/install/dual_arm_panda_moveit_config/share/dual_arm_panda_moveit_config/config/kinematics.yaml
[1.103s] -- Installing: /home/maranmen/Quadruped_8DOF/install/dual_arm_panda_moveit_config/share/dual_arm_panda_moveit_config/config/panda.ros2_control.xacro
[1.104s] -- Installing: /home/maranmen/Quadruped_8DOF/install/dual_arm_panda_moveit_config/share/dual_arm_panda_moveit_config/config/panda_hand.ros2_control.xacro
[1.105s] -- Installing: /home/maranmen/Quadruped_8DOF/install/dual_arm_panda_moveit_config/share/dual_arm_panda_moveit_config/config/right_initial_positions.yaml
[1.105s] -- Installing: /home/maranmen/Quadruped_8DOF/install/dual_arm_panda_moveit_config/share/dual_arm_panda_moveit_config/config/pilz_cartesian_limits.yaml
[1.106s] -- Installing: /home/maranmen/Quadruped_8DOF/install/dual_arm_panda_moveit_config/share/dual_arm_panda_moveit_config/config/panda.urdf.xacro
[1.110s] Invoked command in '/home/maranmen/Quadruped_8DOF/build/dual_arm_panda_moveit_config' returned '0': AMENT_PREFIX_PATH=/home/maranmen/Quadruped_8DOF/install/moveit_resources_panda_description:${AMENT_PREFIX_PATH} CMAKE_PREFIX_PATH=/home/maranmen/Quadruped_8DOF/install/moveit_resources_panda_description:/home/maranmen/Quadruped_8DOF/install/quadruped_model:/opt/ros/humble /usr/bin/cmake --install /home/maranmen/Quadruped_8DOF/build/dual_arm_panda_moveit_config
