running egg_info
writing ../../build/quadruped_model/quadruped_model.egg-info/PKG-INFO
writing dependency_links to ../../build/quadruped_model/quadruped_model.egg-info/dependency_links.txt
writing entry points to ../../build/quadruped_model/quadruped_model.egg-info/entry_points.txt
writing requirements to ../../build/quadruped_model/quadruped_model.egg-info/requires.txt
writing top-level names to ../../build/quadruped_model/quadruped_model.egg-info/top_level.txt
reading manifest file '../../build/quadruped_model/quadruped_model.egg-info/SOURCES.txt'
writing manifest file '../../build/quadruped_model/quadruped_model.egg-info/SOURCES.txt'
running build
running build_py
copying quadruped_model/move_robot.py -> /home/julio/Desktop/proyecto_tesis/quadruped_8DOF/build/quadruped_model/build/lib/quadruped_model
running install
running install_lib
copying /home/julio/Desktop/proyecto_tesis/quadruped_8DOF/build/quadruped_model/build/lib/quadruped_model/move_robot.py -> /home/julio/Desktop/proyecto_tesis/quadruped_8DOF/install/quadruped_model/lib/python3.10/site-packages/quadruped_model
byte-compiling /home/julio/Desktop/proyecto_tesis/quadruped_8DOF/install/quadruped_model/lib/python3.10/site-packages/quadruped_model/move_robot.py to move_robot.cpython-310.pyc
running install_data
running install_egg_info
removing '/home/julio/Desktop/proyecto_tesis/quadruped_8DOF/install/quadruped_model/lib/python3.10/site-packages/quadruped_model-0.0.0-py3.10.egg-info' (and everything under it)
Copying ../../build/quadruped_model/quadruped_model.egg-info to /home/julio/Desktop/proyecto_tesis/quadruped_8DOF/install/quadruped_model/lib/python3.10/site-packages/quadruped_model-0.0.0-py3.10.egg-info
running install_scripts
Installing continuous_lifter script to /home/julio/Desktop/proyecto_tesis/quadruped_8DOF/install/quadruped_model/lib/quadruped_model
Installing move_robot script to /home/julio/Desktop/proyecto_tesis/quadruped_8DOF/install/quadruped_model/lib/quadruped_model
Installing vrep_communication script to /home/julio/Desktop/proyecto_tesis/quadruped_8DOF/install/quadruped_model/lib/quadruped_model
writing list of installed files to '/home/julio/Desktop/proyecto_tesis/quadruped_8DOF/build/quadruped_model/install.log'
