[3.209s] Invoking command in '/home/julio/Desktop/proyecto_tesis/quadruped_8DOF/build/quadruped_vrep': CMAKE_PREFIX_PATH=${CMAKE_PREFIX_PATH}:/home/julio/Desktop/proyecto_tesis/quadruped_8DOF/install/cinematic_control:/home/julio/Desktop/proyecto_tesis/quadruped_8DOF/install/quadruped_model:/opt/ros/humble /usr/bin/cmake --build /home/julio/Desktop/proyecto_tesis/quadruped_8DOF/build/quadruped_vrep -- -j2 -l2
[4.306s] [100%] Built target communication
[4.554s] Invoked command in '/home/julio/Desktop/proyecto_tesis/quadruped_8DOF/build/quadruped_vrep' returned '0': CMAKE_PREFIX_PATH=${CMAKE_PREFIX_PATH}:/home/julio/Desktop/proyecto_tesis/quadruped_8DOF/install/cinematic_control:/home/julio/Desktop/proyecto_tesis/quadruped_8DOF/install/quadruped_model:/opt/ros/humble /usr/bin/cmake --build /home/julio/Desktop/proyecto_tesis/quadruped_8DOF/build/quadruped_vrep -- -j2 -l2
[5.635s] Invoking command in '/home/julio/Desktop/proyecto_tesis/quadruped_8DOF/build/quadruped_vrep': CMAKE_PREFIX_PATH=${CMAKE_PREFIX_PATH}:/home/julio/Desktop/proyecto_tesis/quadruped_8DOF/install/cinematic_control:/home/julio/Desktop/proyecto_tesis/quadruped_8DOF/install/quadruped_model:/opt/ros/humble /usr/bin/cmake --install /home/julio/Desktop/proyecto_tesis/quadruped_8DOF/build/quadruped_vrep
[5.809s] -- Install configuration: ""
[5.824s] -- Up-to-date: /home/julio/Desktop/proyecto_tesis/quadruped_8DOF/install/quadruped_vrep/lib/quadruped_vrep/communication
[5.830s] -- Up-to-date: /home/julio/Desktop/proyecto_tesis/quadruped_8DOF/install/quadruped_vrep/share/ament_index/resource_index/package_run_dependencies/quadruped_vrep
[5.831s] -- Up-to-date: /home/julio/Desktop/proyecto_tesis/quadruped_8DOF/install/quadruped_vrep/share/ament_index/resource_index/parent_prefix_path/quadruped_vrep
[5.831s] -- Up-to-date: /home/julio/Desktop/proyecto_tesis/quadruped_8DOF/install/quadruped_vrep/share/quadruped_vrep/environment/ament_prefix_path.sh
[5.860s] -- Up-to-date: /home/julio/Desktop/proyecto_tesis/quadruped_8DOF/install/quadruped_vrep/share/quadruped_vrep/environment/ament_prefix_path.dsv
[5.861s] -- Up-to-date: /home/julio/Desktop/proyecto_tesis/quadruped_8DOF/install/quadruped_vrep/share/quadruped_vrep/environment/path.sh
[5.867s] -- Up-to-date: /home/julio/Desktop/proyecto_tesis/quadruped_8DOF/install/quadruped_vrep/share/quadruped_vrep/environment/path.dsv
[5.867s] -- Up-to-date: /home/julio/Desktop/proyecto_tesis/quadruped_8DOF/install/quadruped_vrep/share/quadruped_vrep/local_setup.bash
[5.896s] -- Up-to-date: /home/julio/Desktop/proyecto_tesis/quadruped_8DOF/install/quadruped_vrep/share/quadruped_vrep/local_setup.sh
[5.896s] -- Up-to-date: /home/julio/Desktop/proyecto_tesis/quadruped_8DOF/install/quadruped_vrep/share/quadruped_vrep/local_setup.zsh
[5.897s] -- Up-to-date: /home/julio/Desktop/proyecto_tesis/quadruped_8DOF/install/quadruped_vrep/share/quadruped_vrep/local_setup.dsv
[5.897s] -- Installing: /home/julio/Desktop/proyecto_tesis/quadruped_8DOF/install/quadruped_vrep/share/quadruped_vrep/package.dsv
[5.897s] -- Up-to-date: /home/julio/Desktop/proyecto_tesis/quadruped_8DOF/install/quadruped_vrep/share/ament_index/resource_index/packages/quadruped_vrep
[5.897s] -- Up-to-date: /home/julio/Desktop/proyecto_tesis/quadruped_8DOF/install/quadruped_vrep/share/quadruped_vrep/cmake/quadruped_vrepConfig.cmake
[5.897s] -- Up-to-date: /home/julio/Desktop/proyecto_tesis/quadruped_8DOF/install/quadruped_vrep/share/quadruped_vrep/cmake/quadruped_vrepConfig-version.cmake
[5.918s] -- Up-to-date: /home/julio/Desktop/proyecto_tesis/quadruped_8DOF/install/quadruped_vrep/share/quadruped_vrep/package.xml
[5.936s] Invoked command in '/home/julio/Desktop/proyecto_tesis/quadruped_8DOF/build/quadruped_vrep' returned '0': CMAKE_PREFIX_PATH=${CMAKE_PREFIX_PATH}:/home/julio/Desktop/proyecto_tesis/quadruped_8DOF/install/cinematic_control:/home/julio/Desktop/proyecto_tesis/quadruped_8DOF/install/quadruped_model:/opt/ros/humble /usr/bin/cmake --install /home/julio/Desktop/proyecto_tesis/quadruped_8DOF/build/quadruped_vrep
