[0.135s] Invoking command in '/home/julio/Desktop/proyecto_tesis/quadruped_8DOF/src/quadruped_model/quadruped_model_msg/build/quadruped_model_msg': CMAKE_PREFIX_PATH=/opt/ros/humble /usr/bin/cmake /home/julio/Desktop/proyecto_tesis/quadruped_8DOF/src/quadruped_model/quadruped_model_msg -DCMAKE_INSTALL_PREFIX=/home/julio/Desktop/proyecto_tesis/quadruped_8DOF/src/quadruped_model/quadruped_model_msg/install/quadruped_model_msg
[0.168s] -- Found ament_cmake: 1.3.9 (/opt/ros/humble/share/ament_cmake/cmake)
[0.519s] -- Found std_msgs: 4.2.4 (/opt/ros/humble/share/std_msgs/cmake)
[0.617s] -- Found rosidl_generator_c: 3.1.5 (/opt/ros/humble/share/rosidl_generator_c/cmake)
[0.621s] -- Found rosidl_adapter: 3.1.5 (/opt/ros/humble/share/rosidl_adapter/cmake)
[0.640s] -- Found rosidl_generator_cpp: 3.1.5 (/opt/ros/humble/share/rosidl_generator_cpp/cmake)
[0.685s] -- Using all available rosidl_typesupport_c: rosidl_typesupport_fastrtps_c;rosidl_typesupport_introspection_c
[0.755s] -- Using all available rosidl_typesupport_cpp: rosidl_typesupport_fastrtps_cpp;rosidl_typesupport_introspection_cpp
[0.923s] -- Found geometry_msgs: 4.2.4 (/opt/ros/humble/share/geometry_msgs/cmake)
[1.020s] -- Found sensor_msgs: 4.2.4 (/opt/ros/humble/share/sensor_msgs/cmake)
[1.229s] -- Found rosidl_default_generators: 1.2.0 (/opt/ros/humble/share/rosidl_default_generators/cmake)
[1.765s] [31mCMake Error at /opt/ros/humble/share/rosidl_adapter/cmake/rosidl_adapt_interfaces.cmake:59 (message):
[1.767s]   execute_process(/usr/bin/python3 -m rosidl_adapter --package-name
[1.771s]   quadruped_model_msg --arguments-file
[1.775s]   /home/julio/Desktop/proyecto_tesis/quadruped_8DOF/src/quadruped_model/quadruped_model_msg/build/quadruped_model_msg/rosidl_adapter__arguments__quadruped_model_msg.json
[1.775s]   --output-dir
[1.775s]   /home/julio/Desktop/proyecto_tesis/quadruped_8DOF/src/quadruped_model/quadruped_model_msg/build/quadruped_model_msg/rosidl_adapter/quadruped_model_msg
[1.775s]   --output-file
[1.775s]   /home/julio/Desktop/proyecto_tesis/quadruped_8DOF/src/quadruped_model/quadruped_model_msg/build/quadruped_model_msg/rosidl_adapter/quadruped_model_msg.idls)
[1.775s]   returned error code 1:
[1.776s] 
[1.776s]   Error processing 'float32 Kd' of 'quadruped_model_msg/MotorCmd': ''Kd' is
[1.776s]   an invalid field name.  It should have the pattern
[1.776s]   '^(?!.*__)(?!.*_$)[a-z][a-z0-9_]*$''
[1.776s] 
[1.776s]   Traceback (most recent call last):
[1.776s] 
[1.776s]     File "/usr/lib/python3.10/runpy.py", line 196, in _run_module_as_main
[1.777s]       return _run_code(code, main_globals, None,
[1.777s]     File "/usr/lib/python3.10/runpy.py", line 86, in _run_code
[1.777s]       exec(code, run_globals)
[1.777s]     File "/opt/ros/humble/local/lib/python3.10/dist-packages/rosidl_adapter/__main__.py", line 19, in <module>
[1.777s]       sys.exit(main())
[1.777s]     File "/opt/ros/humble/local/lib/python3.10/dist-packages/rosidl_adapter/main.py", line 53, in main
[1.790s]       abs_idl_file = convert_to_idl(
[1.792s]     File "/opt/ros/humble/local/lib/python3.10/dist-packages/rosidl_adapter/__init__.py", line 19, in convert_to_idl
[1.793s]       return convert_msg_to_idl(
[1.793s]     File "/opt/ros/humble/local/lib/python3.10/dist-packages/rosidl_adapter/msg/__init__.py", line 28, in convert_msg_to_idl
[1.793s]       msg = parse_message_string(package_name, input_file.stem, content)
[1.793s]     File "/opt/ros/humble/local/lib/python3.10/dist-packages/rosidl_adapter/parser.py", line 519, in parse_message_string
[1.793s]       fields.append(Field(
[1.796s]     File "/opt/ros/humble/local/lib/python3.10/dist-packages/rosidl_adapter/parser.py", line 354, in __init__
[1.797s]       raise NameError(
[1.797s] 
[1.797s]   NameError: 'Kd' is an invalid field name.  It should have the pattern
[1.798s]   '^(?!.*__)(?!.*_$)[a-z][a-z0-9_]*$'
[1.798s] 
[1.798s] Call Stack (most recent call first):
[1.798s]   /opt/ros/humble/share/rosidl_cmake/cmake/rosidl_generate_interfaces.cmake:130 (rosidl_adapt_interfaces)
[1.799s]   CMakeLists.txt:19 (rosidl_generate_interfaces)
[1.799s] 
[1.799s] [0m
[1.799s] -- Configuring incomplete, errors occurred!
[1.800s] See also "/home/julio/Desktop/proyecto_tesis/quadruped_8DOF/src/quadruped_model/quadruped_model_msg/build/quadruped_model_msg/CMakeFiles/CMakeOutput.log".
[1.816s] Invoked command in '/home/julio/Desktop/proyecto_tesis/quadruped_8DOF/src/quadruped_model/quadruped_model_msg/build/quadruped_model_msg' returned '1': CMAKE_PREFIX_PATH=/opt/ros/humble /usr/bin/cmake /home/julio/Desktop/proyecto_tesis/quadruped_8DOF/src/quadruped_model/quadruped_model_msg -DCMAKE_INSTALL_PREFIX=/home/julio/Desktop/proyecto_tesis/quadruped_8DOF/src/quadruped_model/quadruped_model_msg/install/quadruped_model_msg
