[0.223s] DEBUG:colcon:Command line arguments: ['/usr/bin/colcon', 'build']
[0.224s] DEBUG:colcon:Parsed command line arguments: Namespace(log_base=None, log_level=None, verb_name='build', build_base='build', install_base='install', merge_install=False, symlink_install=False, test_result_base=None, continue_on_error=False, executor='parallel', parallel_workers=2, event_handlers=None, ignore_user_meta=False, metas=['./colcon.meta'], base_paths=['.'], packages_ignore=None, packages_ignore_regex=None, paths=None, packages_up_to=None, packages_up_to_regex=None, packages_above=None, packages_above_and_dependencies=None, packages_above_depth=None, packages_select_by_dep=None, packages_skip_by_dep=None, packages_skip_up_to=None, packages_select_build_failed=False, packages_skip_build_finished=False, packages_select_test_failures=False, packages_skip_test_passed=False, packages_select=None, packages_skip=None, packages_select_regex=None, packages_skip_regex=None, packages_start=None, packages_end=None, allow_overriding=[], cmake_args=None, cmake_target=None, cmake_target_skip_unavailable=False, cmake_clean_cache=False, cmake_clean_first=False, cmake_force_configure=False, ament_cmake_args=None, catkin_cmake_args=None, catkin_skip_building_tests=False, mixin_files=None, mixin=None, verb_parser=<colcon_mixin.mixin.mixin_argument.MixinArgumentDecorator object at 0x7b9b97d427a0>, verb_extension=<colcon_core.verb.build.BuildVerb object at 0x7b9b97d41d20>, main=<bound method BuildVerb.main of <colcon_core.verb.build.BuildVerb object at 0x7b9b97d41d20>>, mixin_verb=('build',))
[0.630s] Level 1:colcon.colcon_core.package_discovery:discover_packages(colcon_meta) check parameters
[0.631s] Level 1:colcon.colcon_core.package_discovery:discover_packages(recursive) check parameters
[0.631s] Level 1:colcon.colcon_core.package_discovery:discover_packages(ignore) check parameters
[0.631s] Level 1:colcon.colcon_core.package_discovery:discover_packages(path) check parameters
[0.631s] Level 1:colcon.colcon_core.package_discovery:discover_packages(colcon_meta) discover
[0.631s] Level 1:colcon.colcon_core.package_discovery:discover_packages(recursive) discover
[0.631s] INFO:colcon.colcon_core.package_discovery:Crawling recursively for packages in '/home/julio/Desktop/proyecto_tesis/quadruped_8DOF'
[0.632s] Level 1:colcon.colcon_core.package_identification:_identify(.) by extensions ['ignore', 'ignore_ament_install']
[0.633s] Level 1:colcon.colcon_core.package_identification:_identify(.) by extension 'ignore'
[0.633s] Level 1:colcon.colcon_core.package_identification:_identify(.) by extension 'ignore_ament_install'
[0.633s] Level 1:colcon.colcon_core.package_identification:_identify(.) by extensions ['colcon_pkg']
[0.633s] Level 1:colcon.colcon_core.package_identification:_identify(.) by extension 'colcon_pkg'
[0.633s] Level 1:colcon.colcon_core.package_identification:_identify(.) by extensions ['colcon_meta']
[0.633s] Level 1:colcon.colcon_core.package_identification:_identify(.) by extension 'colcon_meta'
[0.634s] Level 1:colcon.colcon_core.package_identification:_identify(.) by extensions ['ros']
[0.634s] Level 1:colcon.colcon_core.package_identification:_identify(.) by extension 'ros'
[0.650s] Level 1:colcon.colcon_core.package_identification:_identify(.) by extensions ['cmake', 'python']
[0.650s] Level 1:colcon.colcon_core.package_identification:_identify(.) by extension 'cmake'
[0.651s] Level 1:colcon.colcon_core.package_identification:_identify(.) by extension 'python'
[0.651s] Level 1:colcon.colcon_core.package_identification:_identify(.) by extensions ['python_setup_py']
[0.651s] Level 1:colcon.colcon_core.package_identification:_identify(.) by extension 'python_setup_py'
[0.651s] Level 1:colcon.colcon_core.package_identification:_identify(build) by extensions ['ignore', 'ignore_ament_install']
[0.651s] Level 1:colcon.colcon_core.package_identification:_identify(build) by extension 'ignore'
[0.651s] Level 1:colcon.colcon_core.package_identification:_identify(build) ignored
[0.651s] Level 1:colcon.colcon_core.package_identification:_identify(install) by extensions ['ignore', 'ignore_ament_install']
[0.652s] Level 1:colcon.colcon_core.package_identification:_identify(install) by extension 'ignore'
[0.652s] Level 1:colcon.colcon_core.package_identification:_identify(install) ignored
[0.652s] Level 1:colcon.colcon_core.package_identification:_identify(log) by extensions ['ignore', 'ignore_ament_install']
[0.654s] Level 1:colcon.colcon_core.package_identification:_identify(log) by extension 'ignore'
[0.654s] Level 1:colcon.colcon_core.package_identification:_identify(log) ignored
[0.654s] Level 1:colcon.colcon_core.package_identification:_identify(src) by extensions ['ignore', 'ignore_ament_install']
[0.654s] Level 1:colcon.colcon_core.package_identification:_identify(src) by extension 'ignore'
[0.654s] Level 1:colcon.colcon_core.package_identification:_identify(src) by extension 'ignore_ament_install'
[0.654s] Level 1:colcon.colcon_core.package_identification:_identify(src) by extensions ['colcon_pkg']
[0.655s] Level 1:colcon.colcon_core.package_identification:_identify(src) by extension 'colcon_pkg'
[0.655s] Level 1:colcon.colcon_core.package_identification:_identify(src) by extensions ['colcon_meta']
[0.655s] Level 1:colcon.colcon_core.package_identification:_identify(src) by extension 'colcon_meta'
[0.655s] Level 1:colcon.colcon_core.package_identification:_identify(src) by extensions ['ros']
[0.655s] Level 1:colcon.colcon_core.package_identification:_identify(src) by extension 'ros'
[0.655s] Level 1:colcon.colcon_core.package_identification:_identify(src) by extensions ['cmake', 'python']
[0.655s] Level 1:colcon.colcon_core.package_identification:_identify(src) by extension 'cmake'
[0.655s] Level 1:colcon.colcon_core.package_identification:_identify(src) by extension 'python'
[0.655s] Level 1:colcon.colcon_core.package_identification:_identify(src) by extensions ['python_setup_py']
[0.655s] Level 1:colcon.colcon_core.package_identification:_identify(src) by extension 'python_setup_py'
[0.655s] Level 1:colcon.colcon_core.package_identification:_identify(src/action) by extensions ['ignore', 'ignore_ament_install']
[0.655s] Level 1:colcon.colcon_core.package_identification:_identify(src/action) by extension 'ignore'
[0.655s] Level 1:colcon.colcon_core.package_identification:_identify(src/action) by extension 'ignore_ament_install'
[0.655s] Level 1:colcon.colcon_core.package_identification:_identify(src/action) by extensions ['colcon_pkg']
[0.655s] Level 1:colcon.colcon_core.package_identification:_identify(src/action) by extension 'colcon_pkg'
[0.656s] Level 1:colcon.colcon_core.package_identification:_identify(src/action) by extensions ['colcon_meta']
[0.656s] Level 1:colcon.colcon_core.package_identification:_identify(src/action) by extension 'colcon_meta'
[0.656s] Level 1:colcon.colcon_core.package_identification:_identify(src/action) by extensions ['ros']
[0.656s] Level 1:colcon.colcon_core.package_identification:_identify(src/action) by extension 'ros'
[0.656s] Level 1:colcon.colcon_core.package_identification:_identify(src/action) by extensions ['cmake', 'python']
[0.656s] Level 1:colcon.colcon_core.package_identification:_identify(src/action) by extension 'cmake'
[0.656s] Level 1:colcon.colcon_core.package_identification:_identify(src/action) by extension 'python'
[0.656s] Level 1:colcon.colcon_core.package_identification:_identify(src/action) by extensions ['python_setup_py']
[0.656s] Level 1:colcon.colcon_core.package_identification:_identify(src/action) by extension 'python_setup_py'
[0.656s] Level 1:colcon.colcon_core.package_identification:_identify(src/cinematic_control) by extensions ['ignore', 'ignore_ament_install']
[0.657s] Level 1:colcon.colcon_core.package_identification:_identify(src/cinematic_control) by extension 'ignore'
[0.657s] Level 1:colcon.colcon_core.package_identification:_identify(src/cinematic_control) by extension 'ignore_ament_install'
[0.657s] Level 1:colcon.colcon_core.package_identification:_identify(src/cinematic_control) by extensions ['colcon_pkg']
[0.657s] Level 1:colcon.colcon_core.package_identification:_identify(src/cinematic_control) by extension 'colcon_pkg'
[0.657s] Level 1:colcon.colcon_core.package_identification:_identify(src/cinematic_control) by extensions ['colcon_meta']
[0.657s] Level 1:colcon.colcon_core.package_identification:_identify(src/cinematic_control) by extension 'colcon_meta'
[0.657s] Level 1:colcon.colcon_core.package_identification:_identify(src/cinematic_control) by extensions ['ros']
[0.657s] Level 1:colcon.colcon_core.package_identification:_identify(src/cinematic_control) by extension 'ros'
[0.671s] DEBUG:colcon.colcon_core.package_identification:Package 'src/cinematic_control' with type 'ros.ament_python' and name 'cinematic_control'
[0.672s] Level 1:colcon.colcon_core.package_identification:_identify(src/quadruped_model) by extensions ['ignore', 'ignore_ament_install']
[0.672s] Level 1:colcon.colcon_core.package_identification:_identify(src/quadruped_model) by extension 'ignore'
[0.672s] Level 1:colcon.colcon_core.package_identification:_identify(src/quadruped_model) by extension 'ignore_ament_install'
[0.672s] Level 1:colcon.colcon_core.package_identification:_identify(src/quadruped_model) by extensions ['colcon_pkg']
[0.672s] Level 1:colcon.colcon_core.package_identification:_identify(src/quadruped_model) by extension 'colcon_pkg'
[0.672s] Level 1:colcon.colcon_core.package_identification:_identify(src/quadruped_model) by extensions ['colcon_meta']
[0.673s] Level 1:colcon.colcon_core.package_identification:_identify(src/quadruped_model) by extension 'colcon_meta'
[0.673s] Level 1:colcon.colcon_core.package_identification:_identify(src/quadruped_model) by extensions ['ros']
[0.673s] Level 1:colcon.colcon_core.package_identification:_identify(src/quadruped_model) by extension 'ros'
[0.674s] DEBUG:colcon.colcon_core.package_identification:Package 'src/quadruped_model' with type 'ros.ament_python' and name 'quadruped_model'
[0.674s] Level 1:colcon.colcon_core.package_identification:_identify(src/quadruped_vrep) by extensions ['ignore', 'ignore_ament_install']
[0.674s] Level 1:colcon.colcon_core.package_identification:_identify(src/quadruped_vrep) by extension 'ignore'
[0.674s] Level 1:colcon.colcon_core.package_identification:_identify(src/quadruped_vrep) by extension 'ignore_ament_install'
[0.675s] Level 1:colcon.colcon_core.package_identification:_identify(src/quadruped_vrep) by extensions ['colcon_pkg']
[0.675s] Level 1:colcon.colcon_core.package_identification:_identify(src/quadruped_vrep) by extension 'colcon_pkg'
[0.675s] Level 1:colcon.colcon_core.package_identification:_identify(src/quadruped_vrep) by extensions ['colcon_meta']
[0.675s] Level 1:colcon.colcon_core.package_identification:_identify(src/quadruped_vrep) by extension 'colcon_meta'
[0.675s] Level 1:colcon.colcon_core.package_identification:_identify(src/quadruped_vrep) by extensions ['ros']
[0.675s] Level 1:colcon.colcon_core.package_identification:_identify(src/quadruped_vrep) by extension 'ros'
[0.676s] DEBUG:colcon.colcon_core.package_identification:Package 'src/quadruped_vrep' with type 'ros.ament_cmake' and name 'quadruped_vrep'
[0.676s] Level 1:colcon.colcon_core.package_identification:_identify(src/srv) by extensions ['ignore', 'ignore_ament_install']
[0.677s] Level 1:colcon.colcon_core.package_identification:_identify(src/srv) by extension 'ignore'
[0.677s] Level 1:colcon.colcon_core.package_identification:_identify(src/srv) by extension 'ignore_ament_install'
[0.677s] Level 1:colcon.colcon_core.package_identification:_identify(src/srv) by extensions ['colcon_pkg']
[0.677s] Level 1:colcon.colcon_core.package_identification:_identify(src/srv) by extension 'colcon_pkg'
[0.677s] Level 1:colcon.colcon_core.package_identification:_identify(src/srv) by extensions ['colcon_meta']
[0.677s] Level 1:colcon.colcon_core.package_identification:_identify(src/srv) by extension 'colcon_meta'
[0.677s] Level 1:colcon.colcon_core.package_identification:_identify(src/srv) by extensions ['ros']
[0.677s] Level 1:colcon.colcon_core.package_identification:_identify(src/srv) by extension 'ros'
[0.677s] Level 1:colcon.colcon_core.package_identification:_identify(src/srv) by extensions ['cmake', 'python']
[0.677s] Level 1:colcon.colcon_core.package_identification:_identify(src/srv) by extension 'cmake'
[0.677s] Level 1:colcon.colcon_core.package_identification:_identify(src/srv) by extension 'python'
[0.677s] Level 1:colcon.colcon_core.package_identification:_identify(src/srv) by extensions ['python_setup_py']
[0.677s] Level 1:colcon.colcon_core.package_identification:_identify(src/srv) by extension 'python_setup_py'
[0.677s] Level 1:colcon.colcon_core.package_discovery:discover_packages(recursive) using defaults
[0.678s] Level 1:colcon.colcon_core.package_discovery:discover_packages(ignore) discover
[0.678s] Level 1:colcon.colcon_core.package_discovery:discover_packages(ignore) using defaults
[0.678s] Level 1:colcon.colcon_core.package_discovery:discover_packages(path) discover
[0.678s] Level 1:colcon.colcon_core.package_discovery:discover_packages(path) using defaults
[0.741s] Level 1:colcon.colcon_core.package_discovery:discover_packages(prefix_path) check parameters
[0.741s] Level 1:colcon.colcon_core.package_discovery:discover_packages(prefix_path) discover
[0.746s] DEBUG:colcon.colcon_installed_package_information.package_discovery:Found 3 installed packages in /home/julio/Desktop/proyecto_tesis/quadruped_8DOF/install
[0.750s] DEBUG:colcon.colcon_installed_package_information.package_discovery:Found 299 installed packages in /opt/ros/humble
[0.783s] Level 1:colcon.colcon_core.package_discovery:discover_packages(prefix_path) using defaults
[0.861s] Level 5:colcon.colcon_core.verb:set package 'quadruped_model' build argument 'cmake_args' from command line to 'None'
[0.861s] Level 5:colcon.colcon_core.verb:set package 'quadruped_model' build argument 'cmake_target' from command line to 'None'
[0.862s] Level 5:colcon.colcon_core.verb:set package 'quadruped_model' build argument 'cmake_target_skip_unavailable' from command line to 'False'
[0.862s] Level 5:colcon.colcon_core.verb:set package 'quadruped_model' build argument 'cmake_clean_cache' from command line to 'False'
[0.863s] Level 5:colcon.colcon_core.verb:set package 'quadruped_model' build argument 'cmake_clean_first' from command line to 'False'
[0.863s] Level 5:colcon.colcon_core.verb:set package 'quadruped_model' build argument 'cmake_force_configure' from command line to 'False'
[0.863s] Level 5:colcon.colcon_core.verb:set package 'quadruped_model' build argument 'ament_cmake_args' from command line to 'None'
[0.863s] Level 5:colcon.colcon_core.verb:set package 'quadruped_model' build argument 'catkin_cmake_args' from command line to 'None'
[0.863s] Level 5:colcon.colcon_core.verb:set package 'quadruped_model' build argument 'catkin_skip_building_tests' from command line to 'False'
[0.863s] DEBUG:colcon.colcon_core.verb:Building package 'quadruped_model' with the following arguments: {'ament_cmake_args': None, 'build_base': '/home/julio/Desktop/proyecto_tesis/quadruped_8DOF/build/quadruped_model', 'catkin_cmake_args': None, 'catkin_skip_building_tests': False, 'cmake_args': None, 'cmake_clean_cache': False, 'cmake_clean_first': False, 'cmake_force_configure': False, 'cmake_target': None, 'cmake_target_skip_unavailable': False, 'install_base': '/home/julio/Desktop/proyecto_tesis/quadruped_8DOF/install/quadruped_model', 'merge_install': False, 'path': '/home/julio/Desktop/proyecto_tesis/quadruped_8DOF/src/quadruped_model', 'symlink_install': False, 'test_result_base': None}
[0.865s] Level 5:colcon.colcon_core.verb:set package 'quadruped_vrep' build argument 'cmake_args' from command line to 'None'
[0.865s] Level 5:colcon.colcon_core.verb:set package 'quadruped_vrep' build argument 'cmake_target' from command line to 'None'
[0.865s] Level 5:colcon.colcon_core.verb:set package 'quadruped_vrep' build argument 'cmake_target_skip_unavailable' from command line to 'False'
[0.865s] Level 5:colcon.colcon_core.verb:set package 'quadruped_vrep' build argument 'cmake_clean_cache' from command line to 'False'
[0.865s] Level 5:colcon.colcon_core.verb:set package 'quadruped_vrep' build argument 'cmake_clean_first' from command line to 'False'
[0.865s] Level 5:colcon.colcon_core.verb:set package 'quadruped_vrep' build argument 'cmake_force_configure' from command line to 'False'
[0.865s] Level 5:colcon.colcon_core.verb:set package 'quadruped_vrep' build argument 'ament_cmake_args' from command line to 'None'
[0.865s] Level 5:colcon.colcon_core.verb:set package 'quadruped_vrep' build argument 'catkin_cmake_args' from command line to 'None'
[0.866s] Level 5:colcon.colcon_core.verb:set package 'quadruped_vrep' build argument 'catkin_skip_building_tests' from command line to 'False'
[0.866s] DEBUG:colcon.colcon_core.verb:Building package 'quadruped_vrep' with the following arguments: {'ament_cmake_args': None, 'build_base': '/home/julio/Desktop/proyecto_tesis/quadruped_8DOF/build/quadruped_vrep', 'catkin_cmake_args': None, 'catkin_skip_building_tests': False, 'cmake_args': None, 'cmake_clean_cache': False, 'cmake_clean_first': False, 'cmake_force_configure': False, 'cmake_target': None, 'cmake_target_skip_unavailable': False, 'install_base': '/home/julio/Desktop/proyecto_tesis/quadruped_8DOF/install/quadruped_vrep', 'merge_install': False, 'path': '/home/julio/Desktop/proyecto_tesis/quadruped_8DOF/src/quadruped_vrep', 'symlink_install': False, 'test_result_base': None}
[0.867s] Level 5:colcon.colcon_core.verb:set package 'cinematic_control' build argument 'cmake_args' from command line to 'None'
[0.867s] Level 5:colcon.colcon_core.verb:set package 'cinematic_control' build argument 'cmake_target' from command line to 'None'
[0.867s] Level 5:colcon.colcon_core.verb:set package 'cinematic_control' build argument 'cmake_target_skip_unavailable' from command line to 'False'
[0.868s] Level 5:colcon.colcon_core.verb:set package 'cinematic_control' build argument 'cmake_clean_cache' from command line to 'False'
[0.868s] Level 5:colcon.colcon_core.verb:set package 'cinematic_control' build argument 'cmake_clean_first' from command line to 'False'
[0.868s] Level 5:colcon.colcon_core.verb:set package 'cinematic_control' build argument 'cmake_force_configure' from command line to 'False'
[0.868s] Level 5:colcon.colcon_core.verb:set package 'cinematic_control' build argument 'ament_cmake_args' from command line to 'None'
[0.868s] Level 5:colcon.colcon_core.verb:set package 'cinematic_control' build argument 'catkin_cmake_args' from command line to 'None'
[0.868s] Level 5:colcon.colcon_core.verb:set package 'cinematic_control' build argument 'catkin_skip_building_tests' from command line to 'False'
[0.868s] DEBUG:colcon.colcon_core.verb:Building package 'cinematic_control' with the following arguments: {'ament_cmake_args': None, 'build_base': '/home/julio/Desktop/proyecto_tesis/quadruped_8DOF/build/cinematic_control', 'catkin_cmake_args': None, 'catkin_skip_building_tests': False, 'cmake_args': None, 'cmake_clean_cache': False, 'cmake_clean_first': False, 'cmake_force_configure': False, 'cmake_target': None, 'cmake_target_skip_unavailable': False, 'install_base': '/home/julio/Desktop/proyecto_tesis/quadruped_8DOF/install/cinematic_control', 'merge_install': False, 'path': '/home/julio/Desktop/proyecto_tesis/quadruped_8DOF/src/cinematic_control', 'symlink_install': False, 'test_result_base': None}
[0.868s] INFO:colcon.colcon_core.executor:Executing jobs using 'parallel' executor
[0.871s] DEBUG:colcon.colcon_parallel_executor.executor.parallel:run_until_complete
[0.871s] INFO:colcon.colcon_ros.task.ament_python.build:Building ROS package in '/home/julio/Desktop/proyecto_tesis/quadruped_8DOF/src/quadruped_model' with build type 'ament_python'
[0.872s] Level 1:colcon.colcon_core.shell:create_environment_hook('quadruped_model', 'ament_prefix_path')
[0.877s] INFO:colcon.colcon_core.plugin_system:Skipping extension 'colcon_core.shell.bat': Not used on non-Windows systems
[0.878s] INFO:colcon.colcon_core.shell:Creating environment hook '/home/julio/Desktop/proyecto_tesis/quadruped_8DOF/install/quadruped_model/share/quadruped_model/hook/ament_prefix_path.ps1'
[0.881s] INFO:colcon.colcon_core.shell:Creating environment descriptor '/home/julio/Desktop/proyecto_tesis/quadruped_8DOF/install/quadruped_model/share/quadruped_model/hook/ament_prefix_path.dsv'
[0.885s] INFO:colcon.colcon_core.shell:Creating environment hook '/home/julio/Desktop/proyecto_tesis/quadruped_8DOF/install/quadruped_model/share/quadruped_model/hook/ament_prefix_path.sh'
[0.891s] INFO:colcon.colcon_core.shell:Skip shell extension 'powershell' for command environment: Not usable outside of PowerShell
[0.891s] DEBUG:colcon.colcon_core.shell:Skip shell extension 'dsv' for command environment
[0.911s] INFO:colcon.colcon_ros.task.ament_cmake.build:Building ROS package in '/home/julio/Desktop/proyecto_tesis/quadruped_8DOF/src/quadruped_vrep' with build type 'ament_cmake'
[0.912s] INFO:colcon.colcon_cmake.task.cmake.build:Building CMake package in '/home/julio/Desktop/proyecto_tesis/quadruped_8DOF/src/quadruped_vrep'
[0.913s] INFO:colcon.colcon_core.shell:Skip shell extension 'powershell' for command environment: Not usable outside of PowerShell
[0.913s] DEBUG:colcon.colcon_core.shell:Skip shell extension 'dsv' for command environment
[1.644s] INFO:colcon.colcon_core.task.python.build:Building Python package in '/home/julio/Desktop/proyecto_tesis/quadruped_8DOF/src/quadruped_model'
[1.644s] INFO:colcon.colcon_core.shell:Skip shell extension 'powershell' for command environment: Not usable outside of PowerShell
[1.645s] DEBUG:colcon.colcon_core.shell:Skip shell extension 'dsv' for command environment
[1.684s] DEBUG:colcon.colcon_core.event_handler.log_command:Invoking command in '/home/julio/Desktop/proyecto_tesis/quadruped_8DOF/build/quadruped_vrep': CMAKE_PREFIX_PATH=${CMAKE_PREFIX_PATH}:/home/julio/Desktop/proyecto_tesis/quadruped_8DOF/install/cinematic_control:/home/julio/Desktop/proyecto_tesis/quadruped_8DOF/install/quadruped_model:/opt/ros/humble /usr/bin/cmake --build /home/julio/Desktop/proyecto_tesis/quadruped_8DOF/build/quadruped_vrep -- -j2 -l2
[2.030s] DEBUG:colcon.colcon_core.event_handler.log_command:Invoked command in '/home/julio/Desktop/proyecto_tesis/quadruped_8DOF/build/quadruped_vrep' returned '0': CMAKE_PREFIX_PATH=${CMAKE_PREFIX_PATH}:/home/julio/Desktop/proyecto_tesis/quadruped_8DOF/install/cinematic_control:/home/julio/Desktop/proyecto_tesis/quadruped_8DOF/install/quadruped_model:/opt/ros/humble /usr/bin/cmake --build /home/julio/Desktop/proyecto_tesis/quadruped_8DOF/build/quadruped_vrep -- -j2 -l2
[2.323s] DEBUG:colcon.colcon_core.event_handler.log_command:Invoking command in '/home/julio/Desktop/proyecto_tesis/quadruped_8DOF/build/quadruped_vrep': CMAKE_PREFIX_PATH=${CMAKE_PREFIX_PATH}:/home/julio/Desktop/proyecto_tesis/quadruped_8DOF/install/cinematic_control:/home/julio/Desktop/proyecto_tesis/quadruped_8DOF/install/quadruped_model:/opt/ros/humble /usr/bin/cmake --install /home/julio/Desktop/proyecto_tesis/quadruped_8DOF/build/quadruped_vrep
[2.404s] Level 1:colcon.colcon_core.environment:create_environment_scripts_only(quadruped_vrep)
[2.407s] DEBUG:colcon.colcon_core.event_handler.log_command:Invoked command in '/home/julio/Desktop/proyecto_tesis/quadruped_8DOF/build/quadruped_vrep' returned '0': CMAKE_PREFIX_PATH=${CMAKE_PREFIX_PATH}:/home/julio/Desktop/proyecto_tesis/quadruped_8DOF/install/cinematic_control:/home/julio/Desktop/proyecto_tesis/quadruped_8DOF/install/quadruped_model:/opt/ros/humble /usr/bin/cmake --install /home/julio/Desktop/proyecto_tesis/quadruped_8DOF/build/quadruped_vrep
[2.430s] Level 1:colcon.colcon_core.environment:checking '/home/julio/Desktop/proyecto_tesis/quadruped_8DOF/install/quadruped_vrep' for CMake module files
[2.433s] Level 1:colcon.colcon_core.environment:checking '/home/julio/Desktop/proyecto_tesis/quadruped_8DOF/install/quadruped_vrep' for CMake config files
[2.434s] Level 1:colcon.colcon_core.shell:create_environment_hook('quadruped_vrep', 'cmake_prefix_path')
[2.436s] INFO:colcon.colcon_core.shell:Creating environment hook '/home/julio/Desktop/proyecto_tesis/quadruped_8DOF/install/quadruped_vrep/share/quadruped_vrep/hook/cmake_prefix_path.ps1'
[2.438s] INFO:colcon.colcon_core.shell:Creating environment descriptor '/home/julio/Desktop/proyecto_tesis/quadruped_8DOF/install/quadruped_vrep/share/quadruped_vrep/hook/cmake_prefix_path.dsv'
[2.443s] INFO:colcon.colcon_core.shell:Creating environment hook '/home/julio/Desktop/proyecto_tesis/quadruped_8DOF/install/quadruped_vrep/share/quadruped_vrep/hook/cmake_prefix_path.sh'
[2.450s] Level 1:colcon.colcon_core.environment:checking '/home/julio/Desktop/proyecto_tesis/quadruped_8DOF/install/quadruped_vrep/lib'
[2.454s] Level 1:colcon.colcon_core.environment:checking '/home/julio/Desktop/proyecto_tesis/quadruped_8DOF/install/quadruped_vrep/bin'
[2.455s] Level 1:colcon.colcon_core.environment:checking '/home/julio/Desktop/proyecto_tesis/quadruped_8DOF/install/quadruped_vrep/lib/pkgconfig/quadruped_vrep.pc'
[2.457s] Level 1:colcon.colcon_core.environment:checking '/home/julio/Desktop/proyecto_tesis/quadruped_8DOF/install/quadruped_vrep/lib/python3.10/site-packages'
[2.458s] Level 1:colcon.colcon_core.environment:checking '/home/julio/Desktop/proyecto_tesis/quadruped_8DOF/install/quadruped_vrep/bin'
[2.459s] INFO:colcon.colcon_core.shell:Creating package script '/home/julio/Desktop/proyecto_tesis/quadruped_8DOF/install/quadruped_vrep/share/quadruped_vrep/package.ps1'
[2.462s] INFO:colcon.colcon_core.shell:Creating package descriptor '/home/julio/Desktop/proyecto_tesis/quadruped_8DOF/install/quadruped_vrep/share/quadruped_vrep/package.dsv'
[2.463s] INFO:colcon.colcon_core.shell:Creating package script '/home/julio/Desktop/proyecto_tesis/quadruped_8DOF/install/quadruped_vrep/share/quadruped_vrep/package.sh'
[2.469s] INFO:colcon.colcon_core.shell:Creating package script '/home/julio/Desktop/proyecto_tesis/quadruped_8DOF/install/quadruped_vrep/share/quadruped_vrep/package.bash'
[2.477s] INFO:colcon.colcon_core.shell:Creating package script '/home/julio/Desktop/proyecto_tesis/quadruped_8DOF/install/quadruped_vrep/share/quadruped_vrep/package.zsh'
[2.480s] Level 1:colcon.colcon_core.environment:create_file_with_runtime_dependencies(/home/julio/Desktop/proyecto_tesis/quadruped_8DOF/install/quadruped_vrep/share/colcon-core/packages/quadruped_vrep)
[2.667s] Level 1:colcon.colcon_core.environment:create_environment_scripts_only(quadruped_vrep)
[2.667s] Level 1:colcon.colcon_core.environment:checking '/home/julio/Desktop/proyecto_tesis/quadruped_8DOF/install/quadruped_vrep' for CMake module files
[2.673s] Level 1:colcon.colcon_core.environment:checking '/home/julio/Desktop/proyecto_tesis/quadruped_8DOF/install/quadruped_vrep' for CMake config files
[2.677s] Level 1:colcon.colcon_core.shell:create_environment_hook('quadruped_vrep', 'cmake_prefix_path')
[2.679s] INFO:colcon.colcon_core.shell:Creating environment hook '/home/julio/Desktop/proyecto_tesis/quadruped_8DOF/install/quadruped_vrep/share/quadruped_vrep/hook/cmake_prefix_path.ps1'
[2.683s] INFO:colcon.colcon_core.shell:Creating environment descriptor '/home/julio/Desktop/proyecto_tesis/quadruped_8DOF/install/quadruped_vrep/share/quadruped_vrep/hook/cmake_prefix_path.dsv'
[2.688s] INFO:colcon.colcon_core.shell:Creating environment hook '/home/julio/Desktop/proyecto_tesis/quadruped_8DOF/install/quadruped_vrep/share/quadruped_vrep/hook/cmake_prefix_path.sh'
[2.690s] Level 1:colcon.colcon_core.environment:checking '/home/julio/Desktop/proyecto_tesis/quadruped_8DOF/install/quadruped_vrep/lib'
[2.692s] Level 1:colcon.colcon_core.environment:checking '/home/julio/Desktop/proyecto_tesis/quadruped_8DOF/install/quadruped_vrep/bin'
[2.693s] Level 1:colcon.colcon_core.environment:checking '/home/julio/Desktop/proyecto_tesis/quadruped_8DOF/install/quadruped_vrep/lib/pkgconfig/quadruped_vrep.pc'
[2.693s] Level 1:colcon.colcon_core.environment:checking '/home/julio/Desktop/proyecto_tesis/quadruped_8DOF/install/quadruped_vrep/lib/python3.10/site-packages'
[2.694s] Level 1:colcon.colcon_core.environment:checking '/home/julio/Desktop/proyecto_tesis/quadruped_8DOF/install/quadruped_vrep/bin'
[2.695s] INFO:colcon.colcon_core.shell:Creating package script '/home/julio/Desktop/proyecto_tesis/quadruped_8DOF/install/quadruped_vrep/share/quadruped_vrep/package.ps1'
[2.697s] INFO:colcon.colcon_core.shell:Creating package descriptor '/home/julio/Desktop/proyecto_tesis/quadruped_8DOF/install/quadruped_vrep/share/quadruped_vrep/package.dsv'
[2.699s] INFO:colcon.colcon_core.shell:Creating package script '/home/julio/Desktop/proyecto_tesis/quadruped_8DOF/install/quadruped_vrep/share/quadruped_vrep/package.sh'
[2.700s] INFO:colcon.colcon_core.shell:Creating package script '/home/julio/Desktop/proyecto_tesis/quadruped_8DOF/install/quadruped_vrep/share/quadruped_vrep/package.bash'
[2.700s] INFO:colcon.colcon_core.shell:Creating package script '/home/julio/Desktop/proyecto_tesis/quadruped_8DOF/install/quadruped_vrep/share/quadruped_vrep/package.zsh'
[2.704s] Level 1:colcon.colcon_core.environment:create_file_with_runtime_dependencies(/home/julio/Desktop/proyecto_tesis/quadruped_8DOF/install/quadruped_vrep/share/colcon-core/packages/quadruped_vrep)
[3.031s] DEBUG:colcon.colcon_core.event_handler.log_command:Invoking command in '/home/julio/Desktop/proyecto_tesis/quadruped_8DOF/src/quadruped_model': PYTHONPATH=/home/julio/Desktop/proyecto_tesis/quadruped_8DOF/build/quadruped_model/prefix_override:/usr/lib/python3/dist-packages/colcon_core/task/python/colcon_distutils_commands:/home/julio/Desktop/proyecto_tesis/quadruped_8DOF/install/quadruped_model/lib/python3.10/site-packages:${PYTHONPATH} /usr/bin/python3 -W ignore:setup.py install is deprecated setup.py egg_info --egg-base ../../build/quadruped_model build --build-base /home/julio/Desktop/proyecto_tesis/quadruped_8DOF/build/quadruped_model/build install --record /home/julio/Desktop/proyecto_tesis/quadruped_8DOF/build/quadruped_model/install.log --single-version-externally-managed install_data
[3.844s] Level 1:colcon.colcon_core.environment:checking '/home/julio/Desktop/proyecto_tesis/quadruped_8DOF/install/quadruped_model' for CMake module files
[3.845s] DEBUG:colcon.colcon_core.event_handler.log_command:Invoked command in '/home/julio/Desktop/proyecto_tesis/quadruped_8DOF/src/quadruped_model' returned '0': PYTHONPATH=/home/julio/Desktop/proyecto_tesis/quadruped_8DOF/build/quadruped_model/prefix_override:/usr/lib/python3/dist-packages/colcon_core/task/python/colcon_distutils_commands:/home/julio/Desktop/proyecto_tesis/quadruped_8DOF/install/quadruped_model/lib/python3.10/site-packages:${PYTHONPATH} /usr/bin/python3 -W ignore:setup.py install is deprecated setup.py egg_info --egg-base ../../build/quadruped_model build --build-base /home/julio/Desktop/proyecto_tesis/quadruped_8DOF/build/quadruped_model/build install --record /home/julio/Desktop/proyecto_tesis/quadruped_8DOF/build/quadruped_model/install.log --single-version-externally-managed install_data
[3.846s] Level 1:colcon.colcon_core.environment:checking '/home/julio/Desktop/proyecto_tesis/quadruped_8DOF/install/quadruped_model' for CMake config files
[3.847s] Level 1:colcon.colcon_core.environment:checking '/home/julio/Desktop/proyecto_tesis/quadruped_8DOF/install/quadruped_model/lib'
[3.847s] Level 1:colcon.colcon_core.environment:checking '/home/julio/Desktop/proyecto_tesis/quadruped_8DOF/install/quadruped_model/bin'
[3.848s] Level 1:colcon.colcon_core.environment:checking '/home/julio/Desktop/proyecto_tesis/quadruped_8DOF/install/quadruped_model/lib/pkgconfig/quadruped_model.pc'
[3.849s] Level 1:colcon.colcon_core.environment:checking '/home/julio/Desktop/proyecto_tesis/quadruped_8DOF/install/quadruped_model/lib/python3.10/site-packages'
[3.849s] Level 1:colcon.colcon_core.shell:create_environment_hook('quadruped_model', 'pythonpath')
[3.849s] INFO:colcon.colcon_core.shell:Creating environment hook '/home/julio/Desktop/proyecto_tesis/quadruped_8DOF/install/quadruped_model/share/quadruped_model/hook/pythonpath.ps1'
[3.850s] INFO:colcon.colcon_core.shell:Creating environment descriptor '/home/julio/Desktop/proyecto_tesis/quadruped_8DOF/install/quadruped_model/share/quadruped_model/hook/pythonpath.dsv'
[3.850s] INFO:colcon.colcon_core.shell:Creating environment hook '/home/julio/Desktop/proyecto_tesis/quadruped_8DOF/install/quadruped_model/share/quadruped_model/hook/pythonpath.sh'
[3.851s] Level 1:colcon.colcon_core.environment:checking '/home/julio/Desktop/proyecto_tesis/quadruped_8DOF/install/quadruped_model/bin'
[3.851s] Level 1:colcon.colcon_core.environment:create_environment_scripts_only(quadruped_model)
[3.852s] INFO:colcon.colcon_core.shell:Creating package script '/home/julio/Desktop/proyecto_tesis/quadruped_8DOF/install/quadruped_model/share/quadruped_model/package.ps1'
[3.855s] INFO:colcon.colcon_core.shell:Creating package descriptor '/home/julio/Desktop/proyecto_tesis/quadruped_8DOF/install/quadruped_model/share/quadruped_model/package.dsv'
[3.855s] INFO:colcon.colcon_core.shell:Creating package script '/home/julio/Desktop/proyecto_tesis/quadruped_8DOF/install/quadruped_model/share/quadruped_model/package.sh'
[3.856s] INFO:colcon.colcon_core.shell:Creating package script '/home/julio/Desktop/proyecto_tesis/quadruped_8DOF/install/quadruped_model/share/quadruped_model/package.bash'
[3.856s] INFO:colcon.colcon_core.shell:Creating package script '/home/julio/Desktop/proyecto_tesis/quadruped_8DOF/install/quadruped_model/share/quadruped_model/package.zsh'
[3.857s] Level 1:colcon.colcon_core.environment:create_file_with_runtime_dependencies(/home/julio/Desktop/proyecto_tesis/quadruped_8DOF/install/quadruped_model/share/colcon-core/packages/quadruped_model)
[3.858s] INFO:colcon.colcon_ros.task.ament_python.build:Building ROS package in '/home/julio/Desktop/proyecto_tesis/quadruped_8DOF/src/cinematic_control' with build type 'ament_python'
[3.858s] Level 1:colcon.colcon_core.shell:create_environment_hook('cinematic_control', 'ament_prefix_path')
[3.858s] INFO:colcon.colcon_core.shell:Creating environment hook '/home/julio/Desktop/proyecto_tesis/quadruped_8DOF/install/cinematic_control/share/cinematic_control/hook/ament_prefix_path.ps1'
[3.859s] INFO:colcon.colcon_core.shell:Creating environment descriptor '/home/julio/Desktop/proyecto_tesis/quadruped_8DOF/install/cinematic_control/share/cinematic_control/hook/ament_prefix_path.dsv'
[3.859s] INFO:colcon.colcon_core.shell:Creating environment hook '/home/julio/Desktop/proyecto_tesis/quadruped_8DOF/install/cinematic_control/share/cinematic_control/hook/ament_prefix_path.sh'
[3.860s] INFO:colcon.colcon_core.shell:Skip shell extension 'powershell' for command environment: Not usable outside of PowerShell
[3.860s] DEBUG:colcon.colcon_core.shell:Skip shell extension 'dsv' for command environment
[4.720s] INFO:colcon.colcon_core.task.python.build:Building Python package in '/home/julio/Desktop/proyecto_tesis/quadruped_8DOF/src/cinematic_control'
[4.720s] INFO:colcon.colcon_core.shell:Skip shell extension 'powershell' for command environment: Not usable outside of PowerShell
[4.721s] DEBUG:colcon.colcon_core.shell:Skip shell extension 'dsv' for command environment
[5.550s] DEBUG:colcon.colcon_core.event_handler.log_command:Invoking command in '/home/julio/Desktop/proyecto_tesis/quadruped_8DOF/src/cinematic_control': AMENT_PREFIX_PATH=/home/julio/Desktop/proyecto_tesis/quadruped_8DOF/install/quadruped_model:/home/julio/Desktop/proyecto_tesis/quadruped_8DOF/install/quadruped_vrep:/home/julio/Desktop/proyecto_tesis/quadruped_8DOF/install/cinematic_control:/opt/ros/humble PYTHONPATH=/home/julio/Desktop/proyecto_tesis/quadruped_8DOF/build/cinematic_control/prefix_override:/usr/lib/python3/dist-packages/colcon_core/task/python/colcon_distutils_commands:/home/julio/Desktop/proyecto_tesis/quadruped_8DOF/install/cinematic_control/lib/python3.10/site-packages:/home/julio/Desktop/proyecto_tesis/quadruped_8DOF/install/quadruped_model/lib/python3.10/site-packages:/home/julio/Desktop/proyecto_tesis/quadruped_8DOF/install/cinematic_control/lib/python3.10/site-packages:/opt/ros/humble/lib/python3.10/site-packages:/opt/ros/humble/local/lib/python3.10/dist-packages /usr/bin/python3 -W ignore:setup.py install is deprecated setup.py egg_info --egg-base ../../build/cinematic_control build --build-base /home/julio/Desktop/proyecto_tesis/quadruped_8DOF/build/cinematic_control/build install --record /home/julio/Desktop/proyecto_tesis/quadruped_8DOF/build/cinematic_control/install.log --single-version-externally-managed install_data
[6.204s] Level 1:colcon.colcon_core.environment:checking '/home/julio/Desktop/proyecto_tesis/quadruped_8DOF/install/cinematic_control' for CMake module files
[6.205s] DEBUG:colcon.colcon_core.event_handler.log_command:Invoked command in '/home/julio/Desktop/proyecto_tesis/quadruped_8DOF/src/cinematic_control' returned '0': AMENT_PREFIX_PATH=/home/julio/Desktop/proyecto_tesis/quadruped_8DOF/install/quadruped_model:/home/julio/Desktop/proyecto_tesis/quadruped_8DOF/install/quadruped_vrep:/home/julio/Desktop/proyecto_tesis/quadruped_8DOF/install/cinematic_control:/opt/ros/humble PYTHONPATH=/home/julio/Desktop/proyecto_tesis/quadruped_8DOF/build/cinematic_control/prefix_override:/usr/lib/python3/dist-packages/colcon_core/task/python/colcon_distutils_commands:/home/julio/Desktop/proyecto_tesis/quadruped_8DOF/install/cinematic_control/lib/python3.10/site-packages:/home/julio/Desktop/proyecto_tesis/quadruped_8DOF/install/quadruped_model/lib/python3.10/site-packages:/home/julio/Desktop/proyecto_tesis/quadruped_8DOF/install/cinematic_control/lib/python3.10/site-packages:/opt/ros/humble/lib/python3.10/site-packages:/opt/ros/humble/local/lib/python3.10/dist-packages /usr/bin/python3 -W ignore:setup.py install is deprecated setup.py egg_info --egg-base ../../build/cinematic_control build --build-base /home/julio/Desktop/proyecto_tesis/quadruped_8DOF/build/cinematic_control/build install --record /home/julio/Desktop/proyecto_tesis/quadruped_8DOF/build/cinematic_control/install.log --single-version-externally-managed install_data
[6.208s] Level 1:colcon.colcon_core.environment:checking '/home/julio/Desktop/proyecto_tesis/quadruped_8DOF/install/cinematic_control' for CMake config files
[6.211s] Level 1:colcon.colcon_core.environment:checking '/home/julio/Desktop/proyecto_tesis/quadruped_8DOF/install/cinematic_control/lib'
[6.212s] Level 1:colcon.colcon_core.environment:checking '/home/julio/Desktop/proyecto_tesis/quadruped_8DOF/install/cinematic_control/bin'
[6.212s] Level 1:colcon.colcon_core.environment:checking '/home/julio/Desktop/proyecto_tesis/quadruped_8DOF/install/cinematic_control/lib/pkgconfig/cinematic_control.pc'
[6.213s] Level 1:colcon.colcon_core.environment:checking '/home/julio/Desktop/proyecto_tesis/quadruped_8DOF/install/cinematic_control/lib/python3.10/site-packages'
[6.214s] Level 1:colcon.colcon_core.shell:create_environment_hook('cinematic_control', 'pythonpath')
[6.216s] INFO:colcon.colcon_core.shell:Creating environment hook '/home/julio/Desktop/proyecto_tesis/quadruped_8DOF/install/cinematic_control/share/cinematic_control/hook/pythonpath.ps1'
[6.217s] INFO:colcon.colcon_core.shell:Creating environment descriptor '/home/julio/Desktop/proyecto_tesis/quadruped_8DOF/install/cinematic_control/share/cinematic_control/hook/pythonpath.dsv'
[6.220s] INFO:colcon.colcon_core.shell:Creating environment hook '/home/julio/Desktop/proyecto_tesis/quadruped_8DOF/install/cinematic_control/share/cinematic_control/hook/pythonpath.sh'
[6.223s] Level 1:colcon.colcon_core.environment:checking '/home/julio/Desktop/proyecto_tesis/quadruped_8DOF/install/cinematic_control/bin'
[6.224s] Level 1:colcon.colcon_core.environment:create_environment_scripts_only(cinematic_control)
[6.225s] INFO:colcon.colcon_core.shell:Creating package script '/home/julio/Desktop/proyecto_tesis/quadruped_8DOF/install/cinematic_control/share/cinematic_control/package.ps1'
[6.229s] INFO:colcon.colcon_core.shell:Creating package descriptor '/home/julio/Desktop/proyecto_tesis/quadruped_8DOF/install/cinematic_control/share/cinematic_control/package.dsv'
[6.232s] INFO:colcon.colcon_core.shell:Creating package script '/home/julio/Desktop/proyecto_tesis/quadruped_8DOF/install/cinematic_control/share/cinematic_control/package.sh'
[6.235s] INFO:colcon.colcon_core.shell:Creating package script '/home/julio/Desktop/proyecto_tesis/quadruped_8DOF/install/cinematic_control/share/cinematic_control/package.bash'
[6.237s] INFO:colcon.colcon_core.shell:Creating package script '/home/julio/Desktop/proyecto_tesis/quadruped_8DOF/install/cinematic_control/share/cinematic_control/package.zsh'
[6.240s] Level 1:colcon.colcon_core.environment:create_file_with_runtime_dependencies(/home/julio/Desktop/proyecto_tesis/quadruped_8DOF/install/cinematic_control/share/colcon-core/packages/cinematic_control)
[6.241s] DEBUG:colcon.colcon_parallel_executor.executor.parallel:closing loop
[6.245s] DEBUG:colcon.colcon_parallel_executor.executor.parallel:loop closed
[6.245s] DEBUG:colcon.colcon_parallel_executor.executor.parallel:run_until_complete finished with '0'
[6.245s] DEBUG:colcon.colcon_core.event_reactor:joining thread
[6.275s] INFO:colcon.colcon_core.plugin_system:Skipping extension 'colcon_notification.desktop_notification.terminal_notifier': Not used on non-Darwin systems
[6.275s] INFO:colcon.colcon_core.plugin_system:Skipping extension 'colcon_notification.desktop_notification.win32': Not used on non-Windows systems
[6.276s] INFO:colcon.colcon_notification.desktop_notification:Sending desktop notification using 'notify2'
[6.318s] DEBUG:colcon.colcon_core.event_reactor:joined thread
[6.320s] INFO:colcon.colcon_core.shell:Creating prefix script '/home/julio/Desktop/proyecto_tesis/quadruped_8DOF/install/local_setup.ps1'
[6.323s] INFO:colcon.colcon_core.shell:Creating prefix util module '/home/julio/Desktop/proyecto_tesis/quadruped_8DOF/install/_local_setup_util_ps1.py'
[6.326s] INFO:colcon.colcon_core.shell:Creating prefix chain script '/home/julio/Desktop/proyecto_tesis/quadruped_8DOF/install/setup.ps1'
[6.330s] INFO:colcon.colcon_core.shell:Creating prefix script '/home/julio/Desktop/proyecto_tesis/quadruped_8DOF/install/local_setup.sh'
[6.336s] INFO:colcon.colcon_core.shell:Creating prefix util module '/home/julio/Desktop/proyecto_tesis/quadruped_8DOF/install/_local_setup_util_sh.py'
[6.339s] INFO:colcon.colcon_core.shell:Creating prefix chain script '/home/julio/Desktop/proyecto_tesis/quadruped_8DOF/install/setup.sh'
[6.345s] INFO:colcon.colcon_core.shell:Creating prefix script '/home/julio/Desktop/proyecto_tesis/quadruped_8DOF/install/local_setup.bash'
[6.350s] INFO:colcon.colcon_core.shell:Creating prefix chain script '/home/julio/Desktop/proyecto_tesis/quadruped_8DOF/install/setup.bash'
[6.355s] INFO:colcon.colcon_core.shell:Creating prefix script '/home/julio/Desktop/proyecto_tesis/quadruped_8DOF/install/local_setup.zsh'
[6.359s] INFO:colcon.colcon_core.shell:Creating prefix chain script '/home/julio/Desktop/proyecto_tesis/quadruped_8DOF/install/setup.zsh'
