[0.943s] Invoking command in '/home/julio/Desktop/proyecto_tesis/quadruped_8DOF/build/quadruped_vrep': CMAKE_PREFIX_PATH=${CMAKE_PREFIX_PATH}:/home/julio/Desktop/proyecto_tesis/quadruped_8DOF/install/cinematic_control:/home/julio/Desktop/proyecto_tesis/quadruped_8DOF/install/quadruped_model:/opt/ros/humble /usr/bin/cmake --build /home/julio/Desktop/proyecto_tesis/quadruped_8DOF/build/quadruped_vrep -- -j2 -l2
[1.384s] [100%] Built target communication
[1.473s] Invoked command in '/home/julio/Desktop/proyecto_tesis/quadruped_8DOF/build/quadruped_vrep' returned '0': CMAKE_PREFIX_PATH=${CMAKE_PREFIX_PATH}:/home/julio/Desktop/proyecto_tesis/quadruped_8DOF/install/cinematic_control:/home/julio/Desktop/proyecto_tesis/quadruped_8DOF/install/quadruped_model:/opt/ros/humble /usr/bin/cmake --build /home/julio/Desktop/proyecto_tesis/quadruped_8DOF/build/quadruped_vrep -- -j2 -l2
[2.029s] Invoking command in '/home/julio/Desktop/proyecto_tesis/quadruped_8DOF/build/quadruped_vrep': CMAKE_PREFIX_PATH=${CMAKE_PREFIX_PATH}:/home/julio/Desktop/proyecto_tesis/quadruped_8DOF/install/cinematic_control:/home/julio/Desktop/proyecto_tesis/quadruped_8DOF/install/quadruped_model:/opt/ros/humble /usr/bin/cmake --install /home/julio/Desktop/proyecto_tesis/quadruped_8DOF/build/quadruped_vrep
[2.114s] -- Install configuration: ""
[2.119s] -- Up-to-date: /home/julio/Desktop/proyecto_tesis/quadruped_8DOF/install/quadruped_vrep/lib/quadruped_vrep/communication
[2.125s] -- Up-to-date: /home/julio/Desktop/proyecto_tesis/quadruped_8DOF/install/quadruped_vrep/share/ament_index/resource_index/package_run_dependencies/quadruped_vrep
[2.125s] -- Up-to-date: /home/julio/Desktop/proyecto_tesis/quadruped_8DOF/install/quadruped_vrep/share/ament_index/resource_index/parent_prefix_path/quadruped_vrep
[2.125s] -- Up-to-date: /home/julio/Desktop/proyecto_tesis/quadruped_8DOF/install/quadruped_vrep/share/quadruped_vrep/environment/ament_prefix_path.sh
[2.126s] -- Up-to-date: /home/julio/Desktop/proyecto_tesis/quadruped_8DOF/install/quadruped_vrep/share/quadruped_vrep/environment/ament_prefix_path.dsv
[2.128s] -- Up-to-date: /home/julio/Desktop/proyecto_tesis/quadruped_8DOF/install/quadruped_vrep/share/quadruped_vrep/environment/path.sh
[2.130s] -- Up-to-date: /home/julio/Desktop/proyecto_tesis/quadruped_8DOF/install/quadruped_vrep/share/quadruped_vrep/environment/path.dsv
[2.130s] -- Up-to-date: /home/julio/Desktop/proyecto_tesis/quadruped_8DOF/install/quadruped_vrep/share/quadruped_vrep/local_setup.bash
[2.131s] -- Up-to-date: /home/julio/Desktop/proyecto_tesis/quadruped_8DOF/install/quadruped_vrep/share/quadruped_vrep/local_setup.sh
[2.134s] -- Up-to-date: /home/julio/Desktop/proyecto_tesis/quadruped_8DOF/install/quadruped_vrep/share/quadruped_vrep/local_setup.zsh
[2.135s] -- Up-to-date: /home/julio/Desktop/proyecto_tesis/quadruped_8DOF/install/quadruped_vrep/share/quadruped_vrep/local_setup.dsv
[2.139s] -- Installing: /home/julio/Desktop/proyecto_tesis/quadruped_8DOF/install/quadruped_vrep/share/quadruped_vrep/package.dsv
[2.142s] -- Up-to-date: /home/julio/Desktop/proyecto_tesis/quadruped_8DOF/install/quadruped_vrep/share/ament_index/resource_index/packages/quadruped_vrep
[2.146s] -- Up-to-date: /home/julio/Desktop/proyecto_tesis/quadruped_8DOF/install/quadruped_vrep/share/quadruped_vrep/cmake/quadruped_vrepConfig.cmake
[2.146s] -- Up-to-date: /home/julio/Desktop/proyecto_tesis/quadruped_8DOF/install/quadruped_vrep/share/quadruped_vrep/cmake/quadruped_vrepConfig-version.cmake
[2.147s] -- Up-to-date: /home/julio/Desktop/proyecto_tesis/quadruped_8DOF/install/quadruped_vrep/share/quadruped_vrep/package.xml
[2.151s] Invoked command in '/home/julio/Desktop/proyecto_tesis/quadruped_8DOF/build/quadruped_vrep' returned '0': CMAKE_PREFIX_PATH=${CMAKE_PREFIX_PATH}:/home/julio/Desktop/proyecto_tesis/quadruped_8DOF/install/cinematic_control:/home/julio/Desktop/proyecto_tesis/quadruped_8DOF/install/quadruped_model:/opt/ros/humble /usr/bin/cmake --install /home/julio/Desktop/proyecto_tesis/quadruped_8DOF/build/quadruped_vrep
