[0.084s] Invoking command in '/home/julio/Desktop/proyecto_tesis/quadruped_8DOF/src/quadruped_model/quadruped_model_msg/build/quadruped_model_msg': CMAKE_PREFIX_PATH=/opt/ros/humble /usr/bin/cmake /home/julio/Desktop/proyecto_tesis/quadruped_8DOF/src/quadruped_model/quadruped_model_msg -DCMAKE_INSTALL_PREFIX=/home/julio/Desktop/proyecto_tesis/quadruped_8DOF/src/quadruped_model/quadruped_model_msg/install/quadruped_model_msg
[0.137s] -- Found ament_cmake: 1.3.9 (/opt/ros/humble/share/ament_cmake/cmake)
[0.557s] -- Found std_msgs: 4.2.4 (/opt/ros/humble/share/std_msgs/cmake)
[0.624s] -- Found rosidl_generator_c: 3.1.5 (/opt/ros/humble/share/rosidl_generator_c/cmake)
[0.641s] -- Found rosidl_adapter: 3.1.5 (/opt/ros/humble/share/rosidl_adapter/cmake)
[0.660s] -- Found rosidl_generator_cpp: 3.1.5 (/opt/ros/humble/share/rosidl_generator_cpp/cmake)
[0.694s] -- Using all available rosidl_typesupport_c: rosidl_typesupport_fastrtps_c;rosidl_typesupport_introspection_c
[0.750s] -- Using all available rosidl_typesupport_cpp: rosidl_typesupport_fastrtps_cpp;rosidl_typesupport_introspection_cpp
[0.933s] -- Found geometry_msgs: 4.2.4 (/opt/ros/humble/share/geometry_msgs/cmake)
[1.068s] -- Found sensor_msgs: 4.2.4 (/opt/ros/humble/share/sensor_msgs/cmake)
[1.282s] -- Found rosidl_default_generators: 1.2.0 (/opt/ros/humble/share/rosidl_default_generators/cmake)
[2.030s] [31mCMake Error at /opt/ros/humble/share/rosidl_cmake/cmake/rosidl_generate_interfaces.cmake:229 (message):
[2.030s]   Packages installing interfaces must include
[2.030s]   '<member_of_group>rosidl_interface_packages</member_of_group>' in their
[2.031s]   package.xml
[2.032s] Call Stack (most recent call first):
[2.032s]   CMakeLists.txt:19 (rosidl_generate_interfaces)
[2.032s] 
[2.032s] [0m
[2.032s] -- Configuring incomplete, errors occurred!
[2.033s] See also "/home/julio/Desktop/proyecto_tesis/quadruped_8DOF/src/quadruped_model/quadruped_model_msg/build/quadruped_model_msg/CMakeFiles/CMakeOutput.log".
[2.058s] Invoked command in '/home/julio/Desktop/proyecto_tesis/quadruped_8DOF/src/quadruped_model/quadruped_model_msg/build/quadruped_model_msg' returned '1': CMAKE_PREFIX_PATH=/opt/ros/humble /usr/bin/cmake /home/julio/Desktop/proyecto_tesis/quadruped_8DOF/src/quadruped_model/quadruped_model_msg -DCMAKE_INSTALL_PREFIX=/home/julio/Desktop/proyecto_tesis/quadruped_8DOF/src/quadruped_model/quadruped_model_msg/install/quadruped_model_msg
