[2.952s] Invoking command in '/home/julio/Desktop/proyecto_tesis/quadruped_8DOF/src/cinematic_control': AMENT_PREFIX_PATH=/home/julio/Desktop/proyecto_tesis/quadruped_8DOF/install/quadruped_model:/home/julio/Desktop/proyecto_tesis/quadruped_8DOF/install/robotiq_hardware_tests:/home/julio/Desktop/proyecto_tesis/quadruped_8DOF/install/robotiq_driver:/home/julio/Desktop/proyecto_tesis/quadruped_8DOF/install/serial:/home/julio/Desktop/proyecto_tesis/quadruped_8DOF/install/rviz_visual_tools:/home/julio/Desktop/proyecto_tesis/quadruped_8DOF/install/rviz_marker_tools:/home/julio/Desktop/proyecto_tesis/quadruped_8DOF/install/kortex_bringup:/home/julio/Desktop/proyecto_tesis/quadruped_8DOF/install/kortex_description:/home/julio/Desktop/proyecto_tesis/quadruped_8DOF/install/robotiq_description:/home/julio/Desktop/proyecto_tesis/quadruped_8DOF/install/robotiq_controllers:/home/julio/Desktop/proyecto_tesis/quadruped_8DOF/install/quadruped_model_node:/home/julio/Desktop/proyecto_tesis/quadruped_8DOF/install/quadruped_model_msg:/home/julio/Desktop/proyecto_tesis/quadruped_8DOF/install/kortex_driver:/home/julio/Desktop/proyecto_tesis/quadruped_8DOF/install/kortex_api:/home/julio/Desktop/proyecto_tesis/quadruped_8DOF/install/dual_arm_panda_moveit_config:/opt/ros/humble PYTHONPATH=/home/julio/Desktop/proyecto_tesis/quadruped_8DOF/build/cinematic_control/prefix_override:/usr/lib/python3/dist-packages/colcon_core/task/python/colcon_distutils_commands:/home/julio/Desktop/proyecto_tesis/quadruped_8DOF/install/cinematic_control/lib/python3.10/site-packages:${PYTHONPATH} /usr/bin/python3 -W ignore:setup.py install is deprecated setup.py egg_info --egg-base ../../build/cinematic_control build --build-base /home/julio/Desktop/proyecto_tesis/quadruped_8DOF/build/cinematic_control/build install --record /home/julio/Desktop/proyecto_tesis/quadruped_8DOF/build/cinematic_control/install.log --single-version-externally-managed install_data
[4.120s] running egg_info
[4.126s] writing ../../build/cinematic_control/cinematic_control.egg-info/PKG-INFO
[4.129s] writing dependency_links to ../../build/cinematic_control/cinematic_control.egg-info/dependency_links.txt
[4.133s] writing entry points to ../../build/cinematic_control/cinematic_control.egg-info/entry_points.txt
[4.151s] writing requirements to ../../build/cinematic_control/cinematic_control.egg-info/requires.txt
[4.151s] writing top-level names to ../../build/cinematic_control/cinematic_control.egg-info/top_level.txt
[4.152s] reading manifest file '../../build/cinematic_control/cinematic_control.egg-info/SOURCES.txt'
[4.161s] writing manifest file '../../build/cinematic_control/cinematic_control.egg-info/SOURCES.txt'
[4.163s] running build
[4.171s] running build_py
[4.171s] running install
[4.172s] running install_lib
[4.177s] running install_data
[4.183s] copying package.xml -> /home/julio/Desktop/proyecto_tesis/quadruped_8DOF/install/cinematic_control/share/cinematic_control
[4.183s] running install_egg_info
[4.188s] removing '/home/julio/Desktop/proyecto_tesis/quadruped_8DOF/install/cinematic_control/lib/python3.10/site-packages/cinematic_control-0.0.0-py3.10.egg-info' (and everything under it)
[4.191s] Copying ../../build/cinematic_control/cinematic_control.egg-info to /home/julio/Desktop/proyecto_tesis/quadruped_8DOF/install/cinematic_control/lib/python3.10/site-packages/cinematic_control-0.0.0-py3.10.egg-info
[4.194s] running install_scripts
[4.314s] Installing velocity_hip1_cmd script to /home/julio/Desktop/proyecto_tesis/quadruped_8DOF/install/cinematic_control/lib/cinematic_control
[4.324s] writing list of installed files to '/home/julio/Desktop/proyecto_tesis/quadruped_8DOF/build/cinematic_control/install.log'
[4.406s] Invoked command in '/home/julio/Desktop/proyecto_tesis/quadruped_8DOF/src/cinematic_control' returned '0': AMENT_PREFIX_PATH=/home/julio/Desktop/proyecto_tesis/quadruped_8DOF/install/quadruped_model:/home/julio/Desktop/proyecto_tesis/quadruped_8DOF/install/robotiq_hardware_tests:/home/julio/Desktop/proyecto_tesis/quadruped_8DOF/install/robotiq_driver:/home/julio/Desktop/proyecto_tesis/quadruped_8DOF/install/serial:/home/julio/Desktop/proyecto_tesis/quadruped_8DOF/install/rviz_visual_tools:/home/julio/Desktop/proyecto_tesis/quadruped_8DOF/install/rviz_marker_tools:/home/julio/Desktop/proyecto_tesis/quadruped_8DOF/install/kortex_bringup:/home/julio/Desktop/proyecto_tesis/quadruped_8DOF/install/kortex_description:/home/julio/Desktop/proyecto_tesis/quadruped_8DOF/install/robotiq_description:/home/julio/Desktop/proyecto_tesis/quadruped_8DOF/install/robotiq_controllers:/home/julio/Desktop/proyecto_tesis/quadruped_8DOF/install/quadruped_model_node:/home/julio/Desktop/proyecto_tesis/quadruped_8DOF/install/quadruped_model_msg:/home/julio/Desktop/proyecto_tesis/quadruped_8DOF/install/kortex_driver:/home/julio/Desktop/proyecto_tesis/quadruped_8DOF/install/kortex_api:/home/julio/Desktop/proyecto_tesis/quadruped_8DOF/install/dual_arm_panda_moveit_config:/opt/ros/humble PYTHONPATH=/home/julio/Desktop/proyecto_tesis/quadruped_8DOF/build/cinematic_control/prefix_override:/usr/lib/python3/dist-packages/colcon_core/task/python/colcon_distutils_commands:/home/julio/Desktop/proyecto_tesis/quadruped_8DOF/install/cinematic_control/lib/python3.10/site-packages:${PYTHONPATH} /usr/bin/python3 -W ignore:setup.py install is deprecated setup.py egg_info --egg-base ../../build/cinematic_control build --build-base /home/julio/Desktop/proyecto_tesis/quadruped_8DOF/build/cinematic_control/build install --record /home/julio/Desktop/proyecto_tesis/quadruped_8DOF/build/cinematic_control/install.log --single-version-externally-managed install_data
