[3.761s] Invoking command in '/home/julio/Desktop/proyecto_tesis/quadruped_8DOF/build/quadruped_vrep': CMAKE_PREFIX_PATH=${CMAKE_PREFIX_PATH}:/home/julio/Desktop/proyecto_tesis/quadruped_8DOF/install/cinematic_control:/home/julio/Desktop/proyecto_tesis/quadruped_8DOF/install/quadruped_model:/opt/ros/humble /usr/bin/cmake --build /home/julio/Desktop/proyecto_tesis/quadruped_8DOF/build/quadruped_vrep -- -j2 -l2
[5.805s] [100%] Built target communication
[6.230s] Invoked command in '/home/julio/Desktop/proyecto_tesis/quadruped_8DOF/build/quadruped_vrep' returned '0': CMAKE_PREFIX_PATH=${CMAKE_PREFIX_PATH}:/home/julio/Desktop/proyecto_tesis/quadruped_8DOF/install/cinematic_control:/home/julio/Desktop/proyecto_tesis/quadruped_8DOF/install/quadruped_model:/opt/ros/humble /usr/bin/cmake --build /home/julio/Desktop/proyecto_tesis/quadruped_8DOF/build/quadruped_vrep -- -j2 -l2
[7.781s] Invoking command in '/home/julio/Desktop/proyecto_tesis/quadruped_8DOF/build/quadruped_vrep': CMAKE_PREFIX_PATH=${CMAKE_PREFIX_PATH}:/home/julio/Desktop/proyecto_tesis/quadruped_8DOF/install/cinematic_control:/home/julio/Desktop/proyecto_tesis/quadruped_8DOF/install/quadruped_model:/opt/ros/humble /usr/bin/cmake --install /home/julio/Desktop/proyecto_tesis/quadruped_8DOF/build/quadruped_vrep
[8.015s] -- Install configuration: ""
[8.022s] -- Up-to-date: /home/julio/Desktop/proyecto_tesis/quadruped_8DOF/install/quadruped_vrep/lib/quadruped_vrep/communication
[8.033s] -- Up-to-date: /home/julio/Desktop/proyecto_tesis/quadruped_8DOF/install/quadruped_vrep/share/ament_index/resource_index/package_run_dependencies/quadruped_vrep
[8.039s] -- Up-to-date: /home/julio/Desktop/proyecto_tesis/quadruped_8DOF/install/quadruped_vrep/share/ament_index/resource_index/parent_prefix_path/quadruped_vrep
[8.040s] -- Up-to-date: /home/julio/Desktop/proyecto_tesis/quadruped_8DOF/install/quadruped_vrep/share/quadruped_vrep/environment/ament_prefix_path.sh
[8.048s] -- Up-to-date: /home/julio/Desktop/proyecto_tesis/quadruped_8DOF/install/quadruped_vrep/share/quadruped_vrep/environment/ament_prefix_path.dsv
[8.048s] -- Up-to-date: /home/julio/Desktop/proyecto_tesis/quadruped_8DOF/install/quadruped_vrep/share/quadruped_vrep/environment/path.sh
[8.049s] -- Up-to-date: /home/julio/Desktop/proyecto_tesis/quadruped_8DOF/install/quadruped_vrep/share/quadruped_vrep/environment/path.dsv
[8.049s] -- Up-to-date: /home/julio/Desktop/proyecto_tesis/quadruped_8DOF/install/quadruped_vrep/share/quadruped_vrep/local_setup.bash
[8.049s] -- Up-to-date: /home/julio/Desktop/proyecto_tesis/quadruped_8DOF/install/quadruped_vrep/share/quadruped_vrep/local_setup.sh
[8.049s] -- Up-to-date: /home/julio/Desktop/proyecto_tesis/quadruped_8DOF/install/quadruped_vrep/share/quadruped_vrep/local_setup.zsh
[8.061s] -- Up-to-date: /home/julio/Desktop/proyecto_tesis/quadruped_8DOF/install/quadruped_vrep/share/quadruped_vrep/local_setup.dsv
[8.062s] -- Installing: /home/julio/Desktop/proyecto_tesis/quadruped_8DOF/install/quadruped_vrep/share/quadruped_vrep/package.dsv
[8.062s] -- Up-to-date: /home/julio/Desktop/proyecto_tesis/quadruped_8DOF/install/quadruped_vrep/share/ament_index/resource_index/packages/quadruped_vrep
[8.062s] -- Up-to-date: /home/julio/Desktop/proyecto_tesis/quadruped_8DOF/install/quadruped_vrep/share/quadruped_vrep/cmake/quadruped_vrepConfig.cmake
[8.076s] -- Up-to-date: /home/julio/Desktop/proyecto_tesis/quadruped_8DOF/install/quadruped_vrep/share/quadruped_vrep/cmake/quadruped_vrepConfig-version.cmake
[8.088s] -- Up-to-date: /home/julio/Desktop/proyecto_tesis/quadruped_8DOF/install/quadruped_vrep/share/quadruped_vrep/package.xml
[8.120s] Invoked command in '/home/julio/Desktop/proyecto_tesis/quadruped_8DOF/build/quadruped_vrep' returned '0': CMAKE_PREFIX_PATH=${CMAKE_PREFIX_PATH}:/home/julio/Desktop/proyecto_tesis/quadruped_8DOF/install/cinematic_control:/home/julio/Desktop/proyecto_tesis/quadruped_8DOF/install/quadruped_model:/opt/ros/humble /usr/bin/cmake --install /home/julio/Desktop/proyecto_tesis/quadruped_8DOF/build/quadruped_vrep
