[0.715s] Invoking command in '/home/julio/Desktop/proyecto_tesis/quadruped_8DOF/src/quadruped_model/quadruped_model_msg/build/quadruped_model_msg': CMAKE_PREFIX_PATH=/opt/ros/humble /usr/bin/cmake /home/julio/Desktop/proyecto_tesis/quadruped_8DOF/src/quadruped_model/quadruped_model_msg -DCMAKE_INSTALL_PREFIX=/home/julio/Desktop/proyecto_tesis/quadruped_8DOF/src/quadruped_model/quadruped_model_msg/install/quadruped_model_msg
[3.008s] -- The C compiler identification is GNU 11.4.0
[14.529s] -- The CXX compiler identification is GNU 11.4.0
[14.803s] -- Detecting C compiler ABI info
[16.229s] -- Detecting C compiler ABI info - done
[16.279s] -- Check for working C compiler: /usr/bin/cc - skipped
[16.287s] -- Detecting C compile features
[16.308s] -- Detecting C compile features - done
[16.325s] -- Detecting CXX compiler ABI info
[16.840s] -- Detecting CXX compiler ABI info - done
[16.905s] -- Check for working CXX compiler: /usr/bin/c++ - skipped
[16.911s] -- Detecting CXX compile features
[16.911s] -- Detecting CXX compile features - done
[17.204s] -- Found ament_cmake: 1.3.9 (/opt/ros/humble/share/ament_cmake/cmake)
[18.375s] -- Found Python3: /usr/bin/python3 (found version "3.10.12") found components: Interpreter 
[19.353s] -- Found std_msgs: 4.2.4 (/opt/ros/humble/share/std_msgs/cmake)
[19.963s] -- Found rosidl_generator_c: 3.1.5 (/opt/ros/humble/share/rosidl_generator_c/cmake)
[20.107s] -- Found rosidl_adapter: 3.1.5 (/opt/ros/humble/share/rosidl_adapter/cmake)
[20.245s] -- Found rosidl_generator_cpp: 3.1.5 (/opt/ros/humble/share/rosidl_generator_cpp/cmake)
[20.532s] -- Using all available rosidl_typesupport_c: rosidl_typesupport_fastrtps_c;rosidl_typesupport_introspection_c
[20.764s] -- Using all available rosidl_typesupport_cpp: rosidl_typesupport_fastrtps_cpp;rosidl_typesupport_introspection_cpp
[21.293s] -- Found geometry_msgs: 4.2.4 (/opt/ros/humble/share/geometry_msgs/cmake)
[21.539s] -- Found sensor_msgs: 4.2.4 (/opt/ros/humble/share/sensor_msgs/cmake)
[21.908s] -- Found rosidl_default_generators: 1.2.0 (/opt/ros/humble/share/rosidl_default_generators/cmake)
[22.047s] [31mCMake Error at /opt/ros/humble/share/rosidl_cmake/cmake/rosidl_generate_interfaces.cmake:93 (message):
[22.048s]   rosidl_generate_interfaces() the passed file 'msg/MotorCmd.msg' doesn't
[22.048s]   exist relative to the CMAKE_CURRENT_SOURCE_DIR
[22.049s]   '/home/julio/Desktop/proyecto_tesis/quadruped_8DOF/src/quadruped_model/quadruped_model_msg'
[22.049s] Call Stack (most recent call first):
[22.058s]   CMakeLists.txt:19 (rosidl_generate_interfaces)
[22.059s] 
[22.059s] [0m
[22.065s] -- Configuring incomplete, errors occurred!
[22.068s] See also "/home/julio/Desktop/proyecto_tesis/quadruped_8DOF/src/quadruped_model/quadruped_model_msg/build/quadruped_model_msg/CMakeFiles/CMakeOutput.log".
[22.101s] Invoked command in '/home/julio/Desktop/proyecto_tesis/quadruped_8DOF/src/quadruped_model/quadruped_model_msg/build/quadruped_model_msg' returned '1': CMAKE_PREFIX_PATH=/opt/ros/humble /usr/bin/cmake /home/julio/Desktop/proyecto_tesis/quadruped_8DOF/src/quadruped_model/quadruped_model_msg -DCMAKE_INSTALL_PREFIX=/home/julio/Desktop/proyecto_tesis/quadruped_8DOF/src/quadruped_model/quadruped_model_msg/install/quadruped_model_msg
