[0.799s] Invoking command in '/home/maranmen/Quadruped_8DOF/src/quadruped_model': PYTHONPATH=/home/maranmen/Quadruped_8DOF/build/quadruped_model/prefix_override:/home/maranmen/Quadruped_8DOF/install/quadruped_model/lib/python3.10/site-packages:${PYTHONPATH} /usr/bin/python3 -W ignore:setup.py install is deprecated setup.py egg_info --egg-base ../../build/quadruped_model build --build-base /home/maranmen/Quadruped_8DOF/build/quadruped_model/build install --record /home/maranmen/Quadruped_8DOF/build/quadruped_model/install.log --single-version-externally-managed install_data
[1.115s] running egg_info
[1.115s] writing ../../build/quadruped_model/quadruped_model.egg-info/PKG-INFO
[1.116s] writing dependency_links to ../../build/quadruped_model/quadruped_model.egg-info/dependency_links.txt
[1.117s] writing entry points to ../../build/quadruped_model/quadruped_model.egg-info/entry_points.txt
[1.117s] writing requirements to ../../build/quadruped_model/quadruped_model.egg-info/requires.txt
[1.117s] writing top-level names to ../../build/quadruped_model/quadruped_model.egg-info/top_level.txt
[1.119s] reading manifest file '../../build/quadruped_model/quadruped_model.egg-info/SOURCES.txt'
[1.121s] writing manifest file '../../build/quadruped_model/quadruped_model.egg-info/SOURCES.txt'
[1.121s] running build
[1.121s] running build_py
[1.122s] running install
[1.122s] running install_lib
[1.124s] running install_data
[1.124s] copying launch/display.launch.py -> /home/maranmen/Quadruped_8DOF/install/quadruped_model/share/quadruped_model/launch
[1.125s] running install_egg_info
[1.127s] removing '/home/maranmen/Quadruped_8DOF/install/quadruped_model/lib/python3.10/site-packages/quadruped_model-0.0.0-py3.10.egg-info' (and everything under it)
[1.128s] Copying ../../build/quadruped_model/quadruped_model.egg-info to /home/maranmen/Quadruped_8DOF/install/quadruped_model/lib/python3.10/site-packages/quadruped_model-0.0.0-py3.10.egg-info
[1.130s] running install_scripts
[1.159s] writing list of installed files to '/home/maranmen/Quadruped_8DOF/build/quadruped_model/install.log'
[1.189s] Invoked command in '/home/maranmen/Quadruped_8DOF/src/quadruped_model' returned '0': PYTHONPATH=/home/maranmen/Quadruped_8DOF/build/quadruped_model/prefix_override:/home/maranmen/Quadruped_8DOF/install/quadruped_model/lib/python3.10/site-packages:${PYTHONPATH} /usr/bin/python3 -W ignore:setup.py install is deprecated setup.py egg_info --egg-base ../../build/quadruped_model build --build-base /home/maranmen/Quadruped_8DOF/build/quadruped_model/build install --record /home/maranmen/Quadruped_8DOF/build/quadruped_model/install.log --single-version-externally-managed install_data
