[0.772s] Invoking command in '/home/maranmen/quadruped_8DOF/src/quadruped_model': PYTHONPATH=/home/maranmen/quadruped_8DOF/build/quadruped_model/prefix_override:/usr/lib/python3/dist-packages/colcon_core/task/python/colcon_distutils_commands:/home/maranmen/quadruped_8DOF/install/quadruped_model/lib/python3.10/site-packages:${PYTHONPATH} /usr/bin/python3 -W ignore:setup.py install is deprecated setup.py egg_info --egg-base ../../build/quadruped_model build --build-base /home/maranmen/quadruped_8DOF/build/quadruped_model/build install --record /home/maranmen/quadruped_8DOF/build/quadruped_model/install.log --single-version-externally-managed install_data
[1.058s] running egg_info
[1.059s] writing ../../build/quadruped_model/quadruped_model.egg-info/PKG-INFO
[1.060s] writing dependency_links to ../../build/quadruped_model/quadruped_model.egg-info/dependency_links.txt
[1.062s] writing entry points to ../../build/quadruped_model/quadruped_model.egg-info/entry_points.txt
[1.062s] writing requirements to ../../build/quadruped_model/quadruped_model.egg-info/requires.txt
[1.062s] writing top-level names to ../../build/quadruped_model/quadruped_model.egg-info/top_level.txt
[1.064s] reading manifest file '../../build/quadruped_model/quadruped_model.egg-info/SOURCES.txt'
[1.065s] writing manifest file '../../build/quadruped_model/quadruped_model.egg-info/SOURCES.txt'
[1.066s] running build
[1.066s] running build_py
[1.067s] copying quadruped_model/continuous_lifter.py -> /home/maranmen/quadruped_8DOF/build/quadruped_model/build/lib/quadruped_model
[1.067s] running install
[1.067s] running install_lib
[1.069s] copying /home/maranmen/quadruped_8DOF/build/quadruped_model/build/lib/quadruped_model/continuous_lifter.py -> /home/maranmen/quadruped_8DOF/install/quadruped_model/lib/python3.10/site-packages/quadruped_model
[1.069s] byte-compiling /home/maranmen/quadruped_8DOF/install/quadruped_model/lib/python3.10/site-packages/quadruped_model/continuous_lifter.py to continuous_lifter.cpython-310.pyc
[1.071s] running install_data
[1.072s] running install_egg_info
[1.074s] removing '/home/maranmen/quadruped_8DOF/install/quadruped_model/lib/python3.10/site-packages/quadruped_model-0.0.0-py3.10.egg-info' (and everything under it)
[1.076s] Copying ../../build/quadruped_model/quadruped_model.egg-info to /home/maranmen/quadruped_8DOF/install/quadruped_model/lib/python3.10/site-packages/quadruped_model-0.0.0-py3.10.egg-info
[1.079s] running install_scripts
[1.098s] Installing continuous_lifter script to /home/maranmen/quadruped_8DOF/install/quadruped_model/lib/quadruped_model
[1.099s] Installing move_robot script to /home/maranmen/quadruped_8DOF/install/quadruped_model/lib/quadruped_model
[1.099s] writing list of installed files to '/home/maranmen/quadruped_8DOF/build/quadruped_model/install.log'
[1.120s] Invoked command in '/home/maranmen/quadruped_8DOF/src/quadruped_model' returned '0': PYTHONPATH=/home/maranmen/quadruped_8DOF/build/quadruped_model/prefix_override:/usr/lib/python3/dist-packages/colcon_core/task/python/colcon_distutils_commands:/home/maranmen/quadruped_8DOF/install/quadruped_model/lib/python3.10/site-packages:${PYTHONPATH} /usr/bin/python3 -W ignore:setup.py install is deprecated setup.py egg_info --egg-base ../../build/quadruped_model build --build-base /home/maranmen/quadruped_8DOF/build/quadruped_model/build install --record /home/maranmen/quadruped_8DOF/build/quadruped_model/install.log --single-version-externally-managed install_data
