/home/maranmen/quadruped_8DOF/install/cinematic_control/lib/python3.10/site-packages/cinematic_control/velocity_hip1_cmd.py
/home/maranmen/quadruped_8DOF/install/cinematic_control/lib/python3.10/site-packages/cinematic_control/velocity_leg4_cmd.py
/home/maranmen/quadruped_8DOF/install/cinematic_control/lib/python3.10/site-packages/cinematic_control/velocity_hip2_cmd.py
/home/maranmen/quadruped_8DOF/install/cinematic_control/lib/python3.10/site-packages/cinematic_control/velocity_hip4_cmd.py
/home/maranmen/quadruped_8DOF/install/cinematic_control/lib/python3.10/site-packages/cinematic_control/quadruped_driver_node.py
/home/maranmen/quadruped_8DOF/install/cinematic_control/lib/python3.10/site-packages/cinematic_control/velocity_leg1_cmd.py
/home/maranmen/quadruped_8DOF/install/cinematic_control/lib/python3.10/site-packages/cinematic_control/velocity_leg2_cmd.py
/home/maranmen/quadruped_8DOF/install/cinematic_control/lib/python3.10/site-packages/cinematic_control/velocity_hip3_cmd.py
/home/maranmen/quadruped_8DOF/install/cinematic_control/lib/python3.10/site-packages/cinematic_control/__init__.py
/home/maranmen/quadruped_8DOF/install/cinematic_control/lib/python3.10/site-packages/cinematic_control/velocity_leg3_cmd.py
/home/maranmen/quadruped_8DOF/install/cinematic_control/lib/python3.10/site-packages/cinematic_control/__pycache__/velocity_hip1_cmd.cpython-310.pyc
/home/maranmen/quadruped_8DOF/install/cinematic_control/lib/python3.10/site-packages/cinematic_control/__pycache__/velocity_leg4_cmd.cpython-310.pyc
/home/maranmen/quadruped_8DOF/install/cinematic_control/lib/python3.10/site-packages/cinematic_control/__pycache__/velocity_hip2_cmd.cpython-310.pyc
/home/maranmen/quadruped_8DOF/install/cinematic_control/lib/python3.10/site-packages/cinematic_control/__pycache__/velocity_hip4_cmd.cpython-310.pyc
/home/maranmen/quadruped_8DOF/install/cinematic_control/lib/python3.10/site-packages/cinematic_control/__pycache__/quadruped_driver_node.cpython-310.pyc
/home/maranmen/quadruped_8DOF/install/cinematic_control/lib/python3.10/site-packages/cinematic_control/__pycache__/velocity_leg1_cmd.cpython-310.pyc
/home/maranmen/quadruped_8DOF/install/cinematic_control/lib/python3.10/site-packages/cinematic_control/__pycache__/velocity_leg2_cmd.cpython-310.pyc
/home/maranmen/quadruped_8DOF/install/cinematic_control/lib/python3.10/site-packages/cinematic_control/__pycache__/velocity_hip3_cmd.cpython-310.pyc
/home/maranmen/quadruped_8DOF/install/cinematic_control/lib/python3.10/site-packages/cinematic_control/__pycache__/__init__.cpython-310.pyc
/home/maranmen/quadruped_8DOF/install/cinematic_control/lib/python3.10/site-packages/cinematic_control/__pycache__/velocity_leg3_cmd.cpython-310.pyc
/home/maranmen/quadruped_8DOF/install/cinematic_control/share/ament_index/resource_index/packages/cinematic_control
/home/maranmen/quadruped_8DOF/install/cinematic_control/share/cinematic_control/package.xml
/home/maranmen/quadruped_8DOF/install/cinematic_control/lib/python3.10/site-packages/cinematic_control-0.0.0-py3.10.egg-info/SOURCES.txt
/home/maranmen/quadruped_8DOF/install/cinematic_control/lib/python3.10/site-packages/cinematic_control-0.0.0-py3.10.egg-info/dependency_links.txt
/home/maranmen/quadruped_8DOF/install/cinematic_control/lib/python3.10/site-packages/cinematic_control-0.0.0-py3.10.egg-info/PKG-INFO
/home/maranmen/quadruped_8DOF/install/cinematic_control/lib/python3.10/site-packages/cinematic_control-0.0.0-py3.10.egg-info/zip-safe
/home/maranmen/quadruped_8DOF/install/cinematic_control/lib/python3.10/site-packages/cinematic_control-0.0.0-py3.10.egg-info/requires.txt
/home/maranmen/quadruped_8DOF/install/cinematic_control/lib/python3.10/site-packages/cinematic_control-0.0.0-py3.10.egg-info/entry_points.txt
/home/maranmen/quadruped_8DOF/install/cinematic_control/lib/python3.10/site-packages/cinematic_control-0.0.0-py3.10.egg-info/top_level.txt
/home/maranmen/quadruped_8DOF/install/cinematic_control/lib/cinematic_control/velocity_hip1_cmd
/home/maranmen/quadruped_8DOF/install/cinematic_control/lib/cinematic_control/velocity_hip2_cmd
/home/maranmen/quadruped_8DOF/install/cinematic_control/lib/cinematic_control/velocity_hip3_cmd
/home/maranmen/quadruped_8DOF/install/cinematic_control/lib/cinematic_control/velocity_hip4_cmd
