[0.011s] Invoking command in '/home/maranmen/Quadruped_8DOF/build/moveit_resources_panda_moveit_config': AMENT_PREFIX_PATH=/home/maranmen/Quadruped_8DOF/install/moveit_resources_panda_description:${AMENT_PREFIX_PATH} CMAKE_PREFIX_PATH=/home/maranmen/Quadruped_8DOF/install/moveit_resources_panda_description:/home/maranmen/Quadruped_8DOF/install/quadruped_model:/opt/ros/humble /usr/bin/cmake /home/maranmen/Quadruped_8DOF/src/moveit_resources/panda_moveit_config -DCMAKE_BUILD_TYPE=Release -DCMAKE_INSTALL_PREFIX=/home/maranmen/Quadruped_8DOF/install/moveit_resources_panda_moveit_config
[0.117s] -- The C compiler identification is GNU 11.4.0
[0.215s] -- The CXX compiler identification is GNU 11.4.0
[0.224s] -- Detecting C compiler ABI info
[0.349s] -- Detecting C compiler ABI info - done
[0.382s] -- Check for working C compiler: /usr/bin/cc - skipped
[0.382s] -- Detecting C compile features
[0.382s] -- Detecting C compile features - done
[0.383s] -- Detecting CXX compiler ABI info
[0.518s] -- Detecting CXX compiler ABI info - done
[0.526s] -- Check for working CXX compiler: /usr/bin/c++ - skipped
[0.527s] -- Detecting CXX compile features
[0.527s] -- Detecting CXX compile features - done
[0.531s] -- Found ament_cmake: 1.3.9 (/opt/ros/humble/share/ament_cmake/cmake)
[0.733s] -- Found Python3: /usr/bin/python3 (found version "3.10.12") found components: Interpreter 
[0.943s] -- Configuring done
[0.948s] -- Generating done
[0.951s] -- Build files have been written to: /home/maranmen/Quadruped_8DOF/build/moveit_resources_panda_moveit_config
[0.956s] Invoked command in '/home/maranmen/Quadruped_8DOF/build/moveit_resources_panda_moveit_config' returned '0': AMENT_PREFIX_PATH=/home/maranmen/Quadruped_8DOF/install/moveit_resources_panda_description:${AMENT_PREFIX_PATH} CMAKE_PREFIX_PATH=/home/maranmen/Quadruped_8DOF/install/moveit_resources_panda_description:/home/maranmen/Quadruped_8DOF/install/quadruped_model:/opt/ros/humble /usr/bin/cmake /home/maranmen/Quadruped_8DOF/src/moveit_resources/panda_moveit_config -DCMAKE_BUILD_TYPE=Release -DCMAKE_INSTALL_PREFIX=/home/maranmen/Quadruped_8DOF/install/moveit_resources_panda_moveit_config
[0.979s] Invoking command in '/home/maranmen/Quadruped_8DOF/build/moveit_resources_panda_moveit_config': AMENT_PREFIX_PATH=/home/maranmen/Quadruped_8DOF/install/moveit_resources_panda_description:${AMENT_PREFIX_PATH} CMAKE_PREFIX_PATH=/home/maranmen/Quadruped_8DOF/install/moveit_resources_panda_description:/home/maranmen/Quadruped_8DOF/install/quadruped_model:/opt/ros/humble /usr/bin/cmake --build /home/maranmen/Quadruped_8DOF/build/moveit_resources_panda_moveit_config -- -j4 -l4
[1.054s] Invoked command in '/home/maranmen/Quadruped_8DOF/build/moveit_resources_panda_moveit_config' returned '0': AMENT_PREFIX_PATH=/home/maranmen/Quadruped_8DOF/install/moveit_resources_panda_description:${AMENT_PREFIX_PATH} CMAKE_PREFIX_PATH=/home/maranmen/Quadruped_8DOF/install/moveit_resources_panda_description:/home/maranmen/Quadruped_8DOF/install/quadruped_model:/opt/ros/humble /usr/bin/cmake --build /home/maranmen/Quadruped_8DOF/build/moveit_resources_panda_moveit_config -- -j4 -l4
[1.109s] Invoking command in '/home/maranmen/Quadruped_8DOF/build/moveit_resources_panda_moveit_config': AMENT_PREFIX_PATH=/home/maranmen/Quadruped_8DOF/install/moveit_resources_panda_description:${AMENT_PREFIX_PATH} CMAKE_PREFIX_PATH=/home/maranmen/Quadruped_8DOF/install/moveit_resources_panda_description:/home/maranmen/Quadruped_8DOF/install/quadruped_model:/opt/ros/humble /usr/bin/cmake --install /home/maranmen/Quadruped_8DOF/build/moveit_resources_panda_moveit_config
[1.131s] -- Install configuration: "Release"
[1.131s] -- Installing: /home/maranmen/Quadruped_8DOF/install/moveit_resources_panda_moveit_config/share/ament_index/resource_index/package_run_dependencies/moveit_resources_panda_moveit_config
[1.132s] -- Installing: /home/maranmen/Quadruped_8DOF/install/moveit_resources_panda_moveit_config/share/ament_index/resource_index/parent_prefix_path/moveit_resources_panda_moveit_config
[1.132s] -- Installing: /home/maranmen/Quadruped_8DOF/install/moveit_resources_panda_moveit_config/share/moveit_resources_panda_moveit_config/environment/ament_prefix_path.sh
[1.132s] -- Installing: /home/maranmen/Quadruped_8DOF/install/moveit_resources_panda_moveit_config/share/moveit_resources_panda_moveit_config/environment/ament_prefix_path.dsv
[1.132s] -- Installing: /home/maranmen/Quadruped_8DOF/install/moveit_resources_panda_moveit_config/share/moveit_resources_panda_moveit_config/environment/path.sh
[1.132s] -- Installing: /home/maranmen/Quadruped_8DOF/install/moveit_resources_panda_moveit_config/share/moveit_resources_panda_moveit_config/environment/path.dsv
[1.132s] -- Installing: /home/maranmen/Quadruped_8DOF/install/moveit_resources_panda_moveit_config/share/moveit_resources_panda_moveit_config/local_setup.bash
[1.132s] -- Installing: /home/maranmen/Quadruped_8DOF/install/moveit_resources_panda_moveit_config/share/moveit_resources_panda_moveit_config/local_setup.sh
[1.133s] -- Installing: /home/maranmen/Quadruped_8DOF/install/moveit_resources_panda_moveit_config/share/moveit_resources_panda_moveit_config/local_setup.zsh
[1.133s] -- Installing: /home/maranmen/Quadruped_8DOF/install/moveit_resources_panda_moveit_config/share/moveit_resources_panda_moveit_config/local_setup.dsv
[1.133s] -- Installing: /home/maranmen/Quadruped_8DOF/install/moveit_resources_panda_moveit_config/share/moveit_resources_panda_moveit_config/package.dsv
[1.133s] -- Installing: /home/maranmen/Quadruped_8DOF/install/moveit_resources_panda_moveit_config/share/ament_index/resource_index/packages/moveit_resources_panda_moveit_config
[1.133s] -- Installing: /home/maranmen/Quadruped_8DOF/install/moveit_resources_panda_moveit_config/share/moveit_resources_panda_moveit_config/cmake/moveit_resources_panda_moveit_configConfig.cmake
[1.133s] -- Installing: /home/maranmen/Quadruped_8DOF/install/moveit_resources_panda_moveit_config/share/moveit_resources_panda_moveit_config/cmake/moveit_resources_panda_moveit_configConfig-version.cmake
[1.133s] -- Installing: /home/maranmen/Quadruped_8DOF/install/moveit_resources_panda_moveit_config/share/moveit_resources_panda_moveit_config/package.xml
[1.133s] -- Installing: /home/maranmen/Quadruped_8DOF/install/moveit_resources_panda_moveit_config/share/moveit_resources_panda_moveit_config/launch
[1.133s] -- Installing: /home/maranmen/Quadruped_8DOF/install/moveit_resources_panda_moveit_config/share/moveit_resources_panda_moveit_config/launch/moveit_rviz.launch.py
[1.133s] -- Installing: /home/maranmen/Quadruped_8DOF/install/moveit_resources_panda_moveit_config/share/moveit_resources_panda_moveit_config/launch/moveit_empty.rviz
[1.133s] -- Installing: /home/maranmen/Quadruped_8DOF/install/moveit_resources_panda_moveit_config/share/moveit_resources_panda_moveit_config/launch/demo.launch.py
[1.134s] -- Installing: /home/maranmen/Quadruped_8DOF/install/moveit_resources_panda_moveit_config/share/moveit_resources_panda_moveit_config/launch/moveit.rviz
[1.134s] -- Installing: /home/maranmen/Quadruped_8DOF/install/moveit_resources_panda_moveit_config/share/moveit_resources_panda_moveit_config/config
[1.134s] -- Installing: /home/maranmen/Quadruped_8DOF/install/moveit_resources_panda_moveit_config/share/moveit_resources_panda_moveit_config/config/hand.xacro
[1.134s] -- Installing: /home/maranmen/Quadruped_8DOF/install/moveit_resources_panda_moveit_config/share/moveit_resources_panda_moveit_config/config/ompl_planning.yaml
[1.134s] -- Installing: /home/maranmen/Quadruped_8DOF/install/moveit_resources_panda_moveit_config/share/moveit_resources_panda_moveit_config/config/moveit_controllers.yaml
[1.134s] -- Installing: /home/maranmen/Quadruped_8DOF/install/moveit_resources_panda_moveit_config/share/moveit_resources_panda_moveit_config/config/pilz_industrial_motion_planner_planning.yaml
[1.134s] -- Installing: /home/maranmen/Quadruped_8DOF/install/moveit_resources_panda_moveit_config/share/moveit_resources_panda_moveit_config/config/joint_limits.yaml
[1.134s] -- Installing: /home/maranmen/Quadruped_8DOF/install/moveit_resources_panda_moveit_config/share/moveit_resources_panda_moveit_config/config/initial_positions.yaml
[1.134s] -- Installing: /home/maranmen/Quadruped_8DOF/install/moveit_resources_panda_moveit_config/share/moveit_resources_panda_moveit_config/config/sensors_kinect_pointcloud.yaml
[1.134s] -- Installing: /home/maranmen/Quadruped_8DOF/install/moveit_resources_panda_moveit_config/share/moveit_resources_panda_moveit_config/config/ros2_controllers.yaml
[1.134s] -- Installing: /home/maranmen/Quadruped_8DOF/install/moveit_resources_panda_moveit_config/share/moveit_resources_panda_moveit_config/config/panda_arm.srdf.xacro
[1.134s] -- Installing: /home/maranmen/Quadruped_8DOF/install/moveit_resources_panda_moveit_config/share/moveit_resources_panda_moveit_config/config/trac_ik_kinematics.yaml
[1.134s] -- Installing: /home/maranmen/Quadruped_8DOF/install/moveit_resources_panda_moveit_config/share/moveit_resources_panda_moveit_config/config/stomp_planning.yaml
[1.135s] -- Installing: /home/maranmen/Quadruped_8DOF/install/moveit_resources_panda_moveit_config/share/moveit_resources_panda_moveit_config/config/panda_arm.xacro
[1.135s] -- Installing: /home/maranmen/Quadruped_8DOF/install/moveit_resources_panda_moveit_config/share/moveit_resources_panda_moveit_config/config/panda.srdf
[1.135s] -- Installing: /home/maranmen/Quadruped_8DOF/install/moveit_resources_panda_moveit_config/share/moveit_resources_panda_moveit_config/config/hard_joint_limits.yaml
[1.135s] -- Installing: /home/maranmen/Quadruped_8DOF/install/moveit_resources_panda_moveit_config/share/moveit_resources_panda_moveit_config/config/kinematics.yaml
[1.135s] -- Installing: /home/maranmen/Quadruped_8DOF/install/moveit_resources_panda_moveit_config/share/moveit_resources_panda_moveit_config/config/panda.ros2_control.xacro
[1.135s] -- Installing: /home/maranmen/Quadruped_8DOF/install/moveit_resources_panda_moveit_config/share/moveit_resources_panda_moveit_config/config/bio_ik_kinematics.yaml
[1.135s] -- Installing: /home/maranmen/Quadruped_8DOF/install/moveit_resources_panda_moveit_config/share/moveit_resources_panda_moveit_config/config/panda_arm_hand.srdf.xacro
[1.135s] -- Installing: /home/maranmen/Quadruped_8DOF/install/moveit_resources_panda_moveit_config/share/moveit_resources_panda_moveit_config/config/panda_hand.ros2_control.xacro
[1.135s] -- Installing: /home/maranmen/Quadruped_8DOF/install/moveit_resources_panda_moveit_config/share/moveit_resources_panda_moveit_config/config/sensors_kinect_depthmap.yaml
[1.136s] -- Installing: /home/maranmen/Quadruped_8DOF/install/moveit_resources_panda_moveit_config/share/moveit_resources_panda_moveit_config/config/chomp_planning.yaml
[1.136s] -- Installing: /home/maranmen/Quadruped_8DOF/install/moveit_resources_panda_moveit_config/share/moveit_resources_panda_moveit_config/config/pilz_cartesian_limits.yaml
[1.136s] -- Installing: /home/maranmen/Quadruped_8DOF/install/moveit_resources_panda_moveit_config/share/moveit_resources_panda_moveit_config/config/panda.urdf.xacro
[1.136s] -- Installing: /home/maranmen/Quadruped_8DOF/install/moveit_resources_panda_moveit_config/share/moveit_resources_panda_moveit_config/config/gripper_moveit_controllers.yaml
[1.137s] -- Installing: /home/maranmen/Quadruped_8DOF/install/moveit_resources_panda_moveit_config/share/moveit_resources_panda_moveit_config/.setup_assistant
[1.138s] Invoked command in '/home/maranmen/Quadruped_8DOF/build/moveit_resources_panda_moveit_config' returned '0': AMENT_PREFIX_PATH=/home/maranmen/Quadruped_8DOF/install/moveit_resources_panda_description:${AMENT_PREFIX_PATH} CMAKE_PREFIX_PATH=/home/maranmen/Quadruped_8DOF/install/moveit_resources_panda_description:/home/maranmen/Quadruped_8DOF/install/quadruped_model:/opt/ros/humble /usr/bin/cmake --install /home/maranmen/Quadruped_8DOF/build/moveit_resources_panda_moveit_config
