[22.439s] Invoking command in '/home/maranmen/quadruped_8DOF/src/quadruped_model': PYTHONPATH=/home/maranmen/quadruped_8DOF/build/quadruped_model/prefix_override:/usr/lib/python3/dist-packages/colcon_core/task/python/colcon_distutils_commands:/home/maranmen/quadruped_8DOF/install/quadruped_model/lib/python3.10/site-packages:${PYTHONPATH} /usr/bin/python3 -W ignore:setup.py install is deprecated setup.py egg_info --egg-base ../../build/quadruped_model build --build-base /home/maranmen/quadruped_8DOF/build/quadruped_model/build install --record /home/maranmen/quadruped_8DOF/build/quadruped_model/install.log --single-version-externally-managed install_data
[22.896s] running egg_info
[22.897s] writing ../../build/quadruped_model/quadruped_model.egg-info/PKG-INFO
[22.897s] writing dependency_links to ../../build/quadruped_model/quadruped_model.egg-info/dependency_links.txt
[22.898s] writing entry points to ../../build/quadruped_model/quadruped_model.egg-info/entry_points.txt
[22.898s] writing requirements to ../../build/quadruped_model/quadruped_model.egg-info/requires.txt
[22.898s] writing top-level names to ../../build/quadruped_model/quadruped_model.egg-info/top_level.txt
[22.900s] reading manifest file '../../build/quadruped_model/quadruped_model.egg-info/SOURCES.txt'
[22.901s] writing manifest file '../../build/quadruped_model/quadruped_model.egg-info/SOURCES.txt'
[22.902s] running build
[22.902s] running build_py
[22.902s] running install
[22.903s] running install_lib
[22.904s] running install_data
[22.905s] copying launch/rviz.launch.py -> /home/maranmen/quadruped_8DOF/install/quadruped_model/share/quadruped_model/launch
[22.905s] running install_egg_info
[22.907s] removing '/home/maranmen/quadruped_8DOF/install/quadruped_model/lib/python3.10/site-packages/quadruped_model-0.0.0-py3.10.egg-info' (and everything under it)
[22.912s] Copying ../../build/quadruped_model/quadruped_model.egg-info to /home/maranmen/quadruped_8DOF/install/quadruped_model/lib/python3.10/site-packages/quadruped_model-0.0.0-py3.10.egg-info
[22.927s] running install_scripts
[22.948s] Installing continuous_lifter script to /home/maranmen/quadruped_8DOF/install/quadruped_model/lib/quadruped_model
[22.958s] Installing move_robot script to /home/maranmen/quadruped_8DOF/install/quadruped_model/lib/quadruped_model
[22.959s] writing list of installed files to '/home/maranmen/quadruped_8DOF/build/quadruped_model/install.log'
[22.985s] Invoked command in '/home/maranmen/quadruped_8DOF/src/quadruped_model' returned '0': PYTHONPATH=/home/maranmen/quadruped_8DOF/build/quadruped_model/prefix_override:/usr/lib/python3/dist-packages/colcon_core/task/python/colcon_distutils_commands:/home/maranmen/quadruped_8DOF/install/quadruped_model/lib/python3.10/site-packages:${PYTHONPATH} /usr/bin/python3 -W ignore:setup.py install is deprecated setup.py egg_info --egg-base ../../build/quadruped_model build --build-base /home/maranmen/quadruped_8DOF/build/quadruped_model/build install --record /home/maranmen/quadruped_8DOF/build/quadruped_model/install.log --single-version-externally-managed install_data
