[0.345s] DEBUG:colcon:Command line arguments: ['/usr/bin/colcon', 'build']
[0.345s] DEBUG:colcon:Parsed command line arguments: Namespace(log_base=None, log_level=None, verb_name='build', build_base='build', install_base='install', merge_install=False, symlink_install=False, test_result_base=None, continue_on_error=False, executor='parallel', parallel_workers=2, event_handlers=None, ignore_user_meta=False, metas=['./colcon.meta'], base_paths=['.'], packages_ignore=None, packages_ignore_regex=None, paths=None, packages_up_to=None, packages_up_to_regex=None, packages_above=None, packages_above_and_dependencies=None, packages_above_depth=None, packages_select_by_dep=None, packages_skip_by_dep=None, packages_skip_up_to=None, packages_select_build_failed=False, packages_skip_build_finished=False, packages_select_test_failures=False, packages_skip_test_passed=False, packages_select=None, packages_skip=None, packages_select_regex=None, packages_skip_regex=None, packages_start=None, packages_end=None, allow_overriding=[], cmake_args=None, cmake_target=None, cmake_target_skip_unavailable=False, cmake_clean_cache=False, cmake_clean_first=False, cmake_force_configure=False, ament_cmake_args=None, catkin_cmake_args=None, catkin_skip_building_tests=False, mixin_files=None, mixin=None, verb_parser=<colcon_mixin.mixin.mixin_argument.MixinArgumentDecorator object at 0x7a7d8f91a9b0>, verb_extension=<colcon_core.verb.build.BuildVerb object at 0x7a7d8f919f30>, main=<bound method BuildVerb.main of <colcon_core.verb.build.BuildVerb object at 0x7a7d8f919f30>>, mixin_verb=('build',))
[0.802s] Level 1:colcon.colcon_core.package_discovery:discover_packages(colcon_meta) check parameters
[0.803s] Level 1:colcon.colcon_core.package_discovery:discover_packages(recursive) check parameters
[0.803s] Level 1:colcon.colcon_core.package_discovery:discover_packages(ignore) check parameters
[0.803s] Level 1:colcon.colcon_core.package_discovery:discover_packages(path) check parameters
[0.803s] Level 1:colcon.colcon_core.package_discovery:discover_packages(colcon_meta) discover
[0.803s] Level 1:colcon.colcon_core.package_discovery:discover_packages(recursive) discover
[0.803s] INFO:colcon.colcon_core.package_discovery:Crawling recursively for packages in '/home/julio/Desktop/proyecto_tesis/quadruped_8DOF'
[0.803s] Level 1:colcon.colcon_core.package_identification:_identify(.) by extensions ['ignore', 'ignore_ament_install']
[0.803s] Level 1:colcon.colcon_core.package_identification:_identify(.) by extension 'ignore'
[0.803s] Level 1:colcon.colcon_core.package_identification:_identify(.) by extension 'ignore_ament_install'
[0.803s] Level 1:colcon.colcon_core.package_identification:_identify(.) by extensions ['colcon_pkg']
[0.803s] Level 1:colcon.colcon_core.package_identification:_identify(.) by extension 'colcon_pkg'
[0.803s] Level 1:colcon.colcon_core.package_identification:_identify(.) by extensions ['colcon_meta']
[0.804s] Level 1:colcon.colcon_core.package_identification:_identify(.) by extension 'colcon_meta'
[0.804s] Level 1:colcon.colcon_core.package_identification:_identify(.) by extensions ['ros']
[0.804s] Level 1:colcon.colcon_core.package_identification:_identify(.) by extension 'ros'
[0.841s] Level 1:colcon.colcon_core.package_identification:_identify(.) by extensions ['cmake', 'python']
[0.841s] Level 1:colcon.colcon_core.package_identification:_identify(.) by extension 'cmake'
[0.842s] Level 1:colcon.colcon_core.package_identification:_identify(.) by extension 'python'
[0.842s] Level 1:colcon.colcon_core.package_identification:_identify(.) by extensions ['python_setup_py']
[0.842s] Level 1:colcon.colcon_core.package_identification:_identify(.) by extension 'python_setup_py'
[0.842s] Level 1:colcon.colcon_core.package_identification:_identify(build) by extensions ['ignore', 'ignore_ament_install']
[0.843s] Level 1:colcon.colcon_core.package_identification:_identify(build) by extension 'ignore'
[0.843s] Level 1:colcon.colcon_core.package_identification:_identify(build) ignored
[0.843s] Level 1:colcon.colcon_core.package_identification:_identify(install) by extensions ['ignore', 'ignore_ament_install']
[0.844s] Level 1:colcon.colcon_core.package_identification:_identify(install) by extension 'ignore'
[0.844s] Level 1:colcon.colcon_core.package_identification:_identify(install) ignored
[0.844s] Level 1:colcon.colcon_core.package_identification:_identify(log) by extensions ['ignore', 'ignore_ament_install']
[0.845s] Level 1:colcon.colcon_core.package_identification:_identify(log) by extension 'ignore'
[0.845s] Level 1:colcon.colcon_core.package_identification:_identify(log) ignored
[0.845s] Level 1:colcon.colcon_core.package_identification:_identify(src) by extensions ['ignore', 'ignore_ament_install']
[0.845s] Level 1:colcon.colcon_core.package_identification:_identify(src) by extension 'ignore'
[0.845s] Level 1:colcon.colcon_core.package_identification:_identify(src) by extension 'ignore_ament_install'
[0.846s] Level 1:colcon.colcon_core.package_identification:_identify(src) by extensions ['colcon_pkg']
[0.846s] Level 1:colcon.colcon_core.package_identification:_identify(src) by extension 'colcon_pkg'
[0.846s] Level 1:colcon.colcon_core.package_identification:_identify(src) by extensions ['colcon_meta']
[0.846s] Level 1:colcon.colcon_core.package_identification:_identify(src) by extension 'colcon_meta'
[0.846s] Level 1:colcon.colcon_core.package_identification:_identify(src) by extensions ['ros']
[0.846s] Level 1:colcon.colcon_core.package_identification:_identify(src) by extension 'ros'
[0.847s] Level 1:colcon.colcon_core.package_identification:_identify(src) by extensions ['cmake', 'python']
[0.847s] Level 1:colcon.colcon_core.package_identification:_identify(src) by extension 'cmake'
[0.847s] Level 1:colcon.colcon_core.package_identification:_identify(src) by extension 'python'
[0.847s] Level 1:colcon.colcon_core.package_identification:_identify(src) by extensions ['python_setup_py']
[0.847s] Level 1:colcon.colcon_core.package_identification:_identify(src) by extension 'python_setup_py'
[0.848s] Level 1:colcon.colcon_core.package_identification:_identify(src/action) by extensions ['ignore', 'ignore_ament_install']
[0.848s] Level 1:colcon.colcon_core.package_identification:_identify(src/action) by extension 'ignore'
[0.848s] Level 1:colcon.colcon_core.package_identification:_identify(src/action) by extension 'ignore_ament_install'
[0.849s] Level 1:colcon.colcon_core.package_identification:_identify(src/action) by extensions ['colcon_pkg']
[0.849s] Level 1:colcon.colcon_core.package_identification:_identify(src/action) by extension 'colcon_pkg'
[0.849s] Level 1:colcon.colcon_core.package_identification:_identify(src/action) by extensions ['colcon_meta']
[0.849s] Level 1:colcon.colcon_core.package_identification:_identify(src/action) by extension 'colcon_meta'
[0.849s] Level 1:colcon.colcon_core.package_identification:_identify(src/action) by extensions ['ros']
[0.849s] Level 1:colcon.colcon_core.package_identification:_identify(src/action) by extension 'ros'
[0.850s] Level 1:colcon.colcon_core.package_identification:_identify(src/action) by extensions ['cmake', 'python']
[0.850s] Level 1:colcon.colcon_core.package_identification:_identify(src/action) by extension 'cmake'
[0.850s] Level 1:colcon.colcon_core.package_identification:_identify(src/action) by extension 'python'
[0.850s] Level 1:colcon.colcon_core.package_identification:_identify(src/action) by extensions ['python_setup_py']
[0.850s] Level 1:colcon.colcon_core.package_identification:_identify(src/action) by extension 'python_setup_py'
[0.850s] Level 1:colcon.colcon_core.package_identification:_identify(src/build) by extensions ['ignore', 'ignore_ament_install']
[0.851s] Level 1:colcon.colcon_core.package_identification:_identify(src/build) by extension 'ignore'
[0.851s] Level 1:colcon.colcon_core.package_identification:_identify(src/build) ignored
[0.851s] Level 1:colcon.colcon_core.package_identification:_identify(src/cinematic_control) by extensions ['ignore', 'ignore_ament_install']
[0.851s] Level 1:colcon.colcon_core.package_identification:_identify(src/cinematic_control) by extension 'ignore'
[0.851s] Level 1:colcon.colcon_core.package_identification:_identify(src/cinematic_control) by extension 'ignore_ament_install'
[0.852s] Level 1:colcon.colcon_core.package_identification:_identify(src/cinematic_control) by extensions ['colcon_pkg']
[0.852s] Level 1:colcon.colcon_core.package_identification:_identify(src/cinematic_control) by extension 'colcon_pkg'
[0.852s] Level 1:colcon.colcon_core.package_identification:_identify(src/cinematic_control) by extensions ['colcon_meta']
[0.852s] Level 1:colcon.colcon_core.package_identification:_identify(src/cinematic_control) by extension 'colcon_meta'
[0.852s] Level 1:colcon.colcon_core.package_identification:_identify(src/cinematic_control) by extensions ['ros']
[0.852s] Level 1:colcon.colcon_core.package_identification:_identify(src/cinematic_control) by extension 'ros'
[0.860s] DEBUG:colcon.colcon_core.package_identification:Package 'src/cinematic_control' with type 'ros.ament_python' and name 'cinematic_control'
[0.861s] Level 1:colcon.colcon_core.package_identification:_identify(src/install) by extensions ['ignore', 'ignore_ament_install']
[0.861s] Level 1:colcon.colcon_core.package_identification:_identify(src/install) by extension 'ignore'
[0.861s] Level 1:colcon.colcon_core.package_identification:_identify(src/install) ignored
[0.862s] Level 1:colcon.colcon_core.package_identification:_identify(src/log) by extensions ['ignore', 'ignore_ament_install']
[0.862s] Level 1:colcon.colcon_core.package_identification:_identify(src/log) by extension 'ignore'
[0.862s] Level 1:colcon.colcon_core.package_identification:_identify(src/log) ignored
[0.863s] Level 1:colcon.colcon_core.package_identification:_identify(src/quadruped_model) by extensions ['ignore', 'ignore_ament_install']
[0.863s] Level 1:colcon.colcon_core.package_identification:_identify(src/quadruped_model) by extension 'ignore'
[0.864s] Level 1:colcon.colcon_core.package_identification:_identify(src/quadruped_model) by extension 'ignore_ament_install'
[0.864s] Level 1:colcon.colcon_core.package_identification:_identify(src/quadruped_model) by extensions ['colcon_pkg']
[0.864s] Level 1:colcon.colcon_core.package_identification:_identify(src/quadruped_model) by extension 'colcon_pkg'
[0.864s] Level 1:colcon.colcon_core.package_identification:_identify(src/quadruped_model) by extensions ['colcon_meta']
[0.864s] Level 1:colcon.colcon_core.package_identification:_identify(src/quadruped_model) by extension 'colcon_meta'
[0.864s] Level 1:colcon.colcon_core.package_identification:_identify(src/quadruped_model) by extensions ['ros']
[0.864s] Level 1:colcon.colcon_core.package_identification:_identify(src/quadruped_model) by extension 'ros'
[0.867s] DEBUG:colcon.colcon_core.package_identification:Package 'src/quadruped_model' with type 'ros.ament_python' and name 'quadruped_model'
[0.867s] Level 1:colcon.colcon_core.package_identification:_identify(src/srv) by extensions ['ignore', 'ignore_ament_install']
[0.867s] Level 1:colcon.colcon_core.package_identification:_identify(src/srv) by extension 'ignore'
[0.867s] Level 1:colcon.colcon_core.package_identification:_identify(src/srv) by extension 'ignore_ament_install'
[0.868s] Level 1:colcon.colcon_core.package_identification:_identify(src/srv) by extensions ['colcon_pkg']
[0.868s] Level 1:colcon.colcon_core.package_identification:_identify(src/srv) by extension 'colcon_pkg'
[0.868s] Level 1:colcon.colcon_core.package_identification:_identify(src/srv) by extensions ['colcon_meta']
[0.868s] Level 1:colcon.colcon_core.package_identification:_identify(src/srv) by extension 'colcon_meta'
[0.868s] Level 1:colcon.colcon_core.package_identification:_identify(src/srv) by extensions ['ros']
[0.868s] Level 1:colcon.colcon_core.package_identification:_identify(src/srv) by extension 'ros'
[0.869s] Level 1:colcon.colcon_core.package_identification:_identify(src/srv) by extensions ['cmake', 'python']
[0.869s] Level 1:colcon.colcon_core.package_identification:_identify(src/srv) by extension 'cmake'
[0.869s] Level 1:colcon.colcon_core.package_identification:_identify(src/srv) by extension 'python'
[0.869s] Level 1:colcon.colcon_core.package_identification:_identify(src/srv) by extensions ['python_setup_py']
[0.869s] Level 1:colcon.colcon_core.package_identification:_identify(src/srv) by extension 'python_setup_py'
[0.869s] Level 1:colcon.colcon_core.package_discovery:discover_packages(recursive) using defaults
[0.869s] Level 1:colcon.colcon_core.package_discovery:discover_packages(ignore) discover
[0.870s] Level 1:colcon.colcon_core.package_discovery:discover_packages(ignore) using defaults
[0.870s] Level 1:colcon.colcon_core.package_discovery:discover_packages(path) discover
[0.870s] Level 1:colcon.colcon_core.package_discovery:discover_packages(path) using defaults
[0.912s] Level 1:colcon.colcon_core.package_discovery:discover_packages(prefix_path) check parameters
[0.912s] Level 1:colcon.colcon_core.package_discovery:discover_packages(prefix_path) discover
[0.918s] DEBUG:colcon.colcon_installed_package_information.package_discovery:Found 2 installed packages in /home/julio/Desktop/proyecto_tesis/quadruped_8DOF/install
[0.921s] DEBUG:colcon.colcon_installed_package_information.package_discovery:Found 299 installed packages in /opt/ros/humble
[0.951s] Level 1:colcon.colcon_core.package_discovery:discover_packages(prefix_path) using defaults
[1.036s] Level 5:colcon.colcon_core.verb:set package 'quadruped_model' build argument 'cmake_args' from command line to 'None'
[1.036s] Level 5:colcon.colcon_core.verb:set package 'quadruped_model' build argument 'cmake_target' from command line to 'None'
[1.037s] Level 5:colcon.colcon_core.verb:set package 'quadruped_model' build argument 'cmake_target_skip_unavailable' from command line to 'False'
[1.037s] Level 5:colcon.colcon_core.verb:set package 'quadruped_model' build argument 'cmake_clean_cache' from command line to 'False'
[1.037s] Level 5:colcon.colcon_core.verb:set package 'quadruped_model' build argument 'cmake_clean_first' from command line to 'False'
[1.037s] Level 5:colcon.colcon_core.verb:set package 'quadruped_model' build argument 'cmake_force_configure' from command line to 'False'
[1.037s] Level 5:colcon.colcon_core.verb:set package 'quadruped_model' build argument 'ament_cmake_args' from command line to 'None'
[1.037s] Level 5:colcon.colcon_core.verb:set package 'quadruped_model' build argument 'catkin_cmake_args' from command line to 'None'
[1.037s] Level 5:colcon.colcon_core.verb:set package 'quadruped_model' build argument 'catkin_skip_building_tests' from command line to 'False'
[1.037s] DEBUG:colcon.colcon_core.verb:Building package 'quadruped_model' with the following arguments: {'ament_cmake_args': None, 'build_base': '/home/julio/Desktop/proyecto_tesis/quadruped_8DOF/build/quadruped_model', 'catkin_cmake_args': None, 'catkin_skip_building_tests': False, 'cmake_args': None, 'cmake_clean_cache': False, 'cmake_clean_first': False, 'cmake_force_configure': False, 'cmake_target': None, 'cmake_target_skip_unavailable': False, 'install_base': '/home/julio/Desktop/proyecto_tesis/quadruped_8DOF/install/quadruped_model', 'merge_install': False, 'path': '/home/julio/Desktop/proyecto_tesis/quadruped_8DOF/src/quadruped_model', 'symlink_install': False, 'test_result_base': None}
[1.038s] Level 5:colcon.colcon_core.verb:set package 'cinematic_control' build argument 'cmake_args' from command line to 'None'
[1.038s] Level 5:colcon.colcon_core.verb:set package 'cinematic_control' build argument 'cmake_target' from command line to 'None'
[1.038s] Level 5:colcon.colcon_core.verb:set package 'cinematic_control' build argument 'cmake_target_skip_unavailable' from command line to 'False'
[1.038s] Level 5:colcon.colcon_core.verb:set package 'cinematic_control' build argument 'cmake_clean_cache' from command line to 'False'
[1.038s] Level 5:colcon.colcon_core.verb:set package 'cinematic_control' build argument 'cmake_clean_first' from command line to 'False'
[1.038s] Level 5:colcon.colcon_core.verb:set package 'cinematic_control' build argument 'cmake_force_configure' from command line to 'False'
[1.038s] Level 5:colcon.colcon_core.verb:set package 'cinematic_control' build argument 'ament_cmake_args' from command line to 'None'
[1.038s] Level 5:colcon.colcon_core.verb:set package 'cinematic_control' build argument 'catkin_cmake_args' from command line to 'None'
[1.038s] Level 5:colcon.colcon_core.verb:set package 'cinematic_control' build argument 'catkin_skip_building_tests' from command line to 'False'
[1.038s] DEBUG:colcon.colcon_core.verb:Building package 'cinematic_control' with the following arguments: {'ament_cmake_args': None, 'build_base': '/home/julio/Desktop/proyecto_tesis/quadruped_8DOF/build/cinematic_control', 'catkin_cmake_args': None, 'catkin_skip_building_tests': False, 'cmake_args': None, 'cmake_clean_cache': False, 'cmake_clean_first': False, 'cmake_force_configure': False, 'cmake_target': None, 'cmake_target_skip_unavailable': False, 'install_base': '/home/julio/Desktop/proyecto_tesis/quadruped_8DOF/install/cinematic_control', 'merge_install': False, 'path': '/home/julio/Desktop/proyecto_tesis/quadruped_8DOF/src/cinematic_control', 'symlink_install': False, 'test_result_base': None}
[1.038s] INFO:colcon.colcon_core.executor:Executing jobs using 'parallel' executor
[1.041s] DEBUG:colcon.colcon_parallel_executor.executor.parallel:run_until_complete
[1.042s] INFO:colcon.colcon_ros.task.ament_python.build:Building ROS package in '/home/julio/Desktop/proyecto_tesis/quadruped_8DOF/src/quadruped_model' with build type 'ament_python'
[1.042s] Level 1:colcon.colcon_core.shell:create_environment_hook('quadruped_model', 'ament_prefix_path')
[1.045s] INFO:colcon.colcon_core.plugin_system:Skipping extension 'colcon_core.shell.bat': Not used on non-Windows systems
[1.045s] INFO:colcon.colcon_core.shell:Creating environment hook '/home/julio/Desktop/proyecto_tesis/quadruped_8DOF/install/quadruped_model/share/quadruped_model/hook/ament_prefix_path.ps1'
[1.046s] INFO:colcon.colcon_core.shell:Creating environment descriptor '/home/julio/Desktop/proyecto_tesis/quadruped_8DOF/install/quadruped_model/share/quadruped_model/hook/ament_prefix_path.dsv'
[1.049s] INFO:colcon.colcon_core.shell:Creating environment hook '/home/julio/Desktop/proyecto_tesis/quadruped_8DOF/install/quadruped_model/share/quadruped_model/hook/ament_prefix_path.sh'
[1.050s] INFO:colcon.colcon_core.shell:Skip shell extension 'powershell' for command environment: Not usable outside of PowerShell
[1.050s] DEBUG:colcon.colcon_core.shell:Skip shell extension 'dsv' for command environment
[2.689s] INFO:colcon.colcon_core.task.python.build:Building Python package in '/home/julio/Desktop/proyecto_tesis/quadruped_8DOF/src/quadruped_model'
[2.690s] INFO:colcon.colcon_core.shell:Skip shell extension 'powershell' for command environment: Not usable outside of PowerShell
[2.690s] DEBUG:colcon.colcon_core.shell:Skip shell extension 'dsv' for command environment
[4.237s] DEBUG:colcon.colcon_core.event_handler.log_command:Invoking command in '/home/julio/Desktop/proyecto_tesis/quadruped_8DOF/src/quadruped_model': PYTHONPATH=/home/julio/Desktop/proyecto_tesis/quadruped_8DOF/build/quadruped_model/prefix_override:/usr/lib/python3/dist-packages/colcon_core/task/python/colcon_distutils_commands:/home/julio/Desktop/proyecto_tesis/quadruped_8DOF/install/quadruped_model/lib/python3.10/site-packages:${PYTHONPATH} /usr/bin/python3 -W ignore:setup.py install is deprecated setup.py egg_info --egg-base ../../build/quadruped_model build --build-base /home/julio/Desktop/proyecto_tesis/quadruped_8DOF/build/quadruped_model/build install --record /home/julio/Desktop/proyecto_tesis/quadruped_8DOF/build/quadruped_model/install.log --single-version-externally-managed install_data
[5.362s] DEBUG:colcon.colcon_core.event_handler.log_command:Invoked command in '/home/julio/Desktop/proyecto_tesis/quadruped_8DOF/src/quadruped_model' returned '0': PYTHONPATH=/home/julio/Desktop/proyecto_tesis/quadruped_8DOF/build/quadruped_model/prefix_override:/usr/lib/python3/dist-packages/colcon_core/task/python/colcon_distutils_commands:/home/julio/Desktop/proyecto_tesis/quadruped_8DOF/install/quadruped_model/lib/python3.10/site-packages:${PYTHONPATH} /usr/bin/python3 -W ignore:setup.py install is deprecated setup.py egg_info --egg-base ../../build/quadruped_model build --build-base /home/julio/Desktop/proyecto_tesis/quadruped_8DOF/build/quadruped_model/build install --record /home/julio/Desktop/proyecto_tesis/quadruped_8DOF/build/quadruped_model/install.log --single-version-externally-managed install_data
[5.374s] Level 1:colcon.colcon_core.environment:checking '/home/julio/Desktop/proyecto_tesis/quadruped_8DOF/install/quadruped_model' for CMake module files
[5.377s] Level 1:colcon.colcon_core.environment:checking '/home/julio/Desktop/proyecto_tesis/quadruped_8DOF/install/quadruped_model' for CMake config files
[5.385s] Level 1:colcon.colcon_core.environment:checking '/home/julio/Desktop/proyecto_tesis/quadruped_8DOF/install/quadruped_model/lib'
[5.386s] Level 1:colcon.colcon_core.environment:checking '/home/julio/Desktop/proyecto_tesis/quadruped_8DOF/install/quadruped_model/bin'
[5.386s] Level 1:colcon.colcon_core.environment:checking '/home/julio/Desktop/proyecto_tesis/quadruped_8DOF/install/quadruped_model/lib/pkgconfig/quadruped_model.pc'
[5.387s] Level 1:colcon.colcon_core.environment:checking '/home/julio/Desktop/proyecto_tesis/quadruped_8DOF/install/quadruped_model/lib/python3.10/site-packages'
[5.387s] Level 1:colcon.colcon_core.shell:create_environment_hook('quadruped_model', 'pythonpath')
[5.387s] INFO:colcon.colcon_core.shell:Creating environment hook '/home/julio/Desktop/proyecto_tesis/quadruped_8DOF/install/quadruped_model/share/quadruped_model/hook/pythonpath.ps1'
[5.393s] INFO:colcon.colcon_core.shell:Creating environment descriptor '/home/julio/Desktop/proyecto_tesis/quadruped_8DOF/install/quadruped_model/share/quadruped_model/hook/pythonpath.dsv'
[5.394s] INFO:colcon.colcon_core.shell:Creating environment hook '/home/julio/Desktop/proyecto_tesis/quadruped_8DOF/install/quadruped_model/share/quadruped_model/hook/pythonpath.sh'
[5.400s] Level 1:colcon.colcon_core.environment:checking '/home/julio/Desktop/proyecto_tesis/quadruped_8DOF/install/quadruped_model/bin'
[5.401s] Level 1:colcon.colcon_core.environment:create_environment_scripts_only(quadruped_model)
[5.402s] INFO:colcon.colcon_core.shell:Creating package script '/home/julio/Desktop/proyecto_tesis/quadruped_8DOF/install/quadruped_model/share/quadruped_model/package.ps1'
[5.406s] INFO:colcon.colcon_core.shell:Creating package descriptor '/home/julio/Desktop/proyecto_tesis/quadruped_8DOF/install/quadruped_model/share/quadruped_model/package.dsv'
[5.420s] INFO:colcon.colcon_core.shell:Creating package script '/home/julio/Desktop/proyecto_tesis/quadruped_8DOF/install/quadruped_model/share/quadruped_model/package.sh'
[5.424s] INFO:colcon.colcon_core.shell:Creating package script '/home/julio/Desktop/proyecto_tesis/quadruped_8DOF/install/quadruped_model/share/quadruped_model/package.bash'
[5.429s] INFO:colcon.colcon_core.shell:Creating package script '/home/julio/Desktop/proyecto_tesis/quadruped_8DOF/install/quadruped_model/share/quadruped_model/package.zsh'
[5.433s] Level 1:colcon.colcon_core.environment:create_file_with_runtime_dependencies(/home/julio/Desktop/proyecto_tesis/quadruped_8DOF/install/quadruped_model/share/colcon-core/packages/quadruped_model)
[5.440s] INFO:colcon.colcon_ros.task.ament_python.build:Building ROS package in '/home/julio/Desktop/proyecto_tesis/quadruped_8DOF/src/cinematic_control' with build type 'ament_python'
[5.440s] Level 1:colcon.colcon_core.shell:create_environment_hook('cinematic_control', 'ament_prefix_path')
[5.440s] INFO:colcon.colcon_core.shell:Creating environment hook '/home/julio/Desktop/proyecto_tesis/quadruped_8DOF/install/cinematic_control/share/cinematic_control/hook/ament_prefix_path.ps1'
[5.445s] INFO:colcon.colcon_core.shell:Creating environment descriptor '/home/julio/Desktop/proyecto_tesis/quadruped_8DOF/install/cinematic_control/share/cinematic_control/hook/ament_prefix_path.dsv'
[5.447s] INFO:colcon.colcon_core.shell:Creating environment hook '/home/julio/Desktop/proyecto_tesis/quadruped_8DOF/install/cinematic_control/share/cinematic_control/hook/ament_prefix_path.sh'
[5.450s] INFO:colcon.colcon_core.shell:Skip shell extension 'powershell' for command environment: Not usable outside of PowerShell
[5.450s] DEBUG:colcon.colcon_core.shell:Skip shell extension 'dsv' for command environment
[6.439s] INFO:colcon.colcon_core.task.python.build:Building Python package in '/home/julio/Desktop/proyecto_tesis/quadruped_8DOF/src/cinematic_control'
[6.439s] INFO:colcon.colcon_core.shell:Skip shell extension 'powershell' for command environment: Not usable outside of PowerShell
[6.439s] DEBUG:colcon.colcon_core.shell:Skip shell extension 'dsv' for command environment
[7.746s] DEBUG:colcon.colcon_core.event_handler.log_command:Invoking command in '/home/julio/Desktop/proyecto_tesis/quadruped_8DOF/src/cinematic_control': AMENT_PREFIX_PATH=/home/julio/Desktop/proyecto_tesis/quadruped_8DOF/install/quadruped_model:/home/julio/Desktop/proyecto_tesis/quadruped_8DOF/install/cinematic_control:/opt/ros/humble PYTHONPATH=/home/julio/Desktop/proyecto_tesis/quadruped_8DOF/build/cinematic_control/prefix_override:/usr/lib/python3/dist-packages/colcon_core/task/python/colcon_distutils_commands:/home/julio/Desktop/proyecto_tesis/quadruped_8DOF/install/cinematic_control/lib/python3.10/site-packages:/home/julio/Desktop/proyecto_tesis/quadruped_8DOF/install/quadruped_model/lib/python3.10/site-packages:/home/julio/Desktop/proyecto_tesis/quadruped_8DOF/install/cinematic_control/lib/python3.10/site-packages:/opt/ros/humble/lib/python3.10/site-packages:/opt/ros/humble/local/lib/python3.10/dist-packages /usr/bin/python3 -W ignore:setup.py install is deprecated setup.py egg_info --egg-base ../../build/cinematic_control build --build-base /home/julio/Desktop/proyecto_tesis/quadruped_8DOF/build/cinematic_control/build install --record /home/julio/Desktop/proyecto_tesis/quadruped_8DOF/build/cinematic_control/install.log --single-version-externally-managed install_data
[9.273s] Level 1:colcon.colcon_core.environment:checking '/home/julio/Desktop/proyecto_tesis/quadruped_8DOF/install/cinematic_control' for CMake module files
[9.273s] DEBUG:colcon.colcon_core.event_handler.log_command:Invoked command in '/home/julio/Desktop/proyecto_tesis/quadruped_8DOF/src/cinematic_control' returned '0': AMENT_PREFIX_PATH=/home/julio/Desktop/proyecto_tesis/quadruped_8DOF/install/quadruped_model:/home/julio/Desktop/proyecto_tesis/quadruped_8DOF/install/cinematic_control:/opt/ros/humble PYTHONPATH=/home/julio/Desktop/proyecto_tesis/quadruped_8DOF/build/cinematic_control/prefix_override:/usr/lib/python3/dist-packages/colcon_core/task/python/colcon_distutils_commands:/home/julio/Desktop/proyecto_tesis/quadruped_8DOF/install/cinematic_control/lib/python3.10/site-packages:/home/julio/Desktop/proyecto_tesis/quadruped_8DOF/install/quadruped_model/lib/python3.10/site-packages:/home/julio/Desktop/proyecto_tesis/quadruped_8DOF/install/cinematic_control/lib/python3.10/site-packages:/opt/ros/humble/lib/python3.10/site-packages:/opt/ros/humble/local/lib/python3.10/dist-packages /usr/bin/python3 -W ignore:setup.py install is deprecated setup.py egg_info --egg-base ../../build/cinematic_control build --build-base /home/julio/Desktop/proyecto_tesis/quadruped_8DOF/build/cinematic_control/build install --record /home/julio/Desktop/proyecto_tesis/quadruped_8DOF/build/cinematic_control/install.log --single-version-externally-managed install_data
[9.274s] Level 1:colcon.colcon_core.environment:checking '/home/julio/Desktop/proyecto_tesis/quadruped_8DOF/install/cinematic_control' for CMake config files
[9.275s] Level 1:colcon.colcon_core.environment:checking '/home/julio/Desktop/proyecto_tesis/quadruped_8DOF/install/cinematic_control/lib'
[9.275s] Level 1:colcon.colcon_core.environment:checking '/home/julio/Desktop/proyecto_tesis/quadruped_8DOF/install/cinematic_control/bin'
[9.275s] Level 1:colcon.colcon_core.environment:checking '/home/julio/Desktop/proyecto_tesis/quadruped_8DOF/install/cinematic_control/lib/pkgconfig/cinematic_control.pc'
[9.275s] Level 1:colcon.colcon_core.environment:checking '/home/julio/Desktop/proyecto_tesis/quadruped_8DOF/install/cinematic_control/lib/python3.10/site-packages'
[9.275s] Level 1:colcon.colcon_core.shell:create_environment_hook('cinematic_control', 'pythonpath')
[9.275s] INFO:colcon.colcon_core.shell:Creating environment hook '/home/julio/Desktop/proyecto_tesis/quadruped_8DOF/install/cinematic_control/share/cinematic_control/hook/pythonpath.ps1'
[9.276s] INFO:colcon.colcon_core.shell:Creating environment descriptor '/home/julio/Desktop/proyecto_tesis/quadruped_8DOF/install/cinematic_control/share/cinematic_control/hook/pythonpath.dsv'
[9.276s] INFO:colcon.colcon_core.shell:Creating environment hook '/home/julio/Desktop/proyecto_tesis/quadruped_8DOF/install/cinematic_control/share/cinematic_control/hook/pythonpath.sh'
[9.277s] Level 1:colcon.colcon_core.environment:checking '/home/julio/Desktop/proyecto_tesis/quadruped_8DOF/install/cinematic_control/bin'
[9.277s] Level 1:colcon.colcon_core.environment:create_environment_scripts_only(cinematic_control)
[9.278s] INFO:colcon.colcon_core.shell:Creating package script '/home/julio/Desktop/proyecto_tesis/quadruped_8DOF/install/cinematic_control/share/cinematic_control/package.ps1'
[9.278s] INFO:colcon.colcon_core.shell:Creating package descriptor '/home/julio/Desktop/proyecto_tesis/quadruped_8DOF/install/cinematic_control/share/cinematic_control/package.dsv'
[9.279s] INFO:colcon.colcon_core.shell:Creating package script '/home/julio/Desktop/proyecto_tesis/quadruped_8DOF/install/cinematic_control/share/cinematic_control/package.sh'
[9.280s] INFO:colcon.colcon_core.shell:Creating package script '/home/julio/Desktop/proyecto_tesis/quadruped_8DOF/install/cinematic_control/share/cinematic_control/package.bash'
[9.281s] INFO:colcon.colcon_core.shell:Creating package script '/home/julio/Desktop/proyecto_tesis/quadruped_8DOF/install/cinematic_control/share/cinematic_control/package.zsh'
[9.281s] Level 1:colcon.colcon_core.environment:create_file_with_runtime_dependencies(/home/julio/Desktop/proyecto_tesis/quadruped_8DOF/install/cinematic_control/share/colcon-core/packages/cinematic_control)
[9.283s] DEBUG:colcon.colcon_parallel_executor.executor.parallel:closing loop
[9.283s] DEBUG:colcon.colcon_parallel_executor.executor.parallel:loop closed
[9.283s] DEBUG:colcon.colcon_parallel_executor.executor.parallel:run_until_complete finished with '0'
[9.283s] DEBUG:colcon.colcon_core.event_reactor:joining thread
[9.308s] INFO:colcon.colcon_core.plugin_system:Skipping extension 'colcon_notification.desktop_notification.terminal_notifier': Not used on non-Darwin systems
[9.309s] INFO:colcon.colcon_core.plugin_system:Skipping extension 'colcon_notification.desktop_notification.win32': Not used on non-Windows systems
[9.310s] INFO:colcon.colcon_notification.desktop_notification:Sending desktop notification using 'notify2'
[9.368s] DEBUG:colcon.colcon_core.event_reactor:joined thread
[9.368s] INFO:colcon.colcon_core.shell:Creating prefix script '/home/julio/Desktop/proyecto_tesis/quadruped_8DOF/install/local_setup.ps1'
[9.370s] INFO:colcon.colcon_core.shell:Creating prefix util module '/home/julio/Desktop/proyecto_tesis/quadruped_8DOF/install/_local_setup_util_ps1.py'
[9.372s] INFO:colcon.colcon_core.shell:Creating prefix chain script '/home/julio/Desktop/proyecto_tesis/quadruped_8DOF/install/setup.ps1'
[9.380s] INFO:colcon.colcon_core.shell:Creating prefix script '/home/julio/Desktop/proyecto_tesis/quadruped_8DOF/install/local_setup.sh'
[9.385s] INFO:colcon.colcon_core.shell:Creating prefix util module '/home/julio/Desktop/proyecto_tesis/quadruped_8DOF/install/_local_setup_util_sh.py'
[9.386s] INFO:colcon.colcon_core.shell:Creating prefix chain script '/home/julio/Desktop/proyecto_tesis/quadruped_8DOF/install/setup.sh'
[9.399s] INFO:colcon.colcon_core.shell:Creating prefix script '/home/julio/Desktop/proyecto_tesis/quadruped_8DOF/install/local_setup.bash'
[9.404s] INFO:colcon.colcon_core.shell:Creating prefix chain script '/home/julio/Desktop/proyecto_tesis/quadruped_8DOF/install/setup.bash'
[9.412s] INFO:colcon.colcon_core.shell:Creating prefix script '/home/julio/Desktop/proyecto_tesis/quadruped_8DOF/install/local_setup.zsh'
[9.423s] INFO:colcon.colcon_core.shell:Creating prefix chain script '/home/julio/Desktop/proyecto_tesis/quadruped_8DOF/install/setup.zsh'
