[0.028s] Invoking command in '/home/maranmen/Quadruped_8DOF/build/moveit_resources_fanuc_moveit_config': AMENT_PREFIX_PATH=/home/maranmen/Quadruped_8DOF/install/moveit_resources_fanuc_description:${AMENT_PREFIX_PATH} CMAKE_PREFIX_PATH=/home/maranmen/Quadruped_8DOF/install/moveit_resources_fanuc_description:/home/maranmen/Quadruped_8DOF/install/quadruped_model:/opt/ros/humble /usr/bin/cmake /home/maranmen/Quadruped_8DOF/src/moveit_resources/fanuc_moveit_config -DCMAKE_BUILD_TYPE=Release -DCMAKE_INSTALL_PREFIX=/home/maranmen/Quadruped_8DOF/install/moveit_resources_fanuc_moveit_config
[0.115s] -- The C compiler identification is GNU 11.4.0
[0.210s] -- The CXX compiler identification is GNU 11.4.0
[0.222s] -- Detecting C compiler ABI info
[0.369s] -- Detecting C compiler ABI info - done
[0.378s] -- Check for working C compiler: /usr/bin/cc - skipped
[0.378s] -- Detecting C compile features
[0.378s] -- Detecting C compile features - done
[0.382s] -- Detecting CXX compiler ABI info
[0.533s] -- Detecting CXX compiler ABI info - done
[0.539s] -- Check for working CXX compiler: /usr/bin/c++ - skipped
[0.539s] -- Detecting CXX compile features
[0.540s] -- Detecting CXX compile features - done
[0.545s] -- Found ament_cmake: 1.3.9 (/opt/ros/humble/share/ament_cmake/cmake)
[0.789s] -- Found Python3: /usr/bin/python3 (found version "3.10.12") found components: Interpreter 
[1.003s] -- Configuring done
[1.965s] -- Generating done
[1.981s] -- Build files have been written to: /home/maranmen/Quadruped_8DOF/build/moveit_resources_fanuc_moveit_config
[1.983s] Invoked command in '/home/maranmen/Quadruped_8DOF/build/moveit_resources_fanuc_moveit_config' returned '0': AMENT_PREFIX_PATH=/home/maranmen/Quadruped_8DOF/install/moveit_resources_fanuc_description:${AMENT_PREFIX_PATH} CMAKE_PREFIX_PATH=/home/maranmen/Quadruped_8DOF/install/moveit_resources_fanuc_description:/home/maranmen/Quadruped_8DOF/install/quadruped_model:/opt/ros/humble /usr/bin/cmake /home/maranmen/Quadruped_8DOF/src/moveit_resources/fanuc_moveit_config -DCMAKE_BUILD_TYPE=Release -DCMAKE_INSTALL_PREFIX=/home/maranmen/Quadruped_8DOF/install/moveit_resources_fanuc_moveit_config
[1.984s] Invoking command in '/home/maranmen/Quadruped_8DOF/build/moveit_resources_fanuc_moveit_config': AMENT_PREFIX_PATH=/home/maranmen/Quadruped_8DOF/install/moveit_resources_fanuc_description:${AMENT_PREFIX_PATH} CMAKE_PREFIX_PATH=/home/maranmen/Quadruped_8DOF/install/moveit_resources_fanuc_description:/home/maranmen/Quadruped_8DOF/install/quadruped_model:/opt/ros/humble /usr/bin/cmake --build /home/maranmen/Quadruped_8DOF/build/moveit_resources_fanuc_moveit_config -- -j4 -l4
[2.044s] Invoked command in '/home/maranmen/Quadruped_8DOF/build/moveit_resources_fanuc_moveit_config' returned '0': AMENT_PREFIX_PATH=/home/maranmen/Quadruped_8DOF/install/moveit_resources_fanuc_description:${AMENT_PREFIX_PATH} CMAKE_PREFIX_PATH=/home/maranmen/Quadruped_8DOF/install/moveit_resources_fanuc_description:/home/maranmen/Quadruped_8DOF/install/quadruped_model:/opt/ros/humble /usr/bin/cmake --build /home/maranmen/Quadruped_8DOF/build/moveit_resources_fanuc_moveit_config -- -j4 -l4
[2.091s] Invoking command in '/home/maranmen/Quadruped_8DOF/build/moveit_resources_fanuc_moveit_config': AMENT_PREFIX_PATH=/home/maranmen/Quadruped_8DOF/install/moveit_resources_fanuc_description:${AMENT_PREFIX_PATH} CMAKE_PREFIX_PATH=/home/maranmen/Quadruped_8DOF/install/moveit_resources_fanuc_description:/home/maranmen/Quadruped_8DOF/install/quadruped_model:/opt/ros/humble /usr/bin/cmake --install /home/maranmen/Quadruped_8DOF/build/moveit_resources_fanuc_moveit_config
[2.104s] -- Install configuration: "Release"
[2.107s] -- Installing: /home/maranmen/Quadruped_8DOF/install/moveit_resources_fanuc_moveit_config/share/ament_index/resource_index/package_run_dependencies/moveit_resources_fanuc_moveit_config
[2.108s] -- Installing: /home/maranmen/Quadruped_8DOF/install/moveit_resources_fanuc_moveit_config/share/ament_index/resource_index/parent_prefix_path/moveit_resources_fanuc_moveit_config
[2.109s] -- Installing: /home/maranmen/Quadruped_8DOF/install/moveit_resources_fanuc_moveit_config/share/moveit_resources_fanuc_moveit_config/environment/ament_prefix_path.sh
[2.110s] -- Installing: /home/maranmen/Quadruped_8DOF/install/moveit_resources_fanuc_moveit_config/share/moveit_resources_fanuc_moveit_config/environment/ament_prefix_path.dsv
[2.111s] -- Installing: /home/maranmen/Quadruped_8DOF/install/moveit_resources_fanuc_moveit_config/share/moveit_resources_fanuc_moveit_config/environment/path.sh
[2.111s] -- Installing: /home/maranmen/Quadruped_8DOF/install/moveit_resources_fanuc_moveit_config/share/moveit_resources_fanuc_moveit_config/environment/path.dsv
[2.111s] -- Installing: /home/maranmen/Quadruped_8DOF/install/moveit_resources_fanuc_moveit_config/share/moveit_resources_fanuc_moveit_config/local_setup.bash
[2.112s] -- Installing: /home/maranmen/Quadruped_8DOF/install/moveit_resources_fanuc_moveit_config/share/moveit_resources_fanuc_moveit_config/local_setup.sh
[2.112s] -- Installing: /home/maranmen/Quadruped_8DOF/install/moveit_resources_fanuc_moveit_config/share/moveit_resources_fanuc_moveit_config/local_setup.zsh
[2.112s] -- Installing: /home/maranmen/Quadruped_8DOF/install/moveit_resources_fanuc_moveit_config/share/moveit_resources_fanuc_moveit_config/local_setup.dsv
[2.112s] -- Installing: /home/maranmen/Quadruped_8DOF/install/moveit_resources_fanuc_moveit_config/share/moveit_resources_fanuc_moveit_config/package.dsv
[2.113s] -- Installing: /home/maranmen/Quadruped_8DOF/install/moveit_resources_fanuc_moveit_config/share/ament_index/resource_index/packages/moveit_resources_fanuc_moveit_config
[2.147s] -- Installing: /home/maranmen/Quadruped_8DOF/install/moveit_resources_fanuc_moveit_config/share/moveit_resources_fanuc_moveit_config/cmake/moveit_resources_fanuc_moveit_configConfig.cmake
[2.147s] -- Installing: /home/maranmen/Quadruped_8DOF/install/moveit_resources_fanuc_moveit_config/share/moveit_resources_fanuc_moveit_config/cmake/moveit_resources_fanuc_moveit_configConfig-version.cmake
[2.148s] -- Installing: /home/maranmen/Quadruped_8DOF/install/moveit_resources_fanuc_moveit_config/share/moveit_resources_fanuc_moveit_config/package.xml
[2.148s] -- Installing: /home/maranmen/Quadruped_8DOF/install/moveit_resources_fanuc_moveit_config/share/moveit_resources_fanuc_moveit_config/launch
[2.148s] -- Installing: /home/maranmen/Quadruped_8DOF/install/moveit_resources_fanuc_moveit_config/share/moveit_resources_fanuc_moveit_config/launch/demo.launch.py
[2.148s] -- Installing: /home/maranmen/Quadruped_8DOF/install/moveit_resources_fanuc_moveit_config/share/moveit_resources_fanuc_moveit_config/launch/moveit.rviz
[2.148s] -- Installing: /home/maranmen/Quadruped_8DOF/install/moveit_resources_fanuc_moveit_config/share/moveit_resources_fanuc_moveit_config/config
[2.148s] -- Installing: /home/maranmen/Quadruped_8DOF/install/moveit_resources_fanuc_moveit_config/share/moveit_resources_fanuc_moveit_config/config/fanuc.ros2_control.xacro
[2.148s] -- Installing: /home/maranmen/Quadruped_8DOF/install/moveit_resources_fanuc_moveit_config/share/moveit_resources_fanuc_moveit_config/config/ompl_planning.yaml
[2.148s] -- Installing: /home/maranmen/Quadruped_8DOF/install/moveit_resources_fanuc_moveit_config/share/moveit_resources_fanuc_moveit_config/config/moveit_controllers.yaml
[2.148s] -- Installing: /home/maranmen/Quadruped_8DOF/install/moveit_resources_fanuc_moveit_config/share/moveit_resources_fanuc_moveit_config/config/joint_limits.yaml
[2.148s] -- Installing: /home/maranmen/Quadruped_8DOF/install/moveit_resources_fanuc_moveit_config/share/moveit_resources_fanuc_moveit_config/config/initial_positions.yaml
[2.148s] -- Installing: /home/maranmen/Quadruped_8DOF/install/moveit_resources_fanuc_moveit_config/share/moveit_resources_fanuc_moveit_config/config/sensors_3d.yaml
[2.149s] -- Installing: /home/maranmen/Quadruped_8DOF/install/moveit_resources_fanuc_moveit_config/share/moveit_resources_fanuc_moveit_config/config/ros2_controllers.yaml
[2.149s] -- Installing: /home/maranmen/Quadruped_8DOF/install/moveit_resources_fanuc_moveit_config/share/moveit_resources_fanuc_moveit_config/config/fanuc.srdf
[2.149s] -- Installing: /home/maranmen/Quadruped_8DOF/install/moveit_resources_fanuc_moveit_config/share/moveit_resources_fanuc_moveit_config/config/kinematics.yaml
[2.149s] -- Installing: /home/maranmen/Quadruped_8DOF/install/moveit_resources_fanuc_moveit_config/share/moveit_resources_fanuc_moveit_config/config/fanuc.urdf.xacro
[2.149s] -- Installing: /home/maranmen/Quadruped_8DOF/install/moveit_resources_fanuc_moveit_config/share/moveit_resources_fanuc_moveit_config/config/chomp_planning.yaml
[2.149s] -- Installing: /home/maranmen/Quadruped_8DOF/install/moveit_resources_fanuc_moveit_config/share/moveit_resources_fanuc_moveit_config/config/pilz_cartesian_limits.yaml
[2.149s] -- Installing: /home/maranmen/Quadruped_8DOF/install/moveit_resources_fanuc_moveit_config/share/moveit_resources_fanuc_moveit_config/.setup_assistant
[2.157s] Invoked command in '/home/maranmen/Quadruped_8DOF/build/moveit_resources_fanuc_moveit_config' returned '0': AMENT_PREFIX_PATH=/home/maranmen/Quadruped_8DOF/install/moveit_resources_fanuc_description:${AMENT_PREFIX_PATH} CMAKE_PREFIX_PATH=/home/maranmen/Quadruped_8DOF/install/moveit_resources_fanuc_description:/home/maranmen/Quadruped_8DOF/install/quadruped_model:/opt/ros/humble /usr/bin/cmake --install /home/maranmen/Quadruped_8DOF/build/moveit_resources_fanuc_moveit_config
