running egg_info
creating ../../build/quadruped_model/quadruped_model.egg-info
writing ../../build/quadruped_model/quadruped_model.egg-info/PKG-INFO
writing dependency_links to ../../build/quadruped_model/quadruped_model.egg-info/dependency_links.txt
writing entry points to ../../build/quadruped_model/quadruped_model.egg-info/entry_points.txt
writing requirements to ../../build/quadruped_model/quadruped_model.egg-info/requires.txt
writing top-level names to ../../build/quadruped_model/quadruped_model.egg-info/top_level.txt
writing manifest file '../../build/quadruped_model/quadruped_model.egg-info/SOURCES.txt'
reading manifest file '../../build/quadruped_model/quadruped_model.egg-info/SOURCES.txt'
writing manifest file '../../build/quadruped_model/quadruped_model.egg-info/SOURCES.txt'
running build
running build_py
creating /home/maranmen/Quadruped_8DOF/build/quadruped_model/build
creating /home/maranmen/Quadruped_8DOF/build/quadruped_model/build/lib
creating /home/maranmen/Quadruped_8DOF/build/quadruped_model/build/lib/quadruped_model
copying quadruped_model/__init__.py -> /home/maranmen/Quadruped_8DOF/build/quadruped_model/build/lib/quadruped_model
running install
running install_lib
creating /home/maranmen/Quadruped_8DOF/install/quadruped_model/lib/python3.10/site-packages/quadruped_model
copying /home/maranmen/Quadruped_8DOF/build/quadruped_model/build/lib/quadruped_model/__init__.py -> /home/maranmen/Quadruped_8DOF/install/quadruped_model/lib/python3.10/site-packages/quadruped_model
byte-compiling /home/maranmen/Quadruped_8DOF/install/quadruped_model/lib/python3.10/site-packages/quadruped_model/__init__.py to __init__.cpython-310.pyc
running install_data
creating /home/maranmen/Quadruped_8DOF/install/quadruped_model/share/ament_index
creating /home/maranmen/Quadruped_8DOF/install/quadruped_model/share/ament_index/resource_index
creating /home/maranmen/Quadruped_8DOF/install/quadruped_model/share/ament_index/resource_index/packages
copying resource/quadruped_model -> /home/maranmen/Quadruped_8DOF/install/quadruped_model/share/ament_index/resource_index/packages
copying package.xml -> /home/maranmen/Quadruped_8DOF/install/quadruped_model/share/quadruped_model
creating /home/maranmen/Quadruped_8DOF/install/quadruped_model/share/quadruped_model/urdf
copying urdf/quadruped_DOF_URDF.urdf -> /home/maranmen/Quadruped_8DOF/install/quadruped_model/share/quadruped_model/urdf
creating /home/maranmen/Quadruped_8DOF/install/quadruped_model/share/quadruped_model/launch
copying launch/display.launch.py -> /home/maranmen/Quadruped_8DOF/install/quadruped_model/share/quadruped_model/launch
creating /home/maranmen/Quadruped_8DOF/install/quadruped_model/share/quadruped_model/meshes
copying meshes/footFL_link.STL -> /home/maranmen/Quadruped_8DOF/install/quadruped_model/share/quadruped_model/meshes
copying meshes/footBL_link.STL -> /home/maranmen/Quadruped_8DOF/install/quadruped_model/share/quadruped_model/meshes
copying meshes/footFR_link.STL -> /home/maranmen/Quadruped_8DOF/install/quadruped_model/share/quadruped_model/meshes
copying meshes/legBL_link.STL -> /home/maranmen/Quadruped_8DOF/install/quadruped_model/share/quadruped_model/meshes
copying meshes/legFL_link.STL -> /home/maranmen/Quadruped_8DOF/install/quadruped_model/share/quadruped_model/meshes
copying meshes/legFR_link.STL -> /home/maranmen/Quadruped_8DOF/install/quadruped_model/share/quadruped_model/meshes
copying meshes/footBR_link.STL -> /home/maranmen/Quadruped_8DOF/install/quadruped_model/share/quadruped_model/meshes
copying meshes/legBR_link.STL -> /home/maranmen/Quadruped_8DOF/install/quadruped_model/share/quadruped_model/meshes
copying meshes/base_link.STL -> /home/maranmen/Quadruped_8DOF/install/quadruped_model/share/quadruped_model/meshes
creating /home/maranmen/Quadruped_8DOF/install/quadruped_model/share/quadruped_model/worlds
running install_egg_info
Copying ../../build/quadruped_model/quadruped_model.egg-info to /home/maranmen/Quadruped_8DOF/install/quadruped_model/lib/python3.10/site-packages/quadruped_model-0.0.0-py3.10.egg-info
running install_scripts
writing list of installed files to '/home/maranmen/Quadruped_8DOF/build/quadruped_model/install.log'
