[1.158s] Invoking command in '/home/maranmen/Quadruped_8DOF/src/quadruped_model': PYTHONPATH=/home/maranmen/Quadruped_8DOF/build/quadruped_model/prefix_override:/home/maranmen/Quadruped_8DOF/install/quadruped_model/lib/python3.10/site-packages:${PYTHONPATH} /usr/bin/python3 -W ignore:setup.py install is deprecated setup.py egg_info --egg-base ../../build/quadruped_model build --build-base /home/maranmen/Quadruped_8DOF/build/quadruped_model/build install --record /home/maranmen/Quadruped_8DOF/build/quadruped_model/install.log --single-version-externally-managed install_data
[1.420s] running egg_info
[1.420s] creating ../../build/quadruped_model/quadruped_model.egg-info
[1.421s] writing ../../build/quadruped_model/quadruped_model.egg-info/PKG-INFO
[1.421s] writing dependency_links to ../../build/quadruped_model/quadruped_model.egg-info/dependency_links.txt
[1.421s] writing entry points to ../../build/quadruped_model/quadruped_model.egg-info/entry_points.txt
[1.421s] writing requirements to ../../build/quadruped_model/quadruped_model.egg-info/requires.txt
[1.421s] writing top-level names to ../../build/quadruped_model/quadruped_model.egg-info/top_level.txt
[1.421s] writing manifest file '../../build/quadruped_model/quadruped_model.egg-info/SOURCES.txt'
[1.423s] reading manifest file '../../build/quadruped_model/quadruped_model.egg-info/SOURCES.txt'
[1.424s] writing manifest file '../../build/quadruped_model/quadruped_model.egg-info/SOURCES.txt'
[1.424s] running build
[1.424s] running build_py
[1.424s] creating /home/maranmen/Quadruped_8DOF/build/quadruped_model/build
[1.424s] creating /home/maranmen/Quadruped_8DOF/build/quadruped_model/build/lib
[1.424s] creating /home/maranmen/Quadruped_8DOF/build/quadruped_model/build/lib/quadruped_model
[1.424s] copying quadruped_model/__init__.py -> /home/maranmen/Quadruped_8DOF/build/quadruped_model/build/lib/quadruped_model
[1.425s] running install
[1.425s] running install_lib
[1.426s] creating /home/maranmen/Quadruped_8DOF/install/quadruped_model/lib/python3.10/site-packages/quadruped_model
[1.426s] copying /home/maranmen/Quadruped_8DOF/build/quadruped_model/build/lib/quadruped_model/__init__.py -> /home/maranmen/Quadruped_8DOF/install/quadruped_model/lib/python3.10/site-packages/quadruped_model
[1.426s] byte-compiling /home/maranmen/Quadruped_8DOF/install/quadruped_model/lib/python3.10/site-packages/quadruped_model/__init__.py to __init__.cpython-310.pyc
[1.427s] running install_data
[1.427s] creating /home/maranmen/Quadruped_8DOF/install/quadruped_model/share/ament_index
[1.427s] creating /home/maranmen/Quadruped_8DOF/install/quadruped_model/share/ament_index/resource_index
[1.427s] creating /home/maranmen/Quadruped_8DOF/install/quadruped_model/share/ament_index/resource_index/packages
[1.427s] copying resource/quadruped_model -> /home/maranmen/Quadruped_8DOF/install/quadruped_model/share/ament_index/resource_index/packages
[1.427s] copying package.xml -> /home/maranmen/Quadruped_8DOF/install/quadruped_model/share/quadruped_model
[1.427s] creating /home/maranmen/Quadruped_8DOF/install/quadruped_model/share/quadruped_model/urdf
[1.428s] copying urdf/quadruped_DOF_URDF.urdf -> /home/maranmen/Quadruped_8DOF/install/quadruped_model/share/quadruped_model/urdf
[1.428s] creating /home/maranmen/Quadruped_8DOF/install/quadruped_model/share/quadruped_model/launch
[1.428s] copying launch/display.launch.py -> /home/maranmen/Quadruped_8DOF/install/quadruped_model/share/quadruped_model/launch
[1.428s] creating /home/maranmen/Quadruped_8DOF/install/quadruped_model/share/quadruped_model/meshes
[1.428s] copying meshes/footFL_link.STL -> /home/maranmen/Quadruped_8DOF/install/quadruped_model/share/quadruped_model/meshes
[1.429s] copying meshes/footBL_link.STL -> /home/maranmen/Quadruped_8DOF/install/quadruped_model/share/quadruped_model/meshes
[1.429s] copying meshes/footFR_link.STL -> /home/maranmen/Quadruped_8DOF/install/quadruped_model/share/quadruped_model/meshes
[1.429s] copying meshes/legBL_link.STL -> /home/maranmen/Quadruped_8DOF/install/quadruped_model/share/quadruped_model/meshes
[1.430s] copying meshes/legFL_link.STL -> /home/maranmen/Quadruped_8DOF/install/quadruped_model/share/quadruped_model/meshes
[1.431s] copying meshes/legFR_link.STL -> /home/maranmen/Quadruped_8DOF/install/quadruped_model/share/quadruped_model/meshes
[1.432s] copying meshes/footBR_link.STL -> /home/maranmen/Quadruped_8DOF/install/quadruped_model/share/quadruped_model/meshes
[1.432s] copying meshes/legBR_link.STL -> /home/maranmen/Quadruped_8DOF/install/quadruped_model/share/quadruped_model/meshes
[1.433s] copying meshes/base_link.STL -> /home/maranmen/Quadruped_8DOF/install/quadruped_model/share/quadruped_model/meshes
[1.436s] creating /home/maranmen/Quadruped_8DOF/install/quadruped_model/share/quadruped_model/worlds
[1.436s] running install_egg_info
[1.438s] Copying ../../build/quadruped_model/quadruped_model.egg-info to /home/maranmen/Quadruped_8DOF/install/quadruped_model/lib/python3.10/site-packages/quadruped_model-0.0.0-py3.10.egg-info
[1.439s] running install_scripts
[1.462s] writing list of installed files to '/home/maranmen/Quadruped_8DOF/build/quadruped_model/install.log'
[1.487s] Invoked command in '/home/maranmen/Quadruped_8DOF/src/quadruped_model' returned '0': PYTHONPATH=/home/maranmen/Quadruped_8DOF/build/quadruped_model/prefix_override:/home/maranmen/Quadruped_8DOF/install/quadruped_model/lib/python3.10/site-packages:${PYTHONPATH} /usr/bin/python3 -W ignore:setup.py install is deprecated setup.py egg_info --egg-base ../../build/quadruped_model build --build-base /home/maranmen/Quadruped_8DOF/build/quadruped_model/build install --record /home/maranmen/Quadruped_8DOF/build/quadruped_model/install.log --single-version-externally-managed install_data
