[1.525s] Invoking command in '/home/julio/Desktop/proyecto_tesis/quadruped_8DOF/src/cinematic_control': AMENT_PREFIX_PATH=/home/julio/Desktop/proyecto_tesis/quadruped_8DOF/install/quadruped_model:/home/julio/Desktop/proyecto_tesis/quadruped_8DOF/install/cinematic_control:/opt/ros/humble PYTHONPATH=/home/julio/Desktop/proyecto_tesis/quadruped_8DOF/build/cinematic_control/prefix_override:/usr/lib/python3/dist-packages/colcon_core/task/python/colcon_distutils_commands:/home/julio/Desktop/proyecto_tesis/quadruped_8DOF/install/cinematic_control/lib/python3.10/site-packages:/home/julio/Desktop/proyecto_tesis/quadruped_8DOF/install/quadruped_model/lib/python3.10/site-packages:/home/julio/Desktop/proyecto_tesis/quadruped_8DOF/install/cinematic_control/lib/python3.10/site-packages:/opt/ros/humble/lib/python3.10/site-packages:/opt/ros/humble/local/lib/python3.10/dist-packages /usr/bin/python3 -W ignore:setup.py install is deprecated setup.py egg_info --egg-base ../../build/cinematic_control build --build-base /home/julio/Desktop/proyecto_tesis/quadruped_8DOF/build/cinematic_control/build install --record /home/julio/Desktop/proyecto_tesis/quadruped_8DOF/build/cinematic_control/install.log --single-version-externally-managed install_data
[2.044s] running egg_info
[2.045s] writing ../../build/cinematic_control/cinematic_control.egg-info/PKG-INFO
[2.046s] writing dependency_links to ../../build/cinematic_control/cinematic_control.egg-info/dependency_links.txt
[2.047s] writing entry points to ../../build/cinematic_control/cinematic_control.egg-info/entry_points.txt
[2.047s] writing requirements to ../../build/cinematic_control/cinematic_control.egg-info/requires.txt
[2.048s] writing top-level names to ../../build/cinematic_control/cinematic_control.egg-info/top_level.txt
[2.050s] reading manifest file '../../build/cinematic_control/cinematic_control.egg-info/SOURCES.txt'
[2.051s] writing manifest file '../../build/cinematic_control/cinematic_control.egg-info/SOURCES.txt'
[2.052s] running build
[2.052s] running build_py
[2.055s] running install
[2.055s] running install_lib
[2.059s] running install_data
[2.060s] running install_egg_info
[2.063s] removing '/home/julio/Desktop/proyecto_tesis/quadruped_8DOF/install/cinematic_control/lib/python3.10/site-packages/cinematic_control-0.0.0-py3.10.egg-info' (and everything under it)
[2.063s] Copying ../../build/cinematic_control/cinematic_control.egg-info to /home/julio/Desktop/proyecto_tesis/quadruped_8DOF/install/cinematic_control/lib/python3.10/site-packages/cinematic_control-0.0.0-py3.10.egg-info
[2.063s] running install_scripts
[2.120s] Installing velocity_hip1_cmd script to /home/julio/Desktop/proyecto_tesis/quadruped_8DOF/install/cinematic_control/lib/cinematic_control
[2.121s] Installing velocity_hip2_cmd script to /home/julio/Desktop/proyecto_tesis/quadruped_8DOF/install/cinematic_control/lib/cinematic_control
[2.122s] Installing velocity_hip3_cmd script to /home/julio/Desktop/proyecto_tesis/quadruped_8DOF/install/cinematic_control/lib/cinematic_control
[2.122s] Installing velocity_hip4_cmd script to /home/julio/Desktop/proyecto_tesis/quadruped_8DOF/install/cinematic_control/lib/cinematic_control
[2.124s] writing list of installed files to '/home/julio/Desktop/proyecto_tesis/quadruped_8DOF/build/cinematic_control/install.log'
[2.164s] Invoked command in '/home/julio/Desktop/proyecto_tesis/quadruped_8DOF/src/cinematic_control' returned '0': AMENT_PREFIX_PATH=/home/julio/Desktop/proyecto_tesis/quadruped_8DOF/install/quadruped_model:/home/julio/Desktop/proyecto_tesis/quadruped_8DOF/install/cinematic_control:/opt/ros/humble PYTHONPATH=/home/julio/Desktop/proyecto_tesis/quadruped_8DOF/build/cinematic_control/prefix_override:/usr/lib/python3/dist-packages/colcon_core/task/python/colcon_distutils_commands:/home/julio/Desktop/proyecto_tesis/quadruped_8DOF/install/cinematic_control/lib/python3.10/site-packages:/home/julio/Desktop/proyecto_tesis/quadruped_8DOF/install/quadruped_model/lib/python3.10/site-packages:/home/julio/Desktop/proyecto_tesis/quadruped_8DOF/install/cinematic_control/lib/python3.10/site-packages:/opt/ros/humble/lib/python3.10/site-packages:/opt/ros/humble/local/lib/python3.10/dist-packages /usr/bin/python3 -W ignore:setup.py install is deprecated setup.py egg_info --egg-base ../../build/cinematic_control build --build-base /home/julio/Desktop/proyecto_tesis/quadruped_8DOF/build/cinematic_control/build install --record /home/julio/Desktop/proyecto_tesis/quadruped_8DOF/build/cinematic_control/install.log --single-version-externally-managed install_data
