[0.224s] Invoking command in '/home/maranmen/quadruped_8DOF/build/quadruped_model': CMAKE_PREFIX_PATH=${CMAKE_PREFIX_PATH}:/home/maranmen/ws_moveit/install/moveit_configs_utils:/opt/ros/humble /usr/bin/cmake --build /home/maranmen/quadruped_8DOF/build/quadruped_model -- -j4 -l4
[1.168s] Invoked command in '/home/maranmen/quadruped_8DOF/build/quadruped_model' returned '0': CMAKE_PREFIX_PATH=${CMAKE_PREFIX_PATH}:/home/maranmen/ws_moveit/install/moveit_configs_utils:/opt/ros/humble /usr/bin/cmake --build /home/maranmen/quadruped_8DOF/build/quadruped_model -- -j4 -l4
[1.338s] Invoking command in '/home/maranmen/quadruped_8DOF/build/quadruped_model': CMAKE_PREFIX_PATH=${CMAKE_PREFIX_PATH}:/home/maranmen/ws_moveit/install/moveit_configs_utils:/opt/ros/humble /usr/bin/cmake --install /home/maranmen/quadruped_8DOF/build/quadruped_model
[1.390s] -- Install configuration: ""
[1.410s] -- Up-to-date: /home/maranmen/quadruped_8DOF/install/quadruped_model/share/ament_index/resource_index/package_run_dependencies/quadruped_model
[1.411s] -- Up-to-date: /home/maranmen/quadruped_8DOF/install/quadruped_model/share/ament_index/resource_index/parent_prefix_path/quadruped_model
[1.413s] -- Up-to-date: /home/maranmen/quadruped_8DOF/install/quadruped_model/share/quadruped_model/environment/ament_prefix_path.sh
[1.414s] -- Up-to-date: /home/maranmen/quadruped_8DOF/install/quadruped_model/share/quadruped_model/environment/ament_prefix_path.dsv
[1.414s] -- Up-to-date: /home/maranmen/quadruped_8DOF/install/quadruped_model/share/quadruped_model/environment/path.sh
[1.414s] -- Up-to-date: /home/maranmen/quadruped_8DOF/install/quadruped_model/share/quadruped_model/environment/path.dsv
[1.415s] -- Up-to-date: /home/maranmen/quadruped_8DOF/install/quadruped_model/share/quadruped_model/local_setup.bash
[1.415s] -- Up-to-date: /home/maranmen/quadruped_8DOF/install/quadruped_model/share/quadruped_model/local_setup.sh
[1.415s] -- Up-to-date: /home/maranmen/quadruped_8DOF/install/quadruped_model/share/quadruped_model/local_setup.zsh
[1.416s] -- Up-to-date: /home/maranmen/quadruped_8DOF/install/quadruped_model/share/quadruped_model/local_setup.dsv
[1.416s] -- Installing: /home/maranmen/quadruped_8DOF/install/quadruped_model/share/quadruped_model/package.dsv
[1.451s] -- Up-to-date: /home/maranmen/quadruped_8DOF/install/quadruped_model/share/ament_index/resource_index/packages/quadruped_model
[1.452s] -- Up-to-date: /home/maranmen/quadruped_8DOF/install/quadruped_model/share/quadruped_model/cmake/quadruped_modelConfig.cmake
[1.452s] -- Up-to-date: /home/maranmen/quadruped_8DOF/install/quadruped_model/share/quadruped_model/cmake/quadruped_modelConfig-version.cmake
[1.452s] -- Up-to-date: /home/maranmen/quadruped_8DOF/install/quadruped_model/share/quadruped_model/package.xml
[1.452s] -- Up-to-date: /home/maranmen/quadruped_8DOF/install/quadruped_model/share/quadruped_model/launch
[1.454s] -- Up-to-date: /home/maranmen/quadruped_8DOF/install/quadruped_model/share/quadruped_model/launch/moveit_rviz.launch.py
[1.454s] -- Up-to-date: /home/maranmen/quadruped_8DOF/install/quadruped_model/share/quadruped_model/launch/gazebo.launch.py
[1.454s] -- Up-to-date: /home/maranmen/quadruped_8DOF/install/quadruped_model/share/quadruped_model/launch/warehouse_db.launch.py
[1.454s] -- Up-to-date: /home/maranmen/quadruped_8DOF/install/quadruped_model/share/quadruped_model/launch/display.launch.py
[1.455s] -- Up-to-date: /home/maranmen/quadruped_8DOF/install/quadruped_model/share/quadruped_model/launch/move_group.launch.py
[1.455s] -- Up-to-date: /home/maranmen/quadruped_8DOF/install/quadruped_model/share/quadruped_model/launch/setup_assistant.launch.py
[1.455s] -- Up-to-date: /home/maranmen/quadruped_8DOF/install/quadruped_model/share/quadruped_model/launch/demo.launch.py
[1.455s] -- Up-to-date: /home/maranmen/quadruped_8DOF/install/quadruped_model/share/quadruped_model/launch/static_virtual_joint_tfs.launch.py
[1.455s] -- Up-to-date: /home/maranmen/quadruped_8DOF/install/quadruped_model/share/quadruped_model/launch/rsp.launch.py
[1.455s] -- Up-to-date: /home/maranmen/quadruped_8DOF/install/quadruped_model/share/quadruped_model/launch/spawn_controllers.launch.py
[1.456s] -- Up-to-date: /home/maranmen/quadruped_8DOF/install/quadruped_model/share/quadruped_model/config
[1.457s] -- Up-to-date: /home/maranmen/quadruped_8DOF/install/quadruped_model/share/quadruped_model/config/moveit_controllers.yaml
[1.458s] -- Up-to-date: /home/maranmen/quadruped_8DOF/install/quadruped_model/share/quadruped_model/config/joint_limits.yaml
[1.458s] -- Up-to-date: /home/maranmen/quadruped_8DOF/install/quadruped_model/share/quadruped_model/config/quadruped_model.srdf
[1.458s] -- Up-to-date: /home/maranmen/quadruped_8DOF/install/quadruped_model/share/quadruped_model/config/initial_positions.yaml
[1.459s] -- Up-to-date: /home/maranmen/quadruped_8DOF/install/quadruped_model/share/quadruped_model/config/quadruped_model.urdf.xacro
[1.459s] -- Up-to-date: /home/maranmen/quadruped_8DOF/install/quadruped_model/share/quadruped_model/config/ros2_controllers.yaml
[1.459s] -- Up-to-date: /home/maranmen/quadruped_8DOF/install/quadruped_model/share/quadruped_model/config/quadruped_model.ros2_control.xacro
[1.460s] -- Up-to-date: /home/maranmen/quadruped_8DOF/install/quadruped_model/share/quadruped_model/config/moveit.rviz
[1.461s] -- Up-to-date: /home/maranmen/quadruped_8DOF/install/quadruped_model/share/quadruped_model/config/kinematics.yaml
[1.462s] -- Up-to-date: /home/maranmen/quadruped_8DOF/install/quadruped_model/share/quadruped_model/config/pilz_cartesian_limits.yaml
[1.463s] -- Up-to-date: /home/maranmen/quadruped_8DOF/install/quadruped_model/share/quadruped_model/.setup_assistant
[1.467s] Invoked command in '/home/maranmen/quadruped_8DOF/build/quadruped_model' returned '0': CMAKE_PREFIX_PATH=${CMAKE_PREFIX_PATH}:/home/maranmen/ws_moveit/install/moveit_configs_utils:/opt/ros/humble /usr/bin/cmake --install /home/maranmen/quadruped_8DOF/build/quadruped_model
