[3.021s] Invoking command in '/home/maranmen/Quadruped_8DOF/src/moveit2/moveit_configs_utils': PYTHONPATH=/home/maranmen/Quadruped_8DOF/build/moveit_configs_utils/prefix_override:/home/maranmen/Quadruped_8DOF/install/moveit_configs_utils/lib/python3.10/site-packages:${PYTHONPATH} /usr/bin/python3 -W ignore:setup.py install is deprecated setup.py egg_info --egg-base ../../../build/moveit_configs_utils build --build-base /home/maranmen/Quadruped_8DOF/build/moveit_configs_utils/build install --record /home/maranmen/Quadruped_8DOF/build/moveit_configs_utils/install.log --single-version-externally-managed install_data
[3.328s] running egg_info
[3.328s] creating ../../../build/moveit_configs_utils/moveit_configs_utils.egg-info
[3.329s] writing ../../../build/moveit_configs_utils/moveit_configs_utils.egg-info/PKG-INFO
[3.329s] writing dependency_links to ../../../build/moveit_configs_utils/moveit_configs_utils.egg-info/dependency_links.txt
[3.330s] writing entry points to ../../../build/moveit_configs_utils/moveit_configs_utils.egg-info/entry_points.txt
[3.330s] writing requirements to ../../../build/moveit_configs_utils/moveit_configs_utils.egg-info/requires.txt
[3.330s] writing top-level names to ../../../build/moveit_configs_utils/moveit_configs_utils.egg-info/top_level.txt
[3.330s] writing manifest file '../../../build/moveit_configs_utils/moveit_configs_utils.egg-info/SOURCES.txt'
[3.333s] reading manifest file '../../../build/moveit_configs_utils/moveit_configs_utils.egg-info/SOURCES.txt'
[3.334s] writing manifest file '../../../build/moveit_configs_utils/moveit_configs_utils.egg-info/SOURCES.txt'
[3.334s] running build
[3.334s] running build_py
[3.334s] creating /home/maranmen/Quadruped_8DOF/build/moveit_configs_utils/build
[3.335s] creating /home/maranmen/Quadruped_8DOF/build/moveit_configs_utils/build/lib
[3.335s] creating /home/maranmen/Quadruped_8DOF/build/moveit_configs_utils/build/lib/moveit_configs_utils
[3.335s] copying moveit_configs_utils/launches.py -> /home/maranmen/Quadruped_8DOF/build/moveit_configs_utils/build/lib/moveit_configs_utils
[3.335s] copying moveit_configs_utils/__init__.py -> /home/maranmen/Quadruped_8DOF/build/moveit_configs_utils/build/lib/moveit_configs_utils
[3.335s] copying moveit_configs_utils/launch_utils.py -> /home/maranmen/Quadruped_8DOF/build/moveit_configs_utils/build/lib/moveit_configs_utils
[3.336s] copying moveit_configs_utils/moveit_configs_builder.py -> /home/maranmen/Quadruped_8DOF/build/moveit_configs_utils/build/lib/moveit_configs_utils
[3.336s] creating /home/maranmen/Quadruped_8DOF/build/moveit_configs_utils/build/lib/moveit_configs_utils/substitutions
[3.337s] copying moveit_configs_utils/substitutions/xacro.py -> /home/maranmen/Quadruped_8DOF/build/moveit_configs_utils/build/lib/moveit_configs_utils/substitutions
[3.337s] copying moveit_configs_utils/substitutions/__init__.py -> /home/maranmen/Quadruped_8DOF/build/moveit_configs_utils/build/lib/moveit_configs_utils/substitutions
[3.338s] running install
[3.338s] running install_lib
[3.339s] creating /home/maranmen/Quadruped_8DOF/install/moveit_configs_utils/lib/python3.10/site-packages/moveit_configs_utils
[3.339s] copying /home/maranmen/Quadruped_8DOF/build/moveit_configs_utils/build/lib/moveit_configs_utils/launches.py -> /home/maranmen/Quadruped_8DOF/install/moveit_configs_utils/lib/python3.10/site-packages/moveit_configs_utils
[3.339s] creating /home/maranmen/Quadruped_8DOF/install/moveit_configs_utils/lib/python3.10/site-packages/moveit_configs_utils/substitutions
[3.339s] copying /home/maranmen/Quadruped_8DOF/build/moveit_configs_utils/build/lib/moveit_configs_utils/substitutions/xacro.py -> /home/maranmen/Quadruped_8DOF/install/moveit_configs_utils/lib/python3.10/site-packages/moveit_configs_utils/substitutions
[3.340s] copying /home/maranmen/Quadruped_8DOF/build/moveit_configs_utils/build/lib/moveit_configs_utils/substitutions/__init__.py -> /home/maranmen/Quadruped_8DOF/install/moveit_configs_utils/lib/python3.10/site-packages/moveit_configs_utils/substitutions
[3.340s] copying /home/maranmen/Quadruped_8DOF/build/moveit_configs_utils/build/lib/moveit_configs_utils/__init__.py -> /home/maranmen/Quadruped_8DOF/install/moveit_configs_utils/lib/python3.10/site-packages/moveit_configs_utils
[3.340s] copying /home/maranmen/Quadruped_8DOF/build/moveit_configs_utils/build/lib/moveit_configs_utils/launch_utils.py -> /home/maranmen/Quadruped_8DOF/install/moveit_configs_utils/lib/python3.10/site-packages/moveit_configs_utils
[3.340s] copying /home/maranmen/Quadruped_8DOF/build/moveit_configs_utils/build/lib/moveit_configs_utils/moveit_configs_builder.py -> /home/maranmen/Quadruped_8DOF/install/moveit_configs_utils/lib/python3.10/site-packages/moveit_configs_utils
[3.340s] byte-compiling /home/maranmen/Quadruped_8DOF/install/moveit_configs_utils/lib/python3.10/site-packages/moveit_configs_utils/launches.py to launches.cpython-310.pyc
[3.342s] byte-compiling /home/maranmen/Quadruped_8DOF/install/moveit_configs_utils/lib/python3.10/site-packages/moveit_configs_utils/substitutions/xacro.py to xacro.cpython-310.pyc
[3.343s] byte-compiling /home/maranmen/Quadruped_8DOF/install/moveit_configs_utils/lib/python3.10/site-packages/moveit_configs_utils/substitutions/__init__.py to __init__.cpython-310.pyc
[3.343s] byte-compiling /home/maranmen/Quadruped_8DOF/install/moveit_configs_utils/lib/python3.10/site-packages/moveit_configs_utils/__init__.py to __init__.cpython-310.pyc
[3.343s] byte-compiling /home/maranmen/Quadruped_8DOF/install/moveit_configs_utils/lib/python3.10/site-packages/moveit_configs_utils/launch_utils.py to launch_utils.cpython-310.pyc
[3.343s] byte-compiling /home/maranmen/Quadruped_8DOF/install/moveit_configs_utils/lib/python3.10/site-packages/moveit_configs_utils/moveit_configs_builder.py to moveit_configs_builder.cpython-310.pyc
[3.347s] running install_data
[3.347s] creating /home/maranmen/Quadruped_8DOF/install/moveit_configs_utils/share/ament_index
[3.347s] creating /home/maranmen/Quadruped_8DOF/install/moveit_configs_utils/share/ament_index/resource_index
[3.364s] creating /home/maranmen/Quadruped_8DOF/install/moveit_configs_utils/share/ament_index/resource_index/packages
[3.364s] copying resource/moveit_configs_utils -> /home/maranmen/Quadruped_8DOF/install/moveit_configs_utils/share/ament_index/resource_index/packages
[3.364s] copying package.xml -> /home/maranmen/Quadruped_8DOF/install/moveit_configs_utils/share/moveit_configs_utils
[3.364s] creating /home/maranmen/Quadruped_8DOF/install/moveit_configs_utils/share/moveit_configs_utils/default_configs
[3.364s] copying default_configs/ompl_planning.yaml -> /home/maranmen/Quadruped_8DOF/install/moveit_configs_utils/share/moveit_configs_utils/default_configs
[3.364s] copying default_configs/pilz_industrial_motion_planner_planning.yaml -> /home/maranmen/Quadruped_8DOF/install/moveit_configs_utils/share/moveit_configs_utils/default_configs
[3.364s] copying default_configs/stomp_planning.yaml -> /home/maranmen/Quadruped_8DOF/install/moveit_configs_utils/share/moveit_configs_utils/default_configs
[3.365s] copying default_configs/ompl_defaults.yaml -> /home/maranmen/Quadruped_8DOF/install/moveit_configs_utils/share/moveit_configs_utils/default_configs
[3.365s] copying default_configs/chomp_planning.yaml -> /home/maranmen/Quadruped_8DOF/install/moveit_configs_utils/share/moveit_configs_utils/default_configs
[3.371s] running install_egg_info
[3.373s] Copying ../../../build/moveit_configs_utils/moveit_configs_utils.egg-info to /home/maranmen/Quadruped_8DOF/install/moveit_configs_utils/lib/python3.10/site-packages/moveit_configs_utils-2.10.0-py3.10.egg-info
[3.374s] running install_scripts
[3.399s] writing list of installed files to '/home/maranmen/Quadruped_8DOF/build/moveit_configs_utils/install.log'
[3.427s] Invoked command in '/home/maranmen/Quadruped_8DOF/src/moveit2/moveit_configs_utils' returned '0': PYTHONPATH=/home/maranmen/Quadruped_8DOF/build/moveit_configs_utils/prefix_override:/home/maranmen/Quadruped_8DOF/install/moveit_configs_utils/lib/python3.10/site-packages:${PYTHONPATH} /usr/bin/python3 -W ignore:setup.py install is deprecated setup.py egg_info --egg-base ../../../build/moveit_configs_utils build --build-base /home/maranmen/Quadruped_8DOF/build/moveit_configs_utils/build install --record /home/maranmen/Quadruped_8DOF/build/moveit_configs_utils/install.log --single-version-externally-managed install_data
