[0.017s] Invoking command in '/home/maranmen/Quadruped_8DOF/build/rviz_marker_tools': AMENT_PREFIX_PATH=/home/maranmen/Quadruped_8DOF/install/moveit_common:${AMENT_PREFIX_PATH} CMAKE_PREFIX_PATH=/home/maranmen/Quadruped_8DOF/install/moveit_common:/home/maranmen/Quadruped_8DOF/install/quadruped_model:/opt/ros/humble /usr/bin/cmake /home/maranmen/Quadruped_8DOF/src/moveit_task_constructor/rviz_marker_tools -DCMAKE_BUILD_TYPE=Release -DCMAKE_INSTALL_PREFIX=/home/maranmen/Quadruped_8DOF/install/rviz_marker_tools
[0.121s] -- The C compiler identification is GNU 11.4.0
[0.200s] -- The CXX compiler identification is GNU 11.4.0
[0.215s] -- Detecting C compiler ABI info
[0.352s] -- Detecting C compiler ABI info - done
[0.370s] -- Check for working C compiler: /usr/bin/cc - skipped
[0.370s] -- Detecting C compile features
[0.371s] -- Detecting C compile features - done
[0.376s] -- Detecting CXX compiler ABI info
[0.548s] -- Detecting CXX compiler ABI info - done
[0.564s] -- Check for working CXX compiler: /usr/bin/c++ - skipped
[0.564s] -- Detecting CXX compile features
[0.565s] -- Detecting CXX compile features - done
[0.568s] -- Found ament_cmake: 1.3.9 (/opt/ros/humble/share/ament_cmake/cmake)
[1.597s] -- Found Python3: /usr/bin/python3 (found version "3.10.12") found components: Interpreter 
[1.597s] -- Found moveit_common: 2.10.0 (/home/maranmen/Quadruped_8DOF/install/moveit_common/share/moveit_common/cmake)
[1.597s] -- Found libdw: /usr/lib/x86_64-linux-gnu/libdw.so  
[1.641s] -- Could NOT find libbfd (missing: LIBBFD_LIBRARY LIBBFD_INCLUDE_DIR) 
[1.641s] -- BACKWARD_HAS_UNWIND=1
[1.642s] -- BACKWARD_HAS_BACKTRACE=0
[1.642s] -- BACKWARD_HAS_BACKTRACE_SYMBOL=0
[1.642s] -- BACKWARD_HAS_DW=1
[1.642s] -- BACKWARD_HAS_BFD=0
[1.643s] -- Found Backward: /opt/ros/humble/share/backward_ros/cmake  
[1.775s] -- Found eigen3_cmake_module: 0.1.1 (/opt/ros/humble/share/eigen3_cmake_module/cmake)
[1.943s] -- Found Eigen3: TRUE (found version "3.4.0") 
[1.945s] -- Found geometry_msgs: 4.2.4 (/opt/ros/humble/share/geometry_msgs/cmake)
[1.985s] -- Found rosidl_generator_c: 3.1.5 (/opt/ros/humble/share/rosidl_generator_c/cmake)
[1.993s] -- Found rosidl_adapter: 3.1.5 (/opt/ros/humble/share/rosidl_adapter/cmake)
[2.005s] -- Found rosidl_generator_cpp: 3.1.5 (/opt/ros/humble/share/rosidl_generator_cpp/cmake)
[2.022s] -- Using all available rosidl_typesupport_c: rosidl_typesupport_fastrtps_c;rosidl_typesupport_introspection_c
[2.047s] -- Using all available rosidl_typesupport_cpp: rosidl_typesupport_fastrtps_cpp;rosidl_typesupport_introspection_cpp
[2.239s] -- Found rclcpp: 16.0.9 (/opt/ros/humble/share/rclcpp/cmake)
[2.597s] -- Found rmw_implementation_cmake: 6.1.2 (/opt/ros/humble/share/rmw_implementation_cmake/cmake)
[2.626s] -- Found rmw_fastrtps_cpp: 6.2.6 (/opt/ros/humble/share/rmw_fastrtps_cpp/cmake)
[3.454s] -- Found OpenSSL: /usr/lib/x86_64-linux-gnu/libcrypto.so (found version "3.0.2")  
[3.531s] -- Found FastRTPS: /opt/ros/humble/include  
[3.604s] -- Using RMW implementation 'rmw_fastrtps_cpp' as default
[3.800s] -- Looking for pthread.h
[4.563s] -- Looking for pthread.h - found
[4.564s] -- Performing Test CMAKE_HAVE_LIBC_PTHREAD
[4.742s] -- Performing Test CMAKE_HAVE_LIBC_PTHREAD - Success
[4.742s] -- Found Threads: TRUE  
[5.376s] -- Found tf2_eigen: 0.25.7 (/opt/ros/humble/share/tf2_eigen/cmake)
[6.646s] -- Found visualization_msgs: 4.2.4 (/opt/ros/humble/share/visualization_msgs/cmake)
[7.056s] -- Configuring done
[7.206s] -- Generating done
[7.211s] -- Build files have been written to: /home/maranmen/Quadruped_8DOF/build/rviz_marker_tools
[7.253s] Invoked command in '/home/maranmen/Quadruped_8DOF/build/rviz_marker_tools' returned '0': AMENT_PREFIX_PATH=/home/maranmen/Quadruped_8DOF/install/moveit_common:${AMENT_PREFIX_PATH} CMAKE_PREFIX_PATH=/home/maranmen/Quadruped_8DOF/install/moveit_common:/home/maranmen/Quadruped_8DOF/install/quadruped_model:/opt/ros/humble /usr/bin/cmake /home/maranmen/Quadruped_8DOF/src/moveit_task_constructor/rviz_marker_tools -DCMAKE_BUILD_TYPE=Release -DCMAKE_INSTALL_PREFIX=/home/maranmen/Quadruped_8DOF/install/rviz_marker_tools
[7.256s] Invoking command in '/home/maranmen/Quadruped_8DOF/build/rviz_marker_tools': AMENT_PREFIX_PATH=/home/maranmen/Quadruped_8DOF/install/moveit_common:${AMENT_PREFIX_PATH} CMAKE_PREFIX_PATH=/home/maranmen/Quadruped_8DOF/install/moveit_common:/home/maranmen/Quadruped_8DOF/install/quadruped_model:/opt/ros/humble /usr/bin/cmake --build /home/maranmen/Quadruped_8DOF/build/rviz_marker_tools -- -j4 -l4
[7.393s] [ 50%] [32mBuilding CXX object CMakeFiles/rviz_marker_tools.dir/src/marker_creation.cpp.o[0m
[71.242s] [100%] [32m[1mLinking CXX shared library librviz_marker_tools.so[0m
[76.569s] [100%] Built target rviz_marker_tools
[76.591s] Invoked command in '/home/maranmen/Quadruped_8DOF/build/rviz_marker_tools' returned '0': AMENT_PREFIX_PATH=/home/maranmen/Quadruped_8DOF/install/moveit_common:${AMENT_PREFIX_PATH} CMAKE_PREFIX_PATH=/home/maranmen/Quadruped_8DOF/install/moveit_common:/home/maranmen/Quadruped_8DOF/install/quadruped_model:/opt/ros/humble /usr/bin/cmake --build /home/maranmen/Quadruped_8DOF/build/rviz_marker_tools -- -j4 -l4
[76.670s] Invoking command in '/home/maranmen/Quadruped_8DOF/build/rviz_marker_tools': AMENT_PREFIX_PATH=/home/maranmen/Quadruped_8DOF/install/moveit_common:${AMENT_PREFIX_PATH} CMAKE_PREFIX_PATH=/home/maranmen/Quadruped_8DOF/install/moveit_common:/home/maranmen/Quadruped_8DOF/install/quadruped_model:/opt/ros/humble /usr/bin/cmake --install /home/maranmen/Quadruped_8DOF/build/rviz_marker_tools
[76.726s] -- Install configuration: "Release"
[76.730s] -- Installing: /home/maranmen/Quadruped_8DOF/install/rviz_marker_tools/include
[76.746s] -- Installing: /home/maranmen/Quadruped_8DOF/install/rviz_marker_tools/include/rviz_marker_tools
[76.747s] -- Installing: /home/maranmen/Quadruped_8DOF/install/rviz_marker_tools/include/rviz_marker_tools/marker_creation.h
[76.747s] -- Installing: /home/maranmen/Quadruped_8DOF/install/rviz_marker_tools/lib/librviz_marker_tools.so
[76.748s] -- Set runtime path of "/home/maranmen/Quadruped_8DOF/install/rviz_marker_tools/lib/librviz_marker_tools.so" to ""
[76.749s] -- Installing: /home/maranmen/Quadruped_8DOF/install/rviz_marker_tools/share/rviz_marker_tools/environment/library_path.sh
[76.750s] -- Installing: /home/maranmen/Quadruped_8DOF/install/rviz_marker_tools/share/rviz_marker_tools/environment/library_path.dsv
[76.751s] -- Installing: /home/maranmen/Quadruped_8DOF/install/rviz_marker_tools/share/ament_index/resource_index/package_run_dependencies/rviz_marker_tools
[76.751s] -- Installing: /home/maranmen/Quadruped_8DOF/install/rviz_marker_tools/share/ament_index/resource_index/parent_prefix_path/rviz_marker_tools
[76.752s] -- Installing: /home/maranmen/Quadruped_8DOF/install/rviz_marker_tools/share/rviz_marker_tools/environment/ament_prefix_path.sh
[76.753s] -- Installing: /home/maranmen/Quadruped_8DOF/install/rviz_marker_tools/share/rviz_marker_tools/environment/ament_prefix_path.dsv
[76.753s] -- Installing: /home/maranmen/Quadruped_8DOF/install/rviz_marker_tools/share/rviz_marker_tools/environment/path.sh
[76.754s] -- Installing: /home/maranmen/Quadruped_8DOF/install/rviz_marker_tools/share/rviz_marker_tools/environment/path.dsv
[76.754s] -- Installing: /home/maranmen/Quadruped_8DOF/install/rviz_marker_tools/share/rviz_marker_tools/local_setup.bash
[76.755s] -- Installing: /home/maranmen/Quadruped_8DOF/install/rviz_marker_tools/share/rviz_marker_tools/local_setup.sh
[76.765s] -- Installing: /home/maranmen/Quadruped_8DOF/install/rviz_marker_tools/share/rviz_marker_tools/local_setup.zsh
[76.767s] -- Installing: /home/maranmen/Quadruped_8DOF/install/rviz_marker_tools/share/rviz_marker_tools/local_setup.dsv
[76.767s] -- Installing: /home/maranmen/Quadruped_8DOF/install/rviz_marker_tools/share/rviz_marker_tools/package.dsv
[76.768s] -- Installing: /home/maranmen/Quadruped_8DOF/install/rviz_marker_tools/share/ament_index/resource_index/packages/rviz_marker_tools
[76.768s] -- Installing: /home/maranmen/Quadruped_8DOF/install/rviz_marker_tools/share/rviz_marker_tools/cmake/rviz_marker_toolsTargetsExport.cmake
[76.769s] -- Installing: /home/maranmen/Quadruped_8DOF/install/rviz_marker_tools/share/rviz_marker_tools/cmake/rviz_marker_toolsTargetsExport-release.cmake
[76.769s] -- Installing: /home/maranmen/Quadruped_8DOF/install/rviz_marker_tools/share/rviz_marker_tools/cmake/ament_cmake_export_targets-extras.cmake
[76.770s] -- Installing: /home/maranmen/Quadruped_8DOF/install/rviz_marker_tools/share/rviz_marker_tools/cmake/ament_cmake_export_dependencies-extras.cmake
[76.770s] -- Installing: /home/maranmen/Quadruped_8DOF/install/rviz_marker_tools/share/rviz_marker_tools/cmake/rviz_marker_toolsConfig.cmake
[76.770s] -- Installing: /home/maranmen/Quadruped_8DOF/install/rviz_marker_tools/share/rviz_marker_tools/cmake/rviz_marker_toolsConfig-version.cmake
[76.771s] -- Installing: /home/maranmen/Quadruped_8DOF/install/rviz_marker_tools/share/rviz_marker_tools/package.xml
[76.784s] Invoked command in '/home/maranmen/Quadruped_8DOF/build/rviz_marker_tools' returned '0': AMENT_PREFIX_PATH=/home/maranmen/Quadruped_8DOF/install/moveit_common:${AMENT_PREFIX_PATH} CMAKE_PREFIX_PATH=/home/maranmen/Quadruped_8DOF/install/moveit_common:/home/maranmen/Quadruped_8DOF/install/quadruped_model:/opt/ros/humble /usr/bin/cmake --install /home/maranmen/Quadruped_8DOF/build/rviz_marker_tools
