[0.010s] Invoking command in '/home/maranmen/Quadruped_8DOF/build/robotiq_controllers': CMAKE_PREFIX_PATH=/home/maranmen/Quadruped_8DOF/install/quadruped_model:/opt/ros/humble /usr/bin/cmake /home/maranmen/Quadruped_8DOF/src/ros2_robotiq_gripper/robotiq_controllers -DCMAKE_BUILD_TYPE=Release -DCMAKE_INSTALL_PREFIX=/home/maranmen/Quadruped_8DOF/install/robotiq_controllers
[0.110s] -- The C compiler identification is GNU 11.4.0
[0.195s] -- The CXX compiler identification is GNU 11.4.0
[0.204s] -- Detecting C compiler ABI info
[0.410s] -- Detecting C compiler ABI info - done
[0.419s] -- Check for working C compiler: /usr/bin/cc - skipped
[0.419s] -- Detecting C compile features
[0.419s] -- Detecting C compile features - done
[0.422s] -- Detecting CXX compiler ABI info
[0.583s] -- Detecting CXX compiler ABI info - done
[0.593s] -- Check for working CXX compiler: /usr/bin/c++ - skipped
[0.593s] -- Detecting CXX compile features
[0.593s] -- Detecting CXX compile features - done
[0.597s] -- Found ament_cmake: 1.3.9 (/opt/ros/humble/share/ament_cmake/cmake)
[0.804s] -- Found Python3: /usr/bin/python3 (found version "3.10.12") found components: Interpreter 
[0.962s] -- Found controller_interface: 2.41.0 (/opt/ros/humble/share/controller_interface/cmake)
[1.041s] -- Found rosidl_generator_c: 3.1.5 (/opt/ros/humble/share/rosidl_generator_c/cmake)
[1.046s] -- Found rosidl_adapter: 3.1.5 (/opt/ros/humble/share/rosidl_adapter/cmake)
[1.056s] -- Found rosidl_generator_cpp: 3.1.5 (/opt/ros/humble/share/rosidl_generator_cpp/cmake)
[1.074s] -- Using all available rosidl_typesupport_c: rosidl_typesupport_fastrtps_c;rosidl_typesupport_introspection_c
[1.100s] -- Using all available rosidl_typesupport_cpp: rosidl_typesupport_fastrtps_cpp;rosidl_typesupport_introspection_cpp
[2.184s] -- Found rmw_implementation_cmake: 6.1.2 (/opt/ros/humble/share/rmw_implementation_cmake/cmake)
[2.188s] -- Found rmw_fastrtps_cpp: 6.2.6 (/opt/ros/humble/share/rmw_fastrtps_cpp/cmake)
[2.232s] -- Found TinyXML2 via Config file: TinyXML2_DIR-NOTFOUND
[2.438s] -- Found OpenSSL: /usr/lib/x86_64-linux-gnu/libcrypto.so (found version "3.0.2")  
[2.441s] -- Found TinyXML2 via Config file: TinyXML2_DIR-NOTFOUND
[2.467s] -- Found FastRTPS: /opt/ros/humble/include  
[2.491s] -- Found TinyXML2 via Config file: TinyXML2_DIR-NOTFOUND
[2.601s] -- Found TinyXML2 via Config file: TinyXML2_DIR-NOTFOUND
[2.613s] -- Using RMW implementation 'rmw_fastrtps_cpp' as default
[2.623s] -- Looking for pthread.h
[2.747s] -- Looking for pthread.h - found
[2.747s] -- Performing Test CMAKE_HAVE_LIBC_PTHREAD
[2.881s] -- Performing Test CMAKE_HAVE_LIBC_PTHREAD - Success
[2.883s] -- Found Threads: TRUE  
[3.404s] -- Found std_srvs: 4.2.4 (/opt/ros/humble/share/std_srvs/cmake)
[3.627s] -- Found ament_lint_auto: 0.12.11 (/opt/ros/humble/share/ament_lint_auto/cmake)
[3.747s] -- Added test 'cppcheck' to perform static code analysis on C / C++ code
[3.748s] -- Configured cppcheck include dirs: /home/maranmen/Quadruped_8DOF/src/ros2_robotiq_gripper/robotiq_controllers/include
[3.748s] -- Configured cppcheck exclude dirs and/or files: 
[3.751s] -- Added test 'lint_cmake' to check CMake code style
[3.757s] -- Configuring done
[3.803s] -- Generating done
[3.806s] -- Build files have been written to: /home/maranmen/Quadruped_8DOF/build/robotiq_controllers
[3.822s] Invoked command in '/home/maranmen/Quadruped_8DOF/build/robotiq_controllers' returned '0': CMAKE_PREFIX_PATH=/home/maranmen/Quadruped_8DOF/install/quadruped_model:/opt/ros/humble /usr/bin/cmake /home/maranmen/Quadruped_8DOF/src/ros2_robotiq_gripper/robotiq_controllers -DCMAKE_BUILD_TYPE=Release -DCMAKE_INSTALL_PREFIX=/home/maranmen/Quadruped_8DOF/install/robotiq_controllers
[3.824s] Invoking command in '/home/maranmen/Quadruped_8DOF/build/robotiq_controllers': CMAKE_PREFIX_PATH=/home/maranmen/Quadruped_8DOF/install/quadruped_model:/opt/ros/humble /usr/bin/cmake --build /home/maranmen/Quadruped_8DOF/build/robotiq_controllers -- -j4 -l4
[3.912s] [ 50%] [32mBuilding CXX object CMakeFiles/robotiq_controllers.dir/src/robotiq_activation_controller.cpp.o[0m
[9.901s] [100%] [32m[1mLinking CXX shared library librobotiq_controllers.so[0m
[10.230s] [100%] Built target robotiq_controllers
[10.247s] Invoked command in '/home/maranmen/Quadruped_8DOF/build/robotiq_controllers' returned '0': CMAKE_PREFIX_PATH=/home/maranmen/Quadruped_8DOF/install/quadruped_model:/opt/ros/humble /usr/bin/cmake --build /home/maranmen/Quadruped_8DOF/build/robotiq_controllers -- -j4 -l4
[10.314s] Invoking command in '/home/maranmen/Quadruped_8DOF/build/robotiq_controllers': CMAKE_PREFIX_PATH=/home/maranmen/Quadruped_8DOF/install/quadruped_model:/opt/ros/humble /usr/bin/cmake --install /home/maranmen/Quadruped_8DOF/build/robotiq_controllers
[10.330s] -- Install configuration: "Release"
[10.330s] -- Installing: /home/maranmen/Quadruped_8DOF/install/robotiq_controllers/share/robotiq_controllers/controller_plugins.xml
[10.331s] -- Installing: /home/maranmen/Quadruped_8DOF/install/robotiq_controllers/lib/librobotiq_controllers.so
[10.332s] -- Set runtime path of "/home/maranmen/Quadruped_8DOF/install/robotiq_controllers/lib/librobotiq_controllers.so" to ""
[10.332s] -- Installing: /home/maranmen/Quadruped_8DOF/install/robotiq_controllers/include
[10.332s] -- Installing: /home/maranmen/Quadruped_8DOF/install/robotiq_controllers/include/robotiq_controllers
[10.332s] -- Installing: /home/maranmen/Quadruped_8DOF/install/robotiq_controllers/include/robotiq_controllers/robotiq_activation_controller.hpp
[10.332s] -- Installing: /home/maranmen/Quadruped_8DOF/install/robotiq_controllers/share/robotiq_controllers/environment/library_path.sh
[10.333s] -- Installing: /home/maranmen/Quadruped_8DOF/install/robotiq_controllers/share/robotiq_controllers/environment/library_path.dsv
[10.333s] -- Installing: /home/maranmen/Quadruped_8DOF/install/robotiq_controllers/share/ament_index/resource_index/package_run_dependencies/robotiq_controllers
[10.333s] -- Installing: /home/maranmen/Quadruped_8DOF/install/robotiq_controllers/share/ament_index/resource_index/parent_prefix_path/robotiq_controllers
[10.333s] -- Installing: /home/maranmen/Quadruped_8DOF/install/robotiq_controllers/share/robotiq_controllers/environment/ament_prefix_path.sh
[10.333s] -- Installing: /home/maranmen/Quadruped_8DOF/install/robotiq_controllers/share/robotiq_controllers/environment/ament_prefix_path.dsv
[10.334s] -- Installing: /home/maranmen/Quadruped_8DOF/install/robotiq_controllers/share/robotiq_controllers/environment/path.sh
[10.334s] -- Installing: /home/maranmen/Quadruped_8DOF/install/robotiq_controllers/share/robotiq_controllers/environment/path.dsv
[10.334s] -- Installing: /home/maranmen/Quadruped_8DOF/install/robotiq_controllers/share/robotiq_controllers/local_setup.bash
[10.334s] -- Installing: /home/maranmen/Quadruped_8DOF/install/robotiq_controllers/share/robotiq_controllers/local_setup.sh
[10.334s] -- Installing: /home/maranmen/Quadruped_8DOF/install/robotiq_controllers/share/robotiq_controllers/local_setup.zsh
[10.334s] -- Installing: /home/maranmen/Quadruped_8DOF/install/robotiq_controllers/share/robotiq_controllers/local_setup.dsv
[10.335s] -- Installing: /home/maranmen/Quadruped_8DOF/install/robotiq_controllers/share/robotiq_controllers/package.dsv
[10.335s] -- Installing: /home/maranmen/Quadruped_8DOF/install/robotiq_controllers/share/ament_index/resource_index/packages/robotiq_controllers
[10.335s] -- Installing: /home/maranmen/Quadruped_8DOF/install/robotiq_controllers/share/ament_index/resource_index/controller_interface__pluginlib__plugin/robotiq_controllers
[10.335s] -- Installing: /home/maranmen/Quadruped_8DOF/install/robotiq_controllers/share/robotiq_controllers/cmake/export_robotiq_controllersExport.cmake
[10.336s] -- Installing: /home/maranmen/Quadruped_8DOF/install/robotiq_controllers/share/robotiq_controllers/cmake/export_robotiq_controllersExport-release.cmake
[10.336s] -- Installing: /home/maranmen/Quadruped_8DOF/install/robotiq_controllers/share/robotiq_controllers/cmake/ament_cmake_export_include_directories-extras.cmake
[10.336s] -- Installing: /home/maranmen/Quadruped_8DOF/install/robotiq_controllers/share/robotiq_controllers/cmake/ament_cmake_export_libraries-extras.cmake
[10.336s] -- Installing: /home/maranmen/Quadruped_8DOF/install/robotiq_controllers/share/robotiq_controllers/cmake/ament_cmake_export_targets-extras.cmake
[10.336s] -- Installing: /home/maranmen/Quadruped_8DOF/install/robotiq_controllers/share/robotiq_controllers/cmake/ament_cmake_export_dependencies-extras.cmake
[10.337s] -- Installing: /home/maranmen/Quadruped_8DOF/install/robotiq_controllers/share/robotiq_controllers/cmake/robotiq_controllersConfig.cmake
[10.337s] -- Installing: /home/maranmen/Quadruped_8DOF/install/robotiq_controllers/share/robotiq_controllers/cmake/robotiq_controllersConfig-version.cmake
[10.337s] -- Installing: /home/maranmen/Quadruped_8DOF/install/robotiq_controllers/share/robotiq_controllers/package.xml
[10.343s] Invoked command in '/home/maranmen/Quadruped_8DOF/build/robotiq_controllers' returned '0': CMAKE_PREFIX_PATH=/home/maranmen/Quadruped_8DOF/install/quadruped_model:/opt/ros/humble /usr/bin/cmake --install /home/maranmen/Quadruped_8DOF/build/robotiq_controllers
