[4.102s] DEBUG:colcon:Command line arguments: ['/usr/bin/colcon', 'build']
[4.102s] DEBUG:colcon:Parsed command line arguments: Namespace(log_base=None, log_level=None, verb_name='build', build_base='build', install_base='install', merge_install=False, symlink_install=False, test_result_base=None, continue_on_error=False, executor='parallel', parallel_workers=4, event_handlers=None, ignore_user_meta=False, metas=['./colcon.meta'], base_paths=['.'], packages_ignore=None, packages_ignore_regex=None, paths=None, packages_up_to=None, packages_up_to_regex=None, packages_above=None, packages_above_and_dependencies=None, packages_above_depth=None, packages_select_by_dep=None, packages_skip_by_dep=None, packages_skip_up_to=None, packages_select_build_failed=False, packages_skip_build_finished=False, packages_select_test_failures=False, packages_skip_test_passed=False, packages_select=None, packages_skip=None, packages_select_regex=None, packages_skip_regex=None, packages_start=None, packages_end=None, allow_overriding=[], cmake_args=None, cmake_target=None, cmake_target_skip_unavailable=False, cmake_clean_cache=False, cmake_clean_first=False, cmake_force_configure=False, ament_cmake_args=None, catkin_cmake_args=None, catkin_skip_building_tests=False, verb_parser=<colcon_defaults.argument_parser.defaults.DefaultArgumentsDecorator object at 0x78f9f07fb760>, verb_extension=<colcon_core.verb.build.BuildVerb object at 0x78f9f07fb310>, main=<bound method BuildVerb.main of <colcon_core.verb.build.BuildVerb object at 0x78f9f07fb310>>)
[8.852s] Level 1:colcon.colcon_core.package_discovery:discover_packages(colcon_meta) check parameters
[8.852s] Level 1:colcon.colcon_core.package_discovery:discover_packages(recursive) check parameters
[8.852s] Level 1:colcon.colcon_core.package_discovery:discover_packages(ignore) check parameters
[8.852s] Level 1:colcon.colcon_core.package_discovery:discover_packages(path) check parameters
[8.852s] Level 1:colcon.colcon_core.package_discovery:discover_packages(colcon_meta) discover
[8.852s] Level 1:colcon.colcon_core.package_discovery:discover_packages(recursive) discover
[8.852s] INFO:colcon.colcon_core.package_discovery:Crawling recursively for packages in '/home/maranmen/Quadruped_8DOF'
[8.853s] Level 1:colcon.colcon_core.package_identification:_identify(.) by extensions ['ignore', 'ignore_ament_install']
[8.853s] Level 1:colcon.colcon_core.package_identification:_identify(.) by extension 'ignore'
[8.853s] Level 1:colcon.colcon_core.package_identification:_identify(.) by extension 'ignore_ament_install'
[8.853s] Level 1:colcon.colcon_core.package_identification:_identify(.) by extensions ['colcon_pkg']
[8.853s] Level 1:colcon.colcon_core.package_identification:_identify(.) by extension 'colcon_pkg'
[8.853s] Level 1:colcon.colcon_core.package_identification:_identify(.) by extensions ['colcon_meta']
[8.853s] Level 1:colcon.colcon_core.package_identification:_identify(.) by extension 'colcon_meta'
[8.853s] Level 1:colcon.colcon_core.package_identification:_identify(.) by extensions ['ros']
[8.853s] Level 1:colcon.colcon_core.package_identification:_identify(.) by extension 'ros'
[8.914s] Level 1:colcon.colcon_core.package_identification:_identify(.) by extensions ['cmake', 'python']
[8.915s] Level 1:colcon.colcon_core.package_identification:_identify(.) by extension 'cmake'
[8.915s] Level 1:colcon.colcon_core.package_identification:_identify(.) by extension 'python'
[8.915s] Level 1:colcon.colcon_core.package_identification:_identify(.) by extensions ['python_setup_py']
[8.915s] Level 1:colcon.colcon_core.package_identification:_identify(.) by extension 'python_setup_py'
[8.915s] Level 1:colcon.colcon_core.package_identification:_identify(build) by extensions ['ignore', 'ignore_ament_install']
[8.916s] Level 1:colcon.colcon_core.package_identification:_identify(build) by extension 'ignore'
[8.916s] Level 1:colcon.colcon_core.package_identification:_identify(build) ignored
[8.916s] Level 1:colcon.colcon_core.package_identification:_identify(install) by extensions ['ignore', 'ignore_ament_install']
[8.916s] Level 1:colcon.colcon_core.package_identification:_identify(install) by extension 'ignore'
[8.917s] Level 1:colcon.colcon_core.package_identification:_identify(install) ignored
[8.917s] Level 1:colcon.colcon_core.package_identification:_identify(log) by extensions ['ignore', 'ignore_ament_install']
[8.917s] Level 1:colcon.colcon_core.package_identification:_identify(log) by extension 'ignore'
[8.917s] Level 1:colcon.colcon_core.package_identification:_identify(log) ignored
[8.918s] Level 1:colcon.colcon_core.package_identification:_identify(src) by extensions ['ignore', 'ignore_ament_install']
[8.918s] Level 1:colcon.colcon_core.package_identification:_identify(src) by extension 'ignore'
[8.918s] Level 1:colcon.colcon_core.package_identification:_identify(src) by extension 'ignore_ament_install'
[8.918s] Level 1:colcon.colcon_core.package_identification:_identify(src) by extensions ['colcon_pkg']
[8.918s] Level 1:colcon.colcon_core.package_identification:_identify(src) by extension 'colcon_pkg'
[8.918s] Level 1:colcon.colcon_core.package_identification:_identify(src) by extensions ['colcon_meta']
[8.918s] Level 1:colcon.colcon_core.package_identification:_identify(src) by extension 'colcon_meta'
[8.918s] Level 1:colcon.colcon_core.package_identification:_identify(src) by extensions ['ros']
[8.918s] Level 1:colcon.colcon_core.package_identification:_identify(src) by extension 'ros'
[8.918s] Level 1:colcon.colcon_core.package_identification:_identify(src) by extensions ['cmake', 'python']
[8.918s] Level 1:colcon.colcon_core.package_identification:_identify(src) by extension 'cmake'
[8.918s] Level 1:colcon.colcon_core.package_identification:_identify(src) by extension 'python'
[8.918s] Level 1:colcon.colcon_core.package_identification:_identify(src) by extensions ['python_setup_py']
[8.919s] Level 1:colcon.colcon_core.package_identification:_identify(src) by extension 'python_setup_py'
[8.919s] Level 1:colcon.colcon_core.package_identification:_identify(src/quadruped_model) by extensions ['ignore', 'ignore_ament_install']
[8.919s] Level 1:colcon.colcon_core.package_identification:_identify(src/quadruped_model) by extension 'ignore'
[8.919s] Level 1:colcon.colcon_core.package_identification:_identify(src/quadruped_model) by extension 'ignore_ament_install'
[8.919s] Level 1:colcon.colcon_core.package_identification:_identify(src/quadruped_model) by extensions ['colcon_pkg']
[8.919s] Level 1:colcon.colcon_core.package_identification:_identify(src/quadruped_model) by extension 'colcon_pkg'
[8.919s] Level 1:colcon.colcon_core.package_identification:_identify(src/quadruped_model) by extensions ['colcon_meta']
[8.919s] Level 1:colcon.colcon_core.package_identification:_identify(src/quadruped_model) by extension 'colcon_meta'
[8.920s] Level 1:colcon.colcon_core.package_identification:_identify(src/quadruped_model) by extensions ['ros']
[8.920s] Level 1:colcon.colcon_core.package_identification:_identify(src/quadruped_model) by extension 'ros'
[8.998s] DEBUG:colcon.colcon_core.package_identification:Package 'src/quadruped_model' with type 'ros.ament_python' and name 'quadruped_model'
[8.999s] Level 1:colcon.colcon_core.package_discovery:discover_packages(recursive) using defaults
[8.999s] Level 1:colcon.colcon_core.package_discovery:discover_packages(ignore) discover
[8.999s] Level 1:colcon.colcon_core.package_discovery:discover_packages(ignore) using defaults
[8.999s] Level 1:colcon.colcon_core.package_discovery:discover_packages(path) discover
[8.999s] Level 1:colcon.colcon_core.package_discovery:discover_packages(path) using defaults
[9.371s] Level 1:colcon.colcon_core.package_discovery:discover_packages(prefix_path) check parameters
[9.371s] Level 1:colcon.colcon_core.package_discovery:discover_packages(prefix_path) discover
[9.384s] DEBUG:colcon.colcon_installed_package_information.package_discovery:Found 272 installed packages in /opt/ros/humble
[9.388s] Level 1:colcon.colcon_core.package_discovery:discover_packages(prefix_path) using defaults
[9.490s] Level 5:colcon.colcon_core.verb:set package 'quadruped_model' build argument 'cmake_args' from command line to 'None'
[9.490s] Level 5:colcon.colcon_core.verb:set package 'quadruped_model' build argument 'cmake_target' from command line to 'None'
[9.490s] Level 5:colcon.colcon_core.verb:set package 'quadruped_model' build argument 'cmake_target_skip_unavailable' from command line to 'False'
[9.490s] Level 5:colcon.colcon_core.verb:set package 'quadruped_model' build argument 'cmake_clean_cache' from command line to 'False'
[9.490s] Level 5:colcon.colcon_core.verb:set package 'quadruped_model' build argument 'cmake_clean_first' from command line to 'False'
[9.490s] Level 5:colcon.colcon_core.verb:set package 'quadruped_model' build argument 'cmake_force_configure' from command line to 'False'
[9.490s] Level 5:colcon.colcon_core.verb:set package 'quadruped_model' build argument 'ament_cmake_args' from command line to 'None'
[9.490s] Level 5:colcon.colcon_core.verb:set package 'quadruped_model' build argument 'catkin_cmake_args' from command line to 'None'
[9.490s] Level 5:colcon.colcon_core.verb:set package 'quadruped_model' build argument 'catkin_skip_building_tests' from command line to 'False'
[9.490s] DEBUG:colcon.colcon_core.verb:Building package 'quadruped_model' with the following arguments: {'ament_cmake_args': None, 'build_base': '/home/maranmen/Quadruped_8DOF/build/quadruped_model', 'catkin_cmake_args': None, 'catkin_skip_building_tests': False, 'cmake_args': None, 'cmake_clean_cache': False, 'cmake_clean_first': False, 'cmake_force_configure': False, 'cmake_target': None, 'cmake_target_skip_unavailable': False, 'install_base': '/home/maranmen/Quadruped_8DOF/install/quadruped_model', 'merge_install': False, 'path': '/home/maranmen/Quadruped_8DOF/src/quadruped_model', 'symlink_install': False, 'test_result_base': None}
[9.490s] INFO:colcon.colcon_core.executor:Executing jobs using 'parallel' executor
[9.492s] DEBUG:colcon.colcon_parallel_executor.executor.parallel:run_until_complete
[9.492s] INFO:colcon.colcon_ros.task.ament_python.build:Building ROS package in '/home/maranmen/Quadruped_8DOF/src/quadruped_model' with build type 'ament_python'
[9.493s] Level 1:colcon.colcon_core.shell:create_environment_hook('quadruped_model', 'ament_prefix_path')
[9.554s] INFO:colcon.colcon_core.plugin_system:Skipping extension 'colcon_core.shell.bat': Not used on non-Windows systems
[9.554s] INFO:colcon.colcon_core.shell:Creating environment hook '/home/maranmen/Quadruped_8DOF/install/quadruped_model/share/quadruped_model/hook/ament_prefix_path.ps1'
[9.582s] INFO:colcon.colcon_core.shell:Creating environment descriptor '/home/maranmen/Quadruped_8DOF/install/quadruped_model/share/quadruped_model/hook/ament_prefix_path.dsv'
[9.598s] INFO:colcon.colcon_core.shell:Creating environment hook '/home/maranmen/Quadruped_8DOF/install/quadruped_model/share/quadruped_model/hook/ament_prefix_path.sh'
[9.600s] INFO:colcon.colcon_core.shell:Skip shell extension 'powershell' for command environment: Not usable outside of PowerShell
[9.600s] DEBUG:colcon.colcon_core.shell:Skip shell extension 'dsv' for command environment
[10.036s] INFO:colcon.colcon_core.task.python.build:Building Python package in '/home/maranmen/Quadruped_8DOF/src/quadruped_model'
[10.036s] INFO:colcon.colcon_core.shell:Skip shell extension 'powershell' for command environment: Not usable outside of PowerShell
[10.036s] DEBUG:colcon.colcon_core.shell:Skip shell extension 'dsv' for command environment
[11.048s] DEBUG:colcon.colcon_core.event_handler.log_command:Invoking command in '/home/maranmen/Quadruped_8DOF/src/quadruped_model': PYTHONPATH=/home/maranmen/Quadruped_8DOF/build/quadruped_model/prefix_override:/home/maranmen/Quadruped_8DOF/install/quadruped_model/lib/python3.10/site-packages:${PYTHONPATH} /usr/bin/python3 -W ignore:setup.py install is deprecated setup.py egg_info --egg-base ../../build/quadruped_model build --build-base /home/maranmen/Quadruped_8DOF/build/quadruped_model/build install --record /home/maranmen/Quadruped_8DOF/build/quadruped_model/install.log --single-version-externally-managed install_data
[12.197s] DEBUG:colcon.colcon_core.event_handler.log_command:Invoked command in '/home/maranmen/Quadruped_8DOF/src/quadruped_model' returned '0': PYTHONPATH=/home/maranmen/Quadruped_8DOF/build/quadruped_model/prefix_override:/home/maranmen/Quadruped_8DOF/install/quadruped_model/lib/python3.10/site-packages:${PYTHONPATH} /usr/bin/python3 -W ignore:setup.py install is deprecated setup.py egg_info --egg-base ../../build/quadruped_model build --build-base /home/maranmen/Quadruped_8DOF/build/quadruped_model/build install --record /home/maranmen/Quadruped_8DOF/build/quadruped_model/install.log --single-version-externally-managed install_data
[12.576s] Level 1:colcon.colcon_core.environment:checking '/home/maranmen/Quadruped_8DOF/install/quadruped_model' for CMake module files
[12.576s] Level 1:colcon.colcon_core.environment:checking '/home/maranmen/Quadruped_8DOF/install/quadruped_model' for CMake config files
[12.605s] Level 1:colcon.colcon_core.environment:checking '/home/maranmen/Quadruped_8DOF/install/quadruped_model/lib'
[12.605s] Level 1:colcon.colcon_core.environment:checking '/home/maranmen/Quadruped_8DOF/install/quadruped_model/bin'
[12.605s] Level 1:colcon.colcon_core.environment:checking '/home/maranmen/Quadruped_8DOF/install/quadruped_model/lib/pkgconfig/quadruped_model.pc'
[12.606s] Level 1:colcon.colcon_core.environment:checking '/home/maranmen/Quadruped_8DOF/install/quadruped_model/lib/python3.10/site-packages'
[12.606s] Level 1:colcon.colcon_core.shell:create_environment_hook('quadruped_model', 'pythonpath')
[12.606s] INFO:colcon.colcon_core.shell:Creating environment hook '/home/maranmen/Quadruped_8DOF/install/quadruped_model/share/quadruped_model/hook/pythonpath.ps1'
[12.607s] INFO:colcon.colcon_core.shell:Creating environment descriptor '/home/maranmen/Quadruped_8DOF/install/quadruped_model/share/quadruped_model/hook/pythonpath.dsv'
[12.607s] INFO:colcon.colcon_core.shell:Creating environment hook '/home/maranmen/Quadruped_8DOF/install/quadruped_model/share/quadruped_model/hook/pythonpath.sh'
[12.608s] Level 1:colcon.colcon_core.environment:checking '/home/maranmen/Quadruped_8DOF/install/quadruped_model/bin'
[12.608s] Level 1:colcon.colcon_core.environment:create_environment_scripts_only(quadruped_model)
[12.608s] INFO:colcon.colcon_core.shell:Creating package script '/home/maranmen/Quadruped_8DOF/install/quadruped_model/share/quadruped_model/package.ps1'
[12.610s] INFO:colcon.colcon_core.shell:Creating package descriptor '/home/maranmen/Quadruped_8DOF/install/quadruped_model/share/quadruped_model/package.dsv'
[12.611s] INFO:colcon.colcon_core.shell:Creating package script '/home/maranmen/Quadruped_8DOF/install/quadruped_model/share/quadruped_model/package.sh'
[12.613s] INFO:colcon.colcon_core.shell:Creating package script '/home/maranmen/Quadruped_8DOF/install/quadruped_model/share/quadruped_model/package.bash'
[12.632s] INFO:colcon.colcon_core.shell:Creating package script '/home/maranmen/Quadruped_8DOF/install/quadruped_model/share/quadruped_model/package.zsh'
[12.650s] Level 1:colcon.colcon_core.environment:create_file_with_runtime_dependencies(/home/maranmen/Quadruped_8DOF/install/quadruped_model/share/colcon-core/packages/quadruped_model)
[12.650s] DEBUG:colcon.colcon_parallel_executor.executor.parallel:closing loop
[12.651s] DEBUG:colcon.colcon_parallel_executor.executor.parallel:loop closed
[12.651s] DEBUG:colcon.colcon_parallel_executor.executor.parallel:run_until_complete finished with '0'
[12.651s] DEBUG:colcon.colcon_core.event_reactor:joining thread
[12.692s] INFO:colcon.colcon_core.plugin_system:Skipping extension 'colcon_notification.desktop_notification.terminal_notifier': Not used on non-Darwin systems
[12.692s] INFO:colcon.colcon_core.plugin_system:Skipping extension 'colcon_notification.desktop_notification.win32': Not used on non-Windows systems
[12.692s] INFO:colcon.colcon_notification.desktop_notification:Sending desktop notification using 'notify2'
[12.750s] DEBUG:colcon.colcon_core.event_reactor:joined thread
[12.751s] INFO:colcon.colcon_core.shell:Creating prefix script '/home/maranmen/Quadruped_8DOF/install/local_setup.ps1'
[12.755s] INFO:colcon.colcon_core.shell:Creating prefix util module '/home/maranmen/Quadruped_8DOF/install/_local_setup_util_ps1.py'
[12.763s] INFO:colcon.colcon_core.shell:Creating prefix chain script '/home/maranmen/Quadruped_8DOF/install/setup.ps1'
[12.781s] INFO:colcon.colcon_core.shell:Creating prefix script '/home/maranmen/Quadruped_8DOF/install/local_setup.sh'
[12.786s] INFO:colcon.colcon_core.shell:Creating prefix util module '/home/maranmen/Quadruped_8DOF/install/_local_setup_util_sh.py'
[12.788s] INFO:colcon.colcon_core.shell:Creating prefix chain script '/home/maranmen/Quadruped_8DOF/install/setup.sh'
[12.792s] INFO:colcon.colcon_core.shell:Creating prefix script '/home/maranmen/Quadruped_8DOF/install/local_setup.bash'
[12.795s] INFO:colcon.colcon_core.shell:Creating prefix chain script '/home/maranmen/Quadruped_8DOF/install/setup.bash'
[12.799s] INFO:colcon.colcon_core.shell:Creating prefix script '/home/maranmen/Quadruped_8DOF/install/local_setup.zsh'
[12.802s] INFO:colcon.colcon_core.shell:Creating prefix chain script '/home/maranmen/Quadruped_8DOF/install/setup.zsh'
