[0.078s] Invoking command in '/home/maranmen/Quadruped_8DOF/build/kortex_driver': AMENT_PREFIX_PATH=/home/maranmen/Quadruped_8DOF/install/kortex_api:${AMENT_PREFIX_PATH} CMAKE_PREFIX_PATH=/home/maranmen/Quadruped_8DOF/install/kortex_api:/home/maranmen/Quadruped_8DOF/install/quadruped_model:/opt/ros/humble /usr/bin/cmake /home/maranmen/Quadruped_8DOF/src/ros2_kortex/kortex_driver -DCMAKE_BUILD_TYPE=Release -DCMAKE_INSTALL_PREFIX=/home/maranmen/Quadruped_8DOF/install/kortex_driver
[39.076s] -- The C compiler identification is GNU 11.4.0
[39.261s] -- The CXX compiler identification is GNU 11.4.0
[39.361s] -- Detecting C compiler ABI info
[39.651s] -- Detecting C compiler ABI info - done
[39.655s] -- Check for working C compiler: /usr/bin/cc - skipped
[39.656s] -- Detecting C compile features
[39.656s] -- Detecting C compile features - done
[39.701s] -- Detecting CXX compiler ABI info
[39.815s] -- Detecting CXX compiler ABI info - done
[39.836s] -- Check for working CXX compiler: /usr/bin/c++ - skipped
[39.836s] -- Detecting CXX compile features
[39.837s] -- Detecting CXX compile features - done
[39.842s] -- Found ament_cmake: 1.3.9 (/opt/ros/humble/share/ament_cmake/cmake)
[40.847s] -- Found Python3: /usr/bin/python3 (found version "3.10.12") found components: Interpreter 
[41.318s] -- Found hardware_interface: 2.41.0 (/opt/ros/humble/share/hardware_interface/cmake)
[41.374s] -- Found rosidl_generator_c: 3.1.5 (/opt/ros/humble/share/rosidl_generator_c/cmake)
[41.380s] -- Found rosidl_adapter: 3.1.5 (/opt/ros/humble/share/rosidl_adapter/cmake)
[41.393s] -- Found rosidl_generator_cpp: 3.1.5 (/opt/ros/humble/share/rosidl_generator_cpp/cmake)
[41.519s] -- Using all available rosidl_typesupport_c: rosidl_typesupport_fastrtps_c;rosidl_typesupport_introspection_c
[41.519s] -- Using all available rosidl_typesupport_cpp: rosidl_typesupport_fastrtps_cpp;rosidl_typesupport_introspection_cpp
[42.735s] -- Found rmw_implementation_cmake: 6.1.2 (/opt/ros/humble/share/rmw_implementation_cmake/cmake)
[42.735s] -- Found rmw_fastrtps_cpp: 6.2.6 (/opt/ros/humble/share/rmw_fastrtps_cpp/cmake)
[42.978s] -- Found TinyXML2 via Config file: TinyXML2_DIR-NOTFOUND
[43.393s] -- Found OpenSSL: /usr/lib/x86_64-linux-gnu/libcrypto.so (found version "3.0.2")  
[43.395s] -- Found TinyXML2 via Config file: TinyXML2_DIR-NOTFOUND
[43.415s] -- Found FastRTPS: /opt/ros/humble/include  
[43.425s] -- Found TinyXML2 via Config file: TinyXML2_DIR-NOTFOUND
[43.440s] -- Found TinyXML2 via Config file: TinyXML2_DIR-NOTFOUND
[43.452s] -- Using RMW implementation 'rmw_fastrtps_cpp' as default
[43.464s] -- Looking for pthread.h
[44.218s] -- Looking for pthread.h - found
[44.246s] -- Performing Test CMAKE_HAVE_LIBC_PTHREAD
[44.336s] -- Performing Test CMAKE_HAVE_LIBC_PTHREAD - Success
[44.337s] -- Found Threads: TRUE  
[44.988s] -- Found kortex_api: 0.2.2 (/home/maranmen/Quadruped_8DOF/install/kortex_api/share/kortex_api/cmake)
[45.748s] -- Configuring done
[46.840s] -- Generating done
[46.842s] -- Build files have been written to: /home/maranmen/Quadruped_8DOF/build/kortex_driver
[46.858s] Invoked command in '/home/maranmen/Quadruped_8DOF/build/kortex_driver' returned '0': AMENT_PREFIX_PATH=/home/maranmen/Quadruped_8DOF/install/kortex_api:${AMENT_PREFIX_PATH} CMAKE_PREFIX_PATH=/home/maranmen/Quadruped_8DOF/install/kortex_api:/home/maranmen/Quadruped_8DOF/install/quadruped_model:/opt/ros/humble /usr/bin/cmake /home/maranmen/Quadruped_8DOF/src/ros2_kortex/kortex_driver -DCMAKE_BUILD_TYPE=Release -DCMAKE_INSTALL_PREFIX=/home/maranmen/Quadruped_8DOF/install/kortex_driver
[46.861s] Invoking command in '/home/maranmen/Quadruped_8DOF/build/kortex_driver': AMENT_PREFIX_PATH=/home/maranmen/Quadruped_8DOF/install/kortex_api:${AMENT_PREFIX_PATH} CMAKE_PREFIX_PATH=/home/maranmen/Quadruped_8DOF/install/kortex_api:/home/maranmen/Quadruped_8DOF/install/quadruped_model:/opt/ros/humble /usr/bin/cmake --build /home/maranmen/Quadruped_8DOF/build/kortex_driver -- -j4 -l4
[46.973s] [ 33%] [32mBuilding CXX object CMakeFiles/kortex_driver.dir/src/hardware_interface.cpp.o[0m
[65.321s] [ 66%] [32mBuilding CXX object CMakeFiles/kortex_driver.dir/src/kortex_math_util.cpp.o[0m
[66.020s] [100%] [32m[1mLinking CXX shared library libkortex_driver.so[0m
[67.512s] [100%] Built target kortex_driver
[67.529s] Invoked command in '/home/maranmen/Quadruped_8DOF/build/kortex_driver' returned '0': AMENT_PREFIX_PATH=/home/maranmen/Quadruped_8DOF/install/kortex_api:${AMENT_PREFIX_PATH} CMAKE_PREFIX_PATH=/home/maranmen/Quadruped_8DOF/install/kortex_api:/home/maranmen/Quadruped_8DOF/install/quadruped_model:/opt/ros/humble /usr/bin/cmake --build /home/maranmen/Quadruped_8DOF/build/kortex_driver -- -j4 -l4
[67.652s] Invoking command in '/home/maranmen/Quadruped_8DOF/build/kortex_driver': AMENT_PREFIX_PATH=/home/maranmen/Quadruped_8DOF/install/kortex_api:${AMENT_PREFIX_PATH} CMAKE_PREFIX_PATH=/home/maranmen/Quadruped_8DOF/install/kortex_api:/home/maranmen/Quadruped_8DOF/install/quadruped_model:/opt/ros/humble /usr/bin/cmake --install /home/maranmen/Quadruped_8DOF/build/kortex_driver
[67.662s] -- Install configuration: "Release"
[67.663s] -- Installing: /home/maranmen/Quadruped_8DOF/install/kortex_driver/share/kortex_driver/hardware_interface_plugin.xml
[67.664s] -- Installing: /home/maranmen/Quadruped_8DOF/install/kortex_driver/lib/libkortex_driver.so
[67.676s] -- Set runtime path of "/home/maranmen/Quadruped_8DOF/install/kortex_driver/lib/libkortex_driver.so" to ""
[67.676s] -- Installing: /home/maranmen/Quadruped_8DOF/install/kortex_driver/include
[67.676s] -- Installing: /home/maranmen/Quadruped_8DOF/install/kortex_driver/include/kortex_driver
[67.677s] -- Installing: /home/maranmen/Quadruped_8DOF/install/kortex_driver/include/kortex_driver/kortex_math_util.hpp
[67.677s] -- Installing: /home/maranmen/Quadruped_8DOF/install/kortex_driver/include/kortex_driver/hardware_interface.hpp
[67.677s] -- Installing: /home/maranmen/Quadruped_8DOF/install/kortex_driver/include/kortex_driver/visibility_control.h
[67.678s] -- Installing: /home/maranmen/Quadruped_8DOF/install/kortex_driver/share/kortex_driver/environment/library_path.sh
[67.678s] -- Installing: /home/maranmen/Quadruped_8DOF/install/kortex_driver/share/kortex_driver/environment/library_path.dsv
[67.678s] -- Installing: /home/maranmen/Quadruped_8DOF/install/kortex_driver/share/ament_index/resource_index/package_run_dependencies/kortex_driver
[67.679s] -- Installing: /home/maranmen/Quadruped_8DOF/install/kortex_driver/share/ament_index/resource_index/parent_prefix_path/kortex_driver
[67.679s] -- Installing: /home/maranmen/Quadruped_8DOF/install/kortex_driver/share/kortex_driver/environment/ament_prefix_path.sh
[67.679s] -- Installing: /home/maranmen/Quadruped_8DOF/install/kortex_driver/share/kortex_driver/environment/ament_prefix_path.dsv
[67.680s] -- Installing: /home/maranmen/Quadruped_8DOF/install/kortex_driver/share/kortex_driver/environment/path.sh
[67.680s] -- Installing: /home/maranmen/Quadruped_8DOF/install/kortex_driver/share/kortex_driver/environment/path.dsv
[67.680s] -- Installing: /home/maranmen/Quadruped_8DOF/install/kortex_driver/share/kortex_driver/local_setup.bash
[67.681s] -- Installing: /home/maranmen/Quadruped_8DOF/install/kortex_driver/share/kortex_driver/local_setup.sh
[67.681s] -- Installing: /home/maranmen/Quadruped_8DOF/install/kortex_driver/share/kortex_driver/local_setup.zsh
[67.681s] -- Installing: /home/maranmen/Quadruped_8DOF/install/kortex_driver/share/kortex_driver/local_setup.dsv
[67.682s] -- Installing: /home/maranmen/Quadruped_8DOF/install/kortex_driver/share/kortex_driver/package.dsv
[67.682s] -- Installing: /home/maranmen/Quadruped_8DOF/install/kortex_driver/share/ament_index/resource_index/packages/kortex_driver
[67.682s] -- Installing: /home/maranmen/Quadruped_8DOF/install/kortex_driver/share/ament_index/resource_index/hardware_interface__pluginlib__plugin/kortex_driver
[67.683s] -- Installing: /home/maranmen/Quadruped_8DOF/install/kortex_driver/share/kortex_driver/cmake/ament_cmake_export_include_directories-extras.cmake
[67.683s] -- Installing: /home/maranmen/Quadruped_8DOF/install/kortex_driver/share/kortex_driver/cmake/ament_cmake_export_libraries-extras.cmake
[67.683s] -- Installing: /home/maranmen/Quadruped_8DOF/install/kortex_driver/share/kortex_driver/cmake/ament_cmake_export_dependencies-extras.cmake
[67.683s] -- Installing: /home/maranmen/Quadruped_8DOF/install/kortex_driver/share/kortex_driver/cmake/kortex_driverConfig.cmake
[67.684s] -- Installing: /home/maranmen/Quadruped_8DOF/install/kortex_driver/share/kortex_driver/cmake/kortex_driverConfig-version.cmake
[67.684s] -- Installing: /home/maranmen/Quadruped_8DOF/install/kortex_driver/share/kortex_driver/package.xml
[67.687s] Invoked command in '/home/maranmen/Quadruped_8DOF/build/kortex_driver' returned '0': AMENT_PREFIX_PATH=/home/maranmen/Quadruped_8DOF/install/kortex_api:${AMENT_PREFIX_PATH} CMAKE_PREFIX_PATH=/home/maranmen/Quadruped_8DOF/install/kortex_api:/home/maranmen/Quadruped_8DOF/install/quadruped_model:/opt/ros/humble /usr/bin/cmake --install /home/maranmen/Quadruped_8DOF/build/kortex_driver
