[0.185s] DEBUG:colcon:Command line arguments: ['/usr/bin/colcon', 'build', '--mixin', 'release']
[0.185s] DEBUG:colcon:Parsed command line arguments: Namespace(log_base=None, log_level=None, verb_name='build', build_base='build', install_base='install', merge_install=False, symlink_install=False, test_result_base=None, continue_on_error=False, executor='parallel', parallel_workers=4, event_handlers=None, ignore_user_meta=False, metas=['./colcon.meta'], base_paths=['.'], packages_ignore=None, packages_ignore_regex=None, paths=None, packages_up_to=None, packages_up_to_regex=None, packages_above=None, packages_above_and_dependencies=None, packages_above_depth=None, packages_select_by_dep=None, packages_skip_by_dep=None, packages_skip_up_to=None, packages_select_build_failed=False, packages_skip_build_finished=False, packages_select_test_failures=False, packages_skip_test_passed=False, packages_select=None, packages_skip=None, packages_select_regex=None, packages_skip_regex=None, packages_start=None, packages_end=None, allow_overriding=[], cmake_args=['-DCMAKE_BUILD_TYPE=Release'], cmake_target=None, cmake_target_skip_unavailable=False, cmake_clean_cache=False, cmake_clean_first=False, cmake_force_configure=False, ament_cmake_args=None, catkin_cmake_args=None, catkin_skip_building_tests=False, mixin_files=None, mixin=['release'], verb_parser=<colcon_mixin.mixin.mixin_argument.MixinArgumentDecorator object at 0x70197032ac80>, verb_extension=<colcon_core.verb.build.BuildVerb object at 0x70197032a7d0>, main=<bound method BuildVerb.main of <colcon_core.verb.build.BuildVerb object at 0x70197032a7d0>>, mixin_verb=('build',))
[0.365s] Level 1:colcon.colcon_core.package_discovery:discover_packages(colcon_meta) check parameters
[0.365s] Level 1:colcon.colcon_core.package_discovery:discover_packages(recursive) check parameters
[0.365s] Level 1:colcon.colcon_core.package_discovery:discover_packages(ignore) check parameters
[0.365s] Level 1:colcon.colcon_core.package_discovery:discover_packages(path) check parameters
[0.365s] Level 1:colcon.colcon_core.package_discovery:discover_packages(colcon_meta) discover
[0.365s] Level 1:colcon.colcon_core.package_discovery:discover_packages(recursive) discover
[0.365s] INFO:colcon.colcon_core.package_discovery:Crawling recursively for packages in '/home/maranmen/Quadruped_8DOF'
[0.365s] Level 1:colcon.colcon_core.package_identification:_identify(.) by extensions ['ignore', 'ignore_ament_install']
[0.365s] Level 1:colcon.colcon_core.package_identification:_identify(.) by extension 'ignore'
[0.365s] Level 1:colcon.colcon_core.package_identification:_identify(.) by extension 'ignore_ament_install'
[0.365s] Level 1:colcon.colcon_core.package_identification:_identify(.) by extensions ['colcon_pkg']
[0.366s] Level 1:colcon.colcon_core.package_identification:_identify(.) by extension 'colcon_pkg'
[0.366s] Level 1:colcon.colcon_core.package_identification:_identify(.) by extensions ['colcon_meta']
[0.366s] Level 1:colcon.colcon_core.package_identification:_identify(.) by extension 'colcon_meta'
[0.366s] Level 1:colcon.colcon_core.package_identification:_identify(.) by extensions ['ros']
[0.366s] Level 1:colcon.colcon_core.package_identification:_identify(.) by extension 'ros'
[0.376s] Level 1:colcon.colcon_core.package_identification:_identify(.) by extensions ['cmake', 'python']
[0.376s] Level 1:colcon.colcon_core.package_identification:_identify(.) by extension 'cmake'
[0.376s] Level 1:colcon.colcon_core.package_identification:_identify(.) by extension 'python'
[0.376s] Level 1:colcon.colcon_core.package_identification:_identify(.) by extensions ['python_setup_py']
[0.376s] Level 1:colcon.colcon_core.package_identification:_identify(.) by extension 'python_setup_py'
[0.376s] Level 1:colcon.colcon_core.package_identification:_identify(build) by extensions ['ignore', 'ignore_ament_install']
[0.376s] Level 1:colcon.colcon_core.package_identification:_identify(build) by extension 'ignore'
[0.376s] Level 1:colcon.colcon_core.package_identification:_identify(build) ignored
[0.376s] Level 1:colcon.colcon_core.package_identification:_identify(install) by extensions ['ignore', 'ignore_ament_install']
[0.377s] Level 1:colcon.colcon_core.package_identification:_identify(install) by extension 'ignore'
[0.377s] Level 1:colcon.colcon_core.package_identification:_identify(install) ignored
[0.377s] Level 1:colcon.colcon_core.package_identification:_identify(log) by extensions ['ignore', 'ignore_ament_install']
[0.377s] Level 1:colcon.colcon_core.package_identification:_identify(log) by extension 'ignore'
[0.377s] Level 1:colcon.colcon_core.package_identification:_identify(log) ignored
[0.377s] Level 1:colcon.colcon_core.package_identification:_identify(src) by extensions ['ignore', 'ignore_ament_install']
[0.377s] Level 1:colcon.colcon_core.package_identification:_identify(src) by extension 'ignore'
[0.377s] Level 1:colcon.colcon_core.package_identification:_identify(src) by extension 'ignore_ament_install'
[0.377s] Level 1:colcon.colcon_core.package_identification:_identify(src) by extensions ['colcon_pkg']
[0.377s] Level 1:colcon.colcon_core.package_identification:_identify(src) by extension 'colcon_pkg'
[0.377s] Level 1:colcon.colcon_core.package_identification:_identify(src) by extensions ['colcon_meta']
[0.377s] Level 1:colcon.colcon_core.package_identification:_identify(src) by extension 'colcon_meta'
[0.377s] Level 1:colcon.colcon_core.package_identification:_identify(src) by extensions ['ros']
[0.377s] Level 1:colcon.colcon_core.package_identification:_identify(src) by extension 'ros'
[0.377s] Level 1:colcon.colcon_core.package_identification:_identify(src) by extensions ['cmake', 'python']
[0.377s] Level 1:colcon.colcon_core.package_identification:_identify(src) by extension 'cmake'
[0.377s] Level 1:colcon.colcon_core.package_identification:_identify(src) by extension 'python'
[0.377s] Level 1:colcon.colcon_core.package_identification:_identify(src) by extensions ['python_setup_py']
[0.378s] Level 1:colcon.colcon_core.package_identification:_identify(src) by extension 'python_setup_py'
[0.378s] Level 1:colcon.colcon_core.package_identification:_identify(src/quadruped_model) by extensions ['ignore', 'ignore_ament_install']
[0.378s] Level 1:colcon.colcon_core.package_identification:_identify(src/quadruped_model) by extension 'ignore'
[0.378s] Level 1:colcon.colcon_core.package_identification:_identify(src/quadruped_model) by extension 'ignore_ament_install'
[0.378s] Level 1:colcon.colcon_core.package_identification:_identify(src/quadruped_model) by extensions ['colcon_pkg']
[0.378s] Level 1:colcon.colcon_core.package_identification:_identify(src/quadruped_model) by extension 'colcon_pkg'
[0.378s] Level 1:colcon.colcon_core.package_identification:_identify(src/quadruped_model) by extensions ['colcon_meta']
[0.378s] Level 1:colcon.colcon_core.package_identification:_identify(src/quadruped_model) by extension 'colcon_meta'
[0.378s] Level 1:colcon.colcon_core.package_identification:_identify(src/quadruped_model) by extensions ['ros']
[0.378s] Level 1:colcon.colcon_core.package_identification:_identify(src/quadruped_model) by extension 'ros'
[0.380s] DEBUG:colcon.colcon_core.package_identification:Package 'src/quadruped_model' with type 'ros.ament_python' and name 'quadruped_model'
[0.380s] Level 1:colcon.colcon_core.package_discovery:discover_packages(recursive) using defaults
[0.380s] Level 1:colcon.colcon_core.package_discovery:discover_packages(ignore) discover
[0.380s] Level 1:colcon.colcon_core.package_discovery:discover_packages(ignore) using defaults
[0.380s] Level 1:colcon.colcon_core.package_discovery:discover_packages(path) discover
[0.380s] Level 1:colcon.colcon_core.package_discovery:discover_packages(path) using defaults
[0.409s] Level 1:colcon.colcon_core.package_discovery:discover_packages(prefix_path) check parameters
[0.409s] Level 1:colcon.colcon_core.package_discovery:discover_packages(prefix_path) discover
[0.412s] DEBUG:colcon.colcon_installed_package_information.package_discovery:Found 24 installed packages in /home/maranmen/Quadruped_8DOF/install
[0.414s] DEBUG:colcon.colcon_installed_package_information.package_discovery:Found 339 installed packages in /opt/ros/humble
[0.415s] Level 1:colcon.colcon_core.package_discovery:discover_packages(prefix_path) using defaults
[0.534s] Level 5:colcon.colcon_core.verb:set package 'quadruped_model' build argument 'cmake_args' from command line to '['-DCMAKE_BUILD_TYPE=Release']'
[0.534s] Level 5:colcon.colcon_core.verb:set package 'quadruped_model' build argument 'cmake_target' from command line to 'None'
[0.534s] Level 5:colcon.colcon_core.verb:set package 'quadruped_model' build argument 'cmake_target_skip_unavailable' from command line to 'False'
[0.534s] Level 5:colcon.colcon_core.verb:set package 'quadruped_model' build argument 'cmake_clean_cache' from command line to 'False'
[0.534s] Level 5:colcon.colcon_core.verb:set package 'quadruped_model' build argument 'cmake_clean_first' from command line to 'False'
[0.534s] Level 5:colcon.colcon_core.verb:set package 'quadruped_model' build argument 'cmake_force_configure' from command line to 'False'
[0.534s] Level 5:colcon.colcon_core.verb:set package 'quadruped_model' build argument 'ament_cmake_args' from command line to 'None'
[0.535s] Level 5:colcon.colcon_core.verb:set package 'quadruped_model' build argument 'catkin_cmake_args' from command line to 'None'
[0.535s] Level 5:colcon.colcon_core.verb:set package 'quadruped_model' build argument 'catkin_skip_building_tests' from command line to 'False'
[0.535s] DEBUG:colcon.colcon_core.verb:Building package 'quadruped_model' with the following arguments: {'ament_cmake_args': None, 'build_base': '/home/maranmen/Quadruped_8DOF/build/quadruped_model', 'catkin_cmake_args': None, 'catkin_skip_building_tests': False, 'cmake_args': ['-DCMAKE_BUILD_TYPE=Release'], 'cmake_clean_cache': False, 'cmake_clean_first': False, 'cmake_force_configure': False, 'cmake_target': None, 'cmake_target_skip_unavailable': False, 'install_base': '/home/maranmen/Quadruped_8DOF/install/quadruped_model', 'merge_install': False, 'path': '/home/maranmen/Quadruped_8DOF/src/quadruped_model', 'symlink_install': False, 'test_result_base': None}
[0.535s] INFO:colcon.colcon_core.executor:Executing jobs using 'parallel' executor
[0.536s] DEBUG:colcon.colcon_parallel_executor.executor.parallel:run_until_complete
[0.536s] INFO:colcon.colcon_ros.task.ament_python.build:Building ROS package in '/home/maranmen/Quadruped_8DOF/src/quadruped_model' with build type 'ament_python'
[0.536s] Level 1:colcon.colcon_core.shell:create_environment_hook('quadruped_model', 'ament_prefix_path')
[0.539s] INFO:colcon.colcon_core.plugin_system:Skipping extension 'colcon_core.shell.bat': Not used on non-Windows systems
[0.539s] INFO:colcon.colcon_core.shell:Creating environment hook '/home/maranmen/Quadruped_8DOF/install/quadruped_model/share/quadruped_model/hook/ament_prefix_path.ps1'
[0.539s] INFO:colcon.colcon_core.shell:Creating environment descriptor '/home/maranmen/Quadruped_8DOF/install/quadruped_model/share/quadruped_model/hook/ament_prefix_path.dsv'
[0.540s] INFO:colcon.colcon_core.shell:Creating environment hook '/home/maranmen/Quadruped_8DOF/install/quadruped_model/share/quadruped_model/hook/ament_prefix_path.sh'
[0.541s] INFO:colcon.colcon_core.shell:Skip shell extension 'powershell' for command environment: Not usable outside of PowerShell
[0.541s] DEBUG:colcon.colcon_core.shell:Skip shell extension 'dsv' for command environment
[0.811s] INFO:colcon.colcon_core.task.python.build:Building Python package in '/home/maranmen/Quadruped_8DOF/src/quadruped_model'
[0.812s] INFO:colcon.colcon_core.shell:Skip shell extension 'powershell' for command environment: Not usable outside of PowerShell
[0.812s] DEBUG:colcon.colcon_core.shell:Skip shell extension 'dsv' for command environment
[1.176s] DEBUG:colcon.colcon_core.event_handler.log_command:Invoking command in '/home/maranmen/Quadruped_8DOF/src/quadruped_model': PYTHONPATH=/home/maranmen/Quadruped_8DOF/build/quadruped_model/prefix_override:/home/maranmen/Quadruped_8DOF/install/quadruped_model/lib/python3.10/site-packages:${PYTHONPATH} /usr/bin/python3 -W ignore:setup.py install is deprecated setup.py egg_info --egg-base ../../build/quadruped_model build --build-base /home/maranmen/Quadruped_8DOF/build/quadruped_model/build install --record /home/maranmen/Quadruped_8DOF/build/quadruped_model/install.log --single-version-externally-managed install_data
[1.470s] DEBUG:colcon.colcon_core.event_handler.log_command:Invoked command in '/home/maranmen/Quadruped_8DOF/src/quadruped_model' returned '0': PYTHONPATH=/home/maranmen/Quadruped_8DOF/build/quadruped_model/prefix_override:/home/maranmen/Quadruped_8DOF/install/quadruped_model/lib/python3.10/site-packages:${PYTHONPATH} /usr/bin/python3 -W ignore:setup.py install is deprecated setup.py egg_info --egg-base ../../build/quadruped_model build --build-base /home/maranmen/Quadruped_8DOF/build/quadruped_model/build install --record /home/maranmen/Quadruped_8DOF/build/quadruped_model/install.log --single-version-externally-managed install_data
[1.472s] Level 1:colcon.colcon_core.environment:checking '/home/maranmen/Quadruped_8DOF/install/quadruped_model' for CMake module files
[1.472s] Level 1:colcon.colcon_core.environment:checking '/home/maranmen/Quadruped_8DOF/install/quadruped_model' for CMake config files
[1.473s] Level 1:colcon.colcon_core.environment:checking '/home/maranmen/Quadruped_8DOF/install/quadruped_model/lib'
[1.473s] Level 1:colcon.colcon_core.environment:checking '/home/maranmen/Quadruped_8DOF/install/quadruped_model/bin'
[1.473s] Level 1:colcon.colcon_core.environment:checking '/home/maranmen/Quadruped_8DOF/install/quadruped_model/lib/pkgconfig/quadruped_model.pc'
[1.473s] Level 1:colcon.colcon_core.environment:checking '/home/maranmen/Quadruped_8DOF/install/quadruped_model/lib/python3.10/site-packages'
[1.474s] Level 1:colcon.colcon_core.shell:create_environment_hook('quadruped_model', 'pythonpath')
[1.474s] INFO:colcon.colcon_core.shell:Creating environment hook '/home/maranmen/Quadruped_8DOF/install/quadruped_model/share/quadruped_model/hook/pythonpath.ps1'
[1.474s] INFO:colcon.colcon_core.shell:Creating environment descriptor '/home/maranmen/Quadruped_8DOF/install/quadruped_model/share/quadruped_model/hook/pythonpath.dsv'
[1.475s] INFO:colcon.colcon_core.shell:Creating environment hook '/home/maranmen/Quadruped_8DOF/install/quadruped_model/share/quadruped_model/hook/pythonpath.sh'
[1.476s] Level 1:colcon.colcon_core.environment:checking '/home/maranmen/Quadruped_8DOF/install/quadruped_model/bin'
[1.476s] Level 1:colcon.colcon_core.environment:create_environment_scripts_only(quadruped_model)
[1.476s] INFO:colcon.colcon_core.shell:Creating package script '/home/maranmen/Quadruped_8DOF/install/quadruped_model/share/quadruped_model/package.ps1'
[1.478s] INFO:colcon.colcon_core.shell:Creating package descriptor '/home/maranmen/Quadruped_8DOF/install/quadruped_model/share/quadruped_model/package.dsv'
[1.479s] INFO:colcon.colcon_core.shell:Creating package script '/home/maranmen/Quadruped_8DOF/install/quadruped_model/share/quadruped_model/package.sh'
[1.480s] INFO:colcon.colcon_core.shell:Creating package script '/home/maranmen/Quadruped_8DOF/install/quadruped_model/share/quadruped_model/package.bash'
[1.481s] INFO:colcon.colcon_core.shell:Creating package script '/home/maranmen/Quadruped_8DOF/install/quadruped_model/share/quadruped_model/package.zsh'
[1.481s] Level 1:colcon.colcon_core.environment:create_file_with_runtime_dependencies(/home/maranmen/Quadruped_8DOF/install/quadruped_model/share/colcon-core/packages/quadruped_model)
[1.482s] DEBUG:colcon.colcon_parallel_executor.executor.parallel:closing loop
[1.482s] DEBUG:colcon.colcon_parallel_executor.executor.parallel:loop closed
[1.482s] DEBUG:colcon.colcon_parallel_executor.executor.parallel:run_until_complete finished with '0'
[1.482s] DEBUG:colcon.colcon_core.event_reactor:joining thread
[1.488s] INFO:colcon.colcon_core.plugin_system:Skipping extension 'colcon_notification.desktop_notification.terminal_notifier': Not used on non-Darwin systems
[1.488s] INFO:colcon.colcon_core.plugin_system:Skipping extension 'colcon_notification.desktop_notification.win32': Not used on non-Windows systems
[1.488s] INFO:colcon.colcon_notification.desktop_notification:Sending desktop notification using 'notify2'
[1.661s] DEBUG:colcon.colcon_core.event_reactor:joined thread
[1.661s] INFO:colcon.colcon_core.shell:Creating prefix script '/home/maranmen/Quadruped_8DOF/install/local_setup.ps1'
[1.662s] INFO:colcon.colcon_core.shell:Creating prefix util module '/home/maranmen/Quadruped_8DOF/install/_local_setup_util_ps1.py'
[1.663s] INFO:colcon.colcon_core.shell:Creating prefix chain script '/home/maranmen/Quadruped_8DOF/install/setup.ps1'
[1.664s] INFO:colcon.colcon_core.shell:Creating prefix script '/home/maranmen/Quadruped_8DOF/install/local_setup.sh'
[1.665s] INFO:colcon.colcon_core.shell:Creating prefix util module '/home/maranmen/Quadruped_8DOF/install/_local_setup_util_sh.py'
[1.666s] INFO:colcon.colcon_core.shell:Creating prefix chain script '/home/maranmen/Quadruped_8DOF/install/setup.sh'
[1.667s] INFO:colcon.colcon_core.shell:Creating prefix script '/home/maranmen/Quadruped_8DOF/install/local_setup.bash'
[1.668s] INFO:colcon.colcon_core.shell:Creating prefix chain script '/home/maranmen/Quadruped_8DOF/install/setup.bash'
[1.669s] INFO:colcon.colcon_core.shell:Creating prefix script '/home/maranmen/Quadruped_8DOF/install/local_setup.zsh'
[1.670s] INFO:colcon.colcon_core.shell:Creating prefix chain script '/home/maranmen/Quadruped_8DOF/install/setup.zsh'
