[0.697s] DEBUG:colcon:Command line arguments: ['/usr/bin/colcon', 'build']
[0.697s] DEBUG:colcon:Parsed command line arguments: Namespace(log_base=None, log_level=None, verb_name='build', build_base='build', install_base='install', merge_install=False, symlink_install=False, test_result_base=None, continue_on_error=False, executor='parallel', parallel_workers=4, event_handlers=None, ignore_user_meta=False, metas=['./colcon.meta'], base_paths=['.'], packages_ignore=None, packages_ignore_regex=None, paths=None, packages_up_to=None, packages_up_to_regex=None, packages_above=None, packages_above_and_dependencies=None, packages_above_depth=None, packages_select_by_dep=None, packages_skip_by_dep=None, packages_skip_up_to=None, packages_select_build_failed=False, packages_skip_build_finished=False, packages_select_test_failures=False, packages_skip_test_passed=False, packages_select=None, packages_skip=None, packages_select_regex=None, packages_skip_regex=None, packages_start=None, packages_end=None, allow_overriding=[], cmake_args=None, cmake_target=None, cmake_target_skip_unavailable=False, cmake_clean_cache=False, cmake_clean_first=False, cmake_force_configure=False, ament_cmake_args=None, catkin_cmake_args=None, catkin_skip_building_tests=False, mixin_files=None, mixin=None, verb_parser=<colcon_mixin.mixin.mixin_argument.MixinArgumentDecorator object at 0x757ede722dd0>, verb_extension=<colcon_core.verb.build.BuildVerb object at 0x757ede722860>, main=<bound method BuildVerb.main of <colcon_core.verb.build.BuildVerb object at 0x757ede722860>>, mixin_verb=('build',))
[1.252s] Level 1:colcon.colcon_core.package_discovery:discover_packages(colcon_meta) check parameters
[1.252s] Level 1:colcon.colcon_core.package_discovery:discover_packages(recursive) check parameters
[1.252s] Level 1:colcon.colcon_core.package_discovery:discover_packages(ignore) check parameters
[1.253s] Level 1:colcon.colcon_core.package_discovery:discover_packages(path) check parameters
[1.253s] Level 1:colcon.colcon_core.package_discovery:discover_packages(colcon_meta) discover
[1.253s] Level 1:colcon.colcon_core.package_discovery:discover_packages(recursive) discover
[1.253s] INFO:colcon.colcon_core.package_discovery:Crawling recursively for packages in '/home/maranmen/quadruped_8DOF'
[1.253s] Level 1:colcon.colcon_core.package_identification:_identify(.) by extensions ['ignore', 'ignore_ament_install']
[1.253s] Level 1:colcon.colcon_core.package_identification:_identify(.) by extension 'ignore'
[1.254s] Level 1:colcon.colcon_core.package_identification:_identify(.) by extension 'ignore_ament_install'
[1.254s] Level 1:colcon.colcon_core.package_identification:_identify(.) by extensions ['colcon_pkg']
[1.254s] Level 1:colcon.colcon_core.package_identification:_identify(.) by extension 'colcon_pkg'
[1.254s] Level 1:colcon.colcon_core.package_identification:_identify(.) by extensions ['colcon_meta']
[1.254s] Level 1:colcon.colcon_core.package_identification:_identify(.) by extension 'colcon_meta'
[1.254s] Level 1:colcon.colcon_core.package_identification:_identify(.) by extensions ['ros']
[1.254s] Level 1:colcon.colcon_core.package_identification:_identify(.) by extension 'ros'
[1.267s] Level 1:colcon.colcon_core.package_identification:_identify(.) by extensions ['cmake', 'python']
[1.267s] Level 1:colcon.colcon_core.package_identification:_identify(.) by extension 'cmake'
[1.267s] Level 1:colcon.colcon_core.package_identification:_identify(.) by extension 'python'
[1.267s] Level 1:colcon.colcon_core.package_identification:_identify(.) by extensions ['python_setup_py']
[1.268s] Level 1:colcon.colcon_core.package_identification:_identify(.) by extension 'python_setup_py'
[1.268s] Level 1:colcon.colcon_core.package_identification:_identify(build) by extensions ['ignore', 'ignore_ament_install']
[1.268s] Level 1:colcon.colcon_core.package_identification:_identify(build) by extension 'ignore'
[1.268s] Level 1:colcon.colcon_core.package_identification:_identify(build) ignored
[1.268s] Level 1:colcon.colcon_core.package_identification:_identify(install) by extensions ['ignore', 'ignore_ament_install']
[1.269s] Level 1:colcon.colcon_core.package_identification:_identify(install) by extension 'ignore'
[1.269s] Level 1:colcon.colcon_core.package_identification:_identify(install) ignored
[1.269s] Level 1:colcon.colcon_core.package_identification:_identify(log) by extensions ['ignore', 'ignore_ament_install']
[1.269s] Level 1:colcon.colcon_core.package_identification:_identify(log) by extension 'ignore'
[1.269s] Level 1:colcon.colcon_core.package_identification:_identify(log) ignored
[1.270s] Level 1:colcon.colcon_core.package_identification:_identify(src) by extensions ['ignore', 'ignore_ament_install']
[1.270s] Level 1:colcon.colcon_core.package_identification:_identify(src) by extension 'ignore'
[1.270s] Level 1:colcon.colcon_core.package_identification:_identify(src) by extension 'ignore_ament_install'
[1.270s] Level 1:colcon.colcon_core.package_identification:_identify(src) by extensions ['colcon_pkg']
[1.270s] Level 1:colcon.colcon_core.package_identification:_identify(src) by extension 'colcon_pkg'
[1.270s] Level 1:colcon.colcon_core.package_identification:_identify(src) by extensions ['colcon_meta']
[1.271s] Level 1:colcon.colcon_core.package_identification:_identify(src) by extension 'colcon_meta'
[1.271s] Level 1:colcon.colcon_core.package_identification:_identify(src) by extensions ['ros']
[1.271s] Level 1:colcon.colcon_core.package_identification:_identify(src) by extension 'ros'
[1.271s] Level 1:colcon.colcon_core.package_identification:_identify(src) by extensions ['cmake', 'python']
[1.271s] Level 1:colcon.colcon_core.package_identification:_identify(src) by extension 'cmake'
[1.271s] Level 1:colcon.colcon_core.package_identification:_identify(src) by extension 'python'
[1.271s] Level 1:colcon.colcon_core.package_identification:_identify(src) by extensions ['python_setup_py']
[1.272s] Level 1:colcon.colcon_core.package_identification:_identify(src) by extension 'python_setup_py'
[1.272s] Level 1:colcon.colcon_core.package_identification:_identify(src/build) by extensions ['ignore', 'ignore_ament_install']
[1.272s] Level 1:colcon.colcon_core.package_identification:_identify(src/build) by extension 'ignore'
[1.272s] Level 1:colcon.colcon_core.package_identification:_identify(src/build) ignored
[1.272s] Level 1:colcon.colcon_core.package_identification:_identify(src/cinematic_control) by extensions ['ignore', 'ignore_ament_install']
[1.273s] Level 1:colcon.colcon_core.package_identification:_identify(src/cinematic_control) by extension 'ignore'
[1.273s] Level 1:colcon.colcon_core.package_identification:_identify(src/cinematic_control) by extension 'ignore_ament_install'
[1.273s] Level 1:colcon.colcon_core.package_identification:_identify(src/cinematic_control) by extensions ['colcon_pkg']
[1.273s] Level 1:colcon.colcon_core.package_identification:_identify(src/cinematic_control) by extension 'colcon_pkg'
[1.273s] Level 1:colcon.colcon_core.package_identification:_identify(src/cinematic_control) by extensions ['colcon_meta']
[1.273s] Level 1:colcon.colcon_core.package_identification:_identify(src/cinematic_control) by extension 'colcon_meta'
[1.273s] Level 1:colcon.colcon_core.package_identification:_identify(src/cinematic_control) by extensions ['ros']
[1.274s] Level 1:colcon.colcon_core.package_identification:_identify(src/cinematic_control) by extension 'ros'
[1.277s] DEBUG:colcon.colcon_core.package_identification:Package 'src/cinematic_control' with type 'ros.ament_python' and name 'cinematic_control'
[1.277s] Level 1:colcon.colcon_core.package_identification:_identify(src/install) by extensions ['ignore', 'ignore_ament_install']
[1.277s] Level 1:colcon.colcon_core.package_identification:_identify(src/install) by extension 'ignore'
[1.278s] Level 1:colcon.colcon_core.package_identification:_identify(src/install) ignored
[1.278s] Level 1:colcon.colcon_core.package_identification:_identify(src/log) by extensions ['ignore', 'ignore_ament_install']
[1.278s] Level 1:colcon.colcon_core.package_identification:_identify(src/log) by extension 'ignore'
[1.278s] Level 1:colcon.colcon_core.package_identification:_identify(src/log) ignored
[1.278s] Level 1:colcon.colcon_core.package_identification:_identify(src/quadruped_model) by extensions ['ignore', 'ignore_ament_install']
[1.278s] Level 1:colcon.colcon_core.package_identification:_identify(src/quadruped_model) by extension 'ignore'
[1.279s] Level 1:colcon.colcon_core.package_identification:_identify(src/quadruped_model) by extension 'ignore_ament_install'
[1.279s] Level 1:colcon.colcon_core.package_identification:_identify(src/quadruped_model) by extensions ['colcon_pkg']
[1.279s] Level 1:colcon.colcon_core.package_identification:_identify(src/quadruped_model) by extension 'colcon_pkg'
[1.279s] Level 1:colcon.colcon_core.package_identification:_identify(src/quadruped_model) by extensions ['colcon_meta']
[1.279s] Level 1:colcon.colcon_core.package_identification:_identify(src/quadruped_model) by extension 'colcon_meta'
[1.279s] Level 1:colcon.colcon_core.package_identification:_identify(src/quadruped_model) by extensions ['ros']
[1.279s] Level 1:colcon.colcon_core.package_identification:_identify(src/quadruped_model) by extension 'ros'
[1.280s] DEBUG:colcon.colcon_core.package_identification:Package 'src/quadruped_model' with type 'ros.ament_python' and name 'quadruped_model'
[1.280s] Level 1:colcon.colcon_core.package_discovery:discover_packages(recursive) using defaults
[1.280s] Level 1:colcon.colcon_core.package_discovery:discover_packages(ignore) discover
[1.281s] Level 1:colcon.colcon_core.package_discovery:discover_packages(ignore) using defaults
[1.281s] Level 1:colcon.colcon_core.package_discovery:discover_packages(path) discover
[1.281s] Level 1:colcon.colcon_core.package_discovery:discover_packages(path) using defaults
[1.302s] Level 1:colcon.colcon_core.package_discovery:discover_packages(prefix_path) check parameters
[1.303s] Level 1:colcon.colcon_core.package_discovery:discover_packages(prefix_path) discover
[1.308s] DEBUG:colcon.colcon_installed_package_information.package_discovery:Found 3 installed packages in /home/maranmen/quadruped_8DOF/install
[1.311s] DEBUG:colcon.colcon_installed_package_information.package_discovery:Found 69 installed packages in /home/maranmen/ws_moveit/install
[1.313s] DEBUG:colcon.colcon_installed_package_information.package_discovery:Found 339 installed packages in /opt/ros/humble
[1.326s] Level 1:colcon.colcon_core.package_discovery:discover_packages(prefix_path) using defaults
[1.383s] Level 5:colcon.colcon_core.verb:set package 'quadruped_model' build argument 'cmake_args' from command line to 'None'
[1.383s] Level 5:colcon.colcon_core.verb:set package 'quadruped_model' build argument 'cmake_target' from command line to 'None'
[1.383s] Level 5:colcon.colcon_core.verb:set package 'quadruped_model' build argument 'cmake_target_skip_unavailable' from command line to 'False'
[1.384s] Level 5:colcon.colcon_core.verb:set package 'quadruped_model' build argument 'cmake_clean_cache' from command line to 'False'
[1.384s] Level 5:colcon.colcon_core.verb:set package 'quadruped_model' build argument 'cmake_clean_first' from command line to 'False'
[1.384s] Level 5:colcon.colcon_core.verb:set package 'quadruped_model' build argument 'cmake_force_configure' from command line to 'False'
[1.384s] Level 5:colcon.colcon_core.verb:set package 'quadruped_model' build argument 'ament_cmake_args' from command line to 'None'
[1.384s] Level 5:colcon.colcon_core.verb:set package 'quadruped_model' build argument 'catkin_cmake_args' from command line to 'None'
[1.384s] Level 5:colcon.colcon_core.verb:set package 'quadruped_model' build argument 'catkin_skip_building_tests' from command line to 'False'
[1.384s] DEBUG:colcon.colcon_core.verb:Building package 'quadruped_model' with the following arguments: {'ament_cmake_args': None, 'build_base': '/home/maranmen/quadruped_8DOF/build/quadruped_model', 'catkin_cmake_args': None, 'catkin_skip_building_tests': False, 'cmake_args': None, 'cmake_clean_cache': False, 'cmake_clean_first': False, 'cmake_force_configure': False, 'cmake_target': None, 'cmake_target_skip_unavailable': False, 'install_base': '/home/maranmen/quadruped_8DOF/install/quadruped_model', 'merge_install': False, 'path': '/home/maranmen/quadruped_8DOF/src/quadruped_model', 'symlink_install': False, 'test_result_base': None}
[1.385s] Level 5:colcon.colcon_core.verb:set package 'cinematic_control' build argument 'cmake_args' from command line to 'None'
[1.385s] Level 5:colcon.colcon_core.verb:set package 'cinematic_control' build argument 'cmake_target' from command line to 'None'
[1.385s] Level 5:colcon.colcon_core.verb:set package 'cinematic_control' build argument 'cmake_target_skip_unavailable' from command line to 'False'
[1.385s] Level 5:colcon.colcon_core.verb:set package 'cinematic_control' build argument 'cmake_clean_cache' from command line to 'False'
[1.385s] Level 5:colcon.colcon_core.verb:set package 'cinematic_control' build argument 'cmake_clean_first' from command line to 'False'
[1.386s] Level 5:colcon.colcon_core.verb:set package 'cinematic_control' build argument 'cmake_force_configure' from command line to 'False'
[1.386s] Level 5:colcon.colcon_core.verb:set package 'cinematic_control' build argument 'ament_cmake_args' from command line to 'None'
[1.386s] Level 5:colcon.colcon_core.verb:set package 'cinematic_control' build argument 'catkin_cmake_args' from command line to 'None'
[1.386s] Level 5:colcon.colcon_core.verb:set package 'cinematic_control' build argument 'catkin_skip_building_tests' from command line to 'False'
[1.386s] DEBUG:colcon.colcon_core.verb:Building package 'cinematic_control' with the following arguments: {'ament_cmake_args': None, 'build_base': '/home/maranmen/quadruped_8DOF/build/cinematic_control', 'catkin_cmake_args': None, 'catkin_skip_building_tests': False, 'cmake_args': None, 'cmake_clean_cache': False, 'cmake_clean_first': False, 'cmake_force_configure': False, 'cmake_target': None, 'cmake_target_skip_unavailable': False, 'install_base': '/home/maranmen/quadruped_8DOF/install/cinematic_control', 'merge_install': False, 'path': '/home/maranmen/quadruped_8DOF/src/cinematic_control', 'symlink_install': False, 'test_result_base': None}
[1.386s] INFO:colcon.colcon_core.executor:Executing jobs using 'parallel' executor
[1.388s] DEBUG:colcon.colcon_parallel_executor.executor.parallel:run_until_complete
[1.389s] INFO:colcon.colcon_ros.task.ament_python.build:Building ROS package in '/home/maranmen/quadruped_8DOF/src/quadruped_model' with build type 'ament_python'
[1.389s] Level 1:colcon.colcon_core.shell:create_environment_hook('quadruped_model', 'ament_prefix_path')
[1.391s] INFO:colcon.colcon_core.plugin_system:Skipping extension 'colcon_core.shell.bat': Not used on non-Windows systems
[1.392s] INFO:colcon.colcon_core.shell:Creating environment hook '/home/maranmen/quadruped_8DOF/install/quadruped_model/share/quadruped_model/hook/ament_prefix_path.ps1'
[1.393s] INFO:colcon.colcon_core.shell:Creating environment descriptor '/home/maranmen/quadruped_8DOF/install/quadruped_model/share/quadruped_model/hook/ament_prefix_path.dsv'
[1.394s] INFO:colcon.colcon_core.shell:Creating environment hook '/home/maranmen/quadruped_8DOF/install/quadruped_model/share/quadruped_model/hook/ament_prefix_path.sh'
[1.395s] INFO:colcon.colcon_core.shell:Skip shell extension 'powershell' for command environment: Not usable outside of PowerShell
[1.395s] DEBUG:colcon.colcon_core.shell:Skip shell extension 'dsv' for command environment
[1.742s] INFO:colcon.colcon_core.task.python.build:Building Python package in '/home/maranmen/quadruped_8DOF/src/quadruped_model'
[1.742s] INFO:colcon.colcon_core.shell:Skip shell extension 'powershell' for command environment: Not usable outside of PowerShell
[1.742s] DEBUG:colcon.colcon_core.shell:Skip shell extension 'dsv' for command environment
[2.278s] DEBUG:colcon.colcon_core.event_handler.log_command:Invoking command in '/home/maranmen/quadruped_8DOF/src/quadruped_model': PYTHONPATH=/home/maranmen/quadruped_8DOF/build/quadruped_model/prefix_override:/usr/lib/python3/dist-packages/colcon_core/task/python/colcon_distutils_commands:/home/maranmen/quadruped_8DOF/install/quadruped_model/lib/python3.10/site-packages:${PYTHONPATH} /usr/bin/python3 -W ignore:setup.py install is deprecated setup.py egg_info --egg-base ../../build/quadruped_model build --build-base /home/maranmen/quadruped_8DOF/build/quadruped_model/build install --record /home/maranmen/quadruped_8DOF/build/quadruped_model/install.log --single-version-externally-managed install_data
[2.700s] DEBUG:colcon.colcon_core.event_handler.log_command:Invoked command in '/home/maranmen/quadruped_8DOF/src/quadruped_model' returned '0': PYTHONPATH=/home/maranmen/quadruped_8DOF/build/quadruped_model/prefix_override:/usr/lib/python3/dist-packages/colcon_core/task/python/colcon_distutils_commands:/home/maranmen/quadruped_8DOF/install/quadruped_model/lib/python3.10/site-packages:${PYTHONPATH} /usr/bin/python3 -W ignore:setup.py install is deprecated setup.py egg_info --egg-base ../../build/quadruped_model build --build-base /home/maranmen/quadruped_8DOF/build/quadruped_model/build install --record /home/maranmen/quadruped_8DOF/build/quadruped_model/install.log --single-version-externally-managed install_data
[2.702s] Level 1:colcon.colcon_core.environment:checking '/home/maranmen/quadruped_8DOF/install/quadruped_model' for CMake module files
[2.703s] Level 1:colcon.colcon_core.environment:checking '/home/maranmen/quadruped_8DOF/install/quadruped_model' for CMake config files
[2.704s] Level 1:colcon.colcon_core.environment:checking '/home/maranmen/quadruped_8DOF/install/quadruped_model/lib'
[2.704s] Level 1:colcon.colcon_core.environment:checking '/home/maranmen/quadruped_8DOF/install/quadruped_model/bin'
[2.704s] Level 1:colcon.colcon_core.environment:checking '/home/maranmen/quadruped_8DOF/install/quadruped_model/lib/pkgconfig/quadruped_model.pc'
[2.704s] Level 1:colcon.colcon_core.environment:checking '/home/maranmen/quadruped_8DOF/install/quadruped_model/lib/python3.10/site-packages'
[2.704s] Level 1:colcon.colcon_core.shell:create_environment_hook('quadruped_model', 'pythonpath')
[2.705s] INFO:colcon.colcon_core.shell:Creating environment hook '/home/maranmen/quadruped_8DOF/install/quadruped_model/share/quadruped_model/hook/pythonpath.ps1'
[2.705s] INFO:colcon.colcon_core.shell:Creating environment descriptor '/home/maranmen/quadruped_8DOF/install/quadruped_model/share/quadruped_model/hook/pythonpath.dsv'
[2.706s] INFO:colcon.colcon_core.shell:Creating environment hook '/home/maranmen/quadruped_8DOF/install/quadruped_model/share/quadruped_model/hook/pythonpath.sh'
[2.707s] Level 1:colcon.colcon_core.environment:checking '/home/maranmen/quadruped_8DOF/install/quadruped_model/bin'
[2.707s] Level 1:colcon.colcon_core.environment:create_environment_scripts_only(quadruped_model)
[2.708s] INFO:colcon.colcon_core.shell:Creating package script '/home/maranmen/quadruped_8DOF/install/quadruped_model/share/quadruped_model/package.ps1'
[2.709s] INFO:colcon.colcon_core.shell:Creating package descriptor '/home/maranmen/quadruped_8DOF/install/quadruped_model/share/quadruped_model/package.dsv'
[2.710s] INFO:colcon.colcon_core.shell:Creating package script '/home/maranmen/quadruped_8DOF/install/quadruped_model/share/quadruped_model/package.sh'
[2.711s] INFO:colcon.colcon_core.shell:Creating package script '/home/maranmen/quadruped_8DOF/install/quadruped_model/share/quadruped_model/package.bash'
[2.712s] INFO:colcon.colcon_core.shell:Creating package script '/home/maranmen/quadruped_8DOF/install/quadruped_model/share/quadruped_model/package.zsh'
[2.714s] Level 1:colcon.colcon_core.environment:create_file_with_runtime_dependencies(/home/maranmen/quadruped_8DOF/install/quadruped_model/share/colcon-core/packages/quadruped_model)
[2.715s] INFO:colcon.colcon_ros.task.ament_python.build:Building ROS package in '/home/maranmen/quadruped_8DOF/src/cinematic_control' with build type 'ament_python'
[2.715s] Level 1:colcon.colcon_core.shell:create_environment_hook('cinematic_control', 'ament_prefix_path')
[2.716s] INFO:colcon.colcon_core.shell:Creating environment hook '/home/maranmen/quadruped_8DOF/install/cinematic_control/share/cinematic_control/hook/ament_prefix_path.ps1'
[2.717s] INFO:colcon.colcon_core.shell:Creating environment descriptor '/home/maranmen/quadruped_8DOF/install/cinematic_control/share/cinematic_control/hook/ament_prefix_path.dsv'
[2.718s] INFO:colcon.colcon_core.shell:Creating environment hook '/home/maranmen/quadruped_8DOF/install/cinematic_control/share/cinematic_control/hook/ament_prefix_path.sh'
[2.720s] INFO:colcon.colcon_core.shell:Skip shell extension 'powershell' for command environment: Not usable outside of PowerShell
[2.720s] DEBUG:colcon.colcon_core.shell:Skip shell extension 'dsv' for command environment
[3.138s] INFO:colcon.colcon_core.task.python.build:Building Python package in '/home/maranmen/quadruped_8DOF/src/cinematic_control'
[3.138s] INFO:colcon.colcon_core.shell:Skip shell extension 'powershell' for command environment: Not usable outside of PowerShell
[3.138s] DEBUG:colcon.colcon_core.shell:Skip shell extension 'dsv' for command environment
[3.654s] DEBUG:colcon.colcon_core.event_handler.log_command:Invoking command in '/home/maranmen/quadruped_8DOF/src/cinematic_control': AMENT_PREFIX_PATH=/home/maranmen/quadruped_8DOF/install/quadruped_model:/home/maranmen/quadruped_8DOF/install/cinematic_control:/home/maranmen/quadruped_8DOF/install/quadruped_model_msg:/home/maranmen/ws_moveit/install/robotiq_hardware_tests:/home/maranmen/ws_moveit/install/robotiq_driver:/home/maranmen/ws_moveit/install/serial:/home/maranmen/ws_moveit/install/moveit2_tutorials:/home/maranmen/ws_moveit/install/moveit_visual_tools:/home/maranmen/ws_moveit/install/rviz_visual_tools:/home/maranmen/ws_moveit/install/moveit_task_constructor_visualization:/home/maranmen/ws_moveit/install/moveit_task_constructor_demo:/home/maranmen/ws_moveit/install/moveit_task_constructor_capabilities:/home/maranmen/ws_moveit/install/moveit_task_constructor_core:/home/maranmen/ws_moveit/install/rviz_marker_tools:/home/maranmen/ws_moveit/install/kortex_bringup:/home/maranmen/ws_moveit/install/kinova_gen3_7dof_robotiq_2f_85_moveit_config:/home/maranmen/ws_moveit/install/kinova_gen3_6dof_robotiq_2f_85_moveit_config:/home/maranmen/ws_moveit/install/kortex_description:/home/maranmen/ws_moveit/install/robotiq_description:/home/maranmen/ws_moveit/install/robotiq_controllers:/home/maranmen/ws_moveit/install/pilz_industrial_motion_planner_testutils:/home/maranmen/ws_moveit/install/moveit_runtime:/home/maranmen/ws_moveit/install/moveit:/home/maranmen/ws_moveit/install/moveit_planners:/home/maranmen/ws_moveit/install/pilz_industrial_motion_planner:/home/maranmen/ws_moveit/install/pick_ik:/home/maranmen/ws_moveit/install/moveit_task_constructor_msgs:/home/maranmen/ws_moveit/install/moveit_ros_control_interface:/home/maranmen/ws_moveit/install/moveit_plugins:/home/maranmen/ws_moveit/install/moveit_simple_controller_manager:/home/maranmen/ws_moveit/install/moveit_setup_assistant:/home/maranmen/ws_moveit/install/moveit_setup_srdf_plugins:/home/maranmen/ws_moveit/install/moveit_setup_core_plugins:/home/maranmen/ws_moveit/install/moveit_setup_controllers:/home/maranmen/ws_moveit/install/moveit_setup_app_plugins:/home/maranmen/ws_moveit/install/moveit_setup_framework:/home/maranmen/ws_moveit/install/moveit_servo:/home/maranmen/ws_moveit/install/moveit_ros:/home/maranmen/ws_moveit/install/moveit_ros_visualization:/home/maranmen/ws_moveit/install/moveit_py:/home/maranmen/ws_moveit/install/moveit_hybrid_planning:/home/maranmen/ws_moveit/install/moveit_ros_planning_interface:/home/maranmen/ws_moveit/install/moveit_ros_benchmarks:/home/maranmen/ws_moveit/install/moveit_ros_warehouse:/home/maranmen/ws_moveit/install/moveit_ros_robot_interaction:/home/maranmen/ws_moveit/install/moveit_ros_perception:/home/maranmen/ws_moveit/install/moveit_resources_prbt_pg70_support:/home/maranmen/ws_moveit/install/moveit_resources_prbt_moveit_config:/home/maranmen/ws_moveit/install/moveit_ros_move_group:/home/maranmen/ws_moveit/install/moveit_planners_ompl:/home/maranmen/ws_moveit/install/moveit_kinematics:/home/maranmen/ws_moveit/install/moveit_ros_planning:/home/maranmen/ws_moveit/install/moveit_ros_occupancy_map_monitor:/home/maranmen/ws_moveit/install/moveit_resources_prbt_support:/home/maranmen/ws_moveit/install/moveit_resources_prbt_ikfast_manipulator_plugin:/home/maranmen/ws_moveit/install/moveit_resources:/home/maranmen/ws_moveit/install/moveit_resources_pr2_description:/home/maranmen/ws_moveit/install/moveit_resources_panda_moveit_config:/home/maranmen/ws_moveit/install/dual_arm_panda_moveit_config:/home/maranmen/ws_moveit/install/moveit_resources_panda_description:/home/maranmen/ws_moveit/install/moveit_resources_fanuc_moveit_config:/home/maranmen/ws_moveit/install/moveit_resources_fanuc_description:/home/maranmen/ws_moveit/install/moveit_planners_stomp:/home/maranmen/ws_moveit/install/moveit_planners_chomp:/home/maranmen/ws_moveit/install/chomp_motion_planner:/home/maranmen/ws_moveit/install/moveit_core:/home/maranmen/ws_moveit/install/moveit_msgs:/home/maranmen/ws_moveit/install/moveit_configs_utils:/home/maranmen/ws_moveit/install/moveit_common:/home/maranmen/ws_moveit/install/kortex_driver:/home/maranmen/ws_moveit/install/kortex_api:/opt/ros/humble PYTHONPATH=/home/maranmen/quadruped_8DOF/build/cinematic_control/prefix_override:/usr/lib/python3/dist-packages/colcon_core/task/python/colcon_distutils_commands:/home/maranmen/quadruped_8DOF/install/cinematic_control/lib/python3.10/site-packages:/home/maranmen/quadruped_8DOF/install/quadruped_model/lib/python3.10/site-packages:/home/maranmen/quadruped_8DOF/install/cinematic_control/lib/python3.10/site-packages:/home/maranmen/ws_moveit/install/moveit_task_constructor_msgs/local/lib/python3.10/dist-packages:/home/maranmen/ws_moveit/install/moveit_py/local/lib/python3.10/dist-packages:/home/maranmen/ws_moveit/install/moveit_msgs/local/lib/python3.10/dist-packages:/home/maranmen/ws_moveit/install/moveit_configs_utils/lib/python3.10/site-packages:/opt/ros/humble/lib/python3.10/site-packages:/opt/ros/humble/local/lib/python3.10/dist-packages /usr/bin/python3 -W ignore:setup.py install is deprecated setup.py egg_info --egg-base ../../build/cinematic_control build --build-base /home/maranmen/quadruped_8DOF/build/cinematic_control/build install --record /home/maranmen/quadruped_8DOF/build/cinematic_control/install.log --single-version-externally-managed install_data
[4.123s] Level 1:colcon.colcon_core.environment:checking '/home/maranmen/quadruped_8DOF/install/cinematic_control' for CMake module files
[4.124s] Level 1:colcon.colcon_core.environment:checking '/home/maranmen/quadruped_8DOF/install/cinematic_control' for CMake config files
[4.125s] DEBUG:colcon.colcon_core.event_handler.log_command:Invoked command in '/home/maranmen/quadruped_8DOF/src/cinematic_control' returned '0': AMENT_PREFIX_PATH=/home/maranmen/quadruped_8DOF/install/quadruped_model:/home/maranmen/quadruped_8DOF/install/cinematic_control:/home/maranmen/quadruped_8DOF/install/quadruped_model_msg:/home/maranmen/ws_moveit/install/robotiq_hardware_tests:/home/maranmen/ws_moveit/install/robotiq_driver:/home/maranmen/ws_moveit/install/serial:/home/maranmen/ws_moveit/install/moveit2_tutorials:/home/maranmen/ws_moveit/install/moveit_visual_tools:/home/maranmen/ws_moveit/install/rviz_visual_tools:/home/maranmen/ws_moveit/install/moveit_task_constructor_visualization:/home/maranmen/ws_moveit/install/moveit_task_constructor_demo:/home/maranmen/ws_moveit/install/moveit_task_constructor_capabilities:/home/maranmen/ws_moveit/install/moveit_task_constructor_core:/home/maranmen/ws_moveit/install/rviz_marker_tools:/home/maranmen/ws_moveit/install/kortex_bringup:/home/maranmen/ws_moveit/install/kinova_gen3_7dof_robotiq_2f_85_moveit_config:/home/maranmen/ws_moveit/install/kinova_gen3_6dof_robotiq_2f_85_moveit_config:/home/maranmen/ws_moveit/install/kortex_description:/home/maranmen/ws_moveit/install/robotiq_description:/home/maranmen/ws_moveit/install/robotiq_controllers:/home/maranmen/ws_moveit/install/pilz_industrial_motion_planner_testutils:/home/maranmen/ws_moveit/install/moveit_runtime:/home/maranmen/ws_moveit/install/moveit:/home/maranmen/ws_moveit/install/moveit_planners:/home/maranmen/ws_moveit/install/pilz_industrial_motion_planner:/home/maranmen/ws_moveit/install/pick_ik:/home/maranmen/ws_moveit/install/moveit_task_constructor_msgs:/home/maranmen/ws_moveit/install/moveit_ros_control_interface:/home/maranmen/ws_moveit/install/moveit_plugins:/home/maranmen/ws_moveit/install/moveit_simple_controller_manager:/home/maranmen/ws_moveit/install/moveit_setup_assistant:/home/maranmen/ws_moveit/install/moveit_setup_srdf_plugins:/home/maranmen/ws_moveit/install/moveit_setup_core_plugins:/home/maranmen/ws_moveit/install/moveit_setup_controllers:/home/maranmen/ws_moveit/install/moveit_setup_app_plugins:/home/maranmen/ws_moveit/install/moveit_setup_framework:/home/maranmen/ws_moveit/install/moveit_servo:/home/maranmen/ws_moveit/install/moveit_ros:/home/maranmen/ws_moveit/install/moveit_ros_visualization:/home/maranmen/ws_moveit/install/moveit_py:/home/maranmen/ws_moveit/install/moveit_hybrid_planning:/home/maranmen/ws_moveit/install/moveit_ros_planning_interface:/home/maranmen/ws_moveit/install/moveit_ros_benchmarks:/home/maranmen/ws_moveit/install/moveit_ros_warehouse:/home/maranmen/ws_moveit/install/moveit_ros_robot_interaction:/home/maranmen/ws_moveit/install/moveit_ros_perception:/home/maranmen/ws_moveit/install/moveit_resources_prbt_pg70_support:/home/maranmen/ws_moveit/install/moveit_resources_prbt_moveit_config:/home/maranmen/ws_moveit/install/moveit_ros_move_group:/home/maranmen/ws_moveit/install/moveit_planners_ompl:/home/maranmen/ws_moveit/install/moveit_kinematics:/home/maranmen/ws_moveit/install/moveit_ros_planning:/home/maranmen/ws_moveit/install/moveit_ros_occupancy_map_monitor:/home/maranmen/ws_moveit/install/moveit_resources_prbt_support:/home/maranmen/ws_moveit/install/moveit_resources_prbt_ikfast_manipulator_plugin:/home/maranmen/ws_moveit/install/moveit_resources:/home/maranmen/ws_moveit/install/moveit_resources_pr2_description:/home/maranmen/ws_moveit/install/moveit_resources_panda_moveit_config:/home/maranmen/ws_moveit/install/dual_arm_panda_moveit_config:/home/maranmen/ws_moveit/install/moveit_resources_panda_description:/home/maranmen/ws_moveit/install/moveit_resources_fanuc_moveit_config:/home/maranmen/ws_moveit/install/moveit_resources_fanuc_description:/home/maranmen/ws_moveit/install/moveit_planners_stomp:/home/maranmen/ws_moveit/install/moveit_planners_chomp:/home/maranmen/ws_moveit/install/chomp_motion_planner:/home/maranmen/ws_moveit/install/moveit_core:/home/maranmen/ws_moveit/install/moveit_msgs:/home/maranmen/ws_moveit/install/moveit_configs_utils:/home/maranmen/ws_moveit/install/moveit_common:/home/maranmen/ws_moveit/install/kortex_driver:/home/maranmen/ws_moveit/install/kortex_api:/opt/ros/humble PYTHONPATH=/home/maranmen/quadruped_8DOF/build/cinematic_control/prefix_override:/usr/lib/python3/dist-packages/colcon_core/task/python/colcon_distutils_commands:/home/maranmen/quadruped_8DOF/install/cinematic_control/lib/python3.10/site-packages:/home/maranmen/quadruped_8DOF/install/quadruped_model/lib/python3.10/site-packages:/home/maranmen/quadruped_8DOF/install/cinematic_control/lib/python3.10/site-packages:/home/maranmen/ws_moveit/install/moveit_task_constructor_msgs/local/lib/python3.10/dist-packages:/home/maranmen/ws_moveit/install/moveit_py/local/lib/python3.10/dist-packages:/home/maranmen/ws_moveit/install/moveit_msgs/local/lib/python3.10/dist-packages:/home/maranmen/ws_moveit/install/moveit_configs_utils/lib/python3.10/site-packages:/opt/ros/humble/lib/python3.10/site-packages:/opt/ros/humble/local/lib/python3.10/dist-packages /usr/bin/python3 -W ignore:setup.py install is deprecated setup.py egg_info --egg-base ../../build/cinematic_control build --build-base /home/maranmen/quadruped_8DOF/build/cinematic_control/build install --record /home/maranmen/quadruped_8DOF/build/cinematic_control/install.log --single-version-externally-managed install_data
[4.126s] Level 1:colcon.colcon_core.environment:checking '/home/maranmen/quadruped_8DOF/install/cinematic_control/lib'
[4.126s] Level 1:colcon.colcon_core.environment:checking '/home/maranmen/quadruped_8DOF/install/cinematic_control/bin'
[4.127s] Level 1:colcon.colcon_core.environment:checking '/home/maranmen/quadruped_8DOF/install/cinematic_control/lib/pkgconfig/cinematic_control.pc'
[4.127s] Level 1:colcon.colcon_core.environment:checking '/home/maranmen/quadruped_8DOF/install/cinematic_control/lib/python3.10/site-packages'
[4.127s] Level 1:colcon.colcon_core.shell:create_environment_hook('cinematic_control', 'pythonpath')
[4.127s] INFO:colcon.colcon_core.shell:Creating environment hook '/home/maranmen/quadruped_8DOF/install/cinematic_control/share/cinematic_control/hook/pythonpath.ps1'
[4.128s] INFO:colcon.colcon_core.shell:Creating environment descriptor '/home/maranmen/quadruped_8DOF/install/cinematic_control/share/cinematic_control/hook/pythonpath.dsv'
[4.129s] INFO:colcon.colcon_core.shell:Creating environment hook '/home/maranmen/quadruped_8DOF/install/cinematic_control/share/cinematic_control/hook/pythonpath.sh'
[4.130s] Level 1:colcon.colcon_core.environment:checking '/home/maranmen/quadruped_8DOF/install/cinematic_control/bin'
[4.130s] Level 1:colcon.colcon_core.environment:create_environment_scripts_only(cinematic_control)
[4.131s] INFO:colcon.colcon_core.shell:Creating package script '/home/maranmen/quadruped_8DOF/install/cinematic_control/share/cinematic_control/package.ps1'
[4.132s] INFO:colcon.colcon_core.shell:Creating package descriptor '/home/maranmen/quadruped_8DOF/install/cinematic_control/share/cinematic_control/package.dsv'
[4.133s] INFO:colcon.colcon_core.shell:Creating package script '/home/maranmen/quadruped_8DOF/install/cinematic_control/share/cinematic_control/package.sh'
[4.134s] INFO:colcon.colcon_core.shell:Creating package script '/home/maranmen/quadruped_8DOF/install/cinematic_control/share/cinematic_control/package.bash'
[4.135s] INFO:colcon.colcon_core.shell:Creating package script '/home/maranmen/quadruped_8DOF/install/cinematic_control/share/cinematic_control/package.zsh'
[4.137s] Level 1:colcon.colcon_core.environment:create_file_with_runtime_dependencies(/home/maranmen/quadruped_8DOF/install/cinematic_control/share/colcon-core/packages/cinematic_control)
[4.137s] DEBUG:colcon.colcon_parallel_executor.executor.parallel:closing loop
[4.138s] DEBUG:colcon.colcon_parallel_executor.executor.parallel:loop closed
[4.138s] DEBUG:colcon.colcon_parallel_executor.executor.parallel:run_until_complete finished with '0'
[4.139s] DEBUG:colcon.colcon_core.event_reactor:joining thread
[4.147s] INFO:colcon.colcon_core.plugin_system:Skipping extension 'colcon_notification.desktop_notification.terminal_notifier': Not used on non-Darwin systems
[4.147s] INFO:colcon.colcon_core.plugin_system:Skipping extension 'colcon_notification.desktop_notification.win32': Not used on non-Windows systems
[4.148s] INFO:colcon.colcon_notification.desktop_notification:Sending desktop notification using 'notify2'
[4.167s] DEBUG:colcon.colcon_core.event_reactor:joined thread
[4.167s] INFO:colcon.colcon_core.shell:Creating prefix script '/home/maranmen/quadruped_8DOF/install/local_setup.ps1'
[4.169s] INFO:colcon.colcon_core.shell:Creating prefix util module '/home/maranmen/quadruped_8DOF/install/_local_setup_util_ps1.py'
[4.170s] INFO:colcon.colcon_core.shell:Creating prefix chain script '/home/maranmen/quadruped_8DOF/install/setup.ps1'
[4.176s] INFO:colcon.colcon_core.shell:Creating prefix script '/home/maranmen/quadruped_8DOF/install/local_setup.sh'
[4.177s] INFO:colcon.colcon_core.shell:Creating prefix util module '/home/maranmen/quadruped_8DOF/install/_local_setup_util_sh.py'
[4.178s] INFO:colcon.colcon_core.shell:Creating prefix chain script '/home/maranmen/quadruped_8DOF/install/setup.sh'
[4.184s] INFO:colcon.colcon_core.shell:Creating prefix script '/home/maranmen/quadruped_8DOF/install/local_setup.bash'
[4.185s] INFO:colcon.colcon_core.shell:Creating prefix chain script '/home/maranmen/quadruped_8DOF/install/setup.bash'
[4.193s] INFO:colcon.colcon_core.shell:Creating prefix script '/home/maranmen/quadruped_8DOF/install/local_setup.zsh'
[4.195s] INFO:colcon.colcon_core.shell:Creating prefix chain script '/home/maranmen/quadruped_8DOF/install/setup.zsh'
