[3.561s] Invoking command in '/home/julio/Desktop/proyecto_tesis/quadruped_8DOF/src/cinematic_control': AMENT_PREFIX_PATH=/home/julio/Desktop/proyecto_tesis/quadruped_8DOF/install/quadruped_model:/home/julio/Desktop/proyecto_tesis/quadruped_8DOF/install/quadruped_vrep:/home/julio/Desktop/proyecto_tesis/quadruped_8DOF/install/cinematic_control:/opt/ros/humble PYTHONPATH=/home/julio/Desktop/proyecto_tesis/quadruped_8DOF/build/cinematic_control/prefix_override:/usr/lib/python3/dist-packages/colcon_core/task/python/colcon_distutils_commands:/home/julio/Desktop/proyecto_tesis/quadruped_8DOF/install/cinematic_control/lib/python3.10/site-packages:/home/julio/Desktop/proyecto_tesis/quadruped_8DOF/install/quadruped_model/lib/python3.10/site-packages:/home/julio/Desktop/proyecto_tesis/quadruped_8DOF/install/cinematic_control/lib/python3.10/site-packages:/opt/ros/humble/lib/python3.10/site-packages:/opt/ros/humble/local/lib/python3.10/dist-packages /usr/bin/python3 -W ignore:setup.py install is deprecated setup.py egg_info --egg-base ../../build/cinematic_control build --build-base /home/julio/Desktop/proyecto_tesis/quadruped_8DOF/build/cinematic_control/build install --record /home/julio/Desktop/proyecto_tesis/quadruped_8DOF/build/cinematic_control/install.log --single-version-externally-managed install_data
[4.739s] running egg_info
[4.739s] writing ../../build/cinematic_control/cinematic_control.egg-info/PKG-INFO
[4.744s] writing dependency_links to ../../build/cinematic_control/cinematic_control.egg-info/dependency_links.txt
[4.745s] writing entry points to ../../build/cinematic_control/cinematic_control.egg-info/entry_points.txt
[4.745s] writing requirements to ../../build/cinematic_control/cinematic_control.egg-info/requires.txt
[4.752s] writing top-level names to ../../build/cinematic_control/cinematic_control.egg-info/top_level.txt
[4.767s] reading manifest file '../../build/cinematic_control/cinematic_control.egg-info/SOURCES.txt'
[4.770s] writing manifest file '../../build/cinematic_control/cinematic_control.egg-info/SOURCES.txt'
[4.771s] running build
[4.771s] running build_py
[4.773s] running install
[4.776s] running install_lib
[4.778s] running install_data
[4.779s] running install_egg_info
[4.784s] removing '/home/julio/Desktop/proyecto_tesis/quadruped_8DOF/install/cinematic_control/lib/python3.10/site-packages/cinematic_control-0.0.0-py3.10.egg-info' (and everything under it)
[4.787s] Copying ../../build/cinematic_control/cinematic_control.egg-info to /home/julio/Desktop/proyecto_tesis/quadruped_8DOF/install/cinematic_control/lib/python3.10/site-packages/cinematic_control-0.0.0-py3.10.egg-info
[4.793s] running install_scripts
[4.915s] Installing velocity_hip1_cmd script to /home/julio/Desktop/proyecto_tesis/quadruped_8DOF/install/cinematic_control/lib/cinematic_control
[4.922s] Installing velocity_hip2_cmd script to /home/julio/Desktop/proyecto_tesis/quadruped_8DOF/install/cinematic_control/lib/cinematic_control
[4.923s] Installing velocity_hip3_cmd script to /home/julio/Desktop/proyecto_tesis/quadruped_8DOF/install/cinematic_control/lib/cinematic_control
[4.930s] Installing velocity_hip4_cmd script to /home/julio/Desktop/proyecto_tesis/quadruped_8DOF/install/cinematic_control/lib/cinematic_control
[4.933s] writing list of installed files to '/home/julio/Desktop/proyecto_tesis/quadruped_8DOF/build/cinematic_control/install.log'
[5.028s] Invoked command in '/home/julio/Desktop/proyecto_tesis/quadruped_8DOF/src/cinematic_control' returned '0': AMENT_PREFIX_PATH=/home/julio/Desktop/proyecto_tesis/quadruped_8DOF/install/quadruped_model:/home/julio/Desktop/proyecto_tesis/quadruped_8DOF/install/quadruped_vrep:/home/julio/Desktop/proyecto_tesis/quadruped_8DOF/install/cinematic_control:/opt/ros/humble PYTHONPATH=/home/julio/Desktop/proyecto_tesis/quadruped_8DOF/build/cinematic_control/prefix_override:/usr/lib/python3/dist-packages/colcon_core/task/python/colcon_distutils_commands:/home/julio/Desktop/proyecto_tesis/quadruped_8DOF/install/cinematic_control/lib/python3.10/site-packages:/home/julio/Desktop/proyecto_tesis/quadruped_8DOF/install/quadruped_model/lib/python3.10/site-packages:/home/julio/Desktop/proyecto_tesis/quadruped_8DOF/install/cinematic_control/lib/python3.10/site-packages:/opt/ros/humble/lib/python3.10/site-packages:/opt/ros/humble/local/lib/python3.10/dist-packages /usr/bin/python3 -W ignore:setup.py install is deprecated setup.py egg_info --egg-base ../../build/cinematic_control build --build-base /home/julio/Desktop/proyecto_tesis/quadruped_8DOF/build/cinematic_control/build install --record /home/julio/Desktop/proyecto_tesis/quadruped_8DOF/build/cinematic_control/install.log --single-version-externally-managed install_data
