[0.054s] Invoking command in '/home/maranmen/Quadruped_8DOF/build/moveit_resources': AMENT_PREFIX_PATH=/home/maranmen/Quadruped_8DOF/install/moveit_resources_panda_moveit_config:/home/maranmen/Quadruped_8DOF/install/moveit_resources_fanuc_moveit_config:/home/maranmen/Quadruped_8DOF/install/moveit_resources_pr2_description:/home/maranmen/Quadruped_8DOF/install/moveit_resources_panda_description:/home/maranmen/Quadruped_8DOF/install/moveit_resources_fanuc_description:${AMENT_PREFIX_PATH} CMAKE_PREFIX_PATH=/home/maranmen/Quadruped_8DOF/install/moveit_resources_panda_moveit_config:/home/maranmen/Quadruped_8DOF/install/moveit_resources_fanuc_moveit_config:/home/maranmen/Quadruped_8DOF/install/moveit_resources_pr2_description:/home/maranmen/Quadruped_8DOF/install/moveit_resources_panda_description:/home/maranmen/Quadruped_8DOF/install/moveit_resources_fanuc_description:/home/maranmen/Quadruped_8DOF/install/quadruped_model:/opt/ros/humble /usr/bin/cmake /home/maranmen/Quadruped_8DOF/src/moveit_resources/moveit_resources -DCMAKE_BUILD_TYPE=Release -DCMAKE_INSTALL_PREFIX=/home/maranmen/Quadruped_8DOF/install/moveit_resources
[0.132s] -- The C compiler identification is GNU 11.4.0
[0.212s] -- The CXX compiler identification is GNU 11.4.0
[0.222s] -- Detecting C compiler ABI info
[0.369s] -- Detecting C compiler ABI info - done
[0.378s] -- Check for working C compiler: /usr/bin/cc - skipped
[0.379s] -- Detecting C compile features
[0.379s] -- Detecting C compile features - done
[0.386s] -- Detecting CXX compiler ABI info
[0.521s] -- Detecting CXX compiler ABI info - done
[0.537s] -- Check for working CXX compiler: /usr/bin/c++ - skipped
[0.538s] -- Detecting CXX compile features
[0.539s] -- Detecting CXX compile features - done
[0.545s] -- Found ament_cmake: 1.3.9 (/opt/ros/humble/share/ament_cmake/cmake)
[0.762s] -- Found Python3: /usr/bin/python3 (found version "3.10.12") found components: Interpreter 
[0.982s] -- Configuring done
[0.986s] -- Generating done
[0.987s] -- Build files have been written to: /home/maranmen/Quadruped_8DOF/build/moveit_resources
[0.993s] Invoked command in '/home/maranmen/Quadruped_8DOF/build/moveit_resources' returned '0': AMENT_PREFIX_PATH=/home/maranmen/Quadruped_8DOF/install/moveit_resources_panda_moveit_config:/home/maranmen/Quadruped_8DOF/install/moveit_resources_fanuc_moveit_config:/home/maranmen/Quadruped_8DOF/install/moveit_resources_pr2_description:/home/maranmen/Quadruped_8DOF/install/moveit_resources_panda_description:/home/maranmen/Quadruped_8DOF/install/moveit_resources_fanuc_description:${AMENT_PREFIX_PATH} CMAKE_PREFIX_PATH=/home/maranmen/Quadruped_8DOF/install/moveit_resources_panda_moveit_config:/home/maranmen/Quadruped_8DOF/install/moveit_resources_fanuc_moveit_config:/home/maranmen/Quadruped_8DOF/install/moveit_resources_pr2_description:/home/maranmen/Quadruped_8DOF/install/moveit_resources_panda_description:/home/maranmen/Quadruped_8DOF/install/moveit_resources_fanuc_description:/home/maranmen/Quadruped_8DOF/install/quadruped_model:/opt/ros/humble /usr/bin/cmake /home/maranmen/Quadruped_8DOF/src/moveit_resources/moveit_resources -DCMAKE_BUILD_TYPE=Release -DCMAKE_INSTALL_PREFIX=/home/maranmen/Quadruped_8DOF/install/moveit_resources
[0.994s] Invoking command in '/home/maranmen/Quadruped_8DOF/build/moveit_resources': AMENT_PREFIX_PATH=/home/maranmen/Quadruped_8DOF/install/moveit_resources_panda_moveit_config:/home/maranmen/Quadruped_8DOF/install/moveit_resources_fanuc_moveit_config:/home/maranmen/Quadruped_8DOF/install/moveit_resources_pr2_description:/home/maranmen/Quadruped_8DOF/install/moveit_resources_panda_description:/home/maranmen/Quadruped_8DOF/install/moveit_resources_fanuc_description:${AMENT_PREFIX_PATH} CMAKE_PREFIX_PATH=/home/maranmen/Quadruped_8DOF/install/moveit_resources_panda_moveit_config:/home/maranmen/Quadruped_8DOF/install/moveit_resources_fanuc_moveit_config:/home/maranmen/Quadruped_8DOF/install/moveit_resources_pr2_description:/home/maranmen/Quadruped_8DOF/install/moveit_resources_panda_description:/home/maranmen/Quadruped_8DOF/install/moveit_resources_fanuc_description:/home/maranmen/Quadruped_8DOF/install/quadruped_model:/opt/ros/humble /usr/bin/cmake --build /home/maranmen/Quadruped_8DOF/build/moveit_resources -- -j4 -l4
[1.079s] Invoked command in '/home/maranmen/Quadruped_8DOF/build/moveit_resources' returned '0': AMENT_PREFIX_PATH=/home/maranmen/Quadruped_8DOF/install/moveit_resources_panda_moveit_config:/home/maranmen/Quadruped_8DOF/install/moveit_resources_fanuc_moveit_config:/home/maranmen/Quadruped_8DOF/install/moveit_resources_pr2_description:/home/maranmen/Quadruped_8DOF/install/moveit_resources_panda_description:/home/maranmen/Quadruped_8DOF/install/moveit_resources_fanuc_description:${AMENT_PREFIX_PATH} CMAKE_PREFIX_PATH=/home/maranmen/Quadruped_8DOF/install/moveit_resources_panda_moveit_config:/home/maranmen/Quadruped_8DOF/install/moveit_resources_fanuc_moveit_config:/home/maranmen/Quadruped_8DOF/install/moveit_resources_pr2_description:/home/maranmen/Quadruped_8DOF/install/moveit_resources_panda_description:/home/maranmen/Quadruped_8DOF/install/moveit_resources_fanuc_description:/home/maranmen/Quadruped_8DOF/install/quadruped_model:/opt/ros/humble /usr/bin/cmake --build /home/maranmen/Quadruped_8DOF/build/moveit_resources -- -j4 -l4
[1.134s] Invoking command in '/home/maranmen/Quadruped_8DOF/build/moveit_resources': AMENT_PREFIX_PATH=/home/maranmen/Quadruped_8DOF/install/moveit_resources_panda_moveit_config:/home/maranmen/Quadruped_8DOF/install/moveit_resources_fanuc_moveit_config:/home/maranmen/Quadruped_8DOF/install/moveit_resources_pr2_description:/home/maranmen/Quadruped_8DOF/install/moveit_resources_panda_description:/home/maranmen/Quadruped_8DOF/install/moveit_resources_fanuc_description:${AMENT_PREFIX_PATH} CMAKE_PREFIX_PATH=/home/maranmen/Quadruped_8DOF/install/moveit_resources_panda_moveit_config:/home/maranmen/Quadruped_8DOF/install/moveit_resources_fanuc_moveit_config:/home/maranmen/Quadruped_8DOF/install/moveit_resources_pr2_description:/home/maranmen/Quadruped_8DOF/install/moveit_resources_panda_description:/home/maranmen/Quadruped_8DOF/install/moveit_resources_fanuc_description:/home/maranmen/Quadruped_8DOF/install/quadruped_model:/opt/ros/humble /usr/bin/cmake --install /home/maranmen/Quadruped_8DOF/build/moveit_resources
[1.147s] -- Install configuration: "Release"
[1.148s] -- Installing: /home/maranmen/Quadruped_8DOF/install/moveit_resources/share/ament_index/resource_index/package_run_dependencies/moveit_resources
[1.149s] -- Installing: /home/maranmen/Quadruped_8DOF/install/moveit_resources/share/ament_index/resource_index/parent_prefix_path/moveit_resources
[1.149s] -- Installing: /home/maranmen/Quadruped_8DOF/install/moveit_resources/share/moveit_resources/environment/ament_prefix_path.sh
[1.150s] -- Installing: /home/maranmen/Quadruped_8DOF/install/moveit_resources/share/moveit_resources/environment/ament_prefix_path.dsv
[1.151s] -- Installing: /home/maranmen/Quadruped_8DOF/install/moveit_resources/share/moveit_resources/environment/path.sh
[1.151s] -- Installing: /home/maranmen/Quadruped_8DOF/install/moveit_resources/share/moveit_resources/environment/path.dsv
[1.152s] -- Installing: /home/maranmen/Quadruped_8DOF/install/moveit_resources/share/moveit_resources/local_setup.bash
[1.152s] -- Installing: /home/maranmen/Quadruped_8DOF/install/moveit_resources/share/moveit_resources/local_setup.sh
[1.152s] -- Installing: /home/maranmen/Quadruped_8DOF/install/moveit_resources/share/moveit_resources/local_setup.zsh
[1.153s] -- Installing: /home/maranmen/Quadruped_8DOF/install/moveit_resources/share/moveit_resources/local_setup.dsv
[1.153s] -- Installing: /home/maranmen/Quadruped_8DOF/install/moveit_resources/share/moveit_resources/package.dsv
[1.154s] -- Installing: /home/maranmen/Quadruped_8DOF/install/moveit_resources/share/ament_index/resource_index/packages/moveit_resources
[1.154s] -- Installing: /home/maranmen/Quadruped_8DOF/install/moveit_resources/share/moveit_resources/cmake/moveit_resourcesConfig.cmake
[1.154s] -- Installing: /home/maranmen/Quadruped_8DOF/install/moveit_resources/share/moveit_resources/cmake/moveit_resourcesConfig-version.cmake
[1.155s] -- Installing: /home/maranmen/Quadruped_8DOF/install/moveit_resources/share/moveit_resources/package.xml
[1.159s] Invoked command in '/home/maranmen/Quadruped_8DOF/build/moveit_resources' returned '0': AMENT_PREFIX_PATH=/home/maranmen/Quadruped_8DOF/install/moveit_resources_panda_moveit_config:/home/maranmen/Quadruped_8DOF/install/moveit_resources_fanuc_moveit_config:/home/maranmen/Quadruped_8DOF/install/moveit_resources_pr2_description:/home/maranmen/Quadruped_8DOF/install/moveit_resources_panda_description:/home/maranmen/Quadruped_8DOF/install/moveit_resources_fanuc_description:${AMENT_PREFIX_PATH} CMAKE_PREFIX_PATH=/home/maranmen/Quadruped_8DOF/install/moveit_resources_panda_moveit_config:/home/maranmen/Quadruped_8DOF/install/moveit_resources_fanuc_moveit_config:/home/maranmen/Quadruped_8DOF/install/moveit_resources_pr2_description:/home/maranmen/Quadruped_8DOF/install/moveit_resources_panda_description:/home/maranmen/Quadruped_8DOF/install/moveit_resources_fanuc_description:/home/maranmen/Quadruped_8DOF/install/quadruped_model:/opt/ros/humble /usr/bin/cmake --install /home/maranmen/Quadruped_8DOF/build/moveit_resources
