[0.125s] DEBUG:colcon:Command line arguments: ['/usr/bin/colcon', 'build']
[0.125s] DEBUG:colcon:Parsed command line arguments: Namespace(log_base=None, log_level=None, verb_name='build', build_base='build', install_base='install', merge_install=False, symlink_install=False, test_result_base=None, continue_on_error=False, executor='parallel', parallel_workers=4, event_handlers=None, ignore_user_meta=False, metas=['./colcon.meta'], base_paths=['.'], packages_ignore=None, packages_ignore_regex=None, paths=None, packages_up_to=None, packages_up_to_regex=None, packages_above=None, packages_above_and_dependencies=None, packages_above_depth=None, packages_select_by_dep=None, packages_skip_by_dep=None, packages_skip_up_to=None, packages_select_build_failed=False, packages_skip_build_finished=False, packages_select_test_failures=False, packages_skip_test_passed=False, packages_select=None, packages_skip=None, packages_select_regex=None, packages_skip_regex=None, packages_start=None, packages_end=None, allow_overriding=[], cmake_args=None, cmake_target=None, cmake_target_skip_unavailable=False, cmake_clean_cache=False, cmake_clean_first=False, cmake_force_configure=False, ament_cmake_args=None, catkin_cmake_args=None, catkin_skip_building_tests=False, mixin_files=None, mixin=None, verb_parser=<colcon_mixin.mixin.mixin_argument.MixinArgumentDecorator object at 0x7170b02427a0>, verb_extension=<colcon_core.verb.build.BuildVerb object at 0x7170b0242230>, main=<bound method BuildVerb.main of <colcon_core.verb.build.BuildVerb object at 0x7170b0242230>>, mixin_verb=('build',))
[35.313s] Level 1:colcon.colcon_core.package_discovery:discover_packages(colcon_meta) check parameters
[35.313s] Level 1:colcon.colcon_core.package_discovery:discover_packages(recursive) check parameters
[35.313s] Level 1:colcon.colcon_core.package_discovery:discover_packages(ignore) check parameters
[35.313s] Level 1:colcon.colcon_core.package_discovery:discover_packages(path) check parameters
[35.313s] Level 1:colcon.colcon_core.package_discovery:discover_packages(colcon_meta) discover
[35.313s] Level 1:colcon.colcon_core.package_discovery:discover_packages(recursive) discover
[35.313s] INFO:colcon.colcon_core.package_discovery:Crawling recursively for packages in '/home/maranmen/quadruped_8DOF'
[35.313s] Level 1:colcon.colcon_core.package_identification:_identify(.) by extensions ['ignore', 'ignore_ament_install']
[35.314s] Level 1:colcon.colcon_core.package_identification:_identify(.) by extension 'ignore'
[35.314s] Level 1:colcon.colcon_core.package_identification:_identify(.) by extension 'ignore_ament_install'
[35.314s] Level 1:colcon.colcon_core.package_identification:_identify(.) by extensions ['colcon_pkg']
[35.314s] Level 1:colcon.colcon_core.package_identification:_identify(.) by extension 'colcon_pkg'
[35.314s] Level 1:colcon.colcon_core.package_identification:_identify(.) by extensions ['colcon_meta']
[35.314s] Level 1:colcon.colcon_core.package_identification:_identify(.) by extension 'colcon_meta'
[35.314s] Level 1:colcon.colcon_core.package_identification:_identify(.) by extensions ['ros']
[35.314s] Level 1:colcon.colcon_core.package_identification:_identify(.) by extension 'ros'
[35.720s] Level 1:colcon.colcon_core.package_identification:_identify(.) by extensions ['cmake', 'python']
[35.720s] Level 1:colcon.colcon_core.package_identification:_identify(.) by extension 'cmake'
[35.720s] Level 1:colcon.colcon_core.package_identification:_identify(.) by extension 'python'
[35.720s] Level 1:colcon.colcon_core.package_identification:_identify(.) by extensions ['python_setup_py']
[35.720s] Level 1:colcon.colcon_core.package_identification:_identify(.) by extension 'python_setup_py'
[35.720s] Level 1:colcon.colcon_core.package_identification:_identify(build) by extensions ['ignore', 'ignore_ament_install']
[35.721s] Level 1:colcon.colcon_core.package_identification:_identify(build) by extension 'ignore'
[35.721s] Level 1:colcon.colcon_core.package_identification:_identify(build) ignored
[35.721s] Level 1:colcon.colcon_core.package_identification:_identify(install) by extensions ['ignore', 'ignore_ament_install']
[35.721s] Level 1:colcon.colcon_core.package_identification:_identify(install) by extension 'ignore'
[35.721s] Level 1:colcon.colcon_core.package_identification:_identify(install) ignored
[35.721s] Level 1:colcon.colcon_core.package_identification:_identify(log) by extensions ['ignore', 'ignore_ament_install']
[35.721s] Level 1:colcon.colcon_core.package_identification:_identify(log) by extension 'ignore'
[35.722s] Level 1:colcon.colcon_core.package_identification:_identify(log) ignored
[35.722s] Level 1:colcon.colcon_core.package_identification:_identify(src) by extensions ['ignore', 'ignore_ament_install']
[35.722s] Level 1:colcon.colcon_core.package_identification:_identify(src) by extension 'ignore'
[35.722s] Level 1:colcon.colcon_core.package_identification:_identify(src) by extension 'ignore_ament_install'
[35.722s] Level 1:colcon.colcon_core.package_identification:_identify(src) by extensions ['colcon_pkg']
[35.722s] Level 1:colcon.colcon_core.package_identification:_identify(src) by extension 'colcon_pkg'
[35.722s] Level 1:colcon.colcon_core.package_identification:_identify(src) by extensions ['colcon_meta']
[35.722s] Level 1:colcon.colcon_core.package_identification:_identify(src) by extension 'colcon_meta'
[35.722s] Level 1:colcon.colcon_core.package_identification:_identify(src) by extensions ['ros']
[35.722s] Level 1:colcon.colcon_core.package_identification:_identify(src) by extension 'ros'
[35.722s] Level 1:colcon.colcon_core.package_identification:_identify(src) by extensions ['cmake', 'python']
[35.722s] Level 1:colcon.colcon_core.package_identification:_identify(src) by extension 'cmake'
[35.722s] Level 1:colcon.colcon_core.package_identification:_identify(src) by extension 'python'
[35.723s] Level 1:colcon.colcon_core.package_identification:_identify(src) by extensions ['python_setup_py']
[35.723s] Level 1:colcon.colcon_core.package_identification:_identify(src) by extension 'python_setup_py'
[35.723s] Level 1:colcon.colcon_core.package_identification:_identify(src/build) by extensions ['ignore', 'ignore_ament_install']
[35.723s] Level 1:colcon.colcon_core.package_identification:_identify(src/build) by extension 'ignore'
[35.723s] Level 1:colcon.colcon_core.package_identification:_identify(src/build) ignored
[35.723s] Level 1:colcon.colcon_core.package_identification:_identify(src/cinematic_control) by extensions ['ignore', 'ignore_ament_install']
[35.723s] Level 1:colcon.colcon_core.package_identification:_identify(src/cinematic_control) by extension 'ignore'
[35.724s] Level 1:colcon.colcon_core.package_identification:_identify(src/cinematic_control) by extension 'ignore_ament_install'
[35.724s] Level 1:colcon.colcon_core.package_identification:_identify(src/cinematic_control) by extensions ['colcon_pkg']
[35.724s] Level 1:colcon.colcon_core.package_identification:_identify(src/cinematic_control) by extension 'colcon_pkg'
[35.724s] Level 1:colcon.colcon_core.package_identification:_identify(src/cinematic_control) by extensions ['colcon_meta']
[35.724s] Level 1:colcon.colcon_core.package_identification:_identify(src/cinematic_control) by extension 'colcon_meta'
[35.724s] Level 1:colcon.colcon_core.package_identification:_identify(src/cinematic_control) by extensions ['ros']
[35.724s] Level 1:colcon.colcon_core.package_identification:_identify(src/cinematic_control) by extension 'ros'
[35.821s] DEBUG:colcon.colcon_core.package_identification:Package 'src/cinematic_control' with type 'ros.ament_python' and name 'cinematic_control'
[35.822s] Level 1:colcon.colcon_core.package_identification:_identify(src/install) by extensions ['ignore', 'ignore_ament_install']
[35.822s] Level 1:colcon.colcon_core.package_identification:_identify(src/install) by extension 'ignore'
[35.822s] Level 1:colcon.colcon_core.package_identification:_identify(src/install) ignored
[35.822s] Level 1:colcon.colcon_core.package_identification:_identify(src/log) by extensions ['ignore', 'ignore_ament_install']
[35.822s] Level 1:colcon.colcon_core.package_identification:_identify(src/log) by extension 'ignore'
[35.822s] Level 1:colcon.colcon_core.package_identification:_identify(src/log) ignored
[35.823s] Level 1:colcon.colcon_core.package_identification:_identify(src/quadruped_model) by extensions ['ignore', 'ignore_ament_install']
[35.823s] Level 1:colcon.colcon_core.package_identification:_identify(src/quadruped_model) by extension 'ignore'
[35.823s] Level 1:colcon.colcon_core.package_identification:_identify(src/quadruped_model) by extension 'ignore_ament_install'
[35.823s] Level 1:colcon.colcon_core.package_identification:_identify(src/quadruped_model) by extensions ['colcon_pkg']
[35.823s] Level 1:colcon.colcon_core.package_identification:_identify(src/quadruped_model) by extension 'colcon_pkg'
[35.823s] Level 1:colcon.colcon_core.package_identification:_identify(src/quadruped_model) by extensions ['colcon_meta']
[35.823s] Level 1:colcon.colcon_core.package_identification:_identify(src/quadruped_model) by extension 'colcon_meta'
[35.823s] Level 1:colcon.colcon_core.package_identification:_identify(src/quadruped_model) by extensions ['ros']
[35.823s] Level 1:colcon.colcon_core.package_identification:_identify(src/quadruped_model) by extension 'ros'
[36.211s] DEBUG:colcon.colcon_core.package_identification:Package 'src/quadruped_model' with type 'ros.ament_python' and name 'quadruped_model'
[36.211s] Level 1:colcon.colcon_core.package_discovery:discover_packages(recursive) using defaults
[36.211s] Level 1:colcon.colcon_core.package_discovery:discover_packages(ignore) discover
[36.211s] Level 1:colcon.colcon_core.package_discovery:discover_packages(ignore) using defaults
[36.211s] Level 1:colcon.colcon_core.package_discovery:discover_packages(path) discover
[36.211s] Level 1:colcon.colcon_core.package_discovery:discover_packages(path) using defaults
[39.306s] Level 1:colcon.colcon_core.package_discovery:discover_packages(prefix_path) check parameters
[39.306s] Level 1:colcon.colcon_core.package_discovery:discover_packages(prefix_path) discover
[39.912s] DEBUG:colcon.colcon_installed_package_information.package_discovery:Found 69 installed packages in /home/maranmen/ws_moveit/install
[39.914s] DEBUG:colcon.colcon_installed_package_information.package_discovery:Found 339 installed packages in /opt/ros/humble
[39.927s] Level 1:colcon.colcon_core.package_discovery:discover_packages(prefix_path) using defaults
