[0.888s] Invoking command in '/home/maranmen/Quadruped_8DOF/src/quadruped_model': PYTHONPATH=/home/maranmen/Quadruped_8DOF/build/quadruped_model/prefix_override:/home/maranmen/Quadruped_8DOF/install/quadruped_model/lib/python3.10/site-packages:${PYTHONPATH} /usr/bin/python3 -W ignore:setup.py install is deprecated setup.py egg_info --egg-base ../../build/quadruped_model build --build-base /home/maranmen/Quadruped_8DOF/build/quadruped_model/build install --record /home/maranmen/Quadruped_8DOF/build/quadruped_model/install.log --single-version-externally-managed install_data
[1.217s] running egg_info
[1.217s] writing ../../build/quadruped_model/quadruped_model.egg-info/PKG-INFO
[1.218s] writing dependency_links to ../../build/quadruped_model/quadruped_model.egg-info/dependency_links.txt
[1.218s] writing entry points to ../../build/quadruped_model/quadruped_model.egg-info/entry_points.txt
[1.219s] writing requirements to ../../build/quadruped_model/quadruped_model.egg-info/requires.txt
[1.219s] writing top-level names to ../../build/quadruped_model/quadruped_model.egg-info/top_level.txt
[1.221s] reading manifest file '../../build/quadruped_model/quadruped_model.egg-info/SOURCES.txt'
[1.222s] writing manifest file '../../build/quadruped_model/quadruped_model.egg-info/SOURCES.txt'
[1.223s] running build
[1.223s] running build_py
[1.223s] running install
[1.224s] running install_lib
[1.225s] running install_data
[1.225s] copying urdf/quadruped_SimpleModel.urdf -> /home/maranmen/Quadruped_8DOF/install/quadruped_model/share/quadruped_model/urdf
[1.226s] running install_egg_info
[1.228s] removing '/home/maranmen/Quadruped_8DOF/install/quadruped_model/lib/python3.10/site-packages/quadruped_model-0.0.0-py3.10.egg-info' (and everything under it)
[1.228s] Copying ../../build/quadruped_model/quadruped_model.egg-info to /home/maranmen/Quadruped_8DOF/install/quadruped_model/lib/python3.10/site-packages/quadruped_model-0.0.0-py3.10.egg-info
[1.229s] running install_scripts
[1.257s] writing list of installed files to '/home/maranmen/Quadruped_8DOF/build/quadruped_model/install.log'
[1.290s] Invoked command in '/home/maranmen/Quadruped_8DOF/src/quadruped_model' returned '0': PYTHONPATH=/home/maranmen/Quadruped_8DOF/build/quadruped_model/prefix_override:/home/maranmen/Quadruped_8DOF/install/quadruped_model/lib/python3.10/site-packages:${PYTHONPATH} /usr/bin/python3 -W ignore:setup.py install is deprecated setup.py egg_info --egg-base ../../build/quadruped_model build --build-base /home/maranmen/Quadruped_8DOF/build/quadruped_model/build install --record /home/maranmen/Quadruped_8DOF/build/quadruped_model/install.log --single-version-externally-managed install_data
