[0.768s] Invoking command in '/home/maranmen/quadruped_8DOF/src/cinematic_control': AMENT_PREFIX_PATH=/home/maranmen/quadruped_8DOF/install/quadruped_model:${AMENT_PREFIX_PATH} PYTHONPATH=/home/maranmen/quadruped_8DOF/build/cinematic_control/prefix_override:/usr/lib/python3/dist-packages/colcon_core/task/python/colcon_distutils_commands:/home/maranmen/quadruped_8DOF/install/cinematic_control/lib/python3.10/site-packages:/home/maranmen/quadruped_8DOF/install/quadruped_model/lib/python3.10/site-packages:${PYTHONPATH} /usr/bin/python3 -W ignore:setup.py install is deprecated setup.py egg_info --egg-base ../../build/cinematic_control build --build-base /home/maranmen/quadruped_8DOF/build/cinematic_control/build install --record /home/maranmen/quadruped_8DOF/build/cinematic_control/install.log --single-version-externally-managed install_data
[1.027s] running egg_info
[1.028s] writing ../../build/cinematic_control/cinematic_control.egg-info/PKG-INFO
[1.029s] writing dependency_links to ../../build/cinematic_control/cinematic_control.egg-info/dependency_links.txt
[1.029s] writing entry points to ../../build/cinematic_control/cinematic_control.egg-info/entry_points.txt
[1.029s] writing requirements to ../../build/cinematic_control/cinematic_control.egg-info/requires.txt
[1.030s] writing top-level names to ../../build/cinematic_control/cinematic_control.egg-info/top_level.txt
[1.031s] reading manifest file '../../build/cinematic_control/cinematic_control.egg-info/SOURCES.txt'
[1.032s] writing manifest file '../../build/cinematic_control/cinematic_control.egg-info/SOURCES.txt'
[1.032s] running build
[1.033s] running build_py
[1.033s] running install
[1.034s] running install_lib
[1.035s] running install_data
[1.035s] running install_egg_info
[1.037s] removing '/home/maranmen/quadruped_8DOF/install/cinematic_control/lib/python3.10/site-packages/cinematic_control-0.0.0-py3.10.egg-info' (and everything under it)
[1.037s] Copying ../../build/cinematic_control/cinematic_control.egg-info to /home/maranmen/quadruped_8DOF/install/cinematic_control/lib/python3.10/site-packages/cinematic_control-0.0.0-py3.10.egg-info
[1.065s] running install_scripts
[1.092s] Installing velocity_hip1_cmd script to /home/maranmen/quadruped_8DOF/install/cinematic_control/lib/cinematic_control
[1.093s] Installing velocity_hip2_cmd script to /home/maranmen/quadruped_8DOF/install/cinematic_control/lib/cinematic_control
[1.093s] Installing velocity_hip3_cmd script to /home/maranmen/quadruped_8DOF/install/cinematic_control/lib/cinematic_control
[1.094s] Installing velocity_hip4_cmd script to /home/maranmen/quadruped_8DOF/install/cinematic_control/lib/cinematic_control
[1.095s] writing list of installed files to '/home/maranmen/quadruped_8DOF/build/cinematic_control/install.log'
[1.123s] Invoked command in '/home/maranmen/quadruped_8DOF/src/cinematic_control' returned '0': AMENT_PREFIX_PATH=/home/maranmen/quadruped_8DOF/install/quadruped_model:${AMENT_PREFIX_PATH} PYTHONPATH=/home/maranmen/quadruped_8DOF/build/cinematic_control/prefix_override:/usr/lib/python3/dist-packages/colcon_core/task/python/colcon_distutils_commands:/home/maranmen/quadruped_8DOF/install/cinematic_control/lib/python3.10/site-packages:/home/maranmen/quadruped_8DOF/install/quadruped_model/lib/python3.10/site-packages:${PYTHONPATH} /usr/bin/python3 -W ignore:setup.py install is deprecated setup.py egg_info --egg-base ../../build/cinematic_control build --build-base /home/maranmen/quadruped_8DOF/build/cinematic_control/build install --record /home/maranmen/quadruped_8DOF/build/cinematic_control/install.log --single-version-externally-managed install_data
