[6.957s] Invoking command in '/home/maranmen/quadruped_8DOF/src/cinematic_control': AMENT_PREFIX_PATH=/home/maranmen/quadruped_8DOF/install/quadruped_model:${AMENT_PREFIX_PATH} PYTHONPATH=/home/maranmen/quadruped_8DOF/build/cinematic_control/prefix_override:/usr/lib/python3/dist-packages/colcon_core/task/python/colcon_distutils_commands:/home/maranmen/quadruped_8DOF/install/cinematic_control/lib/python3.10/site-packages:/home/maranmen/quadruped_8DOF/install/quadruped_model/lib/python3.10/site-packages:${PYTHONPATH} /usr/bin/python3 -W ignore:setup.py install is deprecated setup.py egg_info --egg-base ../../build/cinematic_control build --build-base /home/maranmen/quadruped_8DOF/build/cinematic_control/build install --record /home/maranmen/quadruped_8DOF/build/cinematic_control/install.log --single-version-externally-managed install_data
[7.253s] running egg_info
[7.253s] writing ../../build/cinematic_control/cinematic_control.egg-info/PKG-INFO
[7.514s] writing dependency_links to ../../build/cinematic_control/cinematic_control.egg-info/dependency_links.txt
[7.581s] writing entry points to ../../build/cinematic_control/cinematic_control.egg-info/entry_points.txt
[7.582s] writing requirements to ../../build/cinematic_control/cinematic_control.egg-info/requires.txt
[7.582s] writing top-level names to ../../build/cinematic_control/cinematic_control.egg-info/top_level.txt
[7.585s] reading manifest file '../../build/cinematic_control/cinematic_control.egg-info/SOURCES.txt'
[8.344s] writing manifest file '../../build/cinematic_control/cinematic_control.egg-info/SOURCES.txt'
[8.345s] running build
[8.346s] running build_py
[8.346s] running install
[8.346s] running install_lib
[8.346s] running install_data
[8.346s] running install_egg_info
[8.350s] removing '/home/maranmen/quadruped_8DOF/install/cinematic_control/lib/python3.10/site-packages/cinematic_control-0.0.0-py3.10.egg-info' (and everything under it)
[8.352s] Copying ../../build/cinematic_control/cinematic_control.egg-info to /home/maranmen/quadruped_8DOF/install/cinematic_control/lib/python3.10/site-packages/cinematic_control-0.0.0-py3.10.egg-info
[8.978s] running install_scripts
[9.013s] Installing velocity_hip1_cmd script to /home/maranmen/quadruped_8DOF/install/cinematic_control/lib/cinematic_control
[9.016s] Installing velocity_hip2_cmd script to /home/maranmen/quadruped_8DOF/install/cinematic_control/lib/cinematic_control
[9.019s] Installing velocity_hip3_cmd script to /home/maranmen/quadruped_8DOF/install/cinematic_control/lib/cinematic_control
[9.022s] Installing velocity_hip4_cmd script to /home/maranmen/quadruped_8DOF/install/cinematic_control/lib/cinematic_control
[9.025s] writing list of installed files to '/home/maranmen/quadruped_8DOF/build/cinematic_control/install.log'
[9.051s] Invoked command in '/home/maranmen/quadruped_8DOF/src/cinematic_control' returned '0': AMENT_PREFIX_PATH=/home/maranmen/quadruped_8DOF/install/quadruped_model:${AMENT_PREFIX_PATH} PYTHONPATH=/home/maranmen/quadruped_8DOF/build/cinematic_control/prefix_override:/usr/lib/python3/dist-packages/colcon_core/task/python/colcon_distutils_commands:/home/maranmen/quadruped_8DOF/install/cinematic_control/lib/python3.10/site-packages:/home/maranmen/quadruped_8DOF/install/quadruped_model/lib/python3.10/site-packages:${PYTHONPATH} /usr/bin/python3 -W ignore:setup.py install is deprecated setup.py egg_info --egg-base ../../build/cinematic_control build --build-base /home/maranmen/quadruped_8DOF/build/cinematic_control/build install --record /home/maranmen/quadruped_8DOF/build/cinematic_control/install.log --single-version-externally-managed install_data
