[0.269s] DEBUG:colcon:Command line arguments: ['/usr/bin/colcon', 'build']
[0.269s] DEBUG:colcon:Parsed command line arguments: Namespace(log_base=None, log_level=None, verb_name='build', build_base='build', install_base='install', merge_install=False, symlink_install=False, test_result_base=None, continue_on_error=False, executor='parallel', parallel_workers=2, event_handlers=None, ignore_user_meta=False, metas=['./colcon.meta'], base_paths=['.'], packages_ignore=None, packages_ignore_regex=None, paths=None, packages_up_to=None, packages_up_to_regex=None, packages_above=None, packages_above_and_dependencies=None, packages_above_depth=None, packages_select_by_dep=None, packages_skip_by_dep=None, packages_skip_up_to=None, packages_select_build_failed=False, packages_skip_build_finished=False, packages_select_test_failures=False, packages_skip_test_passed=False, packages_select=None, packages_skip=None, packages_select_regex=None, packages_skip_regex=None, packages_start=None, packages_end=None, allow_overriding=[], cmake_args=None, cmake_target=None, cmake_target_skip_unavailable=False, cmake_clean_cache=False, cmake_clean_first=False, cmake_force_configure=False, ament_cmake_args=None, catkin_cmake_args=None, catkin_skip_building_tests=False, mixin_files=None, mixin=None, verb_parser=<colcon_mixin.mixin.mixin_argument.MixinArgumentDecorator object at 0x78b07944ddb0>, verb_extension=<colcon_core.verb.build.BuildVerb object at 0x78b07944d330>, main=<bound method BuildVerb.main of <colcon_core.verb.build.BuildVerb object at 0x78b07944d330>>, mixin_verb=('build',))
[0.722s] Level 1:colcon.colcon_core.package_discovery:discover_packages(colcon_meta) check parameters
[0.723s] Level 1:colcon.colcon_core.package_discovery:discover_packages(recursive) check parameters
[0.724s] Level 1:colcon.colcon_core.package_discovery:discover_packages(ignore) check parameters
[0.724s] Level 1:colcon.colcon_core.package_discovery:discover_packages(path) check parameters
[0.724s] Level 1:colcon.colcon_core.package_discovery:discover_packages(colcon_meta) discover
[0.724s] Level 1:colcon.colcon_core.package_discovery:discover_packages(recursive) discover
[0.724s] INFO:colcon.colcon_core.package_discovery:Crawling recursively for packages in '/home/julio/Desktop/proyecto_tesis/quadruped_8DOF/src/quadruped_model/quadruped_model_msg'
[0.724s] Level 1:colcon.colcon_core.package_identification:_identify(.) by extensions ['ignore', 'ignore_ament_install']
[0.725s] Level 1:colcon.colcon_core.package_identification:_identify(.) by extension 'ignore'
[0.725s] Level 1:colcon.colcon_core.package_identification:_identify(.) by extension 'ignore_ament_install'
[0.725s] Level 1:colcon.colcon_core.package_identification:_identify(.) by extensions ['colcon_pkg']
[0.726s] Level 1:colcon.colcon_core.package_identification:_identify(.) by extension 'colcon_pkg'
[0.726s] Level 1:colcon.colcon_core.package_identification:_identify(.) by extensions ['colcon_meta']
[0.726s] Level 1:colcon.colcon_core.package_identification:_identify(.) by extension 'colcon_meta'
[0.726s] Level 1:colcon.colcon_core.package_identification:_identify(.) by extensions ['ros']
[0.726s] Level 1:colcon.colcon_core.package_identification:_identify(.) by extension 'ros'
[0.751s] DEBUG:colcon.colcon_core.package_identification:Package '.' with type 'ros.ament_cmake' and name 'quadruped_model_msg'
[0.751s] Level 1:colcon.colcon_core.package_discovery:discover_packages(recursive) using defaults
[0.751s] Level 1:colcon.colcon_core.package_discovery:discover_packages(ignore) discover
[0.751s] Level 1:colcon.colcon_core.package_discovery:discover_packages(ignore) using defaults
[0.751s] Level 1:colcon.colcon_core.package_discovery:discover_packages(path) discover
[0.751s] Level 1:colcon.colcon_core.package_discovery:discover_packages(path) using defaults
[0.788s] Level 1:colcon.colcon_core.package_discovery:discover_packages(prefix_path) check parameters
[0.789s] Level 1:colcon.colcon_core.package_discovery:discover_packages(prefix_path) discover
[0.792s] DEBUG:colcon.colcon_installed_package_information.package_discovery:Found 294 installed packages in /opt/ros/humble
[0.837s] Level 1:colcon.colcon_core.package_discovery:discover_packages(prefix_path) using defaults
[0.949s] Level 5:colcon.colcon_core.verb:set package 'quadruped_model_msg' build argument 'cmake_args' from command line to 'None'
[0.949s] Level 5:colcon.colcon_core.verb:set package 'quadruped_model_msg' build argument 'cmake_target' from command line to 'None'
[0.950s] Level 5:colcon.colcon_core.verb:set package 'quadruped_model_msg' build argument 'cmake_target_skip_unavailable' from command line to 'False'
[0.950s] Level 5:colcon.colcon_core.verb:set package 'quadruped_model_msg' build argument 'cmake_clean_cache' from command line to 'False'
[0.950s] Level 5:colcon.colcon_core.verb:set package 'quadruped_model_msg' build argument 'cmake_clean_first' from command line to 'False'
[0.950s] Level 5:colcon.colcon_core.verb:set package 'quadruped_model_msg' build argument 'cmake_force_configure' from command line to 'False'
[0.950s] Level 5:colcon.colcon_core.verb:set package 'quadruped_model_msg' build argument 'ament_cmake_args' from command line to 'None'
[0.950s] Level 5:colcon.colcon_core.verb:set package 'quadruped_model_msg' build argument 'catkin_cmake_args' from command line to 'None'
[0.950s] Level 5:colcon.colcon_core.verb:set package 'quadruped_model_msg' build argument 'catkin_skip_building_tests' from command line to 'False'
[0.950s] DEBUG:colcon.colcon_core.verb:Building package 'quadruped_model_msg' with the following arguments: {'ament_cmake_args': None, 'build_base': '/home/julio/Desktop/proyecto_tesis/quadruped_8DOF/src/quadruped_model/quadruped_model_msg/build/quadruped_model_msg', 'catkin_cmake_args': None, 'catkin_skip_building_tests': False, 'cmake_args': None, 'cmake_clean_cache': False, 'cmake_clean_first': False, 'cmake_force_configure': False, 'cmake_target': None, 'cmake_target_skip_unavailable': False, 'install_base': '/home/julio/Desktop/proyecto_tesis/quadruped_8DOF/src/quadruped_model/quadruped_model_msg/install/quadruped_model_msg', 'merge_install': False, 'path': '/home/julio/Desktop/proyecto_tesis/quadruped_8DOF/src/quadruped_model/quadruped_model_msg', 'symlink_install': False, 'test_result_base': None}
[0.950s] INFO:colcon.colcon_core.executor:Executing jobs using 'parallel' executor
[0.955s] DEBUG:colcon.colcon_parallel_executor.executor.parallel:run_until_complete
[0.957s] INFO:colcon.colcon_ros.task.ament_cmake.build:Building ROS package in '/home/julio/Desktop/proyecto_tesis/quadruped_8DOF/src/quadruped_model/quadruped_model_msg' with build type 'ament_cmake'
[0.958s] INFO:colcon.colcon_cmake.task.cmake.build:Building CMake package in '/home/julio/Desktop/proyecto_tesis/quadruped_8DOF/src/quadruped_model/quadruped_model_msg'
[0.965s] INFO:colcon.colcon_core.plugin_system:Skipping extension 'colcon_core.shell.bat': Not used on non-Windows systems
[0.966s] INFO:colcon.colcon_core.shell:Skip shell extension 'powershell' for command environment: Not usable outside of PowerShell
[0.966s] DEBUG:colcon.colcon_core.shell:Skip shell extension 'dsv' for command environment
[1.019s] DEBUG:colcon.colcon_core.event_handler.log_command:Invoking command in '/home/julio/Desktop/proyecto_tesis/quadruped_8DOF/src/quadruped_model/quadruped_model_msg/build/quadruped_model_msg': CMAKE_PREFIX_PATH=/opt/ros/humble /usr/bin/cmake /home/julio/Desktop/proyecto_tesis/quadruped_8DOF/src/quadruped_model/quadruped_model_msg -DCMAKE_INSTALL_PREFIX=/home/julio/Desktop/proyecto_tesis/quadruped_8DOF/src/quadruped_model/quadruped_model_msg/install/quadruped_model_msg
[2.951s] DEBUG:colcon.colcon_core.event_handler.log_command:Invoked command in '/home/julio/Desktop/proyecto_tesis/quadruped_8DOF/src/quadruped_model/quadruped_model_msg/build/quadruped_model_msg' returned '0': CMAKE_PREFIX_PATH=/opt/ros/humble /usr/bin/cmake /home/julio/Desktop/proyecto_tesis/quadruped_8DOF/src/quadruped_model/quadruped_model_msg -DCMAKE_INSTALL_PREFIX=/home/julio/Desktop/proyecto_tesis/quadruped_8DOF/src/quadruped_model/quadruped_model_msg/install/quadruped_model_msg
[2.952s] DEBUG:colcon.colcon_core.event_handler.log_command:Invoking command in '/home/julio/Desktop/proyecto_tesis/quadruped_8DOF/src/quadruped_model/quadruped_model_msg/build/quadruped_model_msg': CMAKE_PREFIX_PATH=/opt/ros/humble /usr/bin/cmake --build /home/julio/Desktop/proyecto_tesis/quadruped_8DOF/src/quadruped_model/quadruped_model_msg/build/quadruped_model_msg -- -j2 -l2
[3.186s] DEBUG:colcon.colcon_core.event_handler.log_command:Invoked command in '/home/julio/Desktop/proyecto_tesis/quadruped_8DOF/src/quadruped_model/quadruped_model_msg/build/quadruped_model_msg' returned '0': CMAKE_PREFIX_PATH=/opt/ros/humble /usr/bin/cmake --build /home/julio/Desktop/proyecto_tesis/quadruped_8DOF/src/quadruped_model/quadruped_model_msg/build/quadruped_model_msg -- -j2 -l2
[3.470s] DEBUG:colcon.colcon_core.event_handler.log_command:Invoking command in '/home/julio/Desktop/proyecto_tesis/quadruped_8DOF/src/quadruped_model/quadruped_model_msg/build/quadruped_model_msg': CMAKE_PREFIX_PATH=/opt/ros/humble /usr/bin/cmake --install /home/julio/Desktop/proyecto_tesis/quadruped_8DOF/src/quadruped_model/quadruped_model_msg/build/quadruped_model_msg
[3.602s] Level 1:colcon.colcon_core.environment:create_environment_scripts_only(quadruped_model_msg)
[3.605s] DEBUG:colcon.colcon_core.event_handler.log_command:Invoked command in '/home/julio/Desktop/proyecto_tesis/quadruped_8DOF/src/quadruped_model/quadruped_model_msg/build/quadruped_model_msg' returned '0': CMAKE_PREFIX_PATH=/opt/ros/humble /usr/bin/cmake --install /home/julio/Desktop/proyecto_tesis/quadruped_8DOF/src/quadruped_model/quadruped_model_msg/build/quadruped_model_msg
[3.618s] Level 1:colcon.colcon_core.environment:checking '/home/julio/Desktop/proyecto_tesis/quadruped_8DOF/src/quadruped_model/quadruped_model_msg/install/quadruped_model_msg' for CMake module files
[3.620s] Level 1:colcon.colcon_core.environment:checking '/home/julio/Desktop/proyecto_tesis/quadruped_8DOF/src/quadruped_model/quadruped_model_msg/install/quadruped_model_msg' for CMake config files
[3.621s] Level 1:colcon.colcon_core.shell:create_environment_hook('quadruped_model_msg', 'cmake_prefix_path')
[3.622s] INFO:colcon.colcon_core.shell:Creating environment hook '/home/julio/Desktop/proyecto_tesis/quadruped_8DOF/src/quadruped_model/quadruped_model_msg/install/quadruped_model_msg/share/quadruped_model_msg/hook/cmake_prefix_path.ps1'
[3.639s] INFO:colcon.colcon_core.shell:Creating environment descriptor '/home/julio/Desktop/proyecto_tesis/quadruped_8DOF/src/quadruped_model/quadruped_model_msg/install/quadruped_model_msg/share/quadruped_model_msg/hook/cmake_prefix_path.dsv'
[3.659s] INFO:colcon.colcon_core.shell:Creating environment hook '/home/julio/Desktop/proyecto_tesis/quadruped_8DOF/src/quadruped_model/quadruped_model_msg/install/quadruped_model_msg/share/quadruped_model_msg/hook/cmake_prefix_path.sh'
[3.665s] Level 1:colcon.colcon_core.environment:checking '/home/julio/Desktop/proyecto_tesis/quadruped_8DOF/src/quadruped_model/quadruped_model_msg/install/quadruped_model_msg/bin'
[3.665s] Level 1:colcon.colcon_core.environment:checking '/home/julio/Desktop/proyecto_tesis/quadruped_8DOF/src/quadruped_model/quadruped_model_msg/install/quadruped_model_msg/lib/pkgconfig/quadruped_model_msg.pc'
[3.666s] Level 1:colcon.colcon_core.environment:checking '/home/julio/Desktop/proyecto_tesis/quadruped_8DOF/src/quadruped_model/quadruped_model_msg/install/quadruped_model_msg/lib/python3.10/site-packages'
[3.666s] Level 1:colcon.colcon_core.environment:checking '/home/julio/Desktop/proyecto_tesis/quadruped_8DOF/src/quadruped_model/quadruped_model_msg/install/quadruped_model_msg/bin'
[3.669s] INFO:colcon.colcon_core.shell:Creating package script '/home/julio/Desktop/proyecto_tesis/quadruped_8DOF/src/quadruped_model/quadruped_model_msg/install/quadruped_model_msg/share/quadruped_model_msg/package.ps1'
[3.673s] INFO:colcon.colcon_core.shell:Creating package descriptor '/home/julio/Desktop/proyecto_tesis/quadruped_8DOF/src/quadruped_model/quadruped_model_msg/install/quadruped_model_msg/share/quadruped_model_msg/package.dsv'
[3.681s] INFO:colcon.colcon_core.shell:Creating package script '/home/julio/Desktop/proyecto_tesis/quadruped_8DOF/src/quadruped_model/quadruped_model_msg/install/quadruped_model_msg/share/quadruped_model_msg/package.sh'
[3.684s] INFO:colcon.colcon_core.shell:Creating package script '/home/julio/Desktop/proyecto_tesis/quadruped_8DOF/src/quadruped_model/quadruped_model_msg/install/quadruped_model_msg/share/quadruped_model_msg/package.bash'
[3.686s] INFO:colcon.colcon_core.shell:Creating package script '/home/julio/Desktop/proyecto_tesis/quadruped_8DOF/src/quadruped_model/quadruped_model_msg/install/quadruped_model_msg/share/quadruped_model_msg/package.zsh'
[3.690s] Level 1:colcon.colcon_core.environment:create_file_with_runtime_dependencies(/home/julio/Desktop/proyecto_tesis/quadruped_8DOF/src/quadruped_model/quadruped_model_msg/install/quadruped_model_msg/share/colcon-core/packages/quadruped_model_msg)
[3.842s] Level 1:colcon.colcon_core.environment:create_environment_scripts_only(quadruped_model_msg)
[3.844s] Level 1:colcon.colcon_core.environment:checking '/home/julio/Desktop/proyecto_tesis/quadruped_8DOF/src/quadruped_model/quadruped_model_msg/install/quadruped_model_msg' for CMake module files
[3.845s] Level 1:colcon.colcon_core.environment:checking '/home/julio/Desktop/proyecto_tesis/quadruped_8DOF/src/quadruped_model/quadruped_model_msg/install/quadruped_model_msg' for CMake config files
[3.846s] Level 1:colcon.colcon_core.shell:create_environment_hook('quadruped_model_msg', 'cmake_prefix_path')
[3.850s] INFO:colcon.colcon_core.shell:Creating environment hook '/home/julio/Desktop/proyecto_tesis/quadruped_8DOF/src/quadruped_model/quadruped_model_msg/install/quadruped_model_msg/share/quadruped_model_msg/hook/cmake_prefix_path.ps1'
[3.855s] INFO:colcon.colcon_core.shell:Creating environment descriptor '/home/julio/Desktop/proyecto_tesis/quadruped_8DOF/src/quadruped_model/quadruped_model_msg/install/quadruped_model_msg/share/quadruped_model_msg/hook/cmake_prefix_path.dsv'
[3.858s] INFO:colcon.colcon_core.shell:Creating environment hook '/home/julio/Desktop/proyecto_tesis/quadruped_8DOF/src/quadruped_model/quadruped_model_msg/install/quadruped_model_msg/share/quadruped_model_msg/hook/cmake_prefix_path.sh'
[3.862s] Level 1:colcon.colcon_core.environment:checking '/home/julio/Desktop/proyecto_tesis/quadruped_8DOF/src/quadruped_model/quadruped_model_msg/install/quadruped_model_msg/bin'
[3.863s] Level 1:colcon.colcon_core.environment:checking '/home/julio/Desktop/proyecto_tesis/quadruped_8DOF/src/quadruped_model/quadruped_model_msg/install/quadruped_model_msg/lib/pkgconfig/quadruped_model_msg.pc'
[3.866s] Level 1:colcon.colcon_core.environment:checking '/home/julio/Desktop/proyecto_tesis/quadruped_8DOF/src/quadruped_model/quadruped_model_msg/install/quadruped_model_msg/lib/python3.10/site-packages'
[3.868s] Level 1:colcon.colcon_core.environment:checking '/home/julio/Desktop/proyecto_tesis/quadruped_8DOF/src/quadruped_model/quadruped_model_msg/install/quadruped_model_msg/bin'
[3.870s] INFO:colcon.colcon_core.shell:Creating package script '/home/julio/Desktop/proyecto_tesis/quadruped_8DOF/src/quadruped_model/quadruped_model_msg/install/quadruped_model_msg/share/quadruped_model_msg/package.ps1'
[3.873s] INFO:colcon.colcon_core.shell:Creating package descriptor '/home/julio/Desktop/proyecto_tesis/quadruped_8DOF/src/quadruped_model/quadruped_model_msg/install/quadruped_model_msg/share/quadruped_model_msg/package.dsv'
[3.874s] INFO:colcon.colcon_core.shell:Creating package script '/home/julio/Desktop/proyecto_tesis/quadruped_8DOF/src/quadruped_model/quadruped_model_msg/install/quadruped_model_msg/share/quadruped_model_msg/package.sh'
[3.877s] INFO:colcon.colcon_core.shell:Creating package script '/home/julio/Desktop/proyecto_tesis/quadruped_8DOF/src/quadruped_model/quadruped_model_msg/install/quadruped_model_msg/share/quadruped_model_msg/package.bash'
[3.880s] INFO:colcon.colcon_core.shell:Creating package script '/home/julio/Desktop/proyecto_tesis/quadruped_8DOF/src/quadruped_model/quadruped_model_msg/install/quadruped_model_msg/share/quadruped_model_msg/package.zsh'
[3.882s] Level 1:colcon.colcon_core.environment:create_file_with_runtime_dependencies(/home/julio/Desktop/proyecto_tesis/quadruped_8DOF/src/quadruped_model/quadruped_model_msg/install/quadruped_model_msg/share/colcon-core/packages/quadruped_model_msg)
[3.885s] DEBUG:colcon.colcon_parallel_executor.executor.parallel:closing loop
[3.886s] DEBUG:colcon.colcon_parallel_executor.executor.parallel:loop closed
[3.886s] DEBUG:colcon.colcon_parallel_executor.executor.parallel:run_until_complete finished with '0'
[3.886s] DEBUG:colcon.colcon_core.event_reactor:joining thread
[3.936s] INFO:colcon.colcon_core.plugin_system:Skipping extension 'colcon_notification.desktop_notification.terminal_notifier': Not used on non-Darwin systems
[3.937s] INFO:colcon.colcon_core.plugin_system:Skipping extension 'colcon_notification.desktop_notification.win32': Not used on non-Windows systems
[3.937s] INFO:colcon.colcon_notification.desktop_notification:Sending desktop notification using 'notify2'
[3.993s] DEBUG:colcon.colcon_core.event_reactor:joined thread
[3.994s] INFO:colcon.colcon_core.shell:Creating prefix script '/home/julio/Desktop/proyecto_tesis/quadruped_8DOF/src/quadruped_model/quadruped_model_msg/install/local_setup.ps1'
[3.997s] INFO:colcon.colcon_core.shell:Creating prefix util module '/home/julio/Desktop/proyecto_tesis/quadruped_8DOF/src/quadruped_model/quadruped_model_msg/install/_local_setup_util_ps1.py'
[4.004s] INFO:colcon.colcon_core.shell:Creating prefix chain script '/home/julio/Desktop/proyecto_tesis/quadruped_8DOF/src/quadruped_model/quadruped_model_msg/install/setup.ps1'
[4.012s] INFO:colcon.colcon_core.shell:Creating prefix script '/home/julio/Desktop/proyecto_tesis/quadruped_8DOF/src/quadruped_model/quadruped_model_msg/install/local_setup.sh'
[4.014s] INFO:colcon.colcon_core.shell:Creating prefix util module '/home/julio/Desktop/proyecto_tesis/quadruped_8DOF/src/quadruped_model/quadruped_model_msg/install/_local_setup_util_sh.py'
[4.025s] INFO:colcon.colcon_core.shell:Creating prefix chain script '/home/julio/Desktop/proyecto_tesis/quadruped_8DOF/src/quadruped_model/quadruped_model_msg/install/setup.sh'
[4.037s] INFO:colcon.colcon_core.shell:Creating prefix script '/home/julio/Desktop/proyecto_tesis/quadruped_8DOF/src/quadruped_model/quadruped_model_msg/install/local_setup.bash'
[4.039s] INFO:colcon.colcon_core.shell:Creating prefix chain script '/home/julio/Desktop/proyecto_tesis/quadruped_8DOF/src/quadruped_model/quadruped_model_msg/install/setup.bash'
[4.042s] INFO:colcon.colcon_core.shell:Creating prefix script '/home/julio/Desktop/proyecto_tesis/quadruped_8DOF/src/quadruped_model/quadruped_model_msg/install/local_setup.zsh'
[4.043s] INFO:colcon.colcon_core.shell:Creating prefix chain script '/home/julio/Desktop/proyecto_tesis/quadruped_8DOF/src/quadruped_model/quadruped_model_msg/install/setup.zsh'
