[11.868s] DEBUG:colcon:Command line arguments: ['/usr/bin/colcon', 'build', '--packages-select', 'quadruped_model_node']
[11.869s] DEBUG:colcon:Parsed command line arguments: Namespace(log_base=None, log_level=None, verb_name='build', build_base='build', install_base='install', merge_install=False, symlink_install=False, test_result_base=None, continue_on_error=False, executor='parallel', parallel_workers=2, event_handlers=None, ignore_user_meta=False, metas=['./colcon.meta'], base_paths=['.'], packages_ignore=None, packages_ignore_regex=None, paths=None, packages_up_to=None, packages_up_to_regex=None, packages_above=None, packages_above_and_dependencies=None, packages_above_depth=None, packages_select_by_dep=None, packages_skip_by_dep=None, packages_skip_up_to=None, packages_select_build_failed=False, packages_skip_build_finished=False, packages_select_test_failures=False, packages_skip_test_passed=False, packages_select=['quadruped_model_node'], packages_skip=None, packages_select_regex=None, packages_skip_regex=None, packages_start=None, packages_end=None, allow_overriding=[], cmake_args=None, cmake_target=None, cmake_target_skip_unavailable=False, cmake_clean_cache=False, cmake_clean_first=False, cmake_force_configure=False, ament_cmake_args=None, catkin_cmake_args=None, catkin_skip_building_tests=False, mixin_files=None, mixin=None, verb_parser=<colcon_mixin.mixin.mixin_argument.MixinArgumentDecorator object at 0x7afbeb7b5db0>, verb_extension=<colcon_core.verb.build.BuildVerb object at 0x7afbeb7b5330>, main=<bound method BuildVerb.main of <colcon_core.verb.build.BuildVerb object at 0x7afbeb7b5330>>, mixin_verb=('build',))
[21.004s] Level 1:colcon.colcon_core.package_discovery:discover_packages(colcon_meta) check parameters
[21.007s] Level 1:colcon.colcon_core.package_discovery:discover_packages(recursive) check parameters
[21.008s] Level 1:colcon.colcon_core.package_discovery:discover_packages(ignore) check parameters
[21.009s] Level 1:colcon.colcon_core.package_discovery:discover_packages(path) check parameters
[21.010s] Level 1:colcon.colcon_core.package_discovery:discover_packages(colcon_meta) discover
[21.012s] Level 1:colcon.colcon_core.package_discovery:discover_packages(recursive) discover
[21.012s] INFO:colcon.colcon_core.package_discovery:Crawling recursively for packages in '/home/julio/Desktop/proyecto_tesis/quadruped_8DOF/src/quadruped_model/quadruped_model_msg'
[21.013s] Level 1:colcon.colcon_core.package_identification:_identify(.) by extensions ['ignore', 'ignore_ament_install']
[21.013s] Level 1:colcon.colcon_core.package_identification:_identify(.) by extension 'ignore'
[21.013s] Level 1:colcon.colcon_core.package_identification:_identify(.) by extension 'ignore_ament_install'
[21.013s] Level 1:colcon.colcon_core.package_identification:_identify(.) by extensions ['colcon_pkg']
[21.013s] Level 1:colcon.colcon_core.package_identification:_identify(.) by extension 'colcon_pkg'
[21.013s] Level 1:colcon.colcon_core.package_identification:_identify(.) by extensions ['colcon_meta']
[21.013s] Level 1:colcon.colcon_core.package_identification:_identify(.) by extension 'colcon_meta'
[21.013s] Level 1:colcon.colcon_core.package_identification:_identify(.) by extensions ['ros']
[21.013s] Level 1:colcon.colcon_core.package_identification:_identify(.) by extension 'ros'
[21.799s] DEBUG:colcon.colcon_core.package_identification:Package '.' with type 'ros.ament_cmake' and name 'quadruped_model_msg'
[21.800s] Level 1:colcon.colcon_core.package_discovery:discover_packages(recursive) using defaults
[21.802s] Level 1:colcon.colcon_core.package_discovery:discover_packages(ignore) discover
[21.803s] Level 1:colcon.colcon_core.package_discovery:discover_packages(ignore) using defaults
[21.803s] Level 1:colcon.colcon_core.package_discovery:discover_packages(path) discover
[21.804s] Level 1:colcon.colcon_core.package_discovery:discover_packages(path) using defaults
[21.806s] WARNING:colcon.colcon_core.package_selection:ignoring unknown package 'quadruped_model_node' in --packages-select
[22.616s] INFO:colcon.colcon_core.package_selection:Skipping not selected package 'quadruped_model_msg' in '.'
[22.621s] Level 1:colcon.colcon_core.package_discovery:discover_packages(prefix_path) check parameters
[22.622s] Level 1:colcon.colcon_core.package_discovery:discover_packages(prefix_path) discover
[22.665s] DEBUG:colcon.colcon_installed_package_information.package_discovery:Found 1 installed packages in /home/julio/Desktop/proyecto_tesis/quadruped_8DOF/src/quadruped_model/quadruped_model_msg/install
[22.679s] DEBUG:colcon.colcon_installed_package_information.package_discovery:Found 294 installed packages in /opt/ros/humble
[22.687s] Level 1:colcon.colcon_core.package_discovery:discover_packages(prefix_path) using defaults
[23.047s] INFO:colcon.colcon_core.executor:Executing jobs using 'parallel' executor
[23.049s] DEBUG:colcon.colcon_parallel_executor.executor.parallel:run_until_complete
[23.082s] DEBUG:colcon.colcon_parallel_executor.executor.parallel:closing loop
[23.087s] DEBUG:colcon.colcon_parallel_executor.executor.parallel:loop closed
[23.087s] DEBUG:colcon.colcon_parallel_executor.executor.parallel:run_until_complete finished with '0'
[23.088s] DEBUG:colcon.colcon_core.event_reactor:joining thread
[23.246s] INFO:colcon.colcon_core.plugin_system:Skipping extension 'colcon_notification.desktop_notification.terminal_notifier': Not used on non-Darwin systems
[23.247s] INFO:colcon.colcon_core.plugin_system:Skipping extension 'colcon_notification.desktop_notification.win32': Not used on non-Windows systems
[23.247s] INFO:colcon.colcon_notification.desktop_notification:Sending desktop notification using 'notify2'
[23.356s] DEBUG:colcon.colcon_core.event_reactor:joined thread
[23.511s] INFO:colcon.colcon_core.plugin_system:Skipping extension 'colcon_core.shell.bat': Not used on non-Windows systems
[23.511s] INFO:colcon.colcon_core.shell:Creating prefix script '/home/julio/Desktop/proyecto_tesis/quadruped_8DOF/src/quadruped_model/quadruped_model_msg/install/local_setup.ps1'
[23.578s] INFO:colcon.colcon_core.shell:Creating prefix util module '/home/julio/Desktop/proyecto_tesis/quadruped_8DOF/src/quadruped_model/quadruped_model_msg/install/_local_setup_util_ps1.py'
[23.591s] INFO:colcon.colcon_core.shell:Creating prefix chain script '/home/julio/Desktop/proyecto_tesis/quadruped_8DOF/src/quadruped_model/quadruped_model_msg/install/setup.ps1'
[23.593s] INFO:colcon.colcon_core.shell:Creating prefix script '/home/julio/Desktop/proyecto_tesis/quadruped_8DOF/src/quadruped_model/quadruped_model_msg/install/local_setup.sh'
[23.594s] INFO:colcon.colcon_core.shell:Creating prefix util module '/home/julio/Desktop/proyecto_tesis/quadruped_8DOF/src/quadruped_model/quadruped_model_msg/install/_local_setup_util_sh.py'
[23.595s] INFO:colcon.colcon_core.shell:Creating prefix chain script '/home/julio/Desktop/proyecto_tesis/quadruped_8DOF/src/quadruped_model/quadruped_model_msg/install/setup.sh'
[23.597s] INFO:colcon.colcon_core.shell:Creating prefix script '/home/julio/Desktop/proyecto_tesis/quadruped_8DOF/src/quadruped_model/quadruped_model_msg/install/local_setup.bash'
[23.598s] INFO:colcon.colcon_core.shell:Creating prefix chain script '/home/julio/Desktop/proyecto_tesis/quadruped_8DOF/src/quadruped_model/quadruped_model_msg/install/setup.bash'
[23.629s] INFO:colcon.colcon_core.shell:Creating prefix script '/home/julio/Desktop/proyecto_tesis/quadruped_8DOF/src/quadruped_model/quadruped_model_msg/install/local_setup.zsh'
[23.650s] INFO:colcon.colcon_core.shell:Creating prefix chain script '/home/julio/Desktop/proyecto_tesis/quadruped_8DOF/src/quadruped_model/quadruped_model_msg/install/setup.zsh'
