[0.036s] Invoking command in '/home/maranmen/Quadruped_8DOF/build/kortex_bringup': AMENT_PREFIX_PATH=/home/maranmen/Quadruped_8DOF/install/kortex_driver:/home/maranmen/Quadruped_8DOF/install/kortex_description:/home/maranmen/Quadruped_8DOF/install/robotiq_description:/home/maranmen/Quadruped_8DOF/install/kortex_api:${AMENT_PREFIX_PATH} CMAKE_PREFIX_PATH=/home/maranmen/Quadruped_8DOF/install/kortex_driver:/home/maranmen/Quadruped_8DOF/install/kortex_description:/home/maranmen/Quadruped_8DOF/install/robotiq_description:/home/maranmen/Quadruped_8DOF/install/kortex_api:/home/maranmen/Quadruped_8DOF/install/quadruped_model:/opt/ros/humble LD_LIBRARY_PATH=/home/maranmen/Quadruped_8DOF/install/kortex_driver/lib:${LD_LIBRARY_PATH} /usr/bin/cmake /home/maranmen/Quadruped_8DOF/src/ros2_kortex/kortex_bringup -DCMAKE_BUILD_TYPE=Release -DCMAKE_INSTALL_PREFIX=/home/maranmen/Quadruped_8DOF/install/kortex_bringup
[0.135s] -- The C compiler identification is GNU 11.4.0
[0.213s] -- The CXX compiler identification is GNU 11.4.0
[0.225s] -- Detecting C compiler ABI info
[0.339s] -- Detecting C compiler ABI info - done
[0.347s] -- Check for working C compiler: /usr/bin/cc - skipped
[0.347s] -- Detecting C compile features
[0.348s] -- Detecting C compile features - done
[0.352s] -- Detecting CXX compiler ABI info
[0.482s] -- Detecting CXX compiler ABI info - done
[0.492s] -- Check for working CXX compiler: /usr/bin/c++ - skipped
[0.492s] -- Detecting CXX compile features
[0.493s] -- Detecting CXX compile features - done
[0.496s] -- Found ament_cmake: 1.3.9 (/opt/ros/humble/share/ament_cmake/cmake)
[0.704s] -- Found Python3: /usr/bin/python3 (found version "3.10.12") found components: Interpreter 
[0.921s] -- Configuring done
[0.926s] -- Generating done
[0.927s] -- Build files have been written to: /home/maranmen/Quadruped_8DOF/build/kortex_bringup
[0.935s] Invoked command in '/home/maranmen/Quadruped_8DOF/build/kortex_bringup' returned '0': AMENT_PREFIX_PATH=/home/maranmen/Quadruped_8DOF/install/kortex_driver:/home/maranmen/Quadruped_8DOF/install/kortex_description:/home/maranmen/Quadruped_8DOF/install/robotiq_description:/home/maranmen/Quadruped_8DOF/install/kortex_api:${AMENT_PREFIX_PATH} CMAKE_PREFIX_PATH=/home/maranmen/Quadruped_8DOF/install/kortex_driver:/home/maranmen/Quadruped_8DOF/install/kortex_description:/home/maranmen/Quadruped_8DOF/install/robotiq_description:/home/maranmen/Quadruped_8DOF/install/kortex_api:/home/maranmen/Quadruped_8DOF/install/quadruped_model:/opt/ros/humble LD_LIBRARY_PATH=/home/maranmen/Quadruped_8DOF/install/kortex_driver/lib:${LD_LIBRARY_PATH} /usr/bin/cmake /home/maranmen/Quadruped_8DOF/src/ros2_kortex/kortex_bringup -DCMAKE_BUILD_TYPE=Release -DCMAKE_INSTALL_PREFIX=/home/maranmen/Quadruped_8DOF/install/kortex_bringup
[0.936s] Invoking command in '/home/maranmen/Quadruped_8DOF/build/kortex_bringup': AMENT_PREFIX_PATH=/home/maranmen/Quadruped_8DOF/install/kortex_driver:/home/maranmen/Quadruped_8DOF/install/kortex_description:/home/maranmen/Quadruped_8DOF/install/robotiq_description:/home/maranmen/Quadruped_8DOF/install/kortex_api:${AMENT_PREFIX_PATH} CMAKE_PREFIX_PATH=/home/maranmen/Quadruped_8DOF/install/kortex_driver:/home/maranmen/Quadruped_8DOF/install/kortex_description:/home/maranmen/Quadruped_8DOF/install/robotiq_description:/home/maranmen/Quadruped_8DOF/install/kortex_api:/home/maranmen/Quadruped_8DOF/install/quadruped_model:/opt/ros/humble LD_LIBRARY_PATH=/home/maranmen/Quadruped_8DOF/install/kortex_driver/lib:${LD_LIBRARY_PATH} /usr/bin/cmake --build /home/maranmen/Quadruped_8DOF/build/kortex_bringup -- -j4 -l4
[1.002s] Invoked command in '/home/maranmen/Quadruped_8DOF/build/kortex_bringup' returned '0': AMENT_PREFIX_PATH=/home/maranmen/Quadruped_8DOF/install/kortex_driver:/home/maranmen/Quadruped_8DOF/install/kortex_description:/home/maranmen/Quadruped_8DOF/install/robotiq_description:/home/maranmen/Quadruped_8DOF/install/kortex_api:${AMENT_PREFIX_PATH} CMAKE_PREFIX_PATH=/home/maranmen/Quadruped_8DOF/install/kortex_driver:/home/maranmen/Quadruped_8DOF/install/kortex_description:/home/maranmen/Quadruped_8DOF/install/robotiq_description:/home/maranmen/Quadruped_8DOF/install/kortex_api:/home/maranmen/Quadruped_8DOF/install/quadruped_model:/opt/ros/humble LD_LIBRARY_PATH=/home/maranmen/Quadruped_8DOF/install/kortex_driver/lib:${LD_LIBRARY_PATH} /usr/bin/cmake --build /home/maranmen/Quadruped_8DOF/build/kortex_bringup -- -j4 -l4
[1.261s] Invoking command in '/home/maranmen/Quadruped_8DOF/build/kortex_bringup': AMENT_PREFIX_PATH=/home/maranmen/Quadruped_8DOF/install/kortex_driver:/home/maranmen/Quadruped_8DOF/install/kortex_description:/home/maranmen/Quadruped_8DOF/install/robotiq_description:/home/maranmen/Quadruped_8DOF/install/kortex_api:${AMENT_PREFIX_PATH} CMAKE_PREFIX_PATH=/home/maranmen/Quadruped_8DOF/install/kortex_driver:/home/maranmen/Quadruped_8DOF/install/kortex_description:/home/maranmen/Quadruped_8DOF/install/robotiq_description:/home/maranmen/Quadruped_8DOF/install/kortex_api:/home/maranmen/Quadruped_8DOF/install/quadruped_model:/opt/ros/humble LD_LIBRARY_PATH=/home/maranmen/Quadruped_8DOF/install/kortex_driver/lib:${LD_LIBRARY_PATH} /usr/bin/cmake --install /home/maranmen/Quadruped_8DOF/build/kortex_bringup
[1.278s] -- Install configuration: "Release"
[1.278s] -- Installing: /home/maranmen/Quadruped_8DOF/install/kortex_bringup/lib/kortex_bringup/test_huge_joint_space_jump.py
[1.279s] -- Installing: /home/maranmen/Quadruped_8DOF/install/kortex_bringup/share/kortex_bringup/config
[1.279s] -- Installing: /home/maranmen/Quadruped_8DOF/install/kortex_bringup/share/kortex_bringup/config/test_huge_joint_space_jump_config.yaml
[1.280s] -- Installing: /home/maranmen/Quadruped_8DOF/install/kortex_bringup/share/kortex_bringup/config/servo.yaml
[1.280s] -- Installing: /home/maranmen/Quadruped_8DOF/install/kortex_bringup/share/kortex_bringup/config/test_trajectory_goal_publishers_config.yaml
[1.281s] -- Installing: /home/maranmen/Quadruped_8DOF/install/kortex_bringup/share/kortex_bringup/launch
[1.281s] -- Installing: /home/maranmen/Quadruped_8DOF/install/kortex_bringup/share/kortex_bringup/launch/gen3_lite.launch.py
[1.281s] -- Installing: /home/maranmen/Quadruped_8DOF/install/kortex_bringup/share/kortex_bringup/launch/gen3.launch.py
[1.282s] -- Installing: /home/maranmen/Quadruped_8DOF/install/kortex_bringup/share/kortex_bringup/launch/test_joint_trajectory_controller.launch.py
[1.282s] -- Installing: /home/maranmen/Quadruped_8DOF/install/kortex_bringup/share/kortex_bringup/launch/test_huge_joint_space_jump.launch.py
[1.283s] -- Installing: /home/maranmen/Quadruped_8DOF/install/kortex_bringup/share/kortex_bringup/launch/kortex_control.launch.py
[1.284s] -- Installing: /home/maranmen/Quadruped_8DOF/install/kortex_bringup/share/kortex_bringup/launch/kortex_sim_control.launch.py
[1.284s] -- Installing: /home/maranmen/Quadruped_8DOF/install/kortex_bringup/share/ament_index/resource_index/package_run_dependencies/kortex_bringup
[1.284s] -- Installing: /home/maranmen/Quadruped_8DOF/install/kortex_bringup/share/ament_index/resource_index/parent_prefix_path/kortex_bringup
[1.285s] -- Installing: /home/maranmen/Quadruped_8DOF/install/kortex_bringup/share/kortex_bringup/environment/ament_prefix_path.sh
[1.285s] -- Installing: /home/maranmen/Quadruped_8DOF/install/kortex_bringup/share/kortex_bringup/environment/ament_prefix_path.dsv
[1.285s] -- Installing: /home/maranmen/Quadruped_8DOF/install/kortex_bringup/share/kortex_bringup/environment/path.sh
[1.285s] -- Installing: /home/maranmen/Quadruped_8DOF/install/kortex_bringup/share/kortex_bringup/environment/path.dsv
[1.285s] -- Installing: /home/maranmen/Quadruped_8DOF/install/kortex_bringup/share/kortex_bringup/local_setup.bash
[1.286s] -- Installing: /home/maranmen/Quadruped_8DOF/install/kortex_bringup/share/kortex_bringup/local_setup.sh
[1.286s] -- Installing: /home/maranmen/Quadruped_8DOF/install/kortex_bringup/share/kortex_bringup/local_setup.zsh
[1.286s] -- Installing: /home/maranmen/Quadruped_8DOF/install/kortex_bringup/share/kortex_bringup/local_setup.dsv
[1.286s] -- Installing: /home/maranmen/Quadruped_8DOF/install/kortex_bringup/share/kortex_bringup/package.dsv
[1.286s] -- Installing: /home/maranmen/Quadruped_8DOF/install/kortex_bringup/share/ament_index/resource_index/packages/kortex_bringup
[1.287s] -- Installing: /home/maranmen/Quadruped_8DOF/install/kortex_bringup/share/kortex_bringup/cmake/kortex_bringupConfig.cmake
[1.287s] -- Installing: /home/maranmen/Quadruped_8DOF/install/kortex_bringup/share/kortex_bringup/cmake/kortex_bringupConfig-version.cmake
[1.287s] -- Installing: /home/maranmen/Quadruped_8DOF/install/kortex_bringup/share/kortex_bringup/package.xml
[1.289s] Invoked command in '/home/maranmen/Quadruped_8DOF/build/kortex_bringup' returned '0': AMENT_PREFIX_PATH=/home/maranmen/Quadruped_8DOF/install/kortex_driver:/home/maranmen/Quadruped_8DOF/install/kortex_description:/home/maranmen/Quadruped_8DOF/install/robotiq_description:/home/maranmen/Quadruped_8DOF/install/kortex_api:${AMENT_PREFIX_PATH} CMAKE_PREFIX_PATH=/home/maranmen/Quadruped_8DOF/install/kortex_driver:/home/maranmen/Quadruped_8DOF/install/kortex_description:/home/maranmen/Quadruped_8DOF/install/robotiq_description:/home/maranmen/Quadruped_8DOF/install/kortex_api:/home/maranmen/Quadruped_8DOF/install/quadruped_model:/opt/ros/humble LD_LIBRARY_PATH=/home/maranmen/Quadruped_8DOF/install/kortex_driver/lib:${LD_LIBRARY_PATH} /usr/bin/cmake --install /home/maranmen/Quadruped_8DOF/build/kortex_bringup
