[0.133s] DEBUG:colcon:Command line arguments: ['/usr/bin/colcon', 'build']
[0.133s] DEBUG:colcon:Parsed command line arguments: Namespace(log_base=None, log_level=None, verb_name='build', build_base='build', install_base='install', merge_install=False, symlink_install=False, test_result_base=None, continue_on_error=False, executor='parallel', parallel_workers=4, event_handlers=None, ignore_user_meta=False, metas=['./colcon.meta'], base_paths=['.'], packages_ignore=None, packages_ignore_regex=None, paths=None, packages_up_to=None, packages_up_to_regex=None, packages_above=None, packages_above_and_dependencies=None, packages_above_depth=None, packages_select_by_dep=None, packages_skip_by_dep=None, packages_skip_up_to=None, packages_select_build_failed=False, packages_skip_build_finished=False, packages_select_test_failures=False, packages_skip_test_passed=False, packages_select=None, packages_skip=None, packages_select_regex=None, packages_skip_regex=None, packages_start=None, packages_end=None, allow_overriding=[], cmake_args=None, cmake_target=None, cmake_target_skip_unavailable=False, cmake_clean_cache=False, cmake_clean_first=False, cmake_force_configure=False, ament_cmake_args=None, catkin_cmake_args=None, catkin_skip_building_tests=False, mixin_files=None, mixin=None, verb_parser=<colcon_mixin.mixin.mixin_argument.MixinArgumentDecorator object at 0x7a24d843eaa0>, verb_extension=<colcon_core.verb.build.BuildVerb object at 0x7a24d843e530>, main=<bound method BuildVerb.main of <colcon_core.verb.build.BuildVerb object at 0x7a24d843e530>>, mixin_verb=('build',))
[0.338s] Level 1:colcon.colcon_core.package_discovery:discover_packages(colcon_meta) check parameters
[0.338s] Level 1:colcon.colcon_core.package_discovery:discover_packages(recursive) check parameters
[0.339s] Level 1:colcon.colcon_core.package_discovery:discover_packages(ignore) check parameters
[0.339s] Level 1:colcon.colcon_core.package_discovery:discover_packages(path) check parameters
[0.339s] Level 1:colcon.colcon_core.package_discovery:discover_packages(colcon_meta) discover
[0.339s] Level 1:colcon.colcon_core.package_discovery:discover_packages(recursive) discover
[0.339s] INFO:colcon.colcon_core.package_discovery:Crawling recursively for packages in '/home/maranmen/quadruped_8DOF'
[0.339s] Level 1:colcon.colcon_core.package_identification:_identify(.) by extensions ['ignore', 'ignore_ament_install']
[0.339s] Level 1:colcon.colcon_core.package_identification:_identify(.) by extension 'ignore'
[0.340s] Level 1:colcon.colcon_core.package_identification:_identify(.) by extension 'ignore_ament_install'
[0.340s] Level 1:colcon.colcon_core.package_identification:_identify(.) by extensions ['colcon_pkg']
[0.340s] Level 1:colcon.colcon_core.package_identification:_identify(.) by extension 'colcon_pkg'
[0.340s] Level 1:colcon.colcon_core.package_identification:_identify(.) by extensions ['colcon_meta']
[0.340s] Level 1:colcon.colcon_core.package_identification:_identify(.) by extension 'colcon_meta'
[0.340s] Level 1:colcon.colcon_core.package_identification:_identify(.) by extensions ['ros']
[0.340s] Level 1:colcon.colcon_core.package_identification:_identify(.) by extension 'ros'
[0.355s] Level 1:colcon.colcon_core.package_identification:_identify(.) by extensions ['cmake', 'python']
[0.355s] Level 1:colcon.colcon_core.package_identification:_identify(.) by extension 'cmake'
[0.355s] Level 1:colcon.colcon_core.package_identification:_identify(.) by extension 'python'
[0.355s] Level 1:colcon.colcon_core.package_identification:_identify(.) by extensions ['python_setup_py']
[0.355s] Level 1:colcon.colcon_core.package_identification:_identify(.) by extension 'python_setup_py'
[0.356s] Level 1:colcon.colcon_core.package_identification:_identify(build) by extensions ['ignore', 'ignore_ament_install']
[0.356s] Level 1:colcon.colcon_core.package_identification:_identify(build) by extension 'ignore'
[0.356s] Level 1:colcon.colcon_core.package_identification:_identify(build) ignored
[0.356s] Level 1:colcon.colcon_core.package_identification:_identify(install) by extensions ['ignore', 'ignore_ament_install']
[0.356s] Level 1:colcon.colcon_core.package_identification:_identify(install) by extension 'ignore'
[0.356s] Level 1:colcon.colcon_core.package_identification:_identify(install) ignored
[0.356s] Level 1:colcon.colcon_core.package_identification:_identify(log) by extensions ['ignore', 'ignore_ament_install']
[0.356s] Level 1:colcon.colcon_core.package_identification:_identify(log) by extension 'ignore'
[0.357s] Level 1:colcon.colcon_core.package_identification:_identify(log) ignored
[0.357s] Level 1:colcon.colcon_core.package_identification:_identify(src) by extensions ['ignore', 'ignore_ament_install']
[0.357s] Level 1:colcon.colcon_core.package_identification:_identify(src) by extension 'ignore'
[0.357s] Level 1:colcon.colcon_core.package_identification:_identify(src) by extension 'ignore_ament_install'
[0.357s] Level 1:colcon.colcon_core.package_identification:_identify(src) by extensions ['colcon_pkg']
[0.357s] Level 1:colcon.colcon_core.package_identification:_identify(src) by extension 'colcon_pkg'
[0.357s] Level 1:colcon.colcon_core.package_identification:_identify(src) by extensions ['colcon_meta']
[0.357s] Level 1:colcon.colcon_core.package_identification:_identify(src) by extension 'colcon_meta'
[0.357s] Level 1:colcon.colcon_core.package_identification:_identify(src) by extensions ['ros']
[0.357s] Level 1:colcon.colcon_core.package_identification:_identify(src) by extension 'ros'
[0.357s] Level 1:colcon.colcon_core.package_identification:_identify(src) by extensions ['cmake', 'python']
[0.357s] Level 1:colcon.colcon_core.package_identification:_identify(src) by extension 'cmake'
[0.357s] Level 1:colcon.colcon_core.package_identification:_identify(src) by extension 'python'
[0.357s] Level 1:colcon.colcon_core.package_identification:_identify(src) by extensions ['python_setup_py']
[0.357s] Level 1:colcon.colcon_core.package_identification:_identify(src) by extension 'python_setup_py'
[0.358s] Level 1:colcon.colcon_core.package_identification:_identify(src/build) by extensions ['ignore', 'ignore_ament_install']
[0.358s] Level 1:colcon.colcon_core.package_identification:_identify(src/build) by extension 'ignore'
[0.358s] Level 1:colcon.colcon_core.package_identification:_identify(src/build) ignored
[0.358s] Level 1:colcon.colcon_core.package_identification:_identify(src/cinematic_control) by extensions ['ignore', 'ignore_ament_install']
[0.358s] Level 1:colcon.colcon_core.package_identification:_identify(src/cinematic_control) by extension 'ignore'
[0.358s] Level 1:colcon.colcon_core.package_identification:_identify(src/cinematic_control) by extension 'ignore_ament_install'
[0.358s] Level 1:colcon.colcon_core.package_identification:_identify(src/cinematic_control) by extensions ['colcon_pkg']
[0.358s] Level 1:colcon.colcon_core.package_identification:_identify(src/cinematic_control) by extension 'colcon_pkg'
[0.358s] Level 1:colcon.colcon_core.package_identification:_identify(src/cinematic_control) by extensions ['colcon_meta']
[0.358s] Level 1:colcon.colcon_core.package_identification:_identify(src/cinematic_control) by extension 'colcon_meta'
[0.358s] Level 1:colcon.colcon_core.package_identification:_identify(src/cinematic_control) by extensions ['ros']
[0.358s] Level 1:colcon.colcon_core.package_identification:_identify(src/cinematic_control) by extension 'ros'
[0.361s] DEBUG:colcon.colcon_core.package_identification:Package 'src/cinematic_control' with type 'ros.ament_python' and name 'cinematic_control'
[0.362s] Level 1:colcon.colcon_core.package_identification:_identify(src/install) by extensions ['ignore', 'ignore_ament_install']
[0.362s] Level 1:colcon.colcon_core.package_identification:_identify(src/install) by extension 'ignore'
[0.362s] Level 1:colcon.colcon_core.package_identification:_identify(src/install) ignored
[0.362s] Level 1:colcon.colcon_core.package_identification:_identify(src/log) by extensions ['ignore', 'ignore_ament_install']
[0.362s] Level 1:colcon.colcon_core.package_identification:_identify(src/log) by extension 'ignore'
[0.362s] Level 1:colcon.colcon_core.package_identification:_identify(src/log) ignored
[0.362s] Level 1:colcon.colcon_core.package_identification:_identify(src/quadruped_model) by extensions ['ignore', 'ignore_ament_install']
[0.362s] Level 1:colcon.colcon_core.package_identification:_identify(src/quadruped_model) by extension 'ignore'
[0.362s] Level 1:colcon.colcon_core.package_identification:_identify(src/quadruped_model) by extension 'ignore_ament_install'
[0.363s] Level 1:colcon.colcon_core.package_identification:_identify(src/quadruped_model) by extensions ['colcon_pkg']
[0.363s] Level 1:colcon.colcon_core.package_identification:_identify(src/quadruped_model) by extension 'colcon_pkg'
[0.363s] Level 1:colcon.colcon_core.package_identification:_identify(src/quadruped_model) by extensions ['colcon_meta']
[0.363s] Level 1:colcon.colcon_core.package_identification:_identify(src/quadruped_model) by extension 'colcon_meta'
[0.363s] Level 1:colcon.colcon_core.package_identification:_identify(src/quadruped_model) by extensions ['ros']
[0.363s] Level 1:colcon.colcon_core.package_identification:_identify(src/quadruped_model) by extension 'ros'
[0.363s] DEBUG:colcon.colcon_core.package_identification:Package 'src/quadruped_model' with type 'ros.ament_python' and name 'quadruped_model'
[0.364s] Level 1:colcon.colcon_core.package_discovery:discover_packages(recursive) using defaults
[0.364s] Level 1:colcon.colcon_core.package_discovery:discover_packages(ignore) discover
[0.364s] Level 1:colcon.colcon_core.package_discovery:discover_packages(ignore) using defaults
[0.364s] Level 1:colcon.colcon_core.package_discovery:discover_packages(path) discover
[0.364s] Level 1:colcon.colcon_core.package_discovery:discover_packages(path) using defaults
[0.388s] Level 1:colcon.colcon_core.package_discovery:discover_packages(prefix_path) check parameters
[0.388s] Level 1:colcon.colcon_core.package_discovery:discover_packages(prefix_path) discover
[0.397s] DEBUG:colcon.colcon_installed_package_information.package_discovery:Found 69 installed packages in /home/maranmen/ws_moveit/install
[0.399s] DEBUG:colcon.colcon_installed_package_information.package_discovery:Found 339 installed packages in /opt/ros/humble
[0.416s] Level 1:colcon.colcon_core.package_discovery:discover_packages(prefix_path) using defaults
[14.696s] Level 5:colcon.colcon_core.verb:set package 'quadruped_model' build argument 'cmake_args' from command line to 'None'
[14.696s] Level 5:colcon.colcon_core.verb:set package 'quadruped_model' build argument 'cmake_target' from command line to 'None'
[14.696s] Level 5:colcon.colcon_core.verb:set package 'quadruped_model' build argument 'cmake_target_skip_unavailable' from command line to 'False'
[14.696s] Level 5:colcon.colcon_core.verb:set package 'quadruped_model' build argument 'cmake_clean_cache' from command line to 'False'
[14.696s] Level 5:colcon.colcon_core.verb:set package 'quadruped_model' build argument 'cmake_clean_first' from command line to 'False'
[14.696s] Level 5:colcon.colcon_core.verb:set package 'quadruped_model' build argument 'cmake_force_configure' from command line to 'False'
[14.696s] Level 5:colcon.colcon_core.verb:set package 'quadruped_model' build argument 'ament_cmake_args' from command line to 'None'
[14.696s] Level 5:colcon.colcon_core.verb:set package 'quadruped_model' build argument 'catkin_cmake_args' from command line to 'None'
[14.696s] Level 5:colcon.colcon_core.verb:set package 'quadruped_model' build argument 'catkin_skip_building_tests' from command line to 'False'
[14.696s] DEBUG:colcon.colcon_core.verb:Building package 'quadruped_model' with the following arguments: {'ament_cmake_args': None, 'build_base': '/home/maranmen/quadruped_8DOF/build/quadruped_model', 'catkin_cmake_args': None, 'catkin_skip_building_tests': False, 'cmake_args': None, 'cmake_clean_cache': False, 'cmake_clean_first': False, 'cmake_force_configure': False, 'cmake_target': None, 'cmake_target_skip_unavailable': False, 'install_base': '/home/maranmen/quadruped_8DOF/install/quadruped_model', 'merge_install': False, 'path': '/home/maranmen/quadruped_8DOF/src/quadruped_model', 'symlink_install': False, 'test_result_base': None}
[14.697s] Level 5:colcon.colcon_core.verb:set package 'cinematic_control' build argument 'cmake_args' from command line to 'None'
[14.697s] Level 5:colcon.colcon_core.verb:set package 'cinematic_control' build argument 'cmake_target' from command line to 'None'
[14.697s] Level 5:colcon.colcon_core.verb:set package 'cinematic_control' build argument 'cmake_target_skip_unavailable' from command line to 'False'
[14.697s] Level 5:colcon.colcon_core.verb:set package 'cinematic_control' build argument 'cmake_clean_cache' from command line to 'False'
[14.697s] Level 5:colcon.colcon_core.verb:set package 'cinematic_control' build argument 'cmake_clean_first' from command line to 'False'
[14.697s] Level 5:colcon.colcon_core.verb:set package 'cinematic_control' build argument 'cmake_force_configure' from command line to 'False'
[14.697s] Level 5:colcon.colcon_core.verb:set package 'cinematic_control' build argument 'ament_cmake_args' from command line to 'None'
[14.697s] Level 5:colcon.colcon_core.verb:set package 'cinematic_control' build argument 'catkin_cmake_args' from command line to 'None'
[14.697s] Level 5:colcon.colcon_core.verb:set package 'cinematic_control' build argument 'catkin_skip_building_tests' from command line to 'False'
[14.697s] DEBUG:colcon.colcon_core.verb:Building package 'cinematic_control' with the following arguments: {'ament_cmake_args': None, 'build_base': '/home/maranmen/quadruped_8DOF/build/cinematic_control', 'catkin_cmake_args': None, 'catkin_skip_building_tests': False, 'cmake_args': None, 'cmake_clean_cache': False, 'cmake_clean_first': False, 'cmake_force_configure': False, 'cmake_target': None, 'cmake_target_skip_unavailable': False, 'install_base': '/home/maranmen/quadruped_8DOF/install/cinematic_control', 'merge_install': False, 'path': '/home/maranmen/quadruped_8DOF/src/cinematic_control', 'symlink_install': False, 'test_result_base': None}
[14.697s] INFO:colcon.colcon_core.executor:Executing jobs using 'parallel' executor
[14.699s] DEBUG:colcon.colcon_parallel_executor.executor.parallel:run_until_complete
[14.699s] INFO:colcon.colcon_ros.task.ament_python.build:Building ROS package in '/home/maranmen/quadruped_8DOF/src/quadruped_model' with build type 'ament_python'
[14.699s] Level 1:colcon.colcon_core.shell:create_environment_hook('quadruped_model', 'ament_prefix_path')
[16.466s] INFO:colcon.colcon_core.plugin_system:Skipping extension 'colcon_core.shell.bat': Not used on non-Windows systems
[16.466s] INFO:colcon.colcon_core.shell:Creating environment hook '/home/maranmen/quadruped_8DOF/install/quadruped_model/share/quadruped_model/hook/ament_prefix_path.ps1'
[16.758s] INFO:colcon.colcon_core.shell:Creating environment descriptor '/home/maranmen/quadruped_8DOF/install/quadruped_model/share/quadruped_model/hook/ament_prefix_path.dsv'
[17.028s] INFO:colcon.colcon_core.shell:Creating environment hook '/home/maranmen/quadruped_8DOF/install/quadruped_model/share/quadruped_model/hook/ament_prefix_path.sh'
[17.034s] INFO:colcon.colcon_core.shell:Skip shell extension 'powershell' for command environment: Not usable outside of PowerShell
[17.034s] DEBUG:colcon.colcon_core.shell:Skip shell extension 'dsv' for command environment
[18.969s] INFO:colcon.colcon_core.task.python.build:Building Python package in '/home/maranmen/quadruped_8DOF/src/quadruped_model'
[18.969s] INFO:colcon.colcon_core.shell:Skip shell extension 'powershell' for command environment: Not usable outside of PowerShell
[18.969s] DEBUG:colcon.colcon_core.shell:Skip shell extension 'dsv' for command environment
[38.987s] DEBUG:colcon.colcon_core.event_handler.log_command:Invoking command in '/home/maranmen/quadruped_8DOF/src/quadruped_model': PYTHONPATH=/home/maranmen/quadruped_8DOF/build/quadruped_model/prefix_override:/usr/lib/python3/dist-packages/colcon_core/task/python/colcon_distutils_commands:/home/maranmen/quadruped_8DOF/install/quadruped_model/lib/python3.10/site-packages:${PYTHONPATH} /usr/bin/python3 -W ignore:setup.py install is deprecated setup.py egg_info --egg-base ../../build/quadruped_model build --build-base /home/maranmen/quadruped_8DOF/build/quadruped_model/build install --record /home/maranmen/quadruped_8DOF/build/quadruped_model/install.log --single-version-externally-managed install_data
[40.195s] DEBUG:colcon.colcon_core.event_handler.log_command:Invoked command in '/home/maranmen/quadruped_8DOF/src/quadruped_model' returned '0': PYTHONPATH=/home/maranmen/quadruped_8DOF/build/quadruped_model/prefix_override:/usr/lib/python3/dist-packages/colcon_core/task/python/colcon_distutils_commands:/home/maranmen/quadruped_8DOF/install/quadruped_model/lib/python3.10/site-packages:${PYTHONPATH} /usr/bin/python3 -W ignore:setup.py install is deprecated setup.py egg_info --egg-base ../../build/quadruped_model build --build-base /home/maranmen/quadruped_8DOF/build/quadruped_model/build install --record /home/maranmen/quadruped_8DOF/build/quadruped_model/install.log --single-version-externally-managed install_data
[41.256s] Level 1:colcon.colcon_core.environment:checking '/home/maranmen/quadruped_8DOF/install/quadruped_model' for CMake module files
[41.256s] Level 1:colcon.colcon_core.environment:checking '/home/maranmen/quadruped_8DOF/install/quadruped_model' for CMake config files
[41.257s] Level 1:colcon.colcon_core.environment:checking '/home/maranmen/quadruped_8DOF/install/quadruped_model/lib'
[41.257s] Level 1:colcon.colcon_core.environment:checking '/home/maranmen/quadruped_8DOF/install/quadruped_model/bin'
[41.258s] Level 1:colcon.colcon_core.environment:checking '/home/maranmen/quadruped_8DOF/install/quadruped_model/lib/pkgconfig/quadruped_model.pc'
[41.258s] Level 1:colcon.colcon_core.environment:checking '/home/maranmen/quadruped_8DOF/install/quadruped_model/lib/python3.10/site-packages'
[41.258s] Level 1:colcon.colcon_core.shell:create_environment_hook('quadruped_model', 'pythonpath')
[41.258s] INFO:colcon.colcon_core.shell:Creating environment hook '/home/maranmen/quadruped_8DOF/install/quadruped_model/share/quadruped_model/hook/pythonpath.ps1'
[41.259s] INFO:colcon.colcon_core.shell:Creating environment descriptor '/home/maranmen/quadruped_8DOF/install/quadruped_model/share/quadruped_model/hook/pythonpath.dsv'
[41.259s] INFO:colcon.colcon_core.shell:Creating environment hook '/home/maranmen/quadruped_8DOF/install/quadruped_model/share/quadruped_model/hook/pythonpath.sh'
[41.260s] Level 1:colcon.colcon_core.environment:checking '/home/maranmen/quadruped_8DOF/install/quadruped_model/bin'
[41.260s] Level 1:colcon.colcon_core.environment:create_environment_scripts_only(quadruped_model)
[41.260s] INFO:colcon.colcon_core.shell:Creating package script '/home/maranmen/quadruped_8DOF/install/quadruped_model/share/quadruped_model/package.ps1'
[41.498s] INFO:colcon.colcon_core.shell:Creating package descriptor '/home/maranmen/quadruped_8DOF/install/quadruped_model/share/quadruped_model/package.dsv'
[41.548s] INFO:colcon.colcon_core.shell:Creating package script '/home/maranmen/quadruped_8DOF/install/quadruped_model/share/quadruped_model/package.sh'
[41.743s] INFO:colcon.colcon_core.shell:Creating package script '/home/maranmen/quadruped_8DOF/install/quadruped_model/share/quadruped_model/package.bash'
[41.815s] INFO:colcon.colcon_core.shell:Creating package script '/home/maranmen/quadruped_8DOF/install/quadruped_model/share/quadruped_model/package.zsh'
[42.286s] Level 1:colcon.colcon_core.environment:create_file_with_runtime_dependencies(/home/maranmen/quadruped_8DOF/install/quadruped_model/share/colcon-core/packages/quadruped_model)
[42.287s] INFO:colcon.colcon_ros.task.ament_python.build:Building ROS package in '/home/maranmen/quadruped_8DOF/src/cinematic_control' with build type 'ament_python'
[42.287s] Level 1:colcon.colcon_core.shell:create_environment_hook('cinematic_control', 'ament_prefix_path')
[42.288s] INFO:colcon.colcon_core.shell:Creating environment hook '/home/maranmen/quadruped_8DOF/install/cinematic_control/share/cinematic_control/hook/ament_prefix_path.ps1'
[42.345s] INFO:colcon.colcon_core.shell:Creating environment descriptor '/home/maranmen/quadruped_8DOF/install/cinematic_control/share/cinematic_control/hook/ament_prefix_path.dsv'
[42.347s] INFO:colcon.colcon_core.shell:Creating environment hook '/home/maranmen/quadruped_8DOF/install/cinematic_control/share/cinematic_control/hook/ament_prefix_path.sh'
[42.424s] INFO:colcon.colcon_core.shell:Skip shell extension 'powershell' for command environment: Not usable outside of PowerShell
[42.424s] DEBUG:colcon.colcon_core.shell:Skip shell extension 'dsv' for command environment
[44.991s] INFO:colcon.colcon_core.task.python.build:Building Python package in '/home/maranmen/quadruped_8DOF/src/cinematic_control'
[44.992s] INFO:colcon.colcon_core.shell:Skip shell extension 'powershell' for command environment: Not usable outside of PowerShell
[44.992s] DEBUG:colcon.colcon_core.shell:Skip shell extension 'dsv' for command environment
[49.304s] DEBUG:colcon.colcon_core.event_handler.log_command:Invoking command in '/home/maranmen/quadruped_8DOF/src/cinematic_control': AMENT_PREFIX_PATH=/home/maranmen/quadruped_8DOF/install/quadruped_model:${AMENT_PREFIX_PATH} PYTHONPATH=/home/maranmen/quadruped_8DOF/build/cinematic_control/prefix_override:/usr/lib/python3/dist-packages/colcon_core/task/python/colcon_distutils_commands:/home/maranmen/quadruped_8DOF/install/cinematic_control/lib/python3.10/site-packages:/home/maranmen/quadruped_8DOF/install/quadruped_model/lib/python3.10/site-packages:${PYTHONPATH} /usr/bin/python3 -W ignore:setup.py install is deprecated setup.py egg_info --egg-base ../../build/cinematic_control build --build-base /home/maranmen/quadruped_8DOF/build/cinematic_control/build install --record /home/maranmen/quadruped_8DOF/build/cinematic_control/install.log --single-version-externally-managed install_data
[51.397s] Level 1:colcon.colcon_core.environment:checking '/home/maranmen/quadruped_8DOF/install/cinematic_control' for CMake module files
[51.398s] Level 1:colcon.colcon_core.environment:checking '/home/maranmen/quadruped_8DOF/install/cinematic_control' for CMake config files
[51.398s] DEBUG:colcon.colcon_core.event_handler.log_command:Invoked command in '/home/maranmen/quadruped_8DOF/src/cinematic_control' returned '0': AMENT_PREFIX_PATH=/home/maranmen/quadruped_8DOF/install/quadruped_model:${AMENT_PREFIX_PATH} PYTHONPATH=/home/maranmen/quadruped_8DOF/build/cinematic_control/prefix_override:/usr/lib/python3/dist-packages/colcon_core/task/python/colcon_distutils_commands:/home/maranmen/quadruped_8DOF/install/cinematic_control/lib/python3.10/site-packages:/home/maranmen/quadruped_8DOF/install/quadruped_model/lib/python3.10/site-packages:${PYTHONPATH} /usr/bin/python3 -W ignore:setup.py install is deprecated setup.py egg_info --egg-base ../../build/cinematic_control build --build-base /home/maranmen/quadruped_8DOF/build/cinematic_control/build install --record /home/maranmen/quadruped_8DOF/build/cinematic_control/install.log --single-version-externally-managed install_data
[51.399s] Level 1:colcon.colcon_core.environment:checking '/home/maranmen/quadruped_8DOF/install/cinematic_control/lib'
[51.399s] Level 1:colcon.colcon_core.environment:checking '/home/maranmen/quadruped_8DOF/install/cinematic_control/bin'
[51.399s] Level 1:colcon.colcon_core.environment:checking '/home/maranmen/quadruped_8DOF/install/cinematic_control/lib/pkgconfig/cinematic_control.pc'
[51.400s] Level 1:colcon.colcon_core.environment:checking '/home/maranmen/quadruped_8DOF/install/cinematic_control/lib/python3.10/site-packages'
[51.400s] Level 1:colcon.colcon_core.shell:create_environment_hook('cinematic_control', 'pythonpath')
[51.400s] INFO:colcon.colcon_core.shell:Creating environment hook '/home/maranmen/quadruped_8DOF/install/cinematic_control/share/cinematic_control/hook/pythonpath.ps1'
[51.510s] INFO:colcon.colcon_core.shell:Creating environment descriptor '/home/maranmen/quadruped_8DOF/install/cinematic_control/share/cinematic_control/hook/pythonpath.dsv'
[51.511s] INFO:colcon.colcon_core.shell:Creating environment hook '/home/maranmen/quadruped_8DOF/install/cinematic_control/share/cinematic_control/hook/pythonpath.sh'
[51.511s] Level 1:colcon.colcon_core.environment:checking '/home/maranmen/quadruped_8DOF/install/cinematic_control/bin'
[51.511s] Level 1:colcon.colcon_core.environment:create_environment_scripts_only(cinematic_control)
[51.512s] INFO:colcon.colcon_core.shell:Creating package script '/home/maranmen/quadruped_8DOF/install/cinematic_control/share/cinematic_control/package.ps1'
[51.512s] INFO:colcon.colcon_core.shell:Creating package descriptor '/home/maranmen/quadruped_8DOF/install/cinematic_control/share/cinematic_control/package.dsv'
[51.513s] INFO:colcon.colcon_core.shell:Creating package script '/home/maranmen/quadruped_8DOF/install/cinematic_control/share/cinematic_control/package.sh'
[51.514s] INFO:colcon.colcon_core.shell:Creating package script '/home/maranmen/quadruped_8DOF/install/cinematic_control/share/cinematic_control/package.bash'
[51.514s] INFO:colcon.colcon_core.shell:Creating package script '/home/maranmen/quadruped_8DOF/install/cinematic_control/share/cinematic_control/package.zsh'
[51.515s] Level 1:colcon.colcon_core.environment:create_file_with_runtime_dependencies(/home/maranmen/quadruped_8DOF/install/cinematic_control/share/colcon-core/packages/cinematic_control)
[51.515s] DEBUG:colcon.colcon_parallel_executor.executor.parallel:closing loop
[51.516s] DEBUG:colcon.colcon_parallel_executor.executor.parallel:loop closed
[51.517s] DEBUG:colcon.colcon_parallel_executor.executor.parallel:run_until_complete finished with '0'
[51.517s] DEBUG:colcon.colcon_core.event_reactor:joining thread
[52.601s] INFO:colcon.colcon_core.plugin_system:Skipping extension 'colcon_notification.desktop_notification.terminal_notifier': Not used on non-Darwin systems
[52.601s] INFO:colcon.colcon_core.plugin_system:Skipping extension 'colcon_notification.desktop_notification.win32': Not used on non-Windows systems
[52.601s] INFO:colcon.colcon_notification.desktop_notification:Sending desktop notification using 'notify2'
[52.615s] DEBUG:colcon.colcon_core.event_reactor:joined thread
[52.615s] INFO:colcon.colcon_core.shell:Creating prefix script '/home/maranmen/quadruped_8DOF/install/local_setup.ps1'
[52.845s] INFO:colcon.colcon_core.shell:Creating prefix util module '/home/maranmen/quadruped_8DOF/install/_local_setup_util_ps1.py'
[52.918s] INFO:colcon.colcon_core.shell:Creating prefix chain script '/home/maranmen/quadruped_8DOF/install/setup.ps1'
[52.924s] INFO:colcon.colcon_core.shell:Creating prefix script '/home/maranmen/quadruped_8DOF/install/local_setup.sh'
[53.324s] INFO:colcon.colcon_core.shell:Creating prefix util module '/home/maranmen/quadruped_8DOF/install/_local_setup_util_sh.py'
[53.325s] INFO:colcon.colcon_core.shell:Creating prefix chain script '/home/maranmen/quadruped_8DOF/install/setup.sh'
[53.334s] INFO:colcon.colcon_core.shell:Creating prefix script '/home/maranmen/quadruped_8DOF/install/local_setup.bash'
[53.374s] INFO:colcon.colcon_core.shell:Creating prefix chain script '/home/maranmen/quadruped_8DOF/install/setup.bash'
[53.383s] INFO:colcon.colcon_core.shell:Creating prefix script '/home/maranmen/quadruped_8DOF/install/local_setup.zsh'
[53.662s] INFO:colcon.colcon_core.shell:Creating prefix chain script '/home/maranmen/quadruped_8DOF/install/setup.zsh'
