[2.944s] Invoking command in '/home/julio/Desktop/proyecto_tesis/quadruped_8DOF/build/quadruped_vrep': CMAKE_PREFIX_PATH=${CMAKE_PREFIX_PATH}:/home/julio/Desktop/proyecto_tesis/quadruped_8DOF/install/cinematic_control:/home/julio/Desktop/proyecto_tesis/quadruped_8DOF/install/quadruped_model:/opt/ros/humble /usr/bin/cmake --build /home/julio/Desktop/proyecto_tesis/quadruped_8DOF/build/quadruped_vrep -- -j2 -l2
[4.295s] [100%] Built target communication
[4.510s] Invoked command in '/home/julio/Desktop/proyecto_tesis/quadruped_8DOF/build/quadruped_vrep' returned '0': CMAKE_PREFIX_PATH=${CMAKE_PREFIX_PATH}:/home/julio/Desktop/proyecto_tesis/quadruped_8DOF/install/cinematic_control:/home/julio/Desktop/proyecto_tesis/quadruped_8DOF/install/quadruped_model:/opt/ros/humble /usr/bin/cmake --build /home/julio/Desktop/proyecto_tesis/quadruped_8DOF/build/quadruped_vrep -- -j2 -l2
[5.759s] Invoking command in '/home/julio/Desktop/proyecto_tesis/quadruped_8DOF/build/quadruped_vrep': CMAKE_PREFIX_PATH=${CMAKE_PREFIX_PATH}:/home/julio/Desktop/proyecto_tesis/quadruped_8DOF/install/cinematic_control:/home/julio/Desktop/proyecto_tesis/quadruped_8DOF/install/quadruped_model:/opt/ros/humble /usr/bin/cmake --install /home/julio/Desktop/proyecto_tesis/quadruped_8DOF/build/quadruped_vrep
[5.861s] -- Install configuration: ""
[5.877s] -- Up-to-date: /home/julio/Desktop/proyecto_tesis/quadruped_8DOF/install/quadruped_vrep/lib/quadruped_vrep/communication
[5.883s] -- Up-to-date: /home/julio/Desktop/proyecto_tesis/quadruped_8DOF/install/quadruped_vrep/share/ament_index/resource_index/package_run_dependencies/quadruped_vrep
[5.906s] -- Up-to-date: /home/julio/Desktop/proyecto_tesis/quadruped_8DOF/install/quadruped_vrep/share/ament_index/resource_index/parent_prefix_path/quadruped_vrep
[5.906s] -- Up-to-date: /home/julio/Desktop/proyecto_tesis/quadruped_8DOF/install/quadruped_vrep/share/quadruped_vrep/environment/ament_prefix_path.sh
[5.914s] -- Up-to-date: /home/julio/Desktop/proyecto_tesis/quadruped_8DOF/install/quadruped_vrep/share/quadruped_vrep/environment/ament_prefix_path.dsv
[5.915s] -- Up-to-date: /home/julio/Desktop/proyecto_tesis/quadruped_8DOF/install/quadruped_vrep/share/quadruped_vrep/environment/path.sh
[5.915s] -- Up-to-date: /home/julio/Desktop/proyecto_tesis/quadruped_8DOF/install/quadruped_vrep/share/quadruped_vrep/environment/path.dsv
[5.930s] -- Up-to-date: /home/julio/Desktop/proyecto_tesis/quadruped_8DOF/install/quadruped_vrep/share/quadruped_vrep/local_setup.bash
[5.930s] -- Up-to-date: /home/julio/Desktop/proyecto_tesis/quadruped_8DOF/install/quadruped_vrep/share/quadruped_vrep/local_setup.sh
[5.931s] -- Up-to-date: /home/julio/Desktop/proyecto_tesis/quadruped_8DOF/install/quadruped_vrep/share/quadruped_vrep/local_setup.zsh
[5.943s] -- Up-to-date: /home/julio/Desktop/proyecto_tesis/quadruped_8DOF/install/quadruped_vrep/share/quadruped_vrep/local_setup.dsv
[5.943s] -- Installing: /home/julio/Desktop/proyecto_tesis/quadruped_8DOF/install/quadruped_vrep/share/quadruped_vrep/package.dsv
[5.949s] -- Up-to-date: /home/julio/Desktop/proyecto_tesis/quadruped_8DOF/install/quadruped_vrep/share/ament_index/resource_index/packages/quadruped_vrep
[5.949s] -- Up-to-date: /home/julio/Desktop/proyecto_tesis/quadruped_8DOF/install/quadruped_vrep/share/quadruped_vrep/cmake/quadruped_vrepConfig.cmake
[5.955s] -- Up-to-date: /home/julio/Desktop/proyecto_tesis/quadruped_8DOF/install/quadruped_vrep/share/quadruped_vrep/cmake/quadruped_vrepConfig-version.cmake
[5.955s] -- Up-to-date: /home/julio/Desktop/proyecto_tesis/quadruped_8DOF/install/quadruped_vrep/share/quadruped_vrep/package.xml
[5.982s] Invoked command in '/home/julio/Desktop/proyecto_tesis/quadruped_8DOF/build/quadruped_vrep' returned '0': CMAKE_PREFIX_PATH=${CMAKE_PREFIX_PATH}:/home/julio/Desktop/proyecto_tesis/quadruped_8DOF/install/cinematic_control:/home/julio/Desktop/proyecto_tesis/quadruped_8DOF/install/quadruped_model:/opt/ros/humble /usr/bin/cmake --install /home/julio/Desktop/proyecto_tesis/quadruped_8DOF/build/quadruped_vrep
