running egg_info
creating ../../build/quadruped_model/quadruped_model.egg-info
writing ../../build/quadruped_model/quadruped_model.egg-info/PKG-INFO
writing dependency_links to ../../build/quadruped_model/quadruped_model.egg-info/dependency_links.txt
writing entry points to ../../build/quadruped_model/quadruped_model.egg-info/entry_points.txt
writing requirements to ../../build/quadruped_model/quadruped_model.egg-info/requires.txt
writing top-level names to ../../build/quadruped_model/quadruped_model.egg-info/top_level.txt
writing manifest file '../../build/quadruped_model/quadruped_model.egg-info/SOURCES.txt'
reading manifest file '../../build/quadruped_model/quadruped_model.egg-info/SOURCES.txt'
writing manifest file '../../build/quadruped_model/quadruped_model.egg-info/SOURCES.txt'
running build
running build_py
creating /home/julio/Desktop/proyecto_tesis/quadruped_8DOF/build/quadruped_model/build
creating /home/julio/Desktop/proyecto_tesis/quadruped_8DOF/build/quadruped_model/build/lib
creating /home/julio/Desktop/proyecto_tesis/quadruped_8DOF/build/quadruped_model/build/lib/quadruped_model
copying quadruped_model/__init__.py -> /home/julio/Desktop/proyecto_tesis/quadruped_8DOF/build/quadruped_model/build/lib/quadruped_model
copying quadruped_model/continuous_lift.py -> /home/julio/Desktop/proyecto_tesis/quadruped_8DOF/build/quadruped_model/build/lib/quadruped_model
copying quadruped_model/move_robot.py -> /home/julio/Desktop/proyecto_tesis/quadruped_8DOF/build/quadruped_model/build/lib/quadruped_model
copying quadruped_model/continuous_lifter.py -> /home/julio/Desktop/proyecto_tesis/quadruped_8DOF/build/quadruped_model/build/lib/quadruped_model
creating /home/julio/Desktop/proyecto_tesis/quadruped_8DOF/build/quadruped_model/build/lib/script
copying script/__init__.py -> /home/julio/Desktop/proyecto_tesis/quadruped_8DOF/build/quadruped_model/build/lib/script
copying script/quadruped_math.py -> /home/julio/Desktop/proyecto_tesis/quadruped_8DOF/build/quadruped_model/build/lib/script
running install
running install_lib
creating /home/julio/Desktop/proyecto_tesis/quadruped_8DOF/install/quadruped_model/lib/python3.10/site-packages/quadruped_model
copying /home/julio/Desktop/proyecto_tesis/quadruped_8DOF/build/quadruped_model/build/lib/quadruped_model/__init__.py -> /home/julio/Desktop/proyecto_tesis/quadruped_8DOF/install/quadruped_model/lib/python3.10/site-packages/quadruped_model
copying /home/julio/Desktop/proyecto_tesis/quadruped_8DOF/build/quadruped_model/build/lib/quadruped_model/continuous_lift.py -> /home/julio/Desktop/proyecto_tesis/quadruped_8DOF/install/quadruped_model/lib/python3.10/site-packages/quadruped_model
copying /home/julio/Desktop/proyecto_tesis/quadruped_8DOF/build/quadruped_model/build/lib/quadruped_model/move_robot.py -> /home/julio/Desktop/proyecto_tesis/quadruped_8DOF/install/quadruped_model/lib/python3.10/site-packages/quadruped_model
copying /home/julio/Desktop/proyecto_tesis/quadruped_8DOF/build/quadruped_model/build/lib/quadruped_model/continuous_lifter.py -> /home/julio/Desktop/proyecto_tesis/quadruped_8DOF/install/quadruped_model/lib/python3.10/site-packages/quadruped_model
creating /home/julio/Desktop/proyecto_tesis/quadruped_8DOF/install/quadruped_model/lib/python3.10/site-packages/script
copying /home/julio/Desktop/proyecto_tesis/quadruped_8DOF/build/quadruped_model/build/lib/script/__init__.py -> /home/julio/Desktop/proyecto_tesis/quadruped_8DOF/install/quadruped_model/lib/python3.10/site-packages/script
copying /home/julio/Desktop/proyecto_tesis/quadruped_8DOF/build/quadruped_model/build/lib/script/quadruped_math.py -> /home/julio/Desktop/proyecto_tesis/quadruped_8DOF/install/quadruped_model/lib/python3.10/site-packages/script
byte-compiling /home/julio/Desktop/proyecto_tesis/quadruped_8DOF/install/quadruped_model/lib/python3.10/site-packages/quadruped_model/__init__.py to __init__.cpython-310.pyc
byte-compiling /home/julio/Desktop/proyecto_tesis/quadruped_8DOF/install/quadruped_model/lib/python3.10/site-packages/quadruped_model/continuous_lift.py to continuous_lift.cpython-310.pyc
byte-compiling /home/julio/Desktop/proyecto_tesis/quadruped_8DOF/install/quadruped_model/lib/python3.10/site-packages/quadruped_model/move_robot.py to move_robot.cpython-310.pyc
byte-compiling /home/julio/Desktop/proyecto_tesis/quadruped_8DOF/install/quadruped_model/lib/python3.10/site-packages/quadruped_model/continuous_lifter.py to continuous_lifter.cpython-310.pyc
byte-compiling /home/julio/Desktop/proyecto_tesis/quadruped_8DOF/install/quadruped_model/lib/python3.10/site-packages/script/__init__.py to __init__.cpython-310.pyc
byte-compiling /home/julio/Desktop/proyecto_tesis/quadruped_8DOF/install/quadruped_model/lib/python3.10/site-packages/script/quadruped_math.py to quadruped_math.cpython-310.pyc
running install_data
creating /home/julio/Desktop/proyecto_tesis/quadruped_8DOF/install/quadruped_model/share/ament_index
creating /home/julio/Desktop/proyecto_tesis/quadruped_8DOF/install/quadruped_model/share/ament_index/resource_index
creating /home/julio/Desktop/proyecto_tesis/quadruped_8DOF/install/quadruped_model/share/ament_index/resource_index/packages
copying resource/quadruped_model -> /home/julio/Desktop/proyecto_tesis/quadruped_8DOF/install/quadruped_model/share/ament_index/resource_index/packages
copying package.xml -> /home/julio/Desktop/proyecto_tesis/quadruped_8DOF/install/quadruped_model/share/quadruped_model
creating /home/julio/Desktop/proyecto_tesis/quadruped_8DOF/install/quadruped_model/share/quadruped_model/urdf
copying urdf/quadruped_SimpleModel.urdf -> /home/julio/Desktop/proyecto_tesis/quadruped_8DOF/install/quadruped_model/share/quadruped_model/urdf
creating /home/julio/Desktop/proyecto_tesis/quadruped_8DOF/install/quadruped_model/share/quadruped_model/launch
copying launch/display.launch.py -> /home/julio/Desktop/proyecto_tesis/quadruped_8DOF/install/quadruped_model/share/quadruped_model/launch
copying launch/lift_robot_launch.py -> /home/julio/Desktop/proyecto_tesis/quadruped_8DOF/install/quadruped_model/share/quadruped_model/launch
copying launch/rviz.launch.py -> /home/julio/Desktop/proyecto_tesis/quadruped_8DOF/install/quadruped_model/share/quadruped_model/launch
copying launch/gazebo.launch.py -> /home/julio/Desktop/proyecto_tesis/quadruped_8DOF/install/quadruped_model/share/quadruped_model/launch
creating /home/julio/Desktop/proyecto_tesis/quadruped_8DOF/install/quadruped_model/share/quadruped_model/meshes
copying meshes/foot_FR_link.STL -> /home/julio/Desktop/proyecto_tesis/quadruped_8DOF/install/quadruped_model/share/quadruped_model/meshes
copying meshes/leg_FL_link.STL -> /home/julio/Desktop/proyecto_tesis/quadruped_8DOF/install/quadruped_model/share/quadruped_model/meshes
copying meshes/leg_BR_link.STL -> /home/julio/Desktop/proyecto_tesis/quadruped_8DOF/install/quadruped_model/share/quadruped_model/meshes
copying meshes/foot_BL_link.STL -> /home/julio/Desktop/proyecto_tesis/quadruped_8DOF/install/quadruped_model/share/quadruped_model/meshes
copying meshes/base_link.STL -> /home/julio/Desktop/proyecto_tesis/quadruped_8DOF/install/quadruped_model/share/quadruped_model/meshes
copying meshes/foot_BR_link.STL -> /home/julio/Desktop/proyecto_tesis/quadruped_8DOF/install/quadruped_model/share/quadruped_model/meshes
copying meshes/leg_BL_link.STL -> /home/julio/Desktop/proyecto_tesis/quadruped_8DOF/install/quadruped_model/share/quadruped_model/meshes
copying meshes/foot_FL_link.STL -> /home/julio/Desktop/proyecto_tesis/quadruped_8DOF/install/quadruped_model/share/quadruped_model/meshes
copying meshes/leg_FR_link.STL -> /home/julio/Desktop/proyecto_tesis/quadruped_8DOF/install/quadruped_model/share/quadruped_model/meshes
creating /home/julio/Desktop/proyecto_tesis/quadruped_8DOF/install/quadruped_model/share/quadruped_model/worlds
running install_egg_info
Copying ../../build/quadruped_model/quadruped_model.egg-info to /home/julio/Desktop/proyecto_tesis/quadruped_8DOF/install/quadruped_model/lib/python3.10/site-packages/quadruped_model-0.0.0-py3.10.egg-info
running install_scripts
Installing continuous_lifter script to /home/julio/Desktop/proyecto_tesis/quadruped_8DOF/install/quadruped_model/lib/quadruped_model
Installing move_robot script to /home/julio/Desktop/proyecto_tesis/quadruped_8DOF/install/quadruped_model/lib/quadruped_model
writing list of installed files to '/home/julio/Desktop/proyecto_tesis/quadruped_8DOF/build/quadruped_model/install.log'
