[0.912s] DEBUG:colcon:Command line arguments: ['/usr/bin/colcon', 'build']
[0.912s] DEBUG:colcon:Parsed command line arguments: Namespace(log_base=None, log_level=None, verb_name='build', build_base='build', install_base='install', merge_install=False, symlink_install=False, test_result_base=None, continue_on_error=False, executor='parallel', parallel_workers=4, event_handlers=None, ignore_user_meta=False, metas=['./colcon.meta'], base_paths=['.'], packages_ignore=None, packages_ignore_regex=None, paths=None, packages_up_to=None, packages_up_to_regex=None, packages_above=None, packages_above_and_dependencies=None, packages_above_depth=None, packages_select_by_dep=None, packages_skip_by_dep=None, packages_skip_up_to=None, packages_select_build_failed=False, packages_skip_build_finished=False, packages_select_test_failures=False, packages_skip_test_passed=False, packages_select=None, packages_skip=None, packages_select_regex=None, packages_skip_regex=None, packages_start=None, packages_end=None, allow_overriding=[], cmake_args=None, cmake_target=None, cmake_target_skip_unavailable=False, cmake_clean_cache=False, cmake_clean_first=False, cmake_force_configure=False, ament_cmake_args=None, catkin_cmake_args=None, catkin_skip_building_tests=False, mixin_files=None, mixin=None, verb_parser=<colcon_mixin.mixin.mixin_argument.MixinArgumentDecorator object at 0x77488ae4a770>, verb_extension=<colcon_core.verb.build.BuildVerb object at 0x77488ae4a200>, main=<bound method BuildVerb.main of <colcon_core.verb.build.BuildVerb object at 0x77488ae4a200>>, mixin_verb=('build',))
[6.001s] Level 1:colcon.colcon_core.package_discovery:discover_packages(colcon_meta) check parameters
[6.002s] Level 1:colcon.colcon_core.package_discovery:discover_packages(recursive) check parameters
[6.002s] Level 1:colcon.colcon_core.package_discovery:discover_packages(ignore) check parameters
[6.002s] Level 1:colcon.colcon_core.package_discovery:discover_packages(path) check parameters
[6.002s] Level 1:colcon.colcon_core.package_discovery:discover_packages(colcon_meta) discover
[6.002s] Level 1:colcon.colcon_core.package_discovery:discover_packages(recursive) discover
[6.002s] INFO:colcon.colcon_core.package_discovery:Crawling recursively for packages in '/home/maranmen/quadruped_8DOF'
[6.002s] Level 1:colcon.colcon_core.package_identification:_identify(.) by extensions ['ignore', 'ignore_ament_install']
[6.002s] Level 1:colcon.colcon_core.package_identification:_identify(.) by extension 'ignore'
[6.002s] Level 1:colcon.colcon_core.package_identification:_identify(.) by extension 'ignore_ament_install'
[6.002s] Level 1:colcon.colcon_core.package_identification:_identify(.) by extensions ['colcon_pkg']
[6.002s] Level 1:colcon.colcon_core.package_identification:_identify(.) by extension 'colcon_pkg'
[6.002s] Level 1:colcon.colcon_core.package_identification:_identify(.) by extensions ['colcon_meta']
[6.002s] Level 1:colcon.colcon_core.package_identification:_identify(.) by extension 'colcon_meta'
[6.002s] Level 1:colcon.colcon_core.package_identification:_identify(.) by extensions ['ros']
[6.002s] Level 1:colcon.colcon_core.package_identification:_identify(.) by extension 'ros'
[6.029s] Level 1:colcon.colcon_core.package_identification:_identify(.) by extensions ['cmake', 'python']
[6.029s] Level 1:colcon.colcon_core.package_identification:_identify(.) by extension 'cmake'
[6.029s] Level 1:colcon.colcon_core.package_identification:_identify(.) by extension 'python'
[6.029s] Level 1:colcon.colcon_core.package_identification:_identify(.) by extensions ['python_setup_py']
[6.029s] Level 1:colcon.colcon_core.package_identification:_identify(.) by extension 'python_setup_py'
[6.029s] Level 1:colcon.colcon_core.package_identification:_identify(build) by extensions ['ignore', 'ignore_ament_install']
[6.029s] Level 1:colcon.colcon_core.package_identification:_identify(build) by extension 'ignore'
[6.029s] Level 1:colcon.colcon_core.package_identification:_identify(build) ignored
[6.029s] Level 1:colcon.colcon_core.package_identification:_identify(install) by extensions ['ignore', 'ignore_ament_install']
[6.030s] Level 1:colcon.colcon_core.package_identification:_identify(install) by extension 'ignore'
[6.030s] Level 1:colcon.colcon_core.package_identification:_identify(install) ignored
[6.030s] Level 1:colcon.colcon_core.package_identification:_identify(log) by extensions ['ignore', 'ignore_ament_install']
[6.030s] Level 1:colcon.colcon_core.package_identification:_identify(log) by extension 'ignore'
[6.030s] Level 1:colcon.colcon_core.package_identification:_identify(log) ignored
[6.030s] Level 1:colcon.colcon_core.package_identification:_identify(src) by extensions ['ignore', 'ignore_ament_install']
[6.030s] Level 1:colcon.colcon_core.package_identification:_identify(src) by extension 'ignore'
[6.030s] Level 1:colcon.colcon_core.package_identification:_identify(src) by extension 'ignore_ament_install'
[6.030s] Level 1:colcon.colcon_core.package_identification:_identify(src) by extensions ['colcon_pkg']
[6.030s] Level 1:colcon.colcon_core.package_identification:_identify(src) by extension 'colcon_pkg'
[6.030s] Level 1:colcon.colcon_core.package_identification:_identify(src) by extensions ['colcon_meta']
[6.030s] Level 1:colcon.colcon_core.package_identification:_identify(src) by extension 'colcon_meta'
[6.030s] Level 1:colcon.colcon_core.package_identification:_identify(src) by extensions ['ros']
[6.030s] Level 1:colcon.colcon_core.package_identification:_identify(src) by extension 'ros'
[6.030s] Level 1:colcon.colcon_core.package_identification:_identify(src) by extensions ['cmake', 'python']
[6.030s] Level 1:colcon.colcon_core.package_identification:_identify(src) by extension 'cmake'
[6.031s] Level 1:colcon.colcon_core.package_identification:_identify(src) by extension 'python'
[6.031s] Level 1:colcon.colcon_core.package_identification:_identify(src) by extensions ['python_setup_py']
[6.031s] Level 1:colcon.colcon_core.package_identification:_identify(src) by extension 'python_setup_py'
[6.031s] Level 1:colcon.colcon_core.package_identification:_identify(src/cinematic_control) by extensions ['ignore', 'ignore_ament_install']
[6.031s] Level 1:colcon.colcon_core.package_identification:_identify(src/cinematic_control) by extension 'ignore'
[6.031s] Level 1:colcon.colcon_core.package_identification:_identify(src/cinematic_control) by extension 'ignore_ament_install'
[6.031s] Level 1:colcon.colcon_core.package_identification:_identify(src/cinematic_control) by extensions ['colcon_pkg']
[6.031s] Level 1:colcon.colcon_core.package_identification:_identify(src/cinematic_control) by extension 'colcon_pkg'
[6.031s] Level 1:colcon.colcon_core.package_identification:_identify(src/cinematic_control) by extensions ['colcon_meta']
[6.031s] Level 1:colcon.colcon_core.package_identification:_identify(src/cinematic_control) by extension 'colcon_meta'
[6.031s] Level 1:colcon.colcon_core.package_identification:_identify(src/cinematic_control) by extensions ['ros']
[6.031s] Level 1:colcon.colcon_core.package_identification:_identify(src/cinematic_control) by extension 'ros'
[6.077s] DEBUG:colcon.colcon_core.package_identification:Package 'src/cinematic_control' with type 'ros.ament_python' and name 'cinematic_control'
[6.077s] Level 1:colcon.colcon_core.package_identification:_identify(src/quadruped_model) by extensions ['ignore', 'ignore_ament_install']
[6.077s] Level 1:colcon.colcon_core.package_identification:_identify(src/quadruped_model) by extension 'ignore'
[6.077s] Level 1:colcon.colcon_core.package_identification:_identify(src/quadruped_model) by extension 'ignore_ament_install'
[6.077s] Level 1:colcon.colcon_core.package_identification:_identify(src/quadruped_model) by extensions ['colcon_pkg']
[6.077s] Level 1:colcon.colcon_core.package_identification:_identify(src/quadruped_model) by extension 'colcon_pkg'
[6.077s] Level 1:colcon.colcon_core.package_identification:_identify(src/quadruped_model) by extensions ['colcon_meta']
[6.077s] Level 1:colcon.colcon_core.package_identification:_identify(src/quadruped_model) by extension 'colcon_meta'
[6.077s] Level 1:colcon.colcon_core.package_identification:_identify(src/quadruped_model) by extensions ['ros']
[6.078s] Level 1:colcon.colcon_core.package_identification:_identify(src/quadruped_model) by extension 'ros'
[6.079s] DEBUG:colcon.colcon_core.package_identification:Package 'src/quadruped_model' with type 'ros.ament_python' and name 'quadruped_model'
[6.079s] Level 1:colcon.colcon_core.package_identification:_identify(src/quadruped_model_msg) by extensions ['ignore', 'ignore_ament_install']
[6.079s] Level 1:colcon.colcon_core.package_identification:_identify(src/quadruped_model_msg) by extension 'ignore'
[6.080s] Level 1:colcon.colcon_core.package_identification:_identify(src/quadruped_model_msg) by extension 'ignore_ament_install'
[6.080s] Level 1:colcon.colcon_core.package_identification:_identify(src/quadruped_model_msg) by extensions ['colcon_pkg']
[6.080s] Level 1:colcon.colcon_core.package_identification:_identify(src/quadruped_model_msg) by extension 'colcon_pkg'
[6.080s] Level 1:colcon.colcon_core.package_identification:_identify(src/quadruped_model_msg) by extensions ['colcon_meta']
[6.080s] Level 1:colcon.colcon_core.package_identification:_identify(src/quadruped_model_msg) by extension 'colcon_meta'
[6.080s] Level 1:colcon.colcon_core.package_identification:_identify(src/quadruped_model_msg) by extensions ['ros']
[6.080s] Level 1:colcon.colcon_core.package_identification:_identify(src/quadruped_model_msg) by extension 'ros'
[6.081s] DEBUG:colcon.colcon_core.package_identification:Package 'src/quadruped_model_msg' with type 'ros.ament_cmake' and name 'quadruped_model_msg'
[6.081s] Level 1:colcon.colcon_core.package_discovery:discover_packages(recursive) using defaults
[6.081s] Level 1:colcon.colcon_core.package_discovery:discover_packages(ignore) discover
[6.081s] Level 1:colcon.colcon_core.package_discovery:discover_packages(ignore) using defaults
[6.081s] Level 1:colcon.colcon_core.package_discovery:discover_packages(path) discover
[6.081s] Level 1:colcon.colcon_core.package_discovery:discover_packages(path) using defaults
[6.506s] Level 1:colcon.colcon_core.package_discovery:discover_packages(prefix_path) check parameters
[6.506s] Level 1:colcon.colcon_core.package_discovery:discover_packages(prefix_path) discover
[6.587s] DEBUG:colcon.colcon_installed_package_information.package_discovery:Found 69 installed packages in /home/maranmen/ws_moveit/install
[6.590s] DEBUG:colcon.colcon_installed_package_information.package_discovery:Found 339 installed packages in /opt/ros/humble
[6.600s] Level 1:colcon.colcon_core.package_discovery:discover_packages(prefix_path) using defaults
[8.324s] Level 5:colcon.colcon_core.verb:set package 'quadruped_model' build argument 'cmake_args' from command line to 'None'
[8.324s] Level 5:colcon.colcon_core.verb:set package 'quadruped_model' build argument 'cmake_target' from command line to 'None'
[8.324s] Level 5:colcon.colcon_core.verb:set package 'quadruped_model' build argument 'cmake_target_skip_unavailable' from command line to 'False'
[8.324s] Level 5:colcon.colcon_core.verb:set package 'quadruped_model' build argument 'cmake_clean_cache' from command line to 'False'
[8.324s] Level 5:colcon.colcon_core.verb:set package 'quadruped_model' build argument 'cmake_clean_first' from command line to 'False'
[8.324s] Level 5:colcon.colcon_core.verb:set package 'quadruped_model' build argument 'cmake_force_configure' from command line to 'False'
[8.324s] Level 5:colcon.colcon_core.verb:set package 'quadruped_model' build argument 'ament_cmake_args' from command line to 'None'
[8.324s] Level 5:colcon.colcon_core.verb:set package 'quadruped_model' build argument 'catkin_cmake_args' from command line to 'None'
[8.324s] Level 5:colcon.colcon_core.verb:set package 'quadruped_model' build argument 'catkin_skip_building_tests' from command line to 'False'
[8.324s] DEBUG:colcon.colcon_core.verb:Building package 'quadruped_model' with the following arguments: {'ament_cmake_args': None, 'build_base': '/home/maranmen/quadruped_8DOF/build/quadruped_model', 'catkin_cmake_args': None, 'catkin_skip_building_tests': False, 'cmake_args': None, 'cmake_clean_cache': False, 'cmake_clean_first': False, 'cmake_force_configure': False, 'cmake_target': None, 'cmake_target_skip_unavailable': False, 'install_base': '/home/maranmen/quadruped_8DOF/install/quadruped_model', 'merge_install': False, 'path': '/home/maranmen/quadruped_8DOF/src/quadruped_model', 'symlink_install': False, 'test_result_base': None}
[8.324s] Level 5:colcon.colcon_core.verb:set package 'quadruped_model_msg' build argument 'cmake_args' from command line to 'None'
[8.324s] Level 5:colcon.colcon_core.verb:set package 'quadruped_model_msg' build argument 'cmake_target' from command line to 'None'
[8.324s] Level 5:colcon.colcon_core.verb:set package 'quadruped_model_msg' build argument 'cmake_target_skip_unavailable' from command line to 'False'
[8.324s] Level 5:colcon.colcon_core.verb:set package 'quadruped_model_msg' build argument 'cmake_clean_cache' from command line to 'False'
[8.324s] Level 5:colcon.colcon_core.verb:set package 'quadruped_model_msg' build argument 'cmake_clean_first' from command line to 'False'
[8.324s] Level 5:colcon.colcon_core.verb:set package 'quadruped_model_msg' build argument 'cmake_force_configure' from command line to 'False'
[8.324s] Level 5:colcon.colcon_core.verb:set package 'quadruped_model_msg' build argument 'ament_cmake_args' from command line to 'None'
[8.324s] Level 5:colcon.colcon_core.verb:set package 'quadruped_model_msg' build argument 'catkin_cmake_args' from command line to 'None'
[8.324s] Level 5:colcon.colcon_core.verb:set package 'quadruped_model_msg' build argument 'catkin_skip_building_tests' from command line to 'False'
[8.324s] DEBUG:colcon.colcon_core.verb:Building package 'quadruped_model_msg' with the following arguments: {'ament_cmake_args': None, 'build_base': '/home/maranmen/quadruped_8DOF/build/quadruped_model_msg', 'catkin_cmake_args': None, 'catkin_skip_building_tests': False, 'cmake_args': None, 'cmake_clean_cache': False, 'cmake_clean_first': False, 'cmake_force_configure': False, 'cmake_target': None, 'cmake_target_skip_unavailable': False, 'install_base': '/home/maranmen/quadruped_8DOF/install/quadruped_model_msg', 'merge_install': False, 'path': '/home/maranmen/quadruped_8DOF/src/quadruped_model_msg', 'symlink_install': False, 'test_result_base': None}
[8.325s] Level 5:colcon.colcon_core.verb:set package 'cinematic_control' build argument 'cmake_args' from command line to 'None'
[8.325s] Level 5:colcon.colcon_core.verb:set package 'cinematic_control' build argument 'cmake_target' from command line to 'None'
[8.325s] Level 5:colcon.colcon_core.verb:set package 'cinematic_control' build argument 'cmake_target_skip_unavailable' from command line to 'False'
[8.325s] Level 5:colcon.colcon_core.verb:set package 'cinematic_control' build argument 'cmake_clean_cache' from command line to 'False'
[8.325s] Level 5:colcon.colcon_core.verb:set package 'cinematic_control' build argument 'cmake_clean_first' from command line to 'False'
[8.325s] Level 5:colcon.colcon_core.verb:set package 'cinematic_control' build argument 'cmake_force_configure' from command line to 'False'
[8.325s] Level 5:colcon.colcon_core.verb:set package 'cinematic_control' build argument 'ament_cmake_args' from command line to 'None'
[8.325s] Level 5:colcon.colcon_core.verb:set package 'cinematic_control' build argument 'catkin_cmake_args' from command line to 'None'
[8.325s] Level 5:colcon.colcon_core.verb:set package 'cinematic_control' build argument 'catkin_skip_building_tests' from command line to 'False'
[8.325s] DEBUG:colcon.colcon_core.verb:Building package 'cinematic_control' with the following arguments: {'ament_cmake_args': None, 'build_base': '/home/maranmen/quadruped_8DOF/build/cinematic_control', 'catkin_cmake_args': None, 'catkin_skip_building_tests': False, 'cmake_args': None, 'cmake_clean_cache': False, 'cmake_clean_first': False, 'cmake_force_configure': False, 'cmake_target': None, 'cmake_target_skip_unavailable': False, 'install_base': '/home/maranmen/quadruped_8DOF/install/cinematic_control', 'merge_install': False, 'path': '/home/maranmen/quadruped_8DOF/src/cinematic_control', 'symlink_install': False, 'test_result_base': None}
[8.325s] INFO:colcon.colcon_core.executor:Executing jobs using 'parallel' executor
[8.326s] DEBUG:colcon.colcon_parallel_executor.executor.parallel:run_until_complete
[8.326s] INFO:colcon.colcon_ros.task.ament_python.build:Building ROS package in '/home/maranmen/quadruped_8DOF/src/quadruped_model' with build type 'ament_python'
[8.326s] Level 1:colcon.colcon_core.shell:create_environment_hook('quadruped_model', 'ament_prefix_path')
[8.391s] INFO:colcon.colcon_core.plugin_system:Skipping extension 'colcon_core.shell.bat': Not used on non-Windows systems
[8.391s] INFO:colcon.colcon_core.shell:Creating environment hook '/home/maranmen/quadruped_8DOF/install/quadruped_model/share/quadruped_model/hook/ament_prefix_path.ps1'
[8.424s] INFO:colcon.colcon_core.shell:Creating environment descriptor '/home/maranmen/quadruped_8DOF/install/quadruped_model/share/quadruped_model/hook/ament_prefix_path.dsv'
[8.450s] INFO:colcon.colcon_core.shell:Creating environment hook '/home/maranmen/quadruped_8DOF/install/quadruped_model/share/quadruped_model/hook/ament_prefix_path.sh'
[8.452s] INFO:colcon.colcon_core.shell:Skip shell extension 'powershell' for command environment: Not usable outside of PowerShell
[8.452s] DEBUG:colcon.colcon_core.shell:Skip shell extension 'dsv' for command environment
[8.464s] INFO:colcon.colcon_ros.task.ament_cmake.build:Building ROS package in '/home/maranmen/quadruped_8DOF/src/quadruped_model_msg' with build type 'ament_cmake'
[8.464s] INFO:colcon.colcon_cmake.task.cmake.build:Building CMake package in '/home/maranmen/quadruped_8DOF/src/quadruped_model_msg'
[8.465s] INFO:colcon.colcon_core.shell:Skip shell extension 'powershell' for command environment: Not usable outside of PowerShell
[8.465s] DEBUG:colcon.colcon_core.shell:Skip shell extension 'dsv' for command environment
[8.838s] INFO:colcon.colcon_core.task.python.build:Building Python package in '/home/maranmen/quadruped_8DOF/src/quadruped_model'
[8.838s] INFO:colcon.colcon_core.shell:Skip shell extension 'powershell' for command environment: Not usable outside of PowerShell
[8.838s] DEBUG:colcon.colcon_core.shell:Skip shell extension 'dsv' for command environment
[8.887s] DEBUG:colcon.colcon_core.event_handler.log_command:Invoking command in '/home/maranmen/quadruped_8DOF/build/quadruped_model_msg': CMAKE_PREFIX_PATH=${CMAKE_PREFIX_PATH}:/home/maranmen/ws_moveit/install/moveit_configs_utils:/opt/ros/humble /usr/bin/cmake --build /home/maranmen/quadruped_8DOF/build/quadruped_model_msg -- -j4 -l4
[9.770s] DEBUG:colcon.colcon_core.event_handler.log_command:Invoked command in '/home/maranmen/quadruped_8DOF/build/quadruped_model_msg' returned '2': CMAKE_PREFIX_PATH=${CMAKE_PREFIX_PATH}:/home/maranmen/ws_moveit/install/moveit_configs_utils:/opt/ros/humble /usr/bin/cmake --build /home/maranmen/quadruped_8DOF/build/quadruped_model_msg -- -j4 -l4
[9.844s] Level 1:colcon.colcon_core.environment:create_environment_scripts_only(quadruped_model_msg)
[9.891s] Level 1:colcon.colcon_core.environment:checking '/home/maranmen/quadruped_8DOF/install/quadruped_model_msg' for CMake module files
[9.951s] Level 1:colcon.colcon_core.environment:checking '/home/maranmen/quadruped_8DOF/install/quadruped_model_msg' for CMake config files
[10.045s] Level 1:colcon.colcon_core.shell:create_environment_hook('quadruped_model_msg', 'cmake_prefix_path')
[10.045s] INFO:colcon.colcon_core.shell:Creating environment hook '/home/maranmen/quadruped_8DOF/install/quadruped_model_msg/share/quadruped_model_msg/hook/cmake_prefix_path.ps1'
[10.046s] INFO:colcon.colcon_core.shell:Creating environment descriptor '/home/maranmen/quadruped_8DOF/install/quadruped_model_msg/share/quadruped_model_msg/hook/cmake_prefix_path.dsv'
[10.046s] INFO:colcon.colcon_core.shell:Creating environment hook '/home/maranmen/quadruped_8DOF/install/quadruped_model_msg/share/quadruped_model_msg/hook/cmake_prefix_path.sh'
[10.048s] Level 1:colcon.colcon_core.environment:checking '/home/maranmen/quadruped_8DOF/install/quadruped_model_msg/bin'
[10.048s] Level 1:colcon.colcon_core.environment:checking '/home/maranmen/quadruped_8DOF/install/quadruped_model_msg/lib/pkgconfig/quadruped_model_msg.pc'
[10.048s] Level 1:colcon.colcon_core.environment:checking '/home/maranmen/quadruped_8DOF/install/quadruped_model_msg/lib/python3.10/site-packages'
[10.048s] Level 1:colcon.colcon_core.environment:checking '/home/maranmen/quadruped_8DOF/install/quadruped_model_msg/bin'
[10.048s] INFO:colcon.colcon_core.shell:Creating package script '/home/maranmen/quadruped_8DOF/install/quadruped_model_msg/share/quadruped_model_msg/package.ps1'
[10.050s] INFO:colcon.colcon_core.shell:Creating package descriptor '/home/maranmen/quadruped_8DOF/install/quadruped_model_msg/share/quadruped_model_msg/package.dsv'
[10.051s] INFO:colcon.colcon_core.shell:Creating package script '/home/maranmen/quadruped_8DOF/install/quadruped_model_msg/share/quadruped_model_msg/package.sh'
[10.053s] INFO:colcon.colcon_core.shell:Creating package script '/home/maranmen/quadruped_8DOF/install/quadruped_model_msg/share/quadruped_model_msg/package.bash'
[10.084s] INFO:colcon.colcon_core.shell:Creating package script '/home/maranmen/quadruped_8DOF/install/quadruped_model_msg/share/quadruped_model_msg/package.zsh'
[10.130s] Level 1:colcon.colcon_core.environment:create_file_with_runtime_dependencies(/home/maranmen/quadruped_8DOF/install/quadruped_model_msg/share/colcon-core/packages/quadruped_model_msg)
[11.557s] DEBUG:colcon.colcon_parallel_executor.executor.parallel:closing loop
[11.558s] DEBUG:colcon.colcon_parallel_executor.executor.parallel:loop closed
[11.558s] DEBUG:colcon.colcon_parallel_executor.executor.parallel:run_until_complete finished with '2'
[11.558s] DEBUG:colcon.colcon_core.event_reactor:joining thread
[11.590s] INFO:colcon.colcon_core.plugin_system:Skipping extension 'colcon_notification.desktop_notification.terminal_notifier': Not used on non-Darwin systems
[11.590s] INFO:colcon.colcon_core.plugin_system:Skipping extension 'colcon_notification.desktop_notification.win32': Not used on non-Windows systems
[11.590s] INFO:colcon.colcon_notification.desktop_notification:Sending desktop notification using 'notify2'
[11.606s] DEBUG:colcon.colcon_core.event_reactor:joined thread
[11.607s] INFO:colcon.colcon_core.shell:Creating prefix script '/home/maranmen/quadruped_8DOF/install/local_setup.ps1'
[11.608s] INFO:colcon.colcon_core.shell:Creating prefix util module '/home/maranmen/quadruped_8DOF/install/_local_setup_util_ps1.py'
[11.611s] INFO:colcon.colcon_core.shell:Creating prefix chain script '/home/maranmen/quadruped_8DOF/install/setup.ps1'
[11.616s] INFO:colcon.colcon_core.shell:Creating prefix script '/home/maranmen/quadruped_8DOF/install/local_setup.sh'
[11.617s] INFO:colcon.colcon_core.shell:Creating prefix util module '/home/maranmen/quadruped_8DOF/install/_local_setup_util_sh.py'
[11.618s] INFO:colcon.colcon_core.shell:Creating prefix chain script '/home/maranmen/quadruped_8DOF/install/setup.sh'
[11.623s] INFO:colcon.colcon_core.shell:Creating prefix script '/home/maranmen/quadruped_8DOF/install/local_setup.bash'
[11.625s] INFO:colcon.colcon_core.shell:Creating prefix chain script '/home/maranmen/quadruped_8DOF/install/setup.bash'
[11.632s] INFO:colcon.colcon_core.shell:Creating prefix script '/home/maranmen/quadruped_8DOF/install/local_setup.zsh'
[11.647s] INFO:colcon.colcon_core.shell:Creating prefix chain script '/home/maranmen/quadruped_8DOF/install/setup.zsh'
