[1.179s] Invoking command in '/home/julio/Desktop/proyecto_tesis/quadruped_8DOF/src/quadruped_model': PYTHONPATH=/home/julio/Desktop/proyecto_tesis/quadruped_8DOF/build/quadruped_model/prefix_override:/usr/lib/python3/dist-packages/colcon_core/task/python/colcon_distutils_commands:/home/julio/Desktop/proyecto_tesis/quadruped_8DOF/install/quadruped_model/lib/python3.10/site-packages:${PYTHONPATH} /usr/bin/python3 -W ignore:setup.py install is deprecated setup.py egg_info --egg-base ../../build/quadruped_model build --build-base /home/julio/Desktop/proyecto_tesis/quadruped_8DOF/build/quadruped_model/build install --record /home/julio/Desktop/proyecto_tesis/quadruped_8DOF/build/quadruped_model/install.log --single-version-externally-managed install_data
[1.543s] running egg_info
[1.544s] writing ../../build/quadruped_model/quadruped_model.egg-info/PKG-INFO
[1.545s] writing dependency_links to ../../build/quadruped_model/quadruped_model.egg-info/dependency_links.txt
[1.545s] writing entry points to ../../build/quadruped_model/quadruped_model.egg-info/entry_points.txt
[1.545s] writing requirements to ../../build/quadruped_model/quadruped_model.egg-info/requires.txt
[1.545s] writing top-level names to ../../build/quadruped_model/quadruped_model.egg-info/top_level.txt
[1.547s] reading manifest file '../../build/quadruped_model/quadruped_model.egg-info/SOURCES.txt'
[1.549s] writing manifest file '../../build/quadruped_model/quadruped_model.egg-info/SOURCES.txt'
[1.549s] running build
[1.549s] running build_py
[1.549s] copying quadruped_model/move_robot.py -> /home/julio/Desktop/proyecto_tesis/quadruped_8DOF/build/quadruped_model/build/lib/quadruped_model
[1.550s] running install
[1.551s] running install_lib
[1.552s] copying /home/julio/Desktop/proyecto_tesis/quadruped_8DOF/build/quadruped_model/build/lib/quadruped_model/move_robot.py -> /home/julio/Desktop/proyecto_tesis/quadruped_8DOF/install/quadruped_model/lib/python3.10/site-packages/quadruped_model
[1.554s] byte-compiling /home/julio/Desktop/proyecto_tesis/quadruped_8DOF/install/quadruped_model/lib/python3.10/site-packages/quadruped_model/move_robot.py to move_robot.cpython-310.pyc
[1.554s] running install_data
[1.555s] running install_egg_info
[1.559s] removing '/home/julio/Desktop/proyecto_tesis/quadruped_8DOF/install/quadruped_model/lib/python3.10/site-packages/quadruped_model-0.0.0-py3.10.egg-info' (and everything under it)
[1.573s] Copying ../../build/quadruped_model/quadruped_model.egg-info to /home/julio/Desktop/proyecto_tesis/quadruped_8DOF/install/quadruped_model/lib/python3.10/site-packages/quadruped_model-0.0.0-py3.10.egg-info
[1.605s] running install_scripts
[1.649s] Installing continuous_lifter script to /home/julio/Desktop/proyecto_tesis/quadruped_8DOF/install/quadruped_model/lib/quadruped_model
[1.650s] Installing move_robot script to /home/julio/Desktop/proyecto_tesis/quadruped_8DOF/install/quadruped_model/lib/quadruped_model
[1.653s] writing list of installed files to '/home/julio/Desktop/proyecto_tesis/quadruped_8DOF/build/quadruped_model/install.log'
[1.688s] Invoked command in '/home/julio/Desktop/proyecto_tesis/quadruped_8DOF/src/quadruped_model' returned '0': PYTHONPATH=/home/julio/Desktop/proyecto_tesis/quadruped_8DOF/build/quadruped_model/prefix_override:/usr/lib/python3/dist-packages/colcon_core/task/python/colcon_distutils_commands:/home/julio/Desktop/proyecto_tesis/quadruped_8DOF/install/quadruped_model/lib/python3.10/site-packages:${PYTHONPATH} /usr/bin/python3 -W ignore:setup.py install is deprecated setup.py egg_info --egg-base ../../build/quadruped_model build --build-base /home/julio/Desktop/proyecto_tesis/quadruped_8DOF/build/quadruped_model/build install --record /home/julio/Desktop/proyecto_tesis/quadruped_8DOF/build/quadruped_model/install.log --single-version-externally-managed install_data
