[0.210s] DEBUG:colcon:Command line arguments: ['/usr/bin/colcon', 'build']
[0.210s] DEBUG:colcon:Parsed command line arguments: Namespace(log_base=None, log_level=None, verb_name='build', build_base='build', install_base='install', merge_install=False, symlink_install=False, test_result_base=None, continue_on_error=False, executor='parallel', parallel_workers=2, event_handlers=None, ignore_user_meta=False, metas=['./colcon.meta'], base_paths=['.'], packages_ignore=None, packages_ignore_regex=None, paths=None, packages_up_to=None, packages_up_to_regex=None, packages_above=None, packages_above_and_dependencies=None, packages_above_depth=None, packages_select_by_dep=None, packages_skip_by_dep=None, packages_skip_up_to=None, packages_select_build_failed=False, packages_skip_build_finished=False, packages_select_test_failures=False, packages_skip_test_passed=False, packages_select=None, packages_skip=None, packages_select_regex=None, packages_skip_regex=None, packages_start=None, packages_end=None, allow_overriding=[], cmake_args=None, cmake_target=None, cmake_target_skip_unavailable=False, cmake_clean_cache=False, cmake_clean_first=False, cmake_force_configure=False, ament_cmake_args=None, catkin_cmake_args=None, catkin_skip_building_tests=False, mixin_files=None, mixin=None, verb_parser=<colcon_mixin.mixin.mixin_argument.MixinArgumentDecorator object at 0x7d75a8ee69b0>, verb_extension=<colcon_core.verb.build.BuildVerb object at 0x7d75a8ee5f30>, main=<bound method BuildVerb.main of <colcon_core.verb.build.BuildVerb object at 0x7d75a8ee5f30>>, mixin_verb=('build',))
[0.557s] Level 1:colcon.colcon_core.package_discovery:discover_packages(colcon_meta) check parameters
[0.557s] Level 1:colcon.colcon_core.package_discovery:discover_packages(recursive) check parameters
[0.557s] Level 1:colcon.colcon_core.package_discovery:discover_packages(ignore) check parameters
[0.557s] Level 1:colcon.colcon_core.package_discovery:discover_packages(path) check parameters
[0.557s] Level 1:colcon.colcon_core.package_discovery:discover_packages(colcon_meta) discover
[0.557s] Level 1:colcon.colcon_core.package_discovery:discover_packages(recursive) discover
[0.557s] INFO:colcon.colcon_core.package_discovery:Crawling recursively for packages in '/home/julio/Desktop/proyecto_tesis/quadruped_8DOF'
[0.557s] Level 1:colcon.colcon_core.package_identification:_identify(.) by extensions ['ignore', 'ignore_ament_install']
[0.558s] Level 1:colcon.colcon_core.package_identification:_identify(.) by extension 'ignore'
[0.558s] Level 1:colcon.colcon_core.package_identification:_identify(.) by extension 'ignore_ament_install'
[0.558s] Level 1:colcon.colcon_core.package_identification:_identify(.) by extensions ['colcon_pkg']
[0.558s] Level 1:colcon.colcon_core.package_identification:_identify(.) by extension 'colcon_pkg'
[0.558s] Level 1:colcon.colcon_core.package_identification:_identify(.) by extensions ['colcon_meta']
[0.558s] Level 1:colcon.colcon_core.package_identification:_identify(.) by extension 'colcon_meta'
[0.558s] Level 1:colcon.colcon_core.package_identification:_identify(.) by extensions ['ros']
[0.558s] Level 1:colcon.colcon_core.package_identification:_identify(.) by extension 'ros'
[0.571s] Level 1:colcon.colcon_core.package_identification:_identify(.) by extensions ['cmake', 'python']
[0.571s] Level 1:colcon.colcon_core.package_identification:_identify(.) by extension 'cmake'
[0.571s] Level 1:colcon.colcon_core.package_identification:_identify(.) by extension 'python'
[0.571s] Level 1:colcon.colcon_core.package_identification:_identify(.) by extensions ['python_setup_py']
[0.571s] Level 1:colcon.colcon_core.package_identification:_identify(.) by extension 'python_setup_py'
[0.571s] Level 1:colcon.colcon_core.package_identification:_identify(build) by extensions ['ignore', 'ignore_ament_install']
[0.571s] Level 1:colcon.colcon_core.package_identification:_identify(build) by extension 'ignore'
[0.571s] Level 1:colcon.colcon_core.package_identification:_identify(build) ignored
[0.571s] Level 1:colcon.colcon_core.package_identification:_identify(install) by extensions ['ignore', 'ignore_ament_install']
[0.571s] Level 1:colcon.colcon_core.package_identification:_identify(install) by extension 'ignore'
[0.571s] Level 1:colcon.colcon_core.package_identification:_identify(install) ignored
[0.571s] Level 1:colcon.colcon_core.package_identification:_identify(log) by extensions ['ignore', 'ignore_ament_install']
[0.572s] Level 1:colcon.colcon_core.package_identification:_identify(log) by extension 'ignore'
[0.572s] Level 1:colcon.colcon_core.package_identification:_identify(log) ignored
[0.572s] Level 1:colcon.colcon_core.package_identification:_identify(src) by extensions ['ignore', 'ignore_ament_install']
[0.572s] Level 1:colcon.colcon_core.package_identification:_identify(src) by extension 'ignore'
[0.572s] Level 1:colcon.colcon_core.package_identification:_identify(src) by extension 'ignore_ament_install'
[0.572s] Level 1:colcon.colcon_core.package_identification:_identify(src) by extensions ['colcon_pkg']
[0.572s] Level 1:colcon.colcon_core.package_identification:_identify(src) by extension 'colcon_pkg'
[0.572s] Level 1:colcon.colcon_core.package_identification:_identify(src) by extensions ['colcon_meta']
[0.572s] Level 1:colcon.colcon_core.package_identification:_identify(src) by extension 'colcon_meta'
[0.572s] Level 1:colcon.colcon_core.package_identification:_identify(src) by extensions ['ros']
[0.572s] Level 1:colcon.colcon_core.package_identification:_identify(src) by extension 'ros'
[0.572s] Level 1:colcon.colcon_core.package_identification:_identify(src) by extensions ['cmake', 'python']
[0.572s] Level 1:colcon.colcon_core.package_identification:_identify(src) by extension 'cmake'
[0.572s] Level 1:colcon.colcon_core.package_identification:_identify(src) by extension 'python'
[0.572s] Level 1:colcon.colcon_core.package_identification:_identify(src) by extensions ['python_setup_py']
[0.572s] Level 1:colcon.colcon_core.package_identification:_identify(src) by extension 'python_setup_py'
[0.572s] Level 1:colcon.colcon_core.package_identification:_identify(src/action) by extensions ['ignore', 'ignore_ament_install']
[0.572s] Level 1:colcon.colcon_core.package_identification:_identify(src/action) by extension 'ignore'
[0.572s] Level 1:colcon.colcon_core.package_identification:_identify(src/action) by extension 'ignore_ament_install'
[0.572s] Level 1:colcon.colcon_core.package_identification:_identify(src/action) by extensions ['colcon_pkg']
[0.572s] Level 1:colcon.colcon_core.package_identification:_identify(src/action) by extension 'colcon_pkg'
[0.572s] Level 1:colcon.colcon_core.package_identification:_identify(src/action) by extensions ['colcon_meta']
[0.573s] Level 1:colcon.colcon_core.package_identification:_identify(src/action) by extension 'colcon_meta'
[0.573s] Level 1:colcon.colcon_core.package_identification:_identify(src/action) by extensions ['ros']
[0.573s] Level 1:colcon.colcon_core.package_identification:_identify(src/action) by extension 'ros'
[0.573s] Level 1:colcon.colcon_core.package_identification:_identify(src/action) by extensions ['cmake', 'python']
[0.573s] Level 1:colcon.colcon_core.package_identification:_identify(src/action) by extension 'cmake'
[0.573s] Level 1:colcon.colcon_core.package_identification:_identify(src/action) by extension 'python'
[0.573s] Level 1:colcon.colcon_core.package_identification:_identify(src/action) by extensions ['python_setup_py']
[0.573s] Level 1:colcon.colcon_core.package_identification:_identify(src/action) by extension 'python_setup_py'
[0.573s] Level 1:colcon.colcon_core.package_identification:_identify(src/build) by extensions ['ignore', 'ignore_ament_install']
[0.573s] Level 1:colcon.colcon_core.package_identification:_identify(src/build) by extension 'ignore'
[0.573s] Level 1:colcon.colcon_core.package_identification:_identify(src/build) ignored
[0.573s] Level 1:colcon.colcon_core.package_identification:_identify(src/cinematic_control) by extensions ['ignore', 'ignore_ament_install']
[0.573s] Level 1:colcon.colcon_core.package_identification:_identify(src/cinematic_control) by extension 'ignore'
[0.573s] Level 1:colcon.colcon_core.package_identification:_identify(src/cinematic_control) by extension 'ignore_ament_install'
[0.573s] Level 1:colcon.colcon_core.package_identification:_identify(src/cinematic_control) by extensions ['colcon_pkg']
[0.573s] Level 1:colcon.colcon_core.package_identification:_identify(src/cinematic_control) by extension 'colcon_pkg'
[0.573s] Level 1:colcon.colcon_core.package_identification:_identify(src/cinematic_control) by extensions ['colcon_meta']
[0.573s] Level 1:colcon.colcon_core.package_identification:_identify(src/cinematic_control) by extension 'colcon_meta'
[0.573s] Level 1:colcon.colcon_core.package_identification:_identify(src/cinematic_control) by extensions ['ros']
[0.573s] Level 1:colcon.colcon_core.package_identification:_identify(src/cinematic_control) by extension 'ros'
[0.576s] DEBUG:colcon.colcon_core.package_identification:Package 'src/cinematic_control' with type 'ros.ament_python' and name 'cinematic_control'
[0.576s] Level 1:colcon.colcon_core.package_identification:_identify(src/install) by extensions ['ignore', 'ignore_ament_install']
[0.576s] Level 1:colcon.colcon_core.package_identification:_identify(src/install) by extension 'ignore'
[0.576s] Level 1:colcon.colcon_core.package_identification:_identify(src/install) ignored
[0.576s] Level 1:colcon.colcon_core.package_identification:_identify(src/log) by extensions ['ignore', 'ignore_ament_install']
[0.576s] Level 1:colcon.colcon_core.package_identification:_identify(src/log) by extension 'ignore'
[0.576s] Level 1:colcon.colcon_core.package_identification:_identify(src/log) ignored
[0.576s] Level 1:colcon.colcon_core.package_identification:_identify(src/quadruped_model) by extensions ['ignore', 'ignore_ament_install']
[0.576s] Level 1:colcon.colcon_core.package_identification:_identify(src/quadruped_model) by extension 'ignore'
[0.576s] Level 1:colcon.colcon_core.package_identification:_identify(src/quadruped_model) by extension 'ignore_ament_install'
[0.576s] Level 1:colcon.colcon_core.package_identification:_identify(src/quadruped_model) by extensions ['colcon_pkg']
[0.576s] Level 1:colcon.colcon_core.package_identification:_identify(src/quadruped_model) by extension 'colcon_pkg'
[0.576s] Level 1:colcon.colcon_core.package_identification:_identify(src/quadruped_model) by extensions ['colcon_meta']
[0.576s] Level 1:colcon.colcon_core.package_identification:_identify(src/quadruped_model) by extension 'colcon_meta'
[0.576s] Level 1:colcon.colcon_core.package_identification:_identify(src/quadruped_model) by extensions ['ros']
[0.576s] Level 1:colcon.colcon_core.package_identification:_identify(src/quadruped_model) by extension 'ros'
[0.578s] DEBUG:colcon.colcon_core.package_identification:Package 'src/quadruped_model' with type 'ros.ament_python' and name 'quadruped_model'
[0.578s] Level 1:colcon.colcon_core.package_identification:_identify(src/srv) by extensions ['ignore', 'ignore_ament_install']
[0.578s] Level 1:colcon.colcon_core.package_identification:_identify(src/srv) by extension 'ignore'
[0.578s] Level 1:colcon.colcon_core.package_identification:_identify(src/srv) by extension 'ignore_ament_install'
[0.578s] Level 1:colcon.colcon_core.package_identification:_identify(src/srv) by extensions ['colcon_pkg']
[0.579s] Level 1:colcon.colcon_core.package_identification:_identify(src/srv) by extension 'colcon_pkg'
[0.579s] Level 1:colcon.colcon_core.package_identification:_identify(src/srv) by extensions ['colcon_meta']
[0.579s] Level 1:colcon.colcon_core.package_identification:_identify(src/srv) by extension 'colcon_meta'
[0.579s] Level 1:colcon.colcon_core.package_identification:_identify(src/srv) by extensions ['ros']
[0.579s] Level 1:colcon.colcon_core.package_identification:_identify(src/srv) by extension 'ros'
[0.579s] Level 1:colcon.colcon_core.package_identification:_identify(src/srv) by extensions ['cmake', 'python']
[0.579s] Level 1:colcon.colcon_core.package_identification:_identify(src/srv) by extension 'cmake'
[0.579s] Level 1:colcon.colcon_core.package_identification:_identify(src/srv) by extension 'python'
[0.579s] Level 1:colcon.colcon_core.package_identification:_identify(src/srv) by extensions ['python_setup_py']
[0.579s] Level 1:colcon.colcon_core.package_identification:_identify(src/srv) by extension 'python_setup_py'
[0.579s] Level 1:colcon.colcon_core.package_discovery:discover_packages(recursive) using defaults
[0.579s] Level 1:colcon.colcon_core.package_discovery:discover_packages(ignore) discover
[0.580s] Level 1:colcon.colcon_core.package_discovery:discover_packages(ignore) using defaults
[0.580s] Level 1:colcon.colcon_core.package_discovery:discover_packages(path) discover
[0.580s] Level 1:colcon.colcon_core.package_discovery:discover_packages(path) using defaults
[0.631s] Level 1:colcon.colcon_core.package_discovery:discover_packages(prefix_path) check parameters
[0.631s] Level 1:colcon.colcon_core.package_discovery:discover_packages(prefix_path) discover
[0.634s] DEBUG:colcon.colcon_installed_package_information.package_discovery:Found 2 installed packages in /home/julio/Desktop/proyecto_tesis/quadruped_8DOF/install
[0.638s] DEBUG:colcon.colcon_installed_package_information.package_discovery:Found 299 installed packages in /opt/ros/humble
[0.660s] Level 1:colcon.colcon_core.package_discovery:discover_packages(prefix_path) using defaults
[0.725s] Level 5:colcon.colcon_core.verb:set package 'quadruped_model' build argument 'cmake_args' from command line to 'None'
[0.725s] Level 5:colcon.colcon_core.verb:set package 'quadruped_model' build argument 'cmake_target' from command line to 'None'
[0.725s] Level 5:colcon.colcon_core.verb:set package 'quadruped_model' build argument 'cmake_target_skip_unavailable' from command line to 'False'
[0.726s] Level 5:colcon.colcon_core.verb:set package 'quadruped_model' build argument 'cmake_clean_cache' from command line to 'False'
[0.726s] Level 5:colcon.colcon_core.verb:set package 'quadruped_model' build argument 'cmake_clean_first' from command line to 'False'
[0.726s] Level 5:colcon.colcon_core.verb:set package 'quadruped_model' build argument 'cmake_force_configure' from command line to 'False'
[0.726s] Level 5:colcon.colcon_core.verb:set package 'quadruped_model' build argument 'ament_cmake_args' from command line to 'None'
[0.726s] Level 5:colcon.colcon_core.verb:set package 'quadruped_model' build argument 'catkin_cmake_args' from command line to 'None'
[0.726s] Level 5:colcon.colcon_core.verb:set package 'quadruped_model' build argument 'catkin_skip_building_tests' from command line to 'False'
[0.726s] DEBUG:colcon.colcon_core.verb:Building package 'quadruped_model' with the following arguments: {'ament_cmake_args': None, 'build_base': '/home/julio/Desktop/proyecto_tesis/quadruped_8DOF/build/quadruped_model', 'catkin_cmake_args': None, 'catkin_skip_building_tests': False, 'cmake_args': None, 'cmake_clean_cache': False, 'cmake_clean_first': False, 'cmake_force_configure': False, 'cmake_target': None, 'cmake_target_skip_unavailable': False, 'install_base': '/home/julio/Desktop/proyecto_tesis/quadruped_8DOF/install/quadruped_model', 'merge_install': False, 'path': '/home/julio/Desktop/proyecto_tesis/quadruped_8DOF/src/quadruped_model', 'symlink_install': False, 'test_result_base': None}
[0.726s] Level 5:colcon.colcon_core.verb:set package 'cinematic_control' build argument 'cmake_args' from command line to 'None'
[0.726s] Level 5:colcon.colcon_core.verb:set package 'cinematic_control' build argument 'cmake_target' from command line to 'None'
[0.726s] Level 5:colcon.colcon_core.verb:set package 'cinematic_control' build argument 'cmake_target_skip_unavailable' from command line to 'False'
[0.726s] Level 5:colcon.colcon_core.verb:set package 'cinematic_control' build argument 'cmake_clean_cache' from command line to 'False'
[0.726s] Level 5:colcon.colcon_core.verb:set package 'cinematic_control' build argument 'cmake_clean_first' from command line to 'False'
[0.726s] Level 5:colcon.colcon_core.verb:set package 'cinematic_control' build argument 'cmake_force_configure' from command line to 'False'
[0.726s] Level 5:colcon.colcon_core.verb:set package 'cinematic_control' build argument 'ament_cmake_args' from command line to 'None'
[0.726s] Level 5:colcon.colcon_core.verb:set package 'cinematic_control' build argument 'catkin_cmake_args' from command line to 'None'
[0.726s] Level 5:colcon.colcon_core.verb:set package 'cinematic_control' build argument 'catkin_skip_building_tests' from command line to 'False'
[0.726s] DEBUG:colcon.colcon_core.verb:Building package 'cinematic_control' with the following arguments: {'ament_cmake_args': None, 'build_base': '/home/julio/Desktop/proyecto_tesis/quadruped_8DOF/build/cinematic_control', 'catkin_cmake_args': None, 'catkin_skip_building_tests': False, 'cmake_args': None, 'cmake_clean_cache': False, 'cmake_clean_first': False, 'cmake_force_configure': False, 'cmake_target': None, 'cmake_target_skip_unavailable': False, 'install_base': '/home/julio/Desktop/proyecto_tesis/quadruped_8DOF/install/cinematic_control', 'merge_install': False, 'path': '/home/julio/Desktop/proyecto_tesis/quadruped_8DOF/src/cinematic_control', 'symlink_install': False, 'test_result_base': None}
[0.726s] INFO:colcon.colcon_core.executor:Executing jobs using 'parallel' executor
[0.728s] DEBUG:colcon.colcon_parallel_executor.executor.parallel:run_until_complete
[0.728s] INFO:colcon.colcon_ros.task.ament_python.build:Building ROS package in '/home/julio/Desktop/proyecto_tesis/quadruped_8DOF/src/quadruped_model' with build type 'ament_python'
[0.728s] Level 1:colcon.colcon_core.shell:create_environment_hook('quadruped_model', 'ament_prefix_path')
[0.730s] INFO:colcon.colcon_core.plugin_system:Skipping extension 'colcon_core.shell.bat': Not used on non-Windows systems
[0.730s] INFO:colcon.colcon_core.shell:Creating environment hook '/home/julio/Desktop/proyecto_tesis/quadruped_8DOF/install/quadruped_model/share/quadruped_model/hook/ament_prefix_path.ps1'
[0.731s] INFO:colcon.colcon_core.shell:Creating environment descriptor '/home/julio/Desktop/proyecto_tesis/quadruped_8DOF/install/quadruped_model/share/quadruped_model/hook/ament_prefix_path.dsv'
[0.732s] INFO:colcon.colcon_core.shell:Creating environment hook '/home/julio/Desktop/proyecto_tesis/quadruped_8DOF/install/quadruped_model/share/quadruped_model/hook/ament_prefix_path.sh'
[0.734s] INFO:colcon.colcon_core.shell:Skip shell extension 'powershell' for command environment: Not usable outside of PowerShell
[0.734s] DEBUG:colcon.colcon_core.shell:Skip shell extension 'dsv' for command environment
[1.302s] INFO:colcon.colcon_core.task.python.build:Building Python package in '/home/julio/Desktop/proyecto_tesis/quadruped_8DOF/src/quadruped_model'
[1.303s] INFO:colcon.colcon_core.shell:Skip shell extension 'powershell' for command environment: Not usable outside of PowerShell
[1.303s] DEBUG:colcon.colcon_core.shell:Skip shell extension 'dsv' for command environment
[1.909s] DEBUG:colcon.colcon_core.event_handler.log_command:Invoking command in '/home/julio/Desktop/proyecto_tesis/quadruped_8DOF/src/quadruped_model': PYTHONPATH=/home/julio/Desktop/proyecto_tesis/quadruped_8DOF/build/quadruped_model/prefix_override:/usr/lib/python3/dist-packages/colcon_core/task/python/colcon_distutils_commands:/home/julio/Desktop/proyecto_tesis/quadruped_8DOF/install/quadruped_model/lib/python3.10/site-packages:${PYTHONPATH} /usr/bin/python3 -W ignore:setup.py install is deprecated setup.py egg_info --egg-base ../../build/quadruped_model build --build-base /home/julio/Desktop/proyecto_tesis/quadruped_8DOF/build/quadruped_model/build install --record /home/julio/Desktop/proyecto_tesis/quadruped_8DOF/build/quadruped_model/install.log --single-version-externally-managed install_data
[2.417s] DEBUG:colcon.colcon_core.event_handler.log_command:Invoked command in '/home/julio/Desktop/proyecto_tesis/quadruped_8DOF/src/quadruped_model' returned '0': PYTHONPATH=/home/julio/Desktop/proyecto_tesis/quadruped_8DOF/build/quadruped_model/prefix_override:/usr/lib/python3/dist-packages/colcon_core/task/python/colcon_distutils_commands:/home/julio/Desktop/proyecto_tesis/quadruped_8DOF/install/quadruped_model/lib/python3.10/site-packages:${PYTHONPATH} /usr/bin/python3 -W ignore:setup.py install is deprecated setup.py egg_info --egg-base ../../build/quadruped_model build --build-base /home/julio/Desktop/proyecto_tesis/quadruped_8DOF/build/quadruped_model/build install --record /home/julio/Desktop/proyecto_tesis/quadruped_8DOF/build/quadruped_model/install.log --single-version-externally-managed install_data
[2.422s] Level 1:colcon.colcon_core.environment:checking '/home/julio/Desktop/proyecto_tesis/quadruped_8DOF/install/quadruped_model' for CMake module files
[2.422s] Level 1:colcon.colcon_core.environment:checking '/home/julio/Desktop/proyecto_tesis/quadruped_8DOF/install/quadruped_model' for CMake config files
[2.423s] Level 1:colcon.colcon_core.environment:checking '/home/julio/Desktop/proyecto_tesis/quadruped_8DOF/install/quadruped_model/lib'
[2.424s] Level 1:colcon.colcon_core.environment:checking '/home/julio/Desktop/proyecto_tesis/quadruped_8DOF/install/quadruped_model/bin'
[2.424s] Level 1:colcon.colcon_core.environment:checking '/home/julio/Desktop/proyecto_tesis/quadruped_8DOF/install/quadruped_model/lib/pkgconfig/quadruped_model.pc'
[2.424s] Level 1:colcon.colcon_core.environment:checking '/home/julio/Desktop/proyecto_tesis/quadruped_8DOF/install/quadruped_model/lib/python3.10/site-packages'
[2.424s] Level 1:colcon.colcon_core.shell:create_environment_hook('quadruped_model', 'pythonpath')
[2.425s] INFO:colcon.colcon_core.shell:Creating environment hook '/home/julio/Desktop/proyecto_tesis/quadruped_8DOF/install/quadruped_model/share/quadruped_model/hook/pythonpath.ps1'
[2.426s] INFO:colcon.colcon_core.shell:Creating environment descriptor '/home/julio/Desktop/proyecto_tesis/quadruped_8DOF/install/quadruped_model/share/quadruped_model/hook/pythonpath.dsv'
[2.426s] INFO:colcon.colcon_core.shell:Creating environment hook '/home/julio/Desktop/proyecto_tesis/quadruped_8DOF/install/quadruped_model/share/quadruped_model/hook/pythonpath.sh'
[2.427s] Level 1:colcon.colcon_core.environment:checking '/home/julio/Desktop/proyecto_tesis/quadruped_8DOF/install/quadruped_model/bin'
[2.427s] Level 1:colcon.colcon_core.environment:create_environment_scripts_only(quadruped_model)
[2.428s] INFO:colcon.colcon_core.shell:Creating package script '/home/julio/Desktop/proyecto_tesis/quadruped_8DOF/install/quadruped_model/share/quadruped_model/package.ps1'
[2.429s] INFO:colcon.colcon_core.shell:Creating package descriptor '/home/julio/Desktop/proyecto_tesis/quadruped_8DOF/install/quadruped_model/share/quadruped_model/package.dsv'
[2.430s] INFO:colcon.colcon_core.shell:Creating package script '/home/julio/Desktop/proyecto_tesis/quadruped_8DOF/install/quadruped_model/share/quadruped_model/package.sh'
[2.431s] INFO:colcon.colcon_core.shell:Creating package script '/home/julio/Desktop/proyecto_tesis/quadruped_8DOF/install/quadruped_model/share/quadruped_model/package.bash'
[2.434s] INFO:colcon.colcon_core.shell:Creating package script '/home/julio/Desktop/proyecto_tesis/quadruped_8DOF/install/quadruped_model/share/quadruped_model/package.zsh'
[2.437s] Level 1:colcon.colcon_core.environment:create_file_with_runtime_dependencies(/home/julio/Desktop/proyecto_tesis/quadruped_8DOF/install/quadruped_model/share/colcon-core/packages/quadruped_model)
[2.438s] INFO:colcon.colcon_ros.task.ament_python.build:Building ROS package in '/home/julio/Desktop/proyecto_tesis/quadruped_8DOF/src/cinematic_control' with build type 'ament_python'
[2.440s] Level 1:colcon.colcon_core.shell:create_environment_hook('cinematic_control', 'ament_prefix_path')
[2.440s] INFO:colcon.colcon_core.shell:Creating environment hook '/home/julio/Desktop/proyecto_tesis/quadruped_8DOF/install/cinematic_control/share/cinematic_control/hook/ament_prefix_path.ps1'
[2.441s] INFO:colcon.colcon_core.shell:Creating environment descriptor '/home/julio/Desktop/proyecto_tesis/quadruped_8DOF/install/cinematic_control/share/cinematic_control/hook/ament_prefix_path.dsv'
[2.441s] INFO:colcon.colcon_core.shell:Creating environment hook '/home/julio/Desktop/proyecto_tesis/quadruped_8DOF/install/cinematic_control/share/cinematic_control/hook/ament_prefix_path.sh'
[2.443s] INFO:colcon.colcon_core.shell:Skip shell extension 'powershell' for command environment: Not usable outside of PowerShell
[2.443s] DEBUG:colcon.colcon_core.shell:Skip shell extension 'dsv' for command environment
[2.839s] INFO:colcon.colcon_core.task.python.build:Building Python package in '/home/julio/Desktop/proyecto_tesis/quadruped_8DOF/src/cinematic_control'
[2.840s] INFO:colcon.colcon_core.shell:Skip shell extension 'powershell' for command environment: Not usable outside of PowerShell
[2.840s] DEBUG:colcon.colcon_core.shell:Skip shell extension 'dsv' for command environment
[3.344s] DEBUG:colcon.colcon_core.event_handler.log_command:Invoking command in '/home/julio/Desktop/proyecto_tesis/quadruped_8DOF/src/cinematic_control': AMENT_PREFIX_PATH=/home/julio/Desktop/proyecto_tesis/quadruped_8DOF/install/quadruped_model:/home/julio/Desktop/proyecto_tesis/quadruped_8DOF/install/cinematic_control:/opt/ros/humble PYTHONPATH=/home/julio/Desktop/proyecto_tesis/quadruped_8DOF/build/cinematic_control/prefix_override:/usr/lib/python3/dist-packages/colcon_core/task/python/colcon_distutils_commands:/home/julio/Desktop/proyecto_tesis/quadruped_8DOF/install/cinematic_control/lib/python3.10/site-packages:/home/julio/Desktop/proyecto_tesis/quadruped_8DOF/install/quadruped_model/lib/python3.10/site-packages:/home/julio/Desktop/proyecto_tesis/quadruped_8DOF/install/cinematic_control/lib/python3.10/site-packages:/opt/ros/humble/lib/python3.10/site-packages:/opt/ros/humble/local/lib/python3.10/dist-packages /usr/bin/python3 -W ignore:setup.py install is deprecated setup.py egg_info --egg-base ../../build/cinematic_control build --build-base /home/julio/Desktop/proyecto_tesis/quadruped_8DOF/build/cinematic_control/build install --record /home/julio/Desktop/proyecto_tesis/quadruped_8DOF/build/cinematic_control/install.log --single-version-externally-managed install_data
[3.845s] Level 1:colcon.colcon_core.environment:checking '/home/julio/Desktop/proyecto_tesis/quadruped_8DOF/install/cinematic_control' for CMake module files
[3.846s] Level 1:colcon.colcon_core.environment:checking '/home/julio/Desktop/proyecto_tesis/quadruped_8DOF/install/cinematic_control' for CMake config files
[3.846s] Level 1:colcon.colcon_core.environment:checking '/home/julio/Desktop/proyecto_tesis/quadruped_8DOF/install/cinematic_control/lib'
[3.847s] Level 1:colcon.colcon_core.environment:checking '/home/julio/Desktop/proyecto_tesis/quadruped_8DOF/install/cinematic_control/bin'
[3.847s] Level 1:colcon.colcon_core.environment:checking '/home/julio/Desktop/proyecto_tesis/quadruped_8DOF/install/cinematic_control/lib/pkgconfig/cinematic_control.pc'
[3.847s] Level 1:colcon.colcon_core.environment:checking '/home/julio/Desktop/proyecto_tesis/quadruped_8DOF/install/cinematic_control/lib/python3.10/site-packages'
[3.847s] Level 1:colcon.colcon_core.shell:create_environment_hook('cinematic_control', 'pythonpath')
[3.847s] INFO:colcon.colcon_core.shell:Creating environment hook '/home/julio/Desktop/proyecto_tesis/quadruped_8DOF/install/cinematic_control/share/cinematic_control/hook/pythonpath.ps1'
[3.848s] INFO:colcon.colcon_core.shell:Creating environment descriptor '/home/julio/Desktop/proyecto_tesis/quadruped_8DOF/install/cinematic_control/share/cinematic_control/hook/pythonpath.dsv'
[3.849s] INFO:colcon.colcon_core.shell:Creating environment hook '/home/julio/Desktop/proyecto_tesis/quadruped_8DOF/install/cinematic_control/share/cinematic_control/hook/pythonpath.sh'
[3.849s] DEBUG:colcon.colcon_core.event_handler.log_command:Invoked command in '/home/julio/Desktop/proyecto_tesis/quadruped_8DOF/src/cinematic_control' returned '0': AMENT_PREFIX_PATH=/home/julio/Desktop/proyecto_tesis/quadruped_8DOF/install/quadruped_model:/home/julio/Desktop/proyecto_tesis/quadruped_8DOF/install/cinematic_control:/opt/ros/humble PYTHONPATH=/home/julio/Desktop/proyecto_tesis/quadruped_8DOF/build/cinematic_control/prefix_override:/usr/lib/python3/dist-packages/colcon_core/task/python/colcon_distutils_commands:/home/julio/Desktop/proyecto_tesis/quadruped_8DOF/install/cinematic_control/lib/python3.10/site-packages:/home/julio/Desktop/proyecto_tesis/quadruped_8DOF/install/quadruped_model/lib/python3.10/site-packages:/home/julio/Desktop/proyecto_tesis/quadruped_8DOF/install/cinematic_control/lib/python3.10/site-packages:/opt/ros/humble/lib/python3.10/site-packages:/opt/ros/humble/local/lib/python3.10/dist-packages /usr/bin/python3 -W ignore:setup.py install is deprecated setup.py egg_info --egg-base ../../build/cinematic_control build --build-base /home/julio/Desktop/proyecto_tesis/quadruped_8DOF/build/cinematic_control/build install --record /home/julio/Desktop/proyecto_tesis/quadruped_8DOF/build/cinematic_control/install.log --single-version-externally-managed install_data
[3.850s] Level 1:colcon.colcon_core.environment:checking '/home/julio/Desktop/proyecto_tesis/quadruped_8DOF/install/cinematic_control/bin'
[3.851s] Level 1:colcon.colcon_core.environment:create_environment_scripts_only(cinematic_control)
[3.851s] INFO:colcon.colcon_core.shell:Creating package script '/home/julio/Desktop/proyecto_tesis/quadruped_8DOF/install/cinematic_control/share/cinematic_control/package.ps1'
[3.852s] INFO:colcon.colcon_core.shell:Creating package descriptor '/home/julio/Desktop/proyecto_tesis/quadruped_8DOF/install/cinematic_control/share/cinematic_control/package.dsv'
[3.856s] INFO:colcon.colcon_core.shell:Creating package script '/home/julio/Desktop/proyecto_tesis/quadruped_8DOF/install/cinematic_control/share/cinematic_control/package.sh'
[3.857s] INFO:colcon.colcon_core.shell:Creating package script '/home/julio/Desktop/proyecto_tesis/quadruped_8DOF/install/cinematic_control/share/cinematic_control/package.bash'
[3.858s] INFO:colcon.colcon_core.shell:Creating package script '/home/julio/Desktop/proyecto_tesis/quadruped_8DOF/install/cinematic_control/share/cinematic_control/package.zsh'
[3.858s] Level 1:colcon.colcon_core.environment:create_file_with_runtime_dependencies(/home/julio/Desktop/proyecto_tesis/quadruped_8DOF/install/cinematic_control/share/colcon-core/packages/cinematic_control)
[3.861s] DEBUG:colcon.colcon_parallel_executor.executor.parallel:closing loop
[3.861s] DEBUG:colcon.colcon_parallel_executor.executor.parallel:loop closed
[3.861s] DEBUG:colcon.colcon_parallel_executor.executor.parallel:run_until_complete finished with '0'
[3.862s] DEBUG:colcon.colcon_core.event_reactor:joining thread
[3.877s] INFO:colcon.colcon_core.plugin_system:Skipping extension 'colcon_notification.desktop_notification.terminal_notifier': Not used on non-Darwin systems
[3.878s] INFO:colcon.colcon_core.plugin_system:Skipping extension 'colcon_notification.desktop_notification.win32': Not used on non-Windows systems
[3.878s] INFO:colcon.colcon_notification.desktop_notification:Sending desktop notification using 'notify2'
[3.910s] DEBUG:colcon.colcon_core.event_reactor:joined thread
[3.911s] INFO:colcon.colcon_core.shell:Creating prefix script '/home/julio/Desktop/proyecto_tesis/quadruped_8DOF/install/local_setup.ps1'
[3.912s] INFO:colcon.colcon_core.shell:Creating prefix util module '/home/julio/Desktop/proyecto_tesis/quadruped_8DOF/install/_local_setup_util_ps1.py'
[3.915s] INFO:colcon.colcon_core.shell:Creating prefix chain script '/home/julio/Desktop/proyecto_tesis/quadruped_8DOF/install/setup.ps1'
[3.917s] INFO:colcon.colcon_core.shell:Creating prefix script '/home/julio/Desktop/proyecto_tesis/quadruped_8DOF/install/local_setup.sh'
[3.919s] INFO:colcon.colcon_core.shell:Creating prefix util module '/home/julio/Desktop/proyecto_tesis/quadruped_8DOF/install/_local_setup_util_sh.py'
[3.919s] INFO:colcon.colcon_core.shell:Creating prefix chain script '/home/julio/Desktop/proyecto_tesis/quadruped_8DOF/install/setup.sh'
[3.921s] INFO:colcon.colcon_core.shell:Creating prefix script '/home/julio/Desktop/proyecto_tesis/quadruped_8DOF/install/local_setup.bash'
[3.921s] INFO:colcon.colcon_core.shell:Creating prefix chain script '/home/julio/Desktop/proyecto_tesis/quadruped_8DOF/install/setup.bash'
[3.923s] INFO:colcon.colcon_core.shell:Creating prefix script '/home/julio/Desktop/proyecto_tesis/quadruped_8DOF/install/local_setup.zsh'
[3.925s] INFO:colcon.colcon_core.shell:Creating prefix chain script '/home/julio/Desktop/proyecto_tesis/quadruped_8DOF/install/setup.zsh'
