[0.160s] DEBUG:colcon:Command line arguments: ['/usr/bin/colcon', 'build']
[0.160s] DEBUG:colcon:Parsed command line arguments: Namespace(log_base=None, log_level=None, verb_name='build', build_base='build', install_base='install', merge_install=False, symlink_install=False, test_result_base=None, continue_on_error=False, executor='parallel', parallel_workers=4, event_handlers=None, ignore_user_meta=False, metas=['./colcon.meta'], base_paths=['.'], packages_ignore=None, packages_ignore_regex=None, paths=None, packages_up_to=None, packages_up_to_regex=None, packages_above=None, packages_above_and_dependencies=None, packages_above_depth=None, packages_select_by_dep=None, packages_skip_by_dep=None, packages_skip_up_to=None, packages_select_build_failed=False, packages_skip_build_finished=False, packages_select_test_failures=False, packages_skip_test_passed=False, packages_select=None, packages_skip=None, packages_select_regex=None, packages_skip_regex=None, packages_start=None, packages_end=None, allow_overriding=[], cmake_args=None, cmake_target=None, cmake_target_skip_unavailable=False, cmake_clean_cache=False, cmake_clean_first=False, cmake_force_configure=False, ament_cmake_args=None, catkin_cmake_args=None, catkin_skip_building_tests=False, mixin_files=None, mixin=None, verb_parser=<colcon_mixin.mixin.mixin_argument.MixinArgumentDecorator object at 0x71f77ba2f010>, verb_extension=<colcon_core.verb.build.BuildVerb object at 0x71f77ba2eaa0>, main=<bound method BuildVerb.main of <colcon_core.verb.build.BuildVerb object at 0x71f77ba2eaa0>>, mixin_verb=('build',))
[0.401s] Level 1:colcon.colcon_core.package_discovery:discover_packages(colcon_meta) check parameters
[0.401s] Level 1:colcon.colcon_core.package_discovery:discover_packages(recursive) check parameters
[0.401s] Level 1:colcon.colcon_core.package_discovery:discover_packages(ignore) check parameters
[0.401s] Level 1:colcon.colcon_core.package_discovery:discover_packages(path) check parameters
[0.402s] Level 1:colcon.colcon_core.package_discovery:discover_packages(colcon_meta) discover
[0.402s] Level 1:colcon.colcon_core.package_discovery:discover_packages(recursive) discover
[0.402s] INFO:colcon.colcon_core.package_discovery:Crawling recursively for packages in '/home/maranmen/quadruped_8DOF'
[0.402s] Level 1:colcon.colcon_core.package_identification:_identify(.) by extensions ['ignore', 'ignore_ament_install']
[0.402s] Level 1:colcon.colcon_core.package_identification:_identify(.) by extension 'ignore'
[0.402s] Level 1:colcon.colcon_core.package_identification:_identify(.) by extension 'ignore_ament_install'
[0.402s] Level 1:colcon.colcon_core.package_identification:_identify(.) by extensions ['colcon_pkg']
[0.402s] Level 1:colcon.colcon_core.package_identification:_identify(.) by extension 'colcon_pkg'
[0.402s] Level 1:colcon.colcon_core.package_identification:_identify(.) by extensions ['colcon_meta']
[0.403s] Level 1:colcon.colcon_core.package_identification:_identify(.) by extension 'colcon_meta'
[0.403s] Level 1:colcon.colcon_core.package_identification:_identify(.) by extensions ['ros']
[0.403s] Level 1:colcon.colcon_core.package_identification:_identify(.) by extension 'ros'
[0.417s] Level 1:colcon.colcon_core.package_identification:_identify(.) by extensions ['cmake', 'python']
[0.417s] Level 1:colcon.colcon_core.package_identification:_identify(.) by extension 'cmake'
[0.417s] Level 1:colcon.colcon_core.package_identification:_identify(.) by extension 'python'
[0.418s] Level 1:colcon.colcon_core.package_identification:_identify(.) by extensions ['python_setup_py']
[0.418s] Level 1:colcon.colcon_core.package_identification:_identify(.) by extension 'python_setup_py'
[0.418s] Level 1:colcon.colcon_core.package_identification:_identify(build) by extensions ['ignore', 'ignore_ament_install']
[0.418s] Level 1:colcon.colcon_core.package_identification:_identify(build) by extension 'ignore'
[0.418s] Level 1:colcon.colcon_core.package_identification:_identify(build) ignored
[0.418s] Level 1:colcon.colcon_core.package_identification:_identify(install) by extensions ['ignore', 'ignore_ament_install']
[0.418s] Level 1:colcon.colcon_core.package_identification:_identify(install) by extension 'ignore'
[0.418s] Level 1:colcon.colcon_core.package_identification:_identify(install) ignored
[0.419s] Level 1:colcon.colcon_core.package_identification:_identify(log) by extensions ['ignore', 'ignore_ament_install']
[0.419s] Level 1:colcon.colcon_core.package_identification:_identify(log) by extension 'ignore'
[0.419s] Level 1:colcon.colcon_core.package_identification:_identify(log) ignored
[0.419s] Level 1:colcon.colcon_core.package_identification:_identify(src) by extensions ['ignore', 'ignore_ament_install']
[0.419s] Level 1:colcon.colcon_core.package_identification:_identify(src) by extension 'ignore'
[0.419s] Level 1:colcon.colcon_core.package_identification:_identify(src) by extension 'ignore_ament_install'
[0.419s] Level 1:colcon.colcon_core.package_identification:_identify(src) by extensions ['colcon_pkg']
[0.419s] Level 1:colcon.colcon_core.package_identification:_identify(src) by extension 'colcon_pkg'
[0.419s] Level 1:colcon.colcon_core.package_identification:_identify(src) by extensions ['colcon_meta']
[0.419s] Level 1:colcon.colcon_core.package_identification:_identify(src) by extension 'colcon_meta'
[0.419s] Level 1:colcon.colcon_core.package_identification:_identify(src) by extensions ['ros']
[0.419s] Level 1:colcon.colcon_core.package_identification:_identify(src) by extension 'ros'
[0.420s] Level 1:colcon.colcon_core.package_identification:_identify(src) by extensions ['cmake', 'python']
[0.420s] Level 1:colcon.colcon_core.package_identification:_identify(src) by extension 'cmake'
[0.420s] Level 1:colcon.colcon_core.package_identification:_identify(src) by extension 'python'
[0.420s] Level 1:colcon.colcon_core.package_identification:_identify(src) by extensions ['python_setup_py']
[0.420s] Level 1:colcon.colcon_core.package_identification:_identify(src) by extension 'python_setup_py'
[0.420s] Level 1:colcon.colcon_core.package_identification:_identify(src/cinematic_control) by extensions ['ignore', 'ignore_ament_install']
[0.420s] Level 1:colcon.colcon_core.package_identification:_identify(src/cinematic_control) by extension 'ignore'
[0.420s] Level 1:colcon.colcon_core.package_identification:_identify(src/cinematic_control) by extension 'ignore_ament_install'
[0.420s] Level 1:colcon.colcon_core.package_identification:_identify(src/cinematic_control) by extensions ['colcon_pkg']
[0.420s] Level 1:colcon.colcon_core.package_identification:_identify(src/cinematic_control) by extension 'colcon_pkg'
[0.420s] Level 1:colcon.colcon_core.package_identification:_identify(src/cinematic_control) by extensions ['colcon_meta']
[0.420s] Level 1:colcon.colcon_core.package_identification:_identify(src/cinematic_control) by extension 'colcon_meta'
[0.420s] Level 1:colcon.colcon_core.package_identification:_identify(src/cinematic_control) by extensions ['ros']
[0.420s] Level 1:colcon.colcon_core.package_identification:_identify(src/cinematic_control) by extension 'ros'
[0.423s] DEBUG:colcon.colcon_core.package_identification:Package 'src/cinematic_control' with type 'ros.ament_python' and name 'cinematic_control'
[0.424s] Level 1:colcon.colcon_core.package_identification:_identify(src/quadruped_model) by extensions ['ignore', 'ignore_ament_install']
[0.424s] Level 1:colcon.colcon_core.package_identification:_identify(src/quadruped_model) by extension 'ignore'
[0.424s] Level 1:colcon.colcon_core.package_identification:_identify(src/quadruped_model) by extension 'ignore_ament_install'
[0.424s] Level 1:colcon.colcon_core.package_identification:_identify(src/quadruped_model) by extensions ['colcon_pkg']
[0.424s] Level 1:colcon.colcon_core.package_identification:_identify(src/quadruped_model) by extension 'colcon_pkg'
[0.424s] Level 1:colcon.colcon_core.package_identification:_identify(src/quadruped_model) by extensions ['colcon_meta']
[0.424s] Level 1:colcon.colcon_core.package_identification:_identify(src/quadruped_model) by extension 'colcon_meta'
[0.424s] Level 1:colcon.colcon_core.package_identification:_identify(src/quadruped_model) by extensions ['ros']
[0.424s] Level 1:colcon.colcon_core.package_identification:_identify(src/quadruped_model) by extension 'ros'
[0.425s] DEBUG:colcon.colcon_core.package_identification:Package 'src/quadruped_model' with type 'ros.ament_cmake' and name 'quadruped_model'
[0.425s] Level 1:colcon.colcon_core.package_discovery:discover_packages(recursive) using defaults
[0.425s] Level 1:colcon.colcon_core.package_discovery:discover_packages(ignore) discover
[0.425s] Level 1:colcon.colcon_core.package_discovery:discover_packages(ignore) using defaults
[0.425s] Level 1:colcon.colcon_core.package_discovery:discover_packages(path) discover
[0.425s] Level 1:colcon.colcon_core.package_discovery:discover_packages(path) using defaults
[0.453s] Level 1:colcon.colcon_core.package_discovery:discover_packages(prefix_path) check parameters
[0.453s] Level 1:colcon.colcon_core.package_discovery:discover_packages(prefix_path) discover
[0.454s] WARNING:colcon.colcon_core.prefix_path.colcon:The path '/home/maranmen/Quadruped_8DOF/install' in the environment variable COLCON_PREFIX_PATH doesn't exist
[0.454s] WARNING:colcon.colcon_ros.prefix_path.ament:The path '/home/maranmen/Quadruped_8DOF/install/robotiq_hardware_tests' in the environment variable AMENT_PREFIX_PATH doesn't exist
[0.454s] WARNING:colcon.colcon_ros.prefix_path.ament:The path '/home/maranmen/Quadruped_8DOF/install/robotiq_driver' in the environment variable AMENT_PREFIX_PATH doesn't exist
[0.454s] WARNING:colcon.colcon_ros.prefix_path.ament:The path '/home/maranmen/Quadruped_8DOF/install/serial' in the environment variable AMENT_PREFIX_PATH doesn't exist
[0.455s] WARNING:colcon.colcon_ros.prefix_path.ament:The path '/home/maranmen/Quadruped_8DOF/install/rviz_visual_tools' in the environment variable AMENT_PREFIX_PATH doesn't exist
[0.455s] WARNING:colcon.colcon_ros.prefix_path.ament:The path '/home/maranmen/Quadruped_8DOF/install/rviz_marker_tools' in the environment variable AMENT_PREFIX_PATH doesn't exist
[0.455s] WARNING:colcon.colcon_ros.prefix_path.ament:The path '/home/maranmen/Quadruped_8DOF/install/kortex_bringup' in the environment variable AMENT_PREFIX_PATH doesn't exist
[0.455s] WARNING:colcon.colcon_ros.prefix_path.ament:The path '/home/maranmen/Quadruped_8DOF/install/kortex_description' in the environment variable AMENT_PREFIX_PATH doesn't exist
[0.455s] WARNING:colcon.colcon_ros.prefix_path.ament:The path '/home/maranmen/Quadruped_8DOF/install/robotiq_description' in the environment variable AMENT_PREFIX_PATH doesn't exist
[0.455s] WARNING:colcon.colcon_ros.prefix_path.ament:The path '/home/maranmen/Quadruped_8DOF/install/robotiq_controllers' in the environment variable AMENT_PREFIX_PATH doesn't exist
[0.455s] WARNING:colcon.colcon_ros.prefix_path.ament:The path '/home/maranmen/Quadruped_8DOF/install/quadruped_model' in the environment variable AMENT_PREFIX_PATH doesn't exist
[0.455s] WARNING:colcon.colcon_ros.prefix_path.ament:The path '/home/maranmen/Quadruped_8DOF/install/kortex_driver' in the environment variable AMENT_PREFIX_PATH doesn't exist
[0.456s] WARNING:colcon.colcon_ros.prefix_path.ament:The path '/home/maranmen/Quadruped_8DOF/install/kortex_api' in the environment variable AMENT_PREFIX_PATH doesn't exist
[0.456s] WARNING:colcon.colcon_ros.prefix_path.ament:The path '/home/maranmen/Quadruped_8DOF/install/dual_arm_panda_moveit_config' in the environment variable AMENT_PREFIX_PATH doesn't exist
[0.460s] WARNING:colcon.colcon_ros.prefix_path.catkin:The path '/home/maranmen/Quadruped_8DOF/install/robotiq_hardware_tests' in the environment variable CMAKE_PREFIX_PATH doesn't exist
[0.460s] WARNING:colcon.colcon_ros.prefix_path.catkin:The path '/home/maranmen/Quadruped_8DOF/install/robotiq_driver' in the environment variable CMAKE_PREFIX_PATH doesn't exist
[0.460s] WARNING:colcon.colcon_ros.prefix_path.catkin:The path '/home/maranmen/Quadruped_8DOF/install/serial' in the environment variable CMAKE_PREFIX_PATH doesn't exist
[0.460s] WARNING:colcon.colcon_ros.prefix_path.catkin:The path '/home/maranmen/Quadruped_8DOF/install/rviz_visual_tools' in the environment variable CMAKE_PREFIX_PATH doesn't exist
[0.460s] WARNING:colcon.colcon_ros.prefix_path.catkin:The path '/home/maranmen/Quadruped_8DOF/install/rviz_marker_tools' in the environment variable CMAKE_PREFIX_PATH doesn't exist
[0.460s] WARNING:colcon.colcon_ros.prefix_path.catkin:The path '/home/maranmen/Quadruped_8DOF/install/kortex_bringup' in the environment variable CMAKE_PREFIX_PATH doesn't exist
[0.460s] WARNING:colcon.colcon_ros.prefix_path.catkin:The path '/home/maranmen/Quadruped_8DOF/install/kortex_description' in the environment variable CMAKE_PREFIX_PATH doesn't exist
[0.460s] WARNING:colcon.colcon_ros.prefix_path.catkin:The path '/home/maranmen/Quadruped_8DOF/install/robotiq_description' in the environment variable CMAKE_PREFIX_PATH doesn't exist
[0.460s] WARNING:colcon.colcon_ros.prefix_path.catkin:The path '/home/maranmen/Quadruped_8DOF/install/robotiq_controllers' in the environment variable CMAKE_PREFIX_PATH doesn't exist
[0.461s] WARNING:colcon.colcon_ros.prefix_path.catkin:The path '/home/maranmen/Quadruped_8DOF/install/quadruped_model' in the environment variable CMAKE_PREFIX_PATH doesn't exist
[0.461s] WARNING:colcon.colcon_ros.prefix_path.catkin:The path '/home/maranmen/Quadruped_8DOF/install/kortex_driver' in the environment variable CMAKE_PREFIX_PATH doesn't exist
[0.461s] WARNING:colcon.colcon_ros.prefix_path.catkin:The path '/home/maranmen/Quadruped_8DOF/install/kortex_api' in the environment variable CMAKE_PREFIX_PATH doesn't exist
[0.461s] WARNING:colcon.colcon_ros.prefix_path.catkin:The path '/home/maranmen/Quadruped_8DOF/install/dual_arm_panda_moveit_config' in the environment variable CMAKE_PREFIX_PATH doesn't exist
[0.463s] DEBUG:colcon.colcon_installed_package_information.package_discovery:Found 3 installed packages in /home/maranmen/quadruped_8DOF/install
[0.466s] DEBUG:colcon.colcon_installed_package_information.package_discovery:Found 69 installed packages in /home/maranmen/ws_moveit/install
[0.470s] DEBUG:colcon.colcon_installed_package_information.package_discovery:Found 339 installed packages in /opt/ros/humble
[0.487s] Level 1:colcon.colcon_core.package_discovery:discover_packages(prefix_path) using defaults
[0.711s] Level 5:colcon.colcon_core.verb:set package 'quadruped_model' build argument 'cmake_args' from command line to 'None'
[0.711s] Level 5:colcon.colcon_core.verb:set package 'quadruped_model' build argument 'cmake_target' from command line to 'None'
[0.711s] Level 5:colcon.colcon_core.verb:set package 'quadruped_model' build argument 'cmake_target_skip_unavailable' from command line to 'False'
[0.711s] Level 5:colcon.colcon_core.verb:set package 'quadruped_model' build argument 'cmake_clean_cache' from command line to 'False'
[0.711s] Level 5:colcon.colcon_core.verb:set package 'quadruped_model' build argument 'cmake_clean_first' from command line to 'False'
[0.711s] Level 5:colcon.colcon_core.verb:set package 'quadruped_model' build argument 'cmake_force_configure' from command line to 'False'
[0.711s] Level 5:colcon.colcon_core.verb:set package 'quadruped_model' build argument 'ament_cmake_args' from command line to 'None'
[0.711s] Level 5:colcon.colcon_core.verb:set package 'quadruped_model' build argument 'catkin_cmake_args' from command line to 'None'
[0.711s] Level 5:colcon.colcon_core.verb:set package 'quadruped_model' build argument 'catkin_skip_building_tests' from command line to 'False'
[0.711s] DEBUG:colcon.colcon_core.verb:Building package 'quadruped_model' with the following arguments: {'ament_cmake_args': None, 'build_base': '/home/maranmen/quadruped_8DOF/build/quadruped_model', 'catkin_cmake_args': None, 'catkin_skip_building_tests': False, 'cmake_args': None, 'cmake_clean_cache': False, 'cmake_clean_first': False, 'cmake_force_configure': False, 'cmake_target': None, 'cmake_target_skip_unavailable': False, 'install_base': '/home/maranmen/quadruped_8DOF/install/quadruped_model', 'merge_install': False, 'path': '/home/maranmen/quadruped_8DOF/src/quadruped_model', 'symlink_install': False, 'test_result_base': None}
[0.712s] Level 5:colcon.colcon_core.verb:set package 'cinematic_control' build argument 'cmake_args' from command line to 'None'
[0.712s] Level 5:colcon.colcon_core.verb:set package 'cinematic_control' build argument 'cmake_target' from command line to 'None'
[0.712s] Level 5:colcon.colcon_core.verb:set package 'cinematic_control' build argument 'cmake_target_skip_unavailable' from command line to 'False'
[0.712s] Level 5:colcon.colcon_core.verb:set package 'cinematic_control' build argument 'cmake_clean_cache' from command line to 'False'
[0.712s] Level 5:colcon.colcon_core.verb:set package 'cinematic_control' build argument 'cmake_clean_first' from command line to 'False'
[0.712s] Level 5:colcon.colcon_core.verb:set package 'cinematic_control' build argument 'cmake_force_configure' from command line to 'False'
[0.712s] Level 5:colcon.colcon_core.verb:set package 'cinematic_control' build argument 'ament_cmake_args' from command line to 'None'
[0.712s] Level 5:colcon.colcon_core.verb:set package 'cinematic_control' build argument 'catkin_cmake_args' from command line to 'None'
[0.712s] Level 5:colcon.colcon_core.verb:set package 'cinematic_control' build argument 'catkin_skip_building_tests' from command line to 'False'
[0.712s] DEBUG:colcon.colcon_core.verb:Building package 'cinematic_control' with the following arguments: {'ament_cmake_args': None, 'build_base': '/home/maranmen/quadruped_8DOF/build/cinematic_control', 'catkin_cmake_args': None, 'catkin_skip_building_tests': False, 'cmake_args': None, 'cmake_clean_cache': False, 'cmake_clean_first': False, 'cmake_force_configure': False, 'cmake_target': None, 'cmake_target_skip_unavailable': False, 'install_base': '/home/maranmen/quadruped_8DOF/install/cinematic_control', 'merge_install': False, 'path': '/home/maranmen/quadruped_8DOF/src/cinematic_control', 'symlink_install': False, 'test_result_base': None}
[0.712s] INFO:colcon.colcon_core.executor:Executing jobs using 'parallel' executor
[0.714s] DEBUG:colcon.colcon_parallel_executor.executor.parallel:run_until_complete
[0.714s] INFO:colcon.colcon_ros.task.ament_cmake.build:Building ROS package in '/home/maranmen/quadruped_8DOF/src/quadruped_model' with build type 'ament_cmake'
[0.715s] INFO:colcon.colcon_cmake.task.cmake.build:Building CMake package in '/home/maranmen/quadruped_8DOF/src/quadruped_model'
[0.717s] INFO:colcon.colcon_core.plugin_system:Skipping extension 'colcon_core.shell.bat': Not used on non-Windows systems
[0.718s] INFO:colcon.colcon_core.shell:Skip shell extension 'powershell' for command environment: Not usable outside of PowerShell
[0.718s] DEBUG:colcon.colcon_core.shell:Skip shell extension 'dsv' for command environment
[0.747s] DEBUG:colcon.colcon_core.event_handler.log_command:Invoking command in '/home/maranmen/quadruped_8DOF/build/quadruped_model': CMAKE_PREFIX_PATH=${CMAKE_PREFIX_PATH}:/home/maranmen/quadruped_8DOF/install/cinematic_control:/home/maranmen/ws_moveit/install/moveit_configs_utils:/opt/ros/humble /usr/bin/cmake --build /home/maranmen/quadruped_8DOF/build/quadruped_model -- -j4 -l4
[0.878s] DEBUG:colcon.colcon_core.event_handler.log_command:Invoked command in '/home/maranmen/quadruped_8DOF/build/quadruped_model' returned '0': CMAKE_PREFIX_PATH=${CMAKE_PREFIX_PATH}:/home/maranmen/quadruped_8DOF/install/cinematic_control:/home/maranmen/ws_moveit/install/moveit_configs_utils:/opt/ros/humble /usr/bin/cmake --build /home/maranmen/quadruped_8DOF/build/quadruped_model -- -j4 -l4
[0.995s] DEBUG:colcon.colcon_core.event_handler.log_command:Invoking command in '/home/maranmen/quadruped_8DOF/build/quadruped_model': CMAKE_PREFIX_PATH=${CMAKE_PREFIX_PATH}:/home/maranmen/quadruped_8DOF/install/cinematic_control:/home/maranmen/ws_moveit/install/moveit_configs_utils:/opt/ros/humble /usr/bin/cmake --install /home/maranmen/quadruped_8DOF/build/quadruped_model
[1.022s] Level 1:colcon.colcon_core.environment:create_environment_scripts_only(quadruped_model)
[1.023s] DEBUG:colcon.colcon_core.event_handler.log_command:Invoked command in '/home/maranmen/quadruped_8DOF/build/quadruped_model' returned '0': CMAKE_PREFIX_PATH=${CMAKE_PREFIX_PATH}:/home/maranmen/quadruped_8DOF/install/cinematic_control:/home/maranmen/ws_moveit/install/moveit_configs_utils:/opt/ros/humble /usr/bin/cmake --install /home/maranmen/quadruped_8DOF/build/quadruped_model
[1.026s] Level 1:colcon.colcon_core.environment:checking '/home/maranmen/quadruped_8DOF/install/quadruped_model' for CMake module files
[1.026s] Level 1:colcon.colcon_core.environment:checking '/home/maranmen/quadruped_8DOF/install/quadruped_model' for CMake config files
[1.027s] Level 1:colcon.colcon_core.shell:create_environment_hook('quadruped_model', 'cmake_prefix_path')
[1.027s] INFO:colcon.colcon_core.shell:Creating environment hook '/home/maranmen/quadruped_8DOF/install/quadruped_model/share/quadruped_model/hook/cmake_prefix_path.ps1'
[1.028s] INFO:colcon.colcon_core.shell:Creating environment descriptor '/home/maranmen/quadruped_8DOF/install/quadruped_model/share/quadruped_model/hook/cmake_prefix_path.dsv'
[1.029s] INFO:colcon.colcon_core.shell:Creating environment hook '/home/maranmen/quadruped_8DOF/install/quadruped_model/share/quadruped_model/hook/cmake_prefix_path.sh'
[1.030s] Level 1:colcon.colcon_core.environment:checking '/home/maranmen/quadruped_8DOF/install/quadruped_model/lib'
[1.030s] Level 1:colcon.colcon_core.environment:checking '/home/maranmen/quadruped_8DOF/install/quadruped_model/bin'
[1.030s] Level 1:colcon.colcon_core.environment:checking '/home/maranmen/quadruped_8DOF/install/quadruped_model/lib/pkgconfig/quadruped_model.pc'
[1.030s] Level 1:colcon.colcon_core.environment:checking '/home/maranmen/quadruped_8DOF/install/quadruped_model/lib/python3.10/site-packages'
[1.031s] Level 1:colcon.colcon_core.shell:create_environment_hook('quadruped_model', 'pythonpath')
[1.031s] INFO:colcon.colcon_core.shell:Creating environment hook '/home/maranmen/quadruped_8DOF/install/quadruped_model/share/quadruped_model/hook/pythonpath.ps1'
[1.031s] INFO:colcon.colcon_core.shell:Creating environment descriptor '/home/maranmen/quadruped_8DOF/install/quadruped_model/share/quadruped_model/hook/pythonpath.dsv'
[1.032s] INFO:colcon.colcon_core.shell:Creating environment hook '/home/maranmen/quadruped_8DOF/install/quadruped_model/share/quadruped_model/hook/pythonpath.sh'
[1.033s] Level 1:colcon.colcon_core.environment:checking '/home/maranmen/quadruped_8DOF/install/quadruped_model/bin'
[1.033s] INFO:colcon.colcon_core.shell:Creating package script '/home/maranmen/quadruped_8DOF/install/quadruped_model/share/quadruped_model/package.ps1'
[1.034s] INFO:colcon.colcon_core.shell:Creating package descriptor '/home/maranmen/quadruped_8DOF/install/quadruped_model/share/quadruped_model/package.dsv'
[1.035s] INFO:colcon.colcon_core.shell:Creating package script '/home/maranmen/quadruped_8DOF/install/quadruped_model/share/quadruped_model/package.sh'
[1.036s] INFO:colcon.colcon_core.shell:Creating package script '/home/maranmen/quadruped_8DOF/install/quadruped_model/share/quadruped_model/package.bash'
[1.037s] INFO:colcon.colcon_core.shell:Creating package script '/home/maranmen/quadruped_8DOF/install/quadruped_model/share/quadruped_model/package.zsh'
[1.039s] Level 1:colcon.colcon_core.environment:create_file_with_runtime_dependencies(/home/maranmen/quadruped_8DOF/install/quadruped_model/share/colcon-core/packages/quadruped_model)
[1.134s] Level 1:colcon.colcon_core.environment:create_environment_scripts_only(quadruped_model)
[1.134s] Level 1:colcon.colcon_core.environment:checking '/home/maranmen/quadruped_8DOF/install/quadruped_model' for CMake module files
[1.135s] Level 1:colcon.colcon_core.environment:checking '/home/maranmen/quadruped_8DOF/install/quadruped_model' for CMake config files
[1.135s] Level 1:colcon.colcon_core.shell:create_environment_hook('quadruped_model', 'cmake_prefix_path')
[1.135s] INFO:colcon.colcon_core.shell:Creating environment hook '/home/maranmen/quadruped_8DOF/install/quadruped_model/share/quadruped_model/hook/cmake_prefix_path.ps1'
[1.136s] INFO:colcon.colcon_core.shell:Creating environment descriptor '/home/maranmen/quadruped_8DOF/install/quadruped_model/share/quadruped_model/hook/cmake_prefix_path.dsv'
[1.137s] INFO:colcon.colcon_core.shell:Creating environment hook '/home/maranmen/quadruped_8DOF/install/quadruped_model/share/quadruped_model/hook/cmake_prefix_path.sh'
[1.138s] Level 1:colcon.colcon_core.environment:checking '/home/maranmen/quadruped_8DOF/install/quadruped_model/lib'
[1.138s] Level 1:colcon.colcon_core.environment:checking '/home/maranmen/quadruped_8DOF/install/quadruped_model/bin'
[1.138s] Level 1:colcon.colcon_core.environment:checking '/home/maranmen/quadruped_8DOF/install/quadruped_model/lib/pkgconfig/quadruped_model.pc'
[1.138s] Level 1:colcon.colcon_core.environment:checking '/home/maranmen/quadruped_8DOF/install/quadruped_model/lib/python3.10/site-packages'
[1.138s] Level 1:colcon.colcon_core.shell:create_environment_hook('quadruped_model', 'pythonpath')
[1.139s] INFO:colcon.colcon_core.shell:Creating environment hook '/home/maranmen/quadruped_8DOF/install/quadruped_model/share/quadruped_model/hook/pythonpath.ps1'
[1.139s] INFO:colcon.colcon_core.shell:Creating environment descriptor '/home/maranmen/quadruped_8DOF/install/quadruped_model/share/quadruped_model/hook/pythonpath.dsv'
[1.140s] INFO:colcon.colcon_core.shell:Creating environment hook '/home/maranmen/quadruped_8DOF/install/quadruped_model/share/quadruped_model/hook/pythonpath.sh'
[1.141s] Level 1:colcon.colcon_core.environment:checking '/home/maranmen/quadruped_8DOF/install/quadruped_model/bin'
[1.141s] INFO:colcon.colcon_core.shell:Creating package script '/home/maranmen/quadruped_8DOF/install/quadruped_model/share/quadruped_model/package.ps1'
[1.142s] INFO:colcon.colcon_core.shell:Creating package descriptor '/home/maranmen/quadruped_8DOF/install/quadruped_model/share/quadruped_model/package.dsv'
[1.143s] INFO:colcon.colcon_core.shell:Creating package script '/home/maranmen/quadruped_8DOF/install/quadruped_model/share/quadruped_model/package.sh'
[1.143s] INFO:colcon.colcon_core.shell:Creating package script '/home/maranmen/quadruped_8DOF/install/quadruped_model/share/quadruped_model/package.bash'
[1.144s] INFO:colcon.colcon_core.shell:Creating package script '/home/maranmen/quadruped_8DOF/install/quadruped_model/share/quadruped_model/package.zsh'
[1.145s] Level 1:colcon.colcon_core.environment:create_file_with_runtime_dependencies(/home/maranmen/quadruped_8DOF/install/quadruped_model/share/colcon-core/packages/quadruped_model)
[1.145s] INFO:colcon.colcon_ros.task.ament_python.build:Building ROS package in '/home/maranmen/quadruped_8DOF/src/cinematic_control' with build type 'ament_python'
[1.146s] Level 1:colcon.colcon_core.shell:create_environment_hook('cinematic_control', 'ament_prefix_path')
[1.146s] INFO:colcon.colcon_core.shell:Creating environment hook '/home/maranmen/quadruped_8DOF/install/cinematic_control/share/cinematic_control/hook/ament_prefix_path.ps1'
[1.147s] INFO:colcon.colcon_core.shell:Creating environment descriptor '/home/maranmen/quadruped_8DOF/install/cinematic_control/share/cinematic_control/hook/ament_prefix_path.dsv'
[1.148s] INFO:colcon.colcon_core.shell:Creating environment hook '/home/maranmen/quadruped_8DOF/install/cinematic_control/share/cinematic_control/hook/ament_prefix_path.sh'
[1.149s] INFO:colcon.colcon_core.shell:Skip shell extension 'powershell' for command environment: Not usable outside of PowerShell
[1.149s] DEBUG:colcon.colcon_core.shell:Skip shell extension 'dsv' for command environment
[1.577s] INFO:colcon.colcon_core.task.python.build:Building Python package in '/home/maranmen/quadruped_8DOF/src/cinematic_control'
[1.577s] INFO:colcon.colcon_core.shell:Skip shell extension 'powershell' for command environment: Not usable outside of PowerShell
[1.577s] DEBUG:colcon.colcon_core.shell:Skip shell extension 'dsv' for command environment
[2.142s] DEBUG:colcon.colcon_core.event_handler.log_command:Invoking command in '/home/maranmen/quadruped_8DOF/src/cinematic_control': CMAKE_PREFIX_PATH=/home/maranmen/quadruped_8DOF/install/quadruped_model:/home/maranmen/quadruped_8DOF/install/quadruped_model_msg:/home/maranmen/Quadruped_8DOF/install/robotiq_hardware_tests:/home/maranmen/Quadruped_8DOF/install/robotiq_driver:/home/maranmen/Quadruped_8DOF/install/serial:/home/maranmen/Quadruped_8DOF/install/rviz_visual_tools:/home/maranmen/Quadruped_8DOF/install/rviz_marker_tools:/home/maranmen/Quadruped_8DOF/install/kortex_bringup:/home/maranmen/Quadruped_8DOF/install/kortex_description:/home/maranmen/Quadruped_8DOF/install/robotiq_description:/home/maranmen/Quadruped_8DOF/install/robotiq_controllers:/home/maranmen/Quadruped_8DOF/install/quadruped_model:/home/maranmen/Quadruped_8DOF/install/kortex_driver:/home/maranmen/Quadruped_8DOF/install/kortex_api:/home/maranmen/Quadruped_8DOF/install/dual_arm_panda_moveit_config:/home/maranmen/ws_moveit/install/robotiq_hardware_tests:/home/maranmen/ws_moveit/install/robotiq_driver:/home/maranmen/ws_moveit/install/serial:/home/maranmen/ws_moveit/install/moveit2_tutorials:/home/maranmen/ws_moveit/install/moveit_visual_tools:/home/maranmen/ws_moveit/install/rviz_visual_tools:/home/maranmen/ws_moveit/install/moveit_task_constructor_visualization:/home/maranmen/ws_moveit/install/moveit_task_constructor_demo:/home/maranmen/ws_moveit/install/moveit_task_constructor_capabilities:/home/maranmen/ws_moveit/install/moveit_task_constructor_core:/home/maranmen/ws_moveit/install/rviz_marker_tools:/home/maranmen/ws_moveit/install/kortex_bringup:/home/maranmen/ws_moveit/install/kinova_gen3_7dof_robotiq_2f_85_moveit_config:/home/maranmen/ws_moveit/install/kinova_gen3_6dof_robotiq_2f_85_moveit_config:/home/maranmen/ws_moveit/install/kortex_description:/home/maranmen/ws_moveit/install/robotiq_description:/home/maranmen/ws_moveit/install/robotiq_controllers:/home/maranmen/ws_moveit/install/pilz_industrial_motion_planner_testutils:/home/maranmen/ws_moveit/install/moveit_runtime:/home/maranmen/ws_moveit/install/moveit:/home/maranmen/ws_moveit/install/moveit_planners:/home/maranmen/ws_moveit/install/pilz_industrial_motion_planner:/home/maranmen/ws_moveit/install/pick_ik:/home/maranmen/ws_moveit/install/moveit_task_constructor_msgs:/home/maranmen/ws_moveit/install/moveit_ros_control_interface:/home/maranmen/ws_moveit/install/moveit_plugins:/home/maranmen/ws_moveit/install/moveit_simple_controller_manager:/home/maranmen/ws_moveit/install/moveit_setup_assistant:/home/maranmen/ws_moveit/install/moveit_setup_srdf_plugins:/home/maranmen/ws_moveit/install/moveit_setup_core_plugins:/home/maranmen/ws_moveit/install/moveit_setup_controllers:/home/maranmen/ws_moveit/install/moveit_setup_app_plugins:/home/maranmen/ws_moveit/install/moveit_setup_framework:/home/maranmen/ws_moveit/install/moveit_servo:/home/maranmen/ws_moveit/install/moveit_ros:/home/maranmen/ws_moveit/install/moveit_ros_visualization:/home/maranmen/ws_moveit/install/moveit_py:/home/maranmen/ws_moveit/install/moveit_hybrid_planning:/home/maranmen/ws_moveit/install/moveit_ros_planning_interface:/home/maranmen/ws_moveit/install/moveit_ros_benchmarks:/home/maranmen/ws_moveit/install/moveit_ros_warehouse:/home/maranmen/ws_moveit/install/moveit_ros_robot_interaction:/home/maranmen/ws_moveit/install/moveit_ros_perception:/home/maranmen/ws_moveit/install/moveit_resources_prbt_pg70_support:/home/maranmen/ws_moveit/install/moveit_resources_prbt_moveit_config:/home/maranmen/ws_moveit/install/moveit_ros_move_group:/home/maranmen/ws_moveit/install/moveit_planners_ompl:/home/maranmen/ws_moveit/install/moveit_kinematics:/home/maranmen/ws_moveit/install/moveit_ros_planning:/home/maranmen/ws_moveit/install/moveit_ros_occupancy_map_monitor:/home/maranmen/ws_moveit/install/moveit_resources_prbt_support:/home/maranmen/ws_moveit/install/moveit_resources_prbt_ikfast_manipulator_plugin:/home/maranmen/ws_moveit/install/moveit_resources:/home/maranmen/ws_moveit/install/moveit_resources_pr2_description:/home/maranmen/ws_moveit/install/moveit_resources_panda_moveit_config:/home/maranmen/ws_moveit/install/dual_arm_panda_moveit_config:/home/maranmen/ws_moveit/install/moveit_resources_panda_description:/home/maranmen/ws_moveit/install/moveit_resources_fanuc_moveit_config:/home/maranmen/ws_moveit/install/moveit_resources_fanuc_description:/home/maranmen/ws_moveit/install/moveit_planners_stomp:/home/maranmen/ws_moveit/install/moveit_planners_chomp:/home/maranmen/ws_moveit/install/chomp_motion_planner:/home/maranmen/ws_moveit/install/moveit_core:/home/maranmen/ws_moveit/install/moveit_msgs:/home/maranmen/ws_moveit/install/moveit_common:/home/maranmen/ws_moveit/install/kortex_driver:/home/maranmen/ws_moveit/install/kortex_api PYTHONPATH=/home/maranmen/quadruped_8DOF/build/cinematic_control/prefix_override:/usr/lib/python3/dist-packages/colcon_core/task/python/colcon_distutils_commands:/home/maranmen/quadruped_8DOF/install/cinematic_control/lib/python3.10/site-packages:/home/maranmen/quadruped_8DOF/install/quadruped_model/lib/python3.10/site-packages:/home/maranmen/quadruped_8DOF/install/cinematic_control/lib/python3.10/site-packages:/home/maranmen/Quadruped_8DOF/install/quadruped_model/lib/python3.10/site-packages:/home/maranmen/ws_moveit/install/moveit_task_constructor_msgs/local/lib/python3.10/dist-packages:/home/maranmen/ws_moveit/install/moveit_py/local/lib/python3.10/dist-packages:/home/maranmen/ws_moveit/install/moveit_msgs/local/lib/python3.10/dist-packages:/home/maranmen/ws_moveit/install/moveit_configs_utils/lib/python3.10/site-packages:/opt/ros/humble/lib/python3.10/site-packages:/opt/ros/humble/local/lib/python3.10/dist-packages /usr/bin/python3 -W ignore:setup.py install is deprecated setup.py egg_info --egg-base ../../build/cinematic_control build --build-base /home/maranmen/quadruped_8DOF/build/cinematic_control/build install --record /home/maranmen/quadruped_8DOF/build/cinematic_control/install.log --single-version-externally-managed install_data
[2.595s] Level 1:colcon.colcon_core.environment:checking '/home/maranmen/quadruped_8DOF/install/cinematic_control' for CMake module files
[2.596s] DEBUG:colcon.colcon_core.event_handler.log_command:Invoked command in '/home/maranmen/quadruped_8DOF/src/cinematic_control' returned '0': CMAKE_PREFIX_PATH=/home/maranmen/quadruped_8DOF/install/quadruped_model:/home/maranmen/quadruped_8DOF/install/quadruped_model_msg:/home/maranmen/Quadruped_8DOF/install/robotiq_hardware_tests:/home/maranmen/Quadruped_8DOF/install/robotiq_driver:/home/maranmen/Quadruped_8DOF/install/serial:/home/maranmen/Quadruped_8DOF/install/rviz_visual_tools:/home/maranmen/Quadruped_8DOF/install/rviz_marker_tools:/home/maranmen/Quadruped_8DOF/install/kortex_bringup:/home/maranmen/Quadruped_8DOF/install/kortex_description:/home/maranmen/Quadruped_8DOF/install/robotiq_description:/home/maranmen/Quadruped_8DOF/install/robotiq_controllers:/home/maranmen/Quadruped_8DOF/install/quadruped_model:/home/maranmen/Quadruped_8DOF/install/kortex_driver:/home/maranmen/Quadruped_8DOF/install/kortex_api:/home/maranmen/Quadruped_8DOF/install/dual_arm_panda_moveit_config:/home/maranmen/ws_moveit/install/robotiq_hardware_tests:/home/maranmen/ws_moveit/install/robotiq_driver:/home/maranmen/ws_moveit/install/serial:/home/maranmen/ws_moveit/install/moveit2_tutorials:/home/maranmen/ws_moveit/install/moveit_visual_tools:/home/maranmen/ws_moveit/install/rviz_visual_tools:/home/maranmen/ws_moveit/install/moveit_task_constructor_visualization:/home/maranmen/ws_moveit/install/moveit_task_constructor_demo:/home/maranmen/ws_moveit/install/moveit_task_constructor_capabilities:/home/maranmen/ws_moveit/install/moveit_task_constructor_core:/home/maranmen/ws_moveit/install/rviz_marker_tools:/home/maranmen/ws_moveit/install/kortex_bringup:/home/maranmen/ws_moveit/install/kinova_gen3_7dof_robotiq_2f_85_moveit_config:/home/maranmen/ws_moveit/install/kinova_gen3_6dof_robotiq_2f_85_moveit_config:/home/maranmen/ws_moveit/install/kortex_description:/home/maranmen/ws_moveit/install/robotiq_description:/home/maranmen/ws_moveit/install/robotiq_controllers:/home/maranmen/ws_moveit/install/pilz_industrial_motion_planner_testutils:/home/maranmen/ws_moveit/install/moveit_runtime:/home/maranmen/ws_moveit/install/moveit:/home/maranmen/ws_moveit/install/moveit_planners:/home/maranmen/ws_moveit/install/pilz_industrial_motion_planner:/home/maranmen/ws_moveit/install/pick_ik:/home/maranmen/ws_moveit/install/moveit_task_constructor_msgs:/home/maranmen/ws_moveit/install/moveit_ros_control_interface:/home/maranmen/ws_moveit/install/moveit_plugins:/home/maranmen/ws_moveit/install/moveit_simple_controller_manager:/home/maranmen/ws_moveit/install/moveit_setup_assistant:/home/maranmen/ws_moveit/install/moveit_setup_srdf_plugins:/home/maranmen/ws_moveit/install/moveit_setup_core_plugins:/home/maranmen/ws_moveit/install/moveit_setup_controllers:/home/maranmen/ws_moveit/install/moveit_setup_app_plugins:/home/maranmen/ws_moveit/install/moveit_setup_framework:/home/maranmen/ws_moveit/install/moveit_servo:/home/maranmen/ws_moveit/install/moveit_ros:/home/maranmen/ws_moveit/install/moveit_ros_visualization:/home/maranmen/ws_moveit/install/moveit_py:/home/maranmen/ws_moveit/install/moveit_hybrid_planning:/home/maranmen/ws_moveit/install/moveit_ros_planning_interface:/home/maranmen/ws_moveit/install/moveit_ros_benchmarks:/home/maranmen/ws_moveit/install/moveit_ros_warehouse:/home/maranmen/ws_moveit/install/moveit_ros_robot_interaction:/home/maranmen/ws_moveit/install/moveit_ros_perception:/home/maranmen/ws_moveit/install/moveit_resources_prbt_pg70_support:/home/maranmen/ws_moveit/install/moveit_resources_prbt_moveit_config:/home/maranmen/ws_moveit/install/moveit_ros_move_group:/home/maranmen/ws_moveit/install/moveit_planners_ompl:/home/maranmen/ws_moveit/install/moveit_kinematics:/home/maranmen/ws_moveit/install/moveit_ros_planning:/home/maranmen/ws_moveit/install/moveit_ros_occupancy_map_monitor:/home/maranmen/ws_moveit/install/moveit_resources_prbt_support:/home/maranmen/ws_moveit/install/moveit_resources_prbt_ikfast_manipulator_plugin:/home/maranmen/ws_moveit/install/moveit_resources:/home/maranmen/ws_moveit/install/moveit_resources_pr2_description:/home/maranmen/ws_moveit/install/moveit_resources_panda_moveit_config:/home/maranmen/ws_moveit/install/dual_arm_panda_moveit_config:/home/maranmen/ws_moveit/install/moveit_resources_panda_description:/home/maranmen/ws_moveit/install/moveit_resources_fanuc_moveit_config:/home/maranmen/ws_moveit/install/moveit_resources_fanuc_description:/home/maranmen/ws_moveit/install/moveit_planners_stomp:/home/maranmen/ws_moveit/install/moveit_planners_chomp:/home/maranmen/ws_moveit/install/chomp_motion_planner:/home/maranmen/ws_moveit/install/moveit_core:/home/maranmen/ws_moveit/install/moveit_msgs:/home/maranmen/ws_moveit/install/moveit_common:/home/maranmen/ws_moveit/install/kortex_driver:/home/maranmen/ws_moveit/install/kortex_api PYTHONPATH=/home/maranmen/quadruped_8DOF/build/cinematic_control/prefix_override:/usr/lib/python3/dist-packages/colcon_core/task/python/colcon_distutils_commands:/home/maranmen/quadruped_8DOF/install/cinematic_control/lib/python3.10/site-packages:/home/maranmen/quadruped_8DOF/install/quadruped_model/lib/python3.10/site-packages:/home/maranmen/quadruped_8DOF/install/cinematic_control/lib/python3.10/site-packages:/home/maranmen/Quadruped_8DOF/install/quadruped_model/lib/python3.10/site-packages:/home/maranmen/ws_moveit/install/moveit_task_constructor_msgs/local/lib/python3.10/dist-packages:/home/maranmen/ws_moveit/install/moveit_py/local/lib/python3.10/dist-packages:/home/maranmen/ws_moveit/install/moveit_msgs/local/lib/python3.10/dist-packages:/home/maranmen/ws_moveit/install/moveit_configs_utils/lib/python3.10/site-packages:/opt/ros/humble/lib/python3.10/site-packages:/opt/ros/humble/local/lib/python3.10/dist-packages /usr/bin/python3 -W ignore:setup.py install is deprecated setup.py egg_info --egg-base ../../build/cinematic_control build --build-base /home/maranmen/quadruped_8DOF/build/cinematic_control/build install --record /home/maranmen/quadruped_8DOF/build/cinematic_control/install.log --single-version-externally-managed install_data
[2.596s] Level 1:colcon.colcon_core.environment:checking '/home/maranmen/quadruped_8DOF/install/cinematic_control' for CMake config files
[2.597s] Level 1:colcon.colcon_core.environment:checking '/home/maranmen/quadruped_8DOF/install/cinematic_control/lib'
[2.597s] Level 1:colcon.colcon_core.environment:checking '/home/maranmen/quadruped_8DOF/install/cinematic_control/bin'
[2.597s] Level 1:colcon.colcon_core.environment:checking '/home/maranmen/quadruped_8DOF/install/cinematic_control/lib/pkgconfig/cinematic_control.pc'
[2.598s] Level 1:colcon.colcon_core.environment:checking '/home/maranmen/quadruped_8DOF/install/cinematic_control/lib/python3.10/site-packages'
[2.598s] Level 1:colcon.colcon_core.shell:create_environment_hook('cinematic_control', 'pythonpath')
[2.598s] INFO:colcon.colcon_core.shell:Creating environment hook '/home/maranmen/quadruped_8DOF/install/cinematic_control/share/cinematic_control/hook/pythonpath.ps1'
[2.599s] INFO:colcon.colcon_core.shell:Creating environment descriptor '/home/maranmen/quadruped_8DOF/install/cinematic_control/share/cinematic_control/hook/pythonpath.dsv'
[2.599s] INFO:colcon.colcon_core.shell:Creating environment hook '/home/maranmen/quadruped_8DOF/install/cinematic_control/share/cinematic_control/hook/pythonpath.sh'
[2.600s] Level 1:colcon.colcon_core.environment:checking '/home/maranmen/quadruped_8DOF/install/cinematic_control/bin'
[2.600s] Level 1:colcon.colcon_core.environment:create_environment_scripts_only(cinematic_control)
[2.601s] INFO:colcon.colcon_core.shell:Creating package script '/home/maranmen/quadruped_8DOF/install/cinematic_control/share/cinematic_control/package.ps1'
[2.602s] INFO:colcon.colcon_core.shell:Creating package descriptor '/home/maranmen/quadruped_8DOF/install/cinematic_control/share/cinematic_control/package.dsv'
[2.603s] INFO:colcon.colcon_core.shell:Creating package script '/home/maranmen/quadruped_8DOF/install/cinematic_control/share/cinematic_control/package.sh'
[2.603s] INFO:colcon.colcon_core.shell:Creating package script '/home/maranmen/quadruped_8DOF/install/cinematic_control/share/cinematic_control/package.bash'
[2.604s] INFO:colcon.colcon_core.shell:Creating package script '/home/maranmen/quadruped_8DOF/install/cinematic_control/share/cinematic_control/package.zsh'
[2.604s] Level 1:colcon.colcon_core.environment:create_file_with_runtime_dependencies(/home/maranmen/quadruped_8DOF/install/cinematic_control/share/colcon-core/packages/cinematic_control)
[2.605s] DEBUG:colcon.colcon_parallel_executor.executor.parallel:closing loop
[2.606s] DEBUG:colcon.colcon_parallel_executor.executor.parallel:loop closed
[2.606s] DEBUG:colcon.colcon_parallel_executor.executor.parallel:run_until_complete finished with '0'
[2.606s] DEBUG:colcon.colcon_core.event_reactor:joining thread
[2.614s] INFO:colcon.colcon_core.plugin_system:Skipping extension 'colcon_notification.desktop_notification.terminal_notifier': Not used on non-Darwin systems
[2.615s] INFO:colcon.colcon_core.plugin_system:Skipping extension 'colcon_notification.desktop_notification.win32': Not used on non-Windows systems
[2.615s] INFO:colcon.colcon_notification.desktop_notification:Sending desktop notification using 'notify2'
[2.638s] DEBUG:colcon.colcon_core.event_reactor:joined thread
[2.638s] INFO:colcon.colcon_core.shell:Creating prefix script '/home/maranmen/quadruped_8DOF/install/local_setup.ps1'
[2.641s] INFO:colcon.colcon_core.shell:Creating prefix util module '/home/maranmen/quadruped_8DOF/install/_local_setup_util_ps1.py'
[2.644s] INFO:colcon.colcon_core.shell:Creating prefix chain script '/home/maranmen/quadruped_8DOF/install/setup.ps1'
[2.652s] INFO:colcon.colcon_core.shell:Creating prefix script '/home/maranmen/quadruped_8DOF/install/local_setup.sh'
[2.654s] INFO:colcon.colcon_core.shell:Creating prefix util module '/home/maranmen/quadruped_8DOF/install/_local_setup_util_sh.py'
[2.655s] INFO:colcon.colcon_core.shell:Creating prefix chain script '/home/maranmen/quadruped_8DOF/install/setup.sh'
[2.662s] INFO:colcon.colcon_core.shell:Creating prefix script '/home/maranmen/quadruped_8DOF/install/local_setup.bash'
[2.664s] INFO:colcon.colcon_core.shell:Creating prefix chain script '/home/maranmen/quadruped_8DOF/install/setup.bash'
[2.674s] INFO:colcon.colcon_core.shell:Creating prefix script '/home/maranmen/quadruped_8DOF/install/local_setup.zsh'
[2.675s] INFO:colcon.colcon_core.shell:Creating prefix chain script '/home/maranmen/quadruped_8DOF/install/setup.zsh'
