[0.021s] Invoking command in '/home/maranmen/Quadruped_8DOF/build/moveit_msgs': CMAKE_PREFIX_PATH=/home/maranmen/Quadruped_8DOF/install/quadruped_model:/opt/ros/humble /usr/bin/cmake /home/maranmen/Quadruped_8DOF/src/moveit_msgs -DCMAKE_BUILD_TYPE=Release -DCMAKE_INSTALL_PREFIX=/home/maranmen/Quadruped_8DOF/install/moveit_msgs
[0.321s] -- The C compiler identification is GNU 11.4.0
[0.324s] -- The CXX compiler identification is GNU 11.4.0
[0.324s] -- Detecting C compiler ABI info
[0.324s] -- Detecting C compiler ABI info - done
[0.324s] -- Check for working C compiler: /usr/bin/cc - skipped
[0.324s] -- Detecting C compile features
[0.325s] -- Detecting C compile features - done
[0.325s] -- Detecting CXX compiler ABI info
[0.393s] -- Detecting CXX compiler ABI info - done
[0.408s] -- Check for working CXX compiler: /usr/bin/c++ - skipped
[0.408s] -- Detecting CXX compile features
[0.409s] -- Detecting CXX compile features - done
[0.415s] -- Found ament_cmake: 1.3.9 (/opt/ros/humble/share/ament_cmake/cmake)
[0.620s] -- Found Python3: /usr/bin/python3 (found version "3.10.12") found components: Interpreter 
[1.704s] -- Found rosidl_default_generators: 1.2.0 (/opt/ros/humble/share/rosidl_default_generators/cmake)
[1.914s] -- Using all available rosidl_typesupport_c: rosidl_typesupport_fastrtps_c;rosidl_typesupport_introspection_c
[2.241s] -- Found rosidl_adapter: 3.1.5 (/opt/ros/humble/share/rosidl_adapter/cmake)
[2.783s] -- Using all available rosidl_typesupport_cpp: rosidl_typesupport_fastrtps_cpp;rosidl_typesupport_introspection_cpp
[2.999s] -- Found action_msgs: 1.2.1 (/opt/ros/humble/share/action_msgs/cmake)
[3.228s] -- Found std_msgs: 4.2.4 (/opt/ros/humble/share/std_msgs/cmake)
[3.319s] -- Found geometry_msgs: 4.2.4 (/opt/ros/humble/share/geometry_msgs/cmake)
[3.441s] -- Found sensor_msgs: 4.2.4 (/opt/ros/humble/share/sensor_msgs/cmake)
[3.579s] -- Found shape_msgs: 4.2.4 (/opt/ros/humble/share/shape_msgs/cmake)
[3.696s] -- Found object_recognition_msgs: 2.0.0 (/opt/ros/humble/share/object_recognition_msgs/cmake)
[4.020s] -- Found octomap_msgs: 2.0.0 (/opt/ros/humble/share/octomap_msgs/cmake)
[5.128s] -- Found trajectory_msgs: 4.2.4 (/opt/ros/humble/share/trajectory_msgs/cmake)
[6.523s] -- Found ament_cmake_ros: 0.10.0 (/opt/ros/humble/share/ament_cmake_ros/cmake)
[7.131s] -- Using all available rosidl_typesupport_c: rosidl_typesupport_fastrtps_c;rosidl_typesupport_introspection_c
[7.924s] -- Using all available rosidl_typesupport_cpp: rosidl_typesupport_fastrtps_cpp;rosidl_typesupport_introspection_cpp
[7.975s] -- Found PythonInterp: /usr/bin/python3 (found suitable version "3.10.12", minimum required is "3.6") 
[8.038s] -- Found python_cmake_module: 0.10.0 (/opt/ros/humble/share/python_cmake_module/cmake)
[8.383s] -- Found PythonLibs: /usr/lib/x86_64-linux-gnu/libpython3.10.so (found suitable version "3.10.12", minimum required is "3.5") 
[8.383s] -- Using PYTHON_EXECUTABLE: /usr/bin/python3
[8.383s] -- Using PYTHON_INCLUDE_DIRS: /usr/include/python3.10
[8.383s] -- Using PYTHON_LIBRARIES: /usr/lib/x86_64-linux-gnu/libpython3.10.so
[8.408s] -- Found PythonExtra: .so  
[8.657s] -- Found ament_lint_auto: 0.12.11 (/opt/ros/humble/share/ament_lint_auto/cmake)
[8.803s] -- Configuring done
[9.027s] -- Generating done
[9.032s] -- Build files have been written to: /home/maranmen/Quadruped_8DOF/build/moveit_msgs
[9.045s] Invoked command in '/home/maranmen/Quadruped_8DOF/build/moveit_msgs' returned '0': CMAKE_PREFIX_PATH=/home/maranmen/Quadruped_8DOF/install/quadruped_model:/opt/ros/humble /usr/bin/cmake /home/maranmen/Quadruped_8DOF/src/moveit_msgs -DCMAKE_BUILD_TYPE=Release -DCMAKE_INSTALL_PREFIX=/home/maranmen/Quadruped_8DOF/install/moveit_msgs
[9.047s] Invoking command in '/home/maranmen/Quadruped_8DOF/build/moveit_msgs': CMAKE_PREFIX_PATH=/home/maranmen/Quadruped_8DOF/install/quadruped_model:/opt/ros/humble /usr/bin/cmake --build /home/maranmen/Quadruped_8DOF/build/moveit_msgs -- -j4 -l4
[9.238s] [  0%] [34m[1mGenerating C code for ROS interfaces[0m
[9.259s] [  0%] Built target ament_cmake_python_copy_moveit_msgs
[9.267s] [  0%] [34m[1mGenerating C++ code for ROS interfaces[0m
[9.744s] running egg_info
[9.745s] creating moveit_msgs.egg-info
[9.745s] writing moveit_msgs.egg-info/PKG-INFO
[9.745s] writing dependency_links to moveit_msgs.egg-info/dependency_links.txt
[9.745s] writing top-level names to moveit_msgs.egg-info/top_level.txt
[9.747s] writing manifest file 'moveit_msgs.egg-info/SOURCES.txt'
[9.749s] reading manifest file 'moveit_msgs.egg-info/SOURCES.txt'
[9.750s] writing manifest file 'moveit_msgs.egg-info/SOURCES.txt'
[9.789s] [  0%] Built target ament_cmake_python_build_moveit_msgs_egg
[66.968s] [  0%] Built target moveit_msgs__cpp
[75.484s] [  0%] [32mBuilding C object CMakeFiles/moveit_msgs__rosidl_generator_c.dir/rosidl_generator_c/moveit_msgs/msg/detail/allowed_collision_entry__functions.c.o[0m
[77.343s] [  0%] [32mBuilding C object CMakeFiles/moveit_msgs__rosidl_generator_c.dir/rosidl_generator_c/moveit_msgs/msg/detail/allowed_collision_matrix__functions.c.o[0m
[77.748s] [  0%] [32mBuilding C object CMakeFiles/moveit_msgs__rosidl_generator_c.dir/rosidl_generator_c/moveit_msgs/msg/detail/attached_collision_object__functions.c.o[0m
[78.597s] [  1%] [32mBuilding C object CMakeFiles/moveit_msgs__rosidl_generator_c.dir/rosidl_generator_c/moveit_msgs/msg/detail/bounding_volume__functions.c.o[0m
[79.302s] [  1%] [32mBuilding C object CMakeFiles/moveit_msgs__rosidl_generator_c.dir/rosidl_generator_c/moveit_msgs/msg/detail/cartesian_point__functions.c.o[0m
[79.909s] [  1%] [32mBuilding C object CMakeFiles/moveit_msgs__rosidl_generator_c.dir/rosidl_generator_c/moveit_msgs/msg/detail/cartesian_trajectory__functions.c.o[0m
[80.211s] [  1%] [32mBuilding C object CMakeFiles/moveit_msgs__rosidl_generator_c.dir/rosidl_generator_c/moveit_msgs/msg/detail/cartesian_trajectory_point__functions.c.o[0m
[80.800s] [  1%] [32mBuilding C object CMakeFiles/moveit_msgs__rosidl_generator_c.dir/rosidl_generator_c/moveit_msgs/msg/detail/collision_object__functions.c.o[0m
[81.468s] [  1%] [32mBuilding C object CMakeFiles/moveit_msgs__rosidl_generator_c.dir/rosidl_generator_c/moveit_msgs/msg/detail/constraint_eval_result__functions.c.o[0m
[81.903s] [  1%] [32mBuilding C object CMakeFiles/moveit_msgs__rosidl_generator_c.dir/rosidl_generator_c/moveit_msgs/msg/detail/constraints__functions.c.o[0m
[82.033s] [  2%] [32mBuilding C object CMakeFiles/moveit_msgs__rosidl_generator_c.dir/rosidl_generator_c/moveit_msgs/msg/detail/cost_source__functions.c.o[0m
[82.364s] [  2%] [32mBuilding C object CMakeFiles/moveit_msgs__rosidl_generator_c.dir/rosidl_generator_c/moveit_msgs/msg/detail/contact_information__functions.c.o[0m
[82.539s] [  2%] [32mBuilding C object CMakeFiles/moveit_msgs__rosidl_generator_c.dir/rosidl_generator_c/moveit_msgs/msg/detail/display_trajectory__functions.c.o[0m
[82.774s] [  2%] [32mBuilding C object CMakeFiles/moveit_msgs__rosidl_generator_c.dir/rosidl_generator_c/moveit_msgs/msg/detail/display_robot_state__functions.c.o[0m
[82.925s] [  2%] [32mBuilding C object CMakeFiles/moveit_msgs__rosidl_generator_c.dir/rosidl_generator_c/moveit_msgs/msg/detail/generic_trajectory__functions.c.o[0m
[83.077s] [  2%] [32mBuilding C object CMakeFiles/moveit_msgs__rosidl_generator_c.dir/rosidl_generator_c/moveit_msgs/msg/detail/grasp__functions.c.o[0m
[83.220s] [  3%] [32mBuilding C object CMakeFiles/moveit_msgs__rosidl_generator_c.dir/rosidl_generator_c/moveit_msgs/msg/detail/gripper_translation__functions.c.o[0m
[83.426s] [  3%] [32mBuilding C object CMakeFiles/moveit_msgs__rosidl_generator_c.dir/rosidl_generator_c/moveit_msgs/msg/detail/joint_constraint__functions.c.o[0m
[83.570s] [  3%] [32mBuilding C object CMakeFiles/moveit_msgs__rosidl_generator_c.dir/rosidl_generator_c/moveit_msgs/msg/detail/joint_limits__functions.c.o[0m
[83.755s] [  3%] [32mBuilding C object CMakeFiles/moveit_msgs__rosidl_generator_c.dir/rosidl_generator_c/moveit_msgs/msg/detail/link_padding__functions.c.o[0m
[83.875s] [  3%] [32mBuilding C object CMakeFiles/moveit_msgs__rosidl_generator_c.dir/rosidl_generator_c/moveit_msgs/msg/detail/link_scale__functions.c.o[0m
[83.990s] [  3%] [32mBuilding C object CMakeFiles/moveit_msgs__rosidl_generator_c.dir/rosidl_generator_c/moveit_msgs/msg/detail/motion_plan_request__functions.c.o[0m
[84.186s] [  3%] [32mBuilding C object CMakeFiles/moveit_msgs__rosidl_generator_c.dir/rosidl_generator_c/moveit_msgs/msg/detail/motion_plan_response__functions.c.o[0m
[84.326s] [  4%] [32mBuilding C object CMakeFiles/moveit_msgs__rosidl_generator_c.dir/rosidl_generator_c/moveit_msgs/msg/detail/motion_plan_detailed_response__functions.c.o[0m
[84.446s] [  4%] [32mBuilding C object CMakeFiles/moveit_msgs__rosidl_generator_c.dir/rosidl_generator_c/moveit_msgs/msg/detail/motion_sequence_item__functions.c.o[0m
[84.565s] [  4%] [32mBuilding C object CMakeFiles/moveit_msgs__rosidl_generator_c.dir/rosidl_generator_c/moveit_msgs/msg/detail/motion_sequence_request__functions.c.o[0m
[86.782s] [  4%] [32mBuilding C object CMakeFiles/moveit_msgs__rosidl_generator_c.dir/rosidl_generator_c/moveit_msgs/msg/detail/motion_sequence_response__functions.c.o[0m
[86.911s] [  4%] [32mBuilding C object CMakeFiles/moveit_msgs__rosidl_generator_c.dir/rosidl_generator_c/moveit_msgs/msg/detail/move_it_error_codes__functions.c.o[0m
[87.026s] [  4%] [32mBuilding C object CMakeFiles/moveit_msgs__rosidl_generator_c.dir/rosidl_generator_c/moveit_msgs/msg/detail/trajectory_constraints__functions.c.o[0m
[87.129s] [  5%] [32mBuilding C object CMakeFiles/moveit_msgs__rosidl_generator_c.dir/rosidl_generator_c/moveit_msgs/msg/detail/object_color__functions.c.o[0m
[87.314s] [  5%] [32mBuilding C object CMakeFiles/moveit_msgs__rosidl_generator_c.dir/rosidl_generator_c/moveit_msgs/msg/detail/orientation_constraint__functions.c.o[0m
[87.519s] [  5%] [32mBuilding C object CMakeFiles/moveit_msgs__rosidl_generator_c.dir/rosidl_generator_c/moveit_msgs/msg/detail/oriented_bounding_box__functions.c.o[0m
[87.637s] [  5%] [32mBuilding C object CMakeFiles/moveit_msgs__rosidl_generator_c.dir/rosidl_generator_c/moveit_msgs/msg/detail/place_location__functions.c.o[0m
[87.844s] [  5%] [32mBuilding C object CMakeFiles/moveit_msgs__rosidl_generator_c.dir/rosidl_generator_c/moveit_msgs/msg/detail/planner_interface_description__functions.c.o[0m
[88.001s] [  5%] [32mBuilding C object CMakeFiles/moveit_msgs__rosidl_generator_c.dir/rosidl_generator_c/moveit_msgs/msg/detail/planner_params__functions.c.o[0m
[88.129s] [  5%] [32mBuilding C object CMakeFiles/moveit_msgs__rosidl_generator_c.dir/rosidl_generator_c/moveit_msgs/msg/detail/planning_scene__functions.c.o[0m
[88.318s] [  6%] [32mBuilding C object CMakeFiles/moveit_msgs__rosidl_generator_c.dir/rosidl_generator_c/moveit_msgs/msg/detail/planning_scene_components__functions.c.o[0m
[88.441s] [  6%] [32mBuilding C object CMakeFiles/moveit_msgs__rosidl_generator_c.dir/rosidl_generator_c/moveit_msgs/msg/detail/planning_scene_world__functions.c.o[0m
[88.619s] [  6%] [32mBuilding C object CMakeFiles/moveit_msgs__rosidl_generator_c.dir/rosidl_generator_c/moveit_msgs/msg/detail/planning_options__functions.c.o[0m
[88.854s] [  6%] [32mBuilding C object CMakeFiles/moveit_msgs__rosidl_generator_c.dir/rosidl_generator_c/moveit_msgs/msg/detail/position_constraint__functions.c.o[0m
[88.988s] [  6%] [32mBuilding C object CMakeFiles/moveit_msgs__rosidl_generator_c.dir/rosidl_generator_c/moveit_msgs/msg/detail/robot_state__functions.c.o[0m
[89.212s] [  6%] [32mBuilding C object CMakeFiles/moveit_msgs__rosidl_generator_c.dir/rosidl_generator_c/moveit_msgs/msg/detail/robot_trajectory__functions.c.o[0m
[89.374s] [  7%] [32mBuilding C object CMakeFiles/moveit_msgs__rosidl_generator_c.dir/rosidl_generator_c/moveit_msgs/msg/detail/visibility_constraint__functions.c.o[0m
[89.510s] [  7%] [32mBuilding C object CMakeFiles/moveit_msgs__rosidl_generator_c.dir/rosidl_generator_c/moveit_msgs/msg/detail/workspace_parameters__functions.c.o[0m
[89.664s] [  7%] [32mBuilding C object CMakeFiles/moveit_msgs__rosidl_generator_c.dir/rosidl_generator_c/moveit_msgs/msg/detail/kinematic_solver_info__functions.c.o[0m
[90.299s] [  7%] [32mBuilding C object CMakeFiles/moveit_msgs__rosidl_generator_c.dir/rosidl_generator_c/moveit_msgs/msg/detail/position_ik_request__functions.c.o[0m
[90.425s] [  7%] [32mBuilding C object CMakeFiles/moveit_msgs__rosidl_generator_c.dir/rosidl_generator_c/moveit_msgs/msg/detail/pipeline_state__functions.c.o[0m
[90.582s] [  7%] [32mBuilding C object CMakeFiles/moveit_msgs__rosidl_generator_c.dir/rosidl_generator_c/moveit_msgs/msg/detail/servo_status__functions.c.o[0m
[90.715s] [  7%] [32mBuilding C object CMakeFiles/moveit_msgs__rosidl_generator_c.dir/rosidl_generator_c/moveit_msgs/srv/detail/get_motion_plan__functions.c.o[0m
[90.926s] [  8%] [32mBuilding C object CMakeFiles/moveit_msgs__rosidl_generator_c.dir/rosidl_generator_c/moveit_msgs/srv/detail/get_state_validity__functions.c.o[0m
[91.144s] [  8%] [32mBuilding C object CMakeFiles/moveit_msgs__rosidl_generator_c.dir/rosidl_generator_c/moveit_msgs/srv/detail/get_cartesian_path__functions.c.o[0m
[91.330s] [  8%] [32mBuilding C object CMakeFiles/moveit_msgs__rosidl_generator_c.dir/rosidl_generator_c/moveit_msgs/srv/detail/get_planning_scene__functions.c.o[0m
[91.533s] [  8%] [32mBuilding C object CMakeFiles/moveit_msgs__rosidl_generator_c.dir/rosidl_generator_c/moveit_msgs/srv/detail/grasp_planning__functions.c.o[0m
[91.728s] [  8%] [32mBuilding C object CMakeFiles/moveit_msgs__rosidl_generator_c.dir/rosidl_generator_c/moveit_msgs/srv/detail/apply_planning_scene__functions.c.o[0m
[91.966s] [  8%] [32mBuilding C object CMakeFiles/moveit_msgs__rosidl_generator_c.dir/rosidl_generator_c/moveit_msgs/srv/detail/query_planner_interfaces__functions.c.o[0m
[92.140s] [  9%] [32mBuilding C object CMakeFiles/moveit_msgs__rosidl_generator_c.dir/rosidl_generator_c/moveit_msgs/srv/detail/get_motion_sequence__functions.c.o[0m
[92.333s] [  9%] [32mBuilding C object CMakeFiles/moveit_msgs__rosidl_generator_c.dir/rosidl_generator_c/moveit_msgs/srv/detail/get_position_fk__functions.c.o[0m
[92.539s] [  9%] [32mBuilding C object CMakeFiles/moveit_msgs__rosidl_generator_c.dir/rosidl_generator_c/moveit_msgs/srv/detail/get_position_ik__functions.c.o[0m
[92.725s] [  9%] [32mBuilding C object CMakeFiles/moveit_msgs__rosidl_generator_c.dir/rosidl_generator_c/moveit_msgs/srv/detail/get_planner_params__functions.c.o[0m
[92.887s] [  9%] [32mBuilding C object CMakeFiles/moveit_msgs__rosidl_generator_c.dir/rosidl_generator_c/moveit_msgs/srv/detail/set_planner_params__functions.c.o[0m
[93.048s] [  9%] [32mBuilding C object CMakeFiles/moveit_msgs__rosidl_generator_c.dir/rosidl_generator_c/moveit_msgs/srv/detail/update_pointcloud_octomap__functions.c.o[0m
[93.292s] [  9%] [32mBuilding C object CMakeFiles/moveit_msgs__rosidl_generator_c.dir/rosidl_generator_c/moveit_msgs/srv/detail/save_map__functions.c.o[0m
[93.463s] [ 10%] [32mBuilding C object CMakeFiles/moveit_msgs__rosidl_generator_c.dir/rosidl_generator_c/moveit_msgs/srv/detail/load_map__functions.c.o[0m
[93.636s] [ 10%] [32mBuilding C object CMakeFiles/moveit_msgs__rosidl_generator_c.dir/rosidl_generator_c/moveit_msgs/srv/detail/save_robot_state_to_warehouse__functions.c.o[0m
[93.792s] [ 10%] [32mBuilding C object CMakeFiles/moveit_msgs__rosidl_generator_c.dir/rosidl_generator_c/moveit_msgs/srv/detail/list_robot_states_in_warehouse__functions.c.o[0m
[94.375s] [ 10%] [32mBuilding C object CMakeFiles/moveit_msgs__rosidl_generator_c.dir/rosidl_generator_c/moveit_msgs/srv/detail/get_robot_state_from_warehouse__functions.c.o[0m
[94.561s] [ 10%] [32mBuilding C object CMakeFiles/moveit_msgs__rosidl_generator_c.dir/rosidl_generator_c/moveit_msgs/srv/detail/check_if_robot_state_exists_in_warehouse__functions.c.o[0m
[94.728s] [ 10%] [32mBuilding C object CMakeFiles/moveit_msgs__rosidl_generator_c.dir/rosidl_generator_c/moveit_msgs/srv/detail/rename_robot_state_in_warehouse__functions.c.o[0m
[94.900s] [ 10%] [32mBuilding C object CMakeFiles/moveit_msgs__rosidl_generator_c.dir/rosidl_generator_c/moveit_msgs/srv/detail/delete_robot_state_from_warehouse__functions.c.o[0m
[95.061s] [ 11%] [32mBuilding C object CMakeFiles/moveit_msgs__rosidl_generator_c.dir/rosidl_generator_c/moveit_msgs/srv/detail/servo_command_type__functions.c.o[0m
[95.202s] [ 11%] [32mBuilding C object CMakeFiles/moveit_msgs__rosidl_generator_c.dir/rosidl_generator_c/moveit_msgs/srv/detail/get_group_urdf__functions.c.o[0m
[97.397s] [ 11%] [32mBuilding C object CMakeFiles/moveit_msgs__rosidl_generator_c.dir/rosidl_generator_c/moveit_msgs/action/detail/execute_trajectory__functions.c.o[0m
[98.012s] [ 11%] [32mBuilding C object CMakeFiles/moveit_msgs__rosidl_generator_c.dir/rosidl_generator_c/moveit_msgs/action/detail/move_group__functions.c.o[0m
[98.926s] [ 11%] [32mBuilding C object CMakeFiles/moveit_msgs__rosidl_generator_c.dir/rosidl_generator_c/moveit_msgs/action/detail/move_group_sequence__functions.c.o[0m
[99.948s] [ 11%] [32mBuilding C object CMakeFiles/moveit_msgs__rosidl_generator_c.dir/rosidl_generator_c/moveit_msgs/action/detail/pickup__functions.c.o[0m
[100.531s] [ 12%] [32mBuilding C object CMakeFiles/moveit_msgs__rosidl_generator_c.dir/rosidl_generator_c/moveit_msgs/action/detail/place__functions.c.o[0m
[101.119s] [ 12%] [32mBuilding C object CMakeFiles/moveit_msgs__rosidl_generator_c.dir/rosidl_generator_c/moveit_msgs/action/detail/local_planner__functions.c.o[0m
[101.657s] [ 12%] [32mBuilding C object CMakeFiles/moveit_msgs__rosidl_generator_c.dir/rosidl_generator_c/moveit_msgs/action/detail/global_planner__functions.c.o[0m
[102.187s] [ 12%] [32mBuilding C object CMakeFiles/moveit_msgs__rosidl_generator_c.dir/rosidl_generator_c/moveit_msgs/action/detail/hybrid_planner__functions.c.o[0m
[103.132s] [ 12%] [32m[1mLinking C shared library libmoveit_msgs__rosidl_generator_c.so[0m
[103.246s] [ 12%] Built target moveit_msgs__rosidl_generator_c
[103.275s] [ 12%] [34m[1mGenerating C++ introspection for ROS interfaces[0m
[113.940s] [ 12%] [32mBuilding CXX object CMakeFiles/moveit_msgs__rosidl_typesupport_introspection_cpp.dir/rosidl_typesupport_introspection_cpp/moveit_msgs/msg/detail/allowed_collision_entry__type_support.cpp.o[0m
[114.747s] [ 13%] [32mBuilding CXX object CMakeFiles/moveit_msgs__rosidl_typesupport_introspection_cpp.dir/rosidl_typesupport_introspection_cpp/moveit_msgs/msg/detail/allowed_collision_matrix__type_support.cpp.o[0m
[115.591s] [ 13%] [32mBuilding CXX object CMakeFiles/moveit_msgs__rosidl_typesupport_introspection_cpp.dir/rosidl_typesupport_introspection_cpp/moveit_msgs/msg/detail/attached_collision_object__type_support.cpp.o[0m
[116.961s] [ 13%] [32mBuilding CXX object CMakeFiles/moveit_msgs__rosidl_typesupport_introspection_cpp.dir/rosidl_typesupport_introspection_cpp/moveit_msgs/msg/detail/bounding_volume__type_support.cpp.o[0m
[117.930s] [ 13%] [32mBuilding CXX object CMakeFiles/moveit_msgs__rosidl_typesupport_introspection_cpp.dir/rosidl_typesupport_introspection_cpp/moveit_msgs/msg/detail/cartesian_point__type_support.cpp.o[0m
[118.655s] [ 13%] [32mBuilding CXX object CMakeFiles/moveit_msgs__rosidl_typesupport_introspection_cpp.dir/rosidl_typesupport_introspection_cpp/moveit_msgs/msg/detail/cartesian_trajectory__type_support.cpp.o[0m
[119.302s] [ 13%] [32mBuilding CXX object CMakeFiles/moveit_msgs__rosidl_typesupport_introspection_cpp.dir/rosidl_typesupport_introspection_cpp/moveit_msgs/msg/detail/cartesian_trajectory_point__type_support.cpp.o[0m
[119.867s] [ 14%] [32mBuilding CXX object CMakeFiles/moveit_msgs__rosidl_typesupport_introspection_cpp.dir/rosidl_typesupport_introspection_cpp/moveit_msgs/msg/detail/collision_object__type_support.cpp.o[0m
[120.995s] [ 14%] [32mBuilding CXX object CMakeFiles/moveit_msgs__rosidl_typesupport_introspection_cpp.dir/rosidl_typesupport_introspection_cpp/moveit_msgs/msg/detail/constraint_eval_result__type_support.cpp.o[0m
[121.488s] [ 14%] [32mBuilding CXX object CMakeFiles/moveit_msgs__rosidl_typesupport_introspection_cpp.dir/rosidl_typesupport_introspection_cpp/moveit_msgs/msg/detail/constraints__type_support.cpp.o[0m
[122.871s] [ 14%] [32mBuilding CXX object CMakeFiles/moveit_msgs__rosidl_typesupport_introspection_cpp.dir/rosidl_typesupport_introspection_cpp/moveit_msgs/msg/detail/cost_source__type_support.cpp.o[0m
[123.363s] [ 14%] [32mBuilding CXX object CMakeFiles/moveit_msgs__rosidl_typesupport_introspection_cpp.dir/rosidl_typesupport_introspection_cpp/moveit_msgs/msg/detail/contact_information__type_support.cpp.o[0m
[123.943s] [ 14%] [32mBuilding CXX object CMakeFiles/moveit_msgs__rosidl_typesupport_introspection_cpp.dir/rosidl_typesupport_introspection_cpp/moveit_msgs/msg/detail/display_trajectory__type_support.cpp.o[0m
[127.082s] [ 14%] [32mBuilding CXX object CMakeFiles/moveit_msgs__rosidl_typesupport_introspection_cpp.dir/rosidl_typesupport_introspection_cpp/moveit_msgs/msg/detail/display_robot_state__type_support.cpp.o[0m
[127.846s] [ 15%] [32mBuilding CXX object CMakeFiles/moveit_msgs__rosidl_typesupport_introspection_cpp.dir/rosidl_typesupport_introspection_cpp/moveit_msgs/msg/detail/generic_trajectory__type_support.cpp.o[0m
[128.816s] [ 15%] [32mBuilding CXX object CMakeFiles/moveit_msgs__rosidl_typesupport_introspection_cpp.dir/rosidl_typesupport_introspection_cpp/moveit_msgs/msg/detail/grasp__type_support.cpp.o[0m
[129.752s] [ 15%] [32mBuilding CXX object CMakeFiles/moveit_msgs__rosidl_typesupport_introspection_cpp.dir/rosidl_typesupport_introspection_cpp/moveit_msgs/msg/detail/gripper_translation__type_support.cpp.o[0m
[130.244s] [ 15%] [32mBuilding CXX object CMakeFiles/moveit_msgs__rosidl_typesupport_introspection_cpp.dir/rosidl_typesupport_introspection_cpp/moveit_msgs/msg/detail/joint_constraint__type_support.cpp.o[0m
[130.729s] [ 15%] [32mBuilding CXX object CMakeFiles/moveit_msgs__rosidl_typesupport_introspection_cpp.dir/rosidl_typesupport_introspection_cpp/moveit_msgs/msg/detail/joint_limits__type_support.cpp.o[0m
[131.360s] [ 15%] [32mBuilding CXX object CMakeFiles/moveit_msgs__rosidl_typesupport_introspection_cpp.dir/rosidl_typesupport_introspection_cpp/moveit_msgs/msg/detail/link_padding__type_support.cpp.o[0m
[131.874s] [ 15%] [32mBuilding CXX object CMakeFiles/moveit_msgs__rosidl_typesupport_introspection_cpp.dir/rosidl_typesupport_introspection_cpp/moveit_msgs/msg/detail/link_scale__type_support.cpp.o[0m
[132.364s] [ 16%] [32mBuilding CXX object CMakeFiles/moveit_msgs__rosidl_typesupport_introspection_cpp.dir/rosidl_typesupport_introspection_cpp/moveit_msgs/msg/detail/motion_plan_request__type_support.cpp.o[0m
[134.846s] [ 16%] [32mBuilding CXX object CMakeFiles/moveit_msgs__rosidl_typesupport_introspection_cpp.dir/rosidl_typesupport_introspection_cpp/moveit_msgs/msg/detail/motion_plan_response__type_support.cpp.o[0m
[135.645s] [ 16%] [32mBuilding CXX object CMakeFiles/moveit_msgs__rosidl_typesupport_introspection_cpp.dir/rosidl_typesupport_introspection_cpp/moveit_msgs/msg/detail/motion_plan_detailed_response__type_support.cpp.o[0m
[136.990s] [ 16%] [32mBuilding CXX object CMakeFiles/moveit_msgs__rosidl_typesupport_introspection_cpp.dir/rosidl_typesupport_introspection_cpp/moveit_msgs/msg/detail/motion_sequence_item__type_support.cpp.o[0m
[137.980s] [ 16%] [32mBuilding CXX object CMakeFiles/moveit_msgs__rosidl_typesupport_introspection_cpp.dir/rosidl_typesupport_introspection_cpp/moveit_msgs/msg/detail/motion_sequence_request__type_support.cpp.o[0m
[141.435s] [ 16%] [32mBuilding CXX object CMakeFiles/moveit_msgs__rosidl_typesupport_introspection_cpp.dir/rosidl_typesupport_introspection_cpp/moveit_msgs/msg/detail/motion_sequence_response__type_support.cpp.o[0m
[142.744s] [ 17%] [32mBuilding CXX object CMakeFiles/moveit_msgs__rosidl_typesupport_introspection_cpp.dir/rosidl_typesupport_introspection_cpp/moveit_msgs/msg/detail/move_it_error_codes__type_support.cpp.o[0m
[143.218s] [ 17%] [32mBuilding CXX object CMakeFiles/moveit_msgs__rosidl_typesupport_introspection_cpp.dir/rosidl_typesupport_introspection_cpp/moveit_msgs/msg/detail/trajectory_constraints__type_support.cpp.o[0m
[144.731s] [ 17%] [32mBuilding CXX object CMakeFiles/moveit_msgs__rosidl_typesupport_introspection_cpp.dir/rosidl_typesupport_introspection_cpp/moveit_msgs/msg/detail/object_color__type_support.cpp.o[0m
[145.238s] [ 17%] [32mBuilding CXX object CMakeFiles/moveit_msgs__rosidl_typesupport_introspection_cpp.dir/rosidl_typesupport_introspection_cpp/moveit_msgs/msg/detail/orientation_constraint__type_support.cpp.o[0m
[145.712s] [ 17%] [32mBuilding CXX object CMakeFiles/moveit_msgs__rosidl_typesupport_introspection_cpp.dir/rosidl_typesupport_introspection_cpp/moveit_msgs/msg/detail/oriented_bounding_box__type_support.cpp.o[0m
[146.190s] [ 17%] [32mBuilding CXX object CMakeFiles/moveit_msgs__rosidl_typesupport_introspection_cpp.dir/rosidl_typesupport_introspection_cpp/moveit_msgs/msg/detail/place_location__type_support.cpp.o[0m
[146.854s] [ 17%] [32mBuilding CXX object CMakeFiles/moveit_msgs__rosidl_typesupport_introspection_cpp.dir/rosidl_typesupport_introspection_cpp/moveit_msgs/msg/detail/planner_interface_description__type_support.cpp.o[0m
[147.426s] [ 18%] [32mBuilding CXX object CMakeFiles/moveit_msgs__rosidl_typesupport_introspection_cpp.dir/rosidl_typesupport_introspection_cpp/moveit_msgs/msg/detail/planner_params__type_support.cpp.o[0m
[147.986s] [ 18%] [32mBuilding CXX object CMakeFiles/moveit_msgs__rosidl_typesupport_introspection_cpp.dir/rosidl_typesupport_introspection_cpp/moveit_msgs/msg/detail/planning_scene__type_support.cpp.o[0m
[149.161s] [ 18%] [32mBuilding CXX object CMakeFiles/moveit_msgs__rosidl_typesupport_introspection_cpp.dir/rosidl_typesupport_introspection_cpp/moveit_msgs/msg/detail/planning_scene_components__type_support.cpp.o[0m
[149.641s] [ 18%] [32mBuilding CXX object CMakeFiles/moveit_msgs__rosidl_typesupport_introspection_cpp.dir/rosidl_typesupport_introspection_cpp/moveit_msgs/msg/detail/planning_scene_world__type_support.cpp.o[0m
[151.062s] [ 18%] [32mBuilding CXX object CMakeFiles/moveit_msgs__rosidl_typesupport_introspection_cpp.dir/rosidl_typesupport_introspection_cpp/moveit_msgs/msg/detail/planning_options__type_support.cpp.o[0m
[152.060s] [ 18%] [32mBuilding CXX object CMakeFiles/moveit_msgs__rosidl_typesupport_introspection_cpp.dir/rosidl_typesupport_introspection_cpp/moveit_msgs/msg/detail/position_constraint__type_support.cpp.o[0m
[152.631s] [ 19%] [32mBuilding CXX object CMakeFiles/moveit_msgs__rosidl_typesupport_introspection_cpp.dir/rosidl_typesupport_introspection_cpp/moveit_msgs/msg/detail/robot_state__type_support.cpp.o[0m
[154.133s] [ 19%] [32mBuilding CXX object CMakeFiles/moveit_msgs__rosidl_typesupport_introspection_cpp.dir/rosidl_typesupport_introspection_cpp/moveit_msgs/msg/detail/robot_trajectory__type_support.cpp.o[0m
[154.782s] [ 19%] [32mBuilding CXX object CMakeFiles/moveit_msgs__rosidl_typesupport_introspection_cpp.dir/rosidl_typesupport_introspection_cpp/moveit_msgs/msg/detail/visibility_constraint__type_support.cpp.o[0m
[155.382s] [ 19%] [32mBuilding CXX object CMakeFiles/moveit_msgs__rosidl_typesupport_introspection_cpp.dir/rosidl_typesupport_introspection_cpp/moveit_msgs/msg/detail/workspace_parameters__type_support.cpp.o[0m
[156.000s] [ 19%] [32mBuilding CXX object CMakeFiles/moveit_msgs__rosidl_typesupport_introspection_cpp.dir/rosidl_typesupport_introspection_cpp/moveit_msgs/msg/detail/kinematic_solver_info__type_support.cpp.o[0m
[156.780s] [ 19%] [32mBuilding CXX object CMakeFiles/moveit_msgs__rosidl_typesupport_introspection_cpp.dir/rosidl_typesupport_introspection_cpp/moveit_msgs/msg/detail/position_ik_request__type_support.cpp.o[0m
[157.806s] [ 19%] [32mBuilding CXX object CMakeFiles/moveit_msgs__rosidl_typesupport_introspection_cpp.dir/rosidl_typesupport_introspection_cpp/moveit_msgs/msg/detail/pipeline_state__type_support.cpp.o[0m
[158.987s] [ 20%] [32mBuilding CXX object CMakeFiles/moveit_msgs__rosidl_typesupport_introspection_cpp.dir/rosidl_typesupport_introspection_cpp/moveit_msgs/msg/detail/servo_status__type_support.cpp.o[0m
[159.566s] [ 20%] [32mBuilding CXX object CMakeFiles/moveit_msgs__rosidl_typesupport_introspection_cpp.dir/rosidl_typesupport_introspection_cpp/moveit_msgs/srv/detail/get_motion_plan__type_support.cpp.o[0m
[160.969s] [ 20%] [32mBuilding CXX object CMakeFiles/moveit_msgs__rosidl_typesupport_introspection_cpp.dir/rosidl_typesupport_introspection_cpp/moveit_msgs/srv/detail/get_state_validity__type_support.cpp.o[0m
[162.202s] [ 20%] [32mBuilding CXX object CMakeFiles/moveit_msgs__rosidl_typesupport_introspection_cpp.dir/rosidl_typesupport_introspection_cpp/moveit_msgs/srv/detail/get_cartesian_path__type_support.cpp.o[0m
[163.240s] [ 20%] [32mBuilding CXX object CMakeFiles/moveit_msgs__rosidl_typesupport_introspection_cpp.dir/rosidl_typesupport_introspection_cpp/moveit_msgs/srv/detail/get_planning_scene__type_support.cpp.o[0m
[164.190s] [ 20%] [32mBuilding CXX object CMakeFiles/moveit_msgs__rosidl_typesupport_introspection_cpp.dir/rosidl_typesupport_introspection_cpp/moveit_msgs/srv/detail/grasp_planning__type_support.cpp.o[0m
[166.121s] [ 21%] [32mBuilding CXX object CMakeFiles/moveit_msgs__rosidl_typesupport_introspection_cpp.dir/rosidl_typesupport_introspection_cpp/moveit_msgs/srv/detail/apply_planning_scene__type_support.cpp.o[0m
[167.068s] [ 21%] [32mBuilding CXX object CMakeFiles/moveit_msgs__rosidl_typesupport_introspection_cpp.dir/rosidl_typesupport_introspection_cpp/moveit_msgs/srv/detail/query_planner_interfaces__type_support.cpp.o[0m
[167.743s] [ 21%] [32mBuilding CXX object CMakeFiles/moveit_msgs__rosidl_typesupport_introspection_cpp.dir/rosidl_typesupport_introspection_cpp/moveit_msgs/srv/detail/get_motion_sequence__type_support.cpp.o[0m
[168.668s] [ 21%] [32mBuilding CXX object CMakeFiles/moveit_msgs__rosidl_typesupport_introspection_cpp.dir/rosidl_typesupport_introspection_cpp/moveit_msgs/srv/detail/get_position_fk__type_support.cpp.o[0m
[169.533s] [ 21%] [32mBuilding CXX object CMakeFiles/moveit_msgs__rosidl_typesupport_introspection_cpp.dir/rosidl_typesupport_introspection_cpp/moveit_msgs/srv/detail/get_position_ik__type_support.cpp.o[0m
[170.346s] [ 21%] [32mBuilding CXX object CMakeFiles/moveit_msgs__rosidl_typesupport_introspection_cpp.dir/rosidl_typesupport_introspection_cpp/moveit_msgs/srv/detail/get_planner_params__type_support.cpp.o[0m
[170.847s] [ 21%] [32mBuilding CXX object CMakeFiles/moveit_msgs__rosidl_typesupport_introspection_cpp.dir/rosidl_typesupport_introspection_cpp/moveit_msgs/srv/detail/set_planner_params__type_support.cpp.o[0m
[170.996s] [ 22%] [34m[1mGenerating C type support for eProsima Fast-RTPS[0m
[171.371s] [ 23%] [32mBuilding CXX object CMakeFiles/moveit_msgs__rosidl_typesupport_introspection_cpp.dir/rosidl_typesupport_introspection_cpp/moveit_msgs/srv/detail/update_pointcloud_octomap__type_support.cpp.o[0m
[172.001s] [ 23%] [34m[1mGenerating C++ type support for eProsima Fast-RTPS[0m
[172.310s] [ 23%] [32mBuilding CXX object CMakeFiles/moveit_msgs__rosidl_typesupport_introspection_cpp.dir/rosidl_typesupport_introspection_cpp/moveit_msgs/srv/detail/save_map__type_support.cpp.o[0m
[172.883s] [ 23%] [32mBuilding CXX object CMakeFiles/moveit_msgs__rosidl_typesupport_introspection_cpp.dir/rosidl_typesupport_introspection_cpp/moveit_msgs/srv/detail/load_map__type_support.cpp.o[0m
[173.043s] [ 23%] [34m[1mGenerating C++ type support dispatch for ROS interfaces[0m
[173.541s] [ 23%] [32mBuilding CXX object CMakeFiles/moveit_msgs__rosidl_typesupport_introspection_cpp.dir/rosidl_typesupport_introspection_cpp/moveit_msgs/srv/detail/save_robot_state_to_warehouse__type_support.cpp.o[0m
[174.677s] [ 23%] [32mBuilding CXX object CMakeFiles/moveit_msgs__rosidl_typesupport_introspection_cpp.dir/rosidl_typesupport_introspection_cpp/moveit_msgs/srv/detail/list_robot_states_in_warehouse__type_support.cpp.o[0m
[175.454s] [ 23%] [32mBuilding CXX object CMakeFiles/moveit_msgs__rosidl_typesupport_introspection_cpp.dir/rosidl_typesupport_introspection_cpp/moveit_msgs/srv/detail/get_robot_state_from_warehouse__type_support.cpp.o[0m
[176.403s] [ 24%] [32mBuilding CXX object CMakeFiles/moveit_msgs__rosidl_typesupport_introspection_cpp.dir/rosidl_typesupport_introspection_cpp/moveit_msgs/srv/detail/check_if_robot_state_exists_in_warehouse__type_support.cpp.o[0m
[177.353s] [ 24%] [32mBuilding CXX object CMakeFiles/moveit_msgs__rosidl_typesupport_introspection_cpp.dir/rosidl_typesupport_introspection_cpp/moveit_msgs/srv/detail/rename_robot_state_in_warehouse__type_support.cpp.o[0m
[178.274s] [ 24%] [32mBuilding CXX object CMakeFiles/moveit_msgs__rosidl_typesupport_introspection_cpp.dir/rosidl_typesupport_introspection_cpp/moveit_msgs/srv/detail/delete_robot_state_from_warehouse__type_support.cpp.o[0m
[179.135s] [ 24%] [32mBuilding CXX object CMakeFiles/moveit_msgs__rosidl_typesupport_introspection_cpp.dir/rosidl_typesupport_introspection_cpp/moveit_msgs/srv/detail/servo_command_type__type_support.cpp.o[0m
[179.791s] [ 24%] [32mBuilding CXX object CMakeFiles/moveit_msgs__rosidl_typesupport_introspection_cpp.dir/rosidl_typesupport_introspection_cpp/moveit_msgs/srv/detail/get_group_urdf__type_support.cpp.o[0m
[180.535s] [ 24%] [32mBuilding CXX object CMakeFiles/moveit_msgs__rosidl_typesupport_introspection_cpp.dir/rosidl_typesupport_introspection_cpp/moveit_msgs/action/detail/execute_trajectory__type_support.cpp.o[0m
[182.416s] [ 24%] [32mBuilding CXX object CMakeFiles/moveit_msgs__rosidl_typesupport_introspection_cpp.dir/rosidl_typesupport_introspection_cpp/moveit_msgs/action/detail/move_group__type_support.cpp.o[0m
[183.980s] [ 24%] [32mBuilding CXX object CMakeFiles/moveit_msgs__rosidl_typesupport_cpp.dir/rosidl_typesupport_cpp/moveit_msgs/msg/allowed_collision_entry__type_support.cpp.o[0m
[184.972s] [ 25%] [32mBuilding CXX object CMakeFiles/moveit_msgs__rosidl_typesupport_introspection_cpp.dir/rosidl_typesupport_introspection_cpp/moveit_msgs/action/detail/move_group_sequence__type_support.cpp.o[0m
[185.112s] [ 26%] [32mBuilding CXX object CMakeFiles/moveit_msgs__rosidl_typesupport_cpp.dir/rosidl_typesupport_cpp/moveit_msgs/msg/allowed_collision_matrix__type_support.cpp.o[0m
[185.750s] [ 26%] [32mBuilding CXX object CMakeFiles/moveit_msgs__rosidl_typesupport_cpp.dir/rosidl_typesupport_cpp/moveit_msgs/msg/attached_collision_object__type_support.cpp.o[0m
[186.243s] [ 26%] [32mBuilding CXX object CMakeFiles/moveit_msgs__rosidl_typesupport_cpp.dir/rosidl_typesupport_cpp/moveit_msgs/msg/bounding_volume__type_support.cpp.o[0m
[186.619s] [ 26%] [32mBuilding CXX object CMakeFiles/moveit_msgs__rosidl_typesupport_cpp.dir/rosidl_typesupport_cpp/moveit_msgs/msg/cartesian_point__type_support.cpp.o[0m
[187.020s] [ 26%] [32mBuilding CXX object CMakeFiles/moveit_msgs__rosidl_typesupport_cpp.dir/rosidl_typesupport_cpp/moveit_msgs/msg/cartesian_trajectory__type_support.cpp.o[0m
[187.082s] [ 26%] [32mBuilding CXX object CMakeFiles/moveit_msgs__rosidl_typesupport_introspection_cpp.dir/rosidl_typesupport_introspection_cpp/moveit_msgs/action/detail/pickup__type_support.cpp.o[0m
[187.441s] [ 26%] [32mBuilding CXX object CMakeFiles/moveit_msgs__rosidl_typesupport_cpp.dir/rosidl_typesupport_cpp/moveit_msgs/msg/cartesian_trajectory_point__type_support.cpp.o[0m
[187.613s] [ 26%] [32mBuilding CXX object CMakeFiles/moveit_msgs__rosidl_typesupport_fastrtps_c.dir/rosidl_typesupport_fastrtps_c/moveit_msgs/msg/detail/allowed_collision_entry__type_support_c.cpp.o[0m
[187.849s] [ 26%] [32mBuilding CXX object CMakeFiles/moveit_msgs__rosidl_typesupport_cpp.dir/rosidl_typesupport_cpp/moveit_msgs/msg/collision_object__type_support.cpp.o[0m
[188.288s] [ 27%] [32mBuilding CXX object CMakeFiles/moveit_msgs__rosidl_typesupport_cpp.dir/rosidl_typesupport_cpp/moveit_msgs/msg/constraint_eval_result__type_support.cpp.o[0m
[188.429s] [ 27%] [32mBuilding CXX object CMakeFiles/moveit_msgs__rosidl_typesupport_fastrtps_c.dir/rosidl_typesupport_fastrtps_c/moveit_msgs/msg/detail/allowed_collision_matrix__type_support_c.cpp.o[0m
[188.774s] [ 27%] [32mBuilding CXX object CMakeFiles/moveit_msgs__rosidl_typesupport_cpp.dir/rosidl_typesupport_cpp/moveit_msgs/msg/constraints__type_support.cpp.o[0m
[189.239s] [ 27%] [32mBuilding CXX object CMakeFiles/moveit_msgs__rosidl_typesupport_fastrtps_c.dir/rosidl_typesupport_fastrtps_c/moveit_msgs/msg/detail/attached_collision_object__type_support_c.cpp.o[0m
[189.411s] [ 27%] [32mBuilding CXX object CMakeFiles/moveit_msgs__rosidl_typesupport_cpp.dir/rosidl_typesupport_cpp/moveit_msgs/msg/cost_source__type_support.cpp.o[0m
[189.966s] [ 27%] [32mBuilding CXX object CMakeFiles/moveit_msgs__rosidl_typesupport_fastrtps_c.dir/rosidl_typesupport_fastrtps_c/moveit_msgs/msg/detail/bounding_volume__type_support_c.cpp.o[0m
[190.065s] [ 27%] [32mBuilding CXX object CMakeFiles/moveit_msgs__rosidl_typesupport_introspection_cpp.dir/rosidl_typesupport_introspection_cpp/moveit_msgs/action/detail/place__type_support.cpp.o[0m
[190.078s] [ 27%] [32mBuilding CXX object CMakeFiles/moveit_msgs__rosidl_typesupport_cpp.dir/rosidl_typesupport_cpp/moveit_msgs/msg/contact_information__type_support.cpp.o[0m
[190.238s] [ 27%] [32mBuilding CXX object CMakeFiles/moveit_msgs__rosidl_typesupport_fastrtps_cpp.dir/rosidl_typesupport_fastrtps_cpp/moveit_msgs/msg/detail/dds_fastrtps/allowed_collision_entry__type_support.cpp.o[0m
[190.567s] [ 27%] [32mBuilding CXX object CMakeFiles/moveit_msgs__rosidl_typesupport_cpp.dir/rosidl_typesupport_cpp/moveit_msgs/msg/display_trajectory__type_support.cpp.o[0m
[190.691s] [ 27%] [32mBuilding CXX object CMakeFiles/moveit_msgs__rosidl_typesupport_fastrtps_c.dir/rosidl_typesupport_fastrtps_c/moveit_msgs/msg/detail/cartesian_point__type_support_c.cpp.o[0m
[191.071s] [ 27%] [32mBuilding CXX object CMakeFiles/moveit_msgs__rosidl_typesupport_cpp.dir/rosidl_typesupport_cpp/moveit_msgs/msg/display_robot_state__type_support.cpp.o[0m
[191.135s] [ 28%] [32mBuilding CXX object CMakeFiles/moveit_msgs__rosidl_typesupport_fastrtps_cpp.dir/rosidl_typesupport_fastrtps_cpp/moveit_msgs/msg/detail/dds_fastrtps/allowed_collision_matrix__type_support.cpp.o[0m
[191.492s] [ 28%] [32mBuilding CXX object CMakeFiles/moveit_msgs__rosidl_typesupport_fastrtps_c.dir/rosidl_typesupport_fastrtps_c/moveit_msgs/msg/detail/cartesian_trajectory__type_support_c.cpp.o[0m
[191.594s] [ 29%] [32mBuilding CXX object CMakeFiles/moveit_msgs__rosidl_typesupport_cpp.dir/rosidl_typesupport_cpp/moveit_msgs/msg/generic_trajectory__type_support.cpp.o[0m
[192.143s] [ 29%] [32mBuilding CXX object CMakeFiles/moveit_msgs__rosidl_typesupport_fastrtps_cpp.dir/rosidl_typesupport_fastrtps_cpp/moveit_msgs/msg/detail/dds_fastrtps/attached_collision_object__type_support.cpp.o[0m
[192.154s] [ 29%] [32mBuilding CXX object CMakeFiles/moveit_msgs__rosidl_typesupport_cpp.dir/rosidl_typesupport_cpp/moveit_msgs/msg/grasp__type_support.cpp.o[0m
[192.266s] [ 30%] [32mBuilding CXX object CMakeFiles/moveit_msgs__rosidl_typesupport_fastrtps_c.dir/rosidl_typesupport_fastrtps_c/moveit_msgs/msg/detail/cartesian_trajectory_point__type_support_c.cpp.o[0m
[192.636s] [ 30%] [32mBuilding CXX object CMakeFiles/moveit_msgs__rosidl_typesupport_cpp.dir/rosidl_typesupport_cpp/moveit_msgs/msg/gripper_translation__type_support.cpp.o[0m
[192.839s] [ 30%] [32mBuilding CXX object CMakeFiles/moveit_msgs__rosidl_typesupport_fastrtps_c.dir/rosidl_typesupport_fastrtps_c/moveit_msgs/msg/detail/collision_object__type_support_c.cpp.o[0m
[193.041s] [ 30%] [32mBuilding CXX object CMakeFiles/moveit_msgs__rosidl_typesupport_fastrtps_cpp.dir/rosidl_typesupport_fastrtps_cpp/moveit_msgs/msg/detail/dds_fastrtps/bounding_volume__type_support.cpp.o[0m
[193.159s] [ 30%] [32mBuilding CXX object CMakeFiles/moveit_msgs__rosidl_typesupport_cpp.dir/rosidl_typesupport_cpp/moveit_msgs/msg/joint_constraint__type_support.cpp.o[0m
[193.494s] [ 30%] [32mBuilding CXX object CMakeFiles/moveit_msgs__rosidl_typesupport_introspection_cpp.dir/rosidl_typesupport_introspection_cpp/moveit_msgs/action/detail/local_planner__type_support.cpp.o[0m
[193.624s] [ 30%] [32mBuilding CXX object CMakeFiles/moveit_msgs__rosidl_typesupport_cpp.dir/rosidl_typesupport_cpp/moveit_msgs/msg/joint_limits__type_support.cpp.o[0m
[193.711s] [ 30%] [32mBuilding CXX object CMakeFiles/moveit_msgs__rosidl_typesupport_fastrtps_c.dir/rosidl_typesupport_fastrtps_c/moveit_msgs/msg/detail/constraint_eval_result__type_support_c.cpp.o[0m
[194.113s] [ 30%] [32mBuilding CXX object CMakeFiles/moveit_msgs__rosidl_typesupport_cpp.dir/rosidl_typesupport_cpp/moveit_msgs/msg/link_padding__type_support.cpp.o[0m
[194.131s] [ 30%] [32mBuilding CXX object CMakeFiles/moveit_msgs__rosidl_typesupport_fastrtps_cpp.dir/rosidl_typesupport_fastrtps_cpp/moveit_msgs/msg/detail/dds_fastrtps/cartesian_point__type_support.cpp.o[0m
[194.498s] [ 30%] [32mBuilding CXX object CMakeFiles/moveit_msgs__rosidl_typesupport_fastrtps_c.dir/rosidl_typesupport_fastrtps_c/moveit_msgs/msg/detail/constraints__type_support_c.cpp.o[0m
[194.748s] [ 30%] [32mBuilding CXX object CMakeFiles/moveit_msgs__rosidl_typesupport_cpp.dir/rosidl_typesupport_cpp/moveit_msgs/msg/link_scale__type_support.cpp.o[0m
[194.864s] [ 30%] [32mBuilding CXX object CMakeFiles/moveit_msgs__rosidl_typesupport_fastrtps_cpp.dir/rosidl_typesupport_fastrtps_cpp/moveit_msgs/msg/detail/dds_fastrtps/cartesian_trajectory__type_support.cpp.o[0m
[195.180s] [ 30%] [32mBuilding CXX object CMakeFiles/moveit_msgs__rosidl_typesupport_fastrtps_c.dir/rosidl_typesupport_fastrtps_c/moveit_msgs/msg/detail/cost_source__type_support_c.cpp.o[0m
[195.355s] [ 31%] [32mBuilding CXX object CMakeFiles/moveit_msgs__rosidl_typesupport_cpp.dir/rosidl_typesupport_cpp/moveit_msgs/msg/motion_plan_request__type_support.cpp.o[0m
[195.856s] [ 31%] [32mBuilding CXX object CMakeFiles/moveit_msgs__rosidl_typesupport_fastrtps_c.dir/rosidl_typesupport_fastrtps_c/moveit_msgs/msg/detail/contact_information__type_support_c.cpp.o[0m
[195.856s] [ 31%] [32mBuilding CXX object CMakeFiles/moveit_msgs__rosidl_typesupport_fastrtps_cpp.dir/rosidl_typesupport_fastrtps_cpp/moveit_msgs/msg/detail/dds_fastrtps/cartesian_trajectory_point__type_support.cpp.o[0m
[195.874s] [ 31%] [32mBuilding CXX object CMakeFiles/moveit_msgs__rosidl_typesupport_cpp.dir/rosidl_typesupport_cpp/moveit_msgs/msg/motion_plan_response__type_support.cpp.o[0m
[196.191s] [ 31%] [32mBuilding CXX object CMakeFiles/moveit_msgs__rosidl_typesupport_introspection_cpp.dir/rosidl_typesupport_introspection_cpp/moveit_msgs/action/detail/global_planner__type_support.cpp.o[0m
[196.467s] [ 31%] [32mBuilding CXX object CMakeFiles/moveit_msgs__rosidl_typesupport_cpp.dir/rosidl_typesupport_cpp/moveit_msgs/msg/motion_plan_detailed_response__type_support.cpp.o[0m
[196.483s] [ 32%] [32mBuilding CXX object CMakeFiles/moveit_msgs__rosidl_typesupport_fastrtps_c.dir/rosidl_typesupport_fastrtps_c/moveit_msgs/msg/detail/display_trajectory__type_support_c.cpp.o[0m
[196.696s] [ 32%] [32mBuilding CXX object CMakeFiles/moveit_msgs__rosidl_typesupport_fastrtps_cpp.dir/rosidl_typesupport_fastrtps_cpp/moveit_msgs/msg/detail/dds_fastrtps/collision_object__type_support.cpp.o[0m
[196.948s] [ 32%] [32mBuilding CXX object CMakeFiles/moveit_msgs__rosidl_typesupport_cpp.dir/rosidl_typesupport_cpp/moveit_msgs/msg/motion_sequence_item__type_support.cpp.o[0m
[197.206s] [ 32%] [32mBuilding CXX object CMakeFiles/moveit_msgs__rosidl_typesupport_fastrtps_c.dir/rosidl_typesupport_fastrtps_c/moveit_msgs/msg/detail/display_robot_state__type_support_c.cpp.o[0m
[197.529s] [ 32%] [32mBuilding CXX object CMakeFiles/moveit_msgs__rosidl_typesupport_cpp.dir/rosidl_typesupport_cpp/moveit_msgs/msg/motion_sequence_request__type_support.cpp.o[0m
[197.865s] [ 32%] [32mBuilding CXX object CMakeFiles/moveit_msgs__rosidl_typesupport_fastrtps_c.dir/rosidl_typesupport_fastrtps_c/moveit_msgs/msg/detail/generic_trajectory__type_support_c.cpp.o[0m
[198.050s] [ 33%] [32mBuilding CXX object CMakeFiles/moveit_msgs__rosidl_typesupport_fastrtps_cpp.dir/rosidl_typesupport_fastrtps_cpp/moveit_msgs/msg/detail/dds_fastrtps/constraint_eval_result__type_support.cpp.o[0m
[198.070s] [ 33%] [32mBuilding CXX object CMakeFiles/moveit_msgs__rosidl_typesupport_cpp.dir/rosidl_typesupport_cpp/moveit_msgs/msg/motion_sequence_response__type_support.cpp.o[0m
[198.215s] [ 33%] [32mBuilding CXX object CMakeFiles/moveit_msgs__rosidl_typesupport_introspection_cpp.dir/rosidl_typesupport_introspection_cpp/moveit_msgs/action/detail/hybrid_planner__type_support.cpp.o[0m
[198.539s] [ 33%] [32mBuilding CXX object CMakeFiles/moveit_msgs__rosidl_typesupport_fastrtps_c.dir/rosidl_typesupport_fastrtps_c/moveit_msgs/msg/detail/grasp__type_support_c.cpp.o[0m
[198.697s] [ 33%] [32mBuilding CXX object CMakeFiles/moveit_msgs__rosidl_typesupport_fastrtps_cpp.dir/rosidl_typesupport_fastrtps_cpp/moveit_msgs/msg/detail/dds_fastrtps/constraints__type_support.cpp.o[0m
[198.728s] [ 33%] [32mBuilding CXX object CMakeFiles/moveit_msgs__rosidl_typesupport_cpp.dir/rosidl_typesupport_cpp/moveit_msgs/msg/move_it_error_codes__type_support.cpp.o[0m
[199.220s] [ 33%] [32mBuilding CXX object CMakeFiles/moveit_msgs__rosidl_typesupport_fastrtps_c.dir/rosidl_typesupport_fastrtps_c/moveit_msgs/msg/detail/gripper_translation__type_support_c.cpp.o[0m
[199.241s] [ 34%] [32mBuilding CXX object CMakeFiles/moveit_msgs__rosidl_typesupport_cpp.dir/rosidl_typesupport_cpp/moveit_msgs/msg/trajectory_constraints__type_support.cpp.o[0m
[199.693s] [ 34%] [32mBuilding CXX object CMakeFiles/moveit_msgs__rosidl_typesupport_cpp.dir/rosidl_typesupport_cpp/moveit_msgs/msg/object_color__type_support.cpp.o[0m
[199.865s] [ 34%] [32mBuilding CXX object CMakeFiles/moveit_msgs__rosidl_typesupport_fastrtps_c.dir/rosidl_typesupport_fastrtps_c/moveit_msgs/msg/detail/joint_constraint__type_support_c.cpp.o[0m
[200.002s] [ 35%] [32m[1mLinking CXX shared library libmoveit_msgs__rosidl_typesupport_introspection_cpp.so[0m
[200.029s] [ 35%] [32mBuilding CXX object CMakeFiles/moveit_msgs__rosidl_typesupport_fastrtps_cpp.dir/rosidl_typesupport_fastrtps_cpp/moveit_msgs/msg/detail/dds_fastrtps/cost_source__type_support.cpp.o[0m
[200.827s] [ 35%] [32mBuilding CXX object CMakeFiles/moveit_msgs__rosidl_typesupport_cpp.dir/rosidl_typesupport_cpp/moveit_msgs/msg/orientation_constraint__type_support.cpp.o[0m
[200.913s] [ 35%] Built target moveit_msgs__rosidl_typesupport_introspection_cpp
[200.923s] [ 35%] [32mBuilding CXX object CMakeFiles/moveit_msgs__rosidl_typesupport_fastrtps_c.dir/rosidl_typesupport_fastrtps_c/moveit_msgs/msg/detail/joint_limits__type_support_c.cpp.o[0m
[201.266s] [ 35%] [32mBuilding CXX object CMakeFiles/moveit_msgs__rosidl_typesupport_cpp.dir/rosidl_typesupport_cpp/moveit_msgs/msg/oriented_bounding_box__type_support.cpp.o[0m
[201.294s] [ 35%] [32mBuilding CXX object CMakeFiles/moveit_msgs__rosidl_typesupport_fastrtps_cpp.dir/rosidl_typesupport_fastrtps_cpp/moveit_msgs/msg/detail/dds_fastrtps/contact_information__type_support.cpp.o[0m
[201.521s] [ 36%] [32mBuilding CXX object CMakeFiles/moveit_msgs__rosidl_typesupport_fastrtps_c.dir/rosidl_typesupport_fastrtps_c/moveit_msgs/msg/detail/link_padding__type_support_c.cpp.o[0m
[202.029s] [ 36%] [32mBuilding CXX object CMakeFiles/moveit_msgs__rosidl_typesupport_cpp.dir/rosidl_typesupport_cpp/moveit_msgs/msg/place_location__type_support.cpp.o[0m
[202.236s] [ 36%] [32mBuilding CXX object CMakeFiles/moveit_msgs__rosidl_typesupport_fastrtps_c.dir/rosidl_typesupport_fastrtps_c/moveit_msgs/msg/detail/link_scale__type_support_c.cpp.o[0m
[202.307s] [ 36%] [32mBuilding CXX object CMakeFiles/moveit_msgs__rosidl_typesupport_fastrtps_cpp.dir/rosidl_typesupport_fastrtps_cpp/moveit_msgs/msg/detail/dds_fastrtps/display_trajectory__type_support.cpp.o[0m
[202.433s] [ 36%] [32mBuilding CXX object CMakeFiles/moveit_msgs__rosidl_typesupport_cpp.dir/rosidl_typesupport_cpp/moveit_msgs/msg/planner_interface_description__type_support.cpp.o[0m
[202.765s] [ 36%] [32mBuilding CXX object CMakeFiles/moveit_msgs__rosidl_typesupport_fastrtps_c.dir/rosidl_typesupport_fastrtps_c/moveit_msgs/msg/detail/motion_plan_request__type_support_c.cpp.o[0m
[202.868s] [ 37%] [32mBuilding CXX object CMakeFiles/moveit_msgs__rosidl_typesupport_cpp.dir/rosidl_typesupport_cpp/moveit_msgs/msg/planner_params__type_support.cpp.o[0m
[203.188s] [ 37%] [32mBuilding CXX object CMakeFiles/moveit_msgs__rosidl_typesupport_fastrtps_cpp.dir/rosidl_typesupport_fastrtps_cpp/moveit_msgs/msg/detail/dds_fastrtps/display_robot_state__type_support.cpp.o[0m
[203.267s] [ 37%] [32mBuilding CXX object CMakeFiles/moveit_msgs__rosidl_typesupport_cpp.dir/rosidl_typesupport_cpp/moveit_msgs/msg/planning_scene__type_support.cpp.o[0m
[203.410s] [ 37%] [32mBuilding CXX object CMakeFiles/moveit_msgs__rosidl_typesupport_fastrtps_c.dir/rosidl_typesupport_fastrtps_c/moveit_msgs/msg/detail/motion_plan_response__type_support_c.cpp.o[0m
[203.691s] [ 37%] [32mBuilding CXX object CMakeFiles/moveit_msgs__rosidl_typesupport_cpp.dir/rosidl_typesupport_cpp/moveit_msgs/msg/planning_scene_components__type_support.cpp.o[0m
[203.889s] [ 38%] [32mBuilding CXX object CMakeFiles/moveit_msgs__rosidl_typesupport_fastrtps_cpp.dir/rosidl_typesupport_fastrtps_cpp/moveit_msgs/msg/detail/dds_fastrtps/generic_trajectory__type_support.cpp.o[0m
[203.986s] [ 38%] [32mBuilding CXX object CMakeFiles/moveit_msgs__rosidl_typesupport_fastrtps_c.dir/rosidl_typesupport_fastrtps_c/moveit_msgs/msg/detail/motion_plan_detailed_response__type_support_c.cpp.o[0m
[204.122s] [ 38%] [32mBuilding CXX object CMakeFiles/moveit_msgs__rosidl_typesupport_cpp.dir/rosidl_typesupport_cpp/moveit_msgs/msg/planning_scene_world__type_support.cpp.o[0m
[204.538s] [ 38%] [32mBuilding CXX object CMakeFiles/moveit_msgs__rosidl_typesupport_cpp.dir/rosidl_typesupport_cpp/moveit_msgs/msg/planning_options__type_support.cpp.o[0m
[204.602s] [ 38%] [32mBuilding CXX object CMakeFiles/moveit_msgs__rosidl_typesupport_fastrtps_c.dir/rosidl_typesupport_fastrtps_c/moveit_msgs/msg/detail/motion_sequence_item__type_support_c.cpp.o[0m
[204.712s] [ 38%] [32mBuilding CXX object CMakeFiles/moveit_msgs__rosidl_typesupport_fastrtps_cpp.dir/rosidl_typesupport_fastrtps_cpp/moveit_msgs/msg/detail/dds_fastrtps/grasp__type_support.cpp.o[0m
[204.986s] [ 38%] [32mBuilding CXX object CMakeFiles/moveit_msgs__rosidl_typesupport_cpp.dir/rosidl_typesupport_cpp/moveit_msgs/msg/position_constraint__type_support.cpp.o[0m
[205.093s] [ 39%] [32mBuilding CXX object CMakeFiles/moveit_msgs__rosidl_typesupport_fastrtps_c.dir/rosidl_typesupport_fastrtps_c/moveit_msgs/msg/detail/motion_sequence_request__type_support_c.cpp.o[0m
[205.451s] [ 39%] [32mBuilding CXX object CMakeFiles/moveit_msgs__rosidl_typesupport_cpp.dir/rosidl_typesupport_cpp/moveit_msgs/msg/robot_state__type_support.cpp.o[0m
[205.505s] [ 39%] [32mBuilding CXX object CMakeFiles/moveit_msgs__rosidl_typesupport_fastrtps_cpp.dir/rosidl_typesupport_fastrtps_cpp/moveit_msgs/msg/detail/dds_fastrtps/gripper_translation__type_support.cpp.o[0m
[205.616s] [ 39%] [32mBuilding CXX object CMakeFiles/moveit_msgs__rosidl_typesupport_fastrtps_c.dir/rosidl_typesupport_fastrtps_c/moveit_msgs/msg/detail/motion_sequence_response__type_support_c.cpp.o[0m
[205.912s] [ 40%] [32mBuilding CXX object CMakeFiles/moveit_msgs__rosidl_typesupport_cpp.dir/rosidl_typesupport_cpp/moveit_msgs/msg/robot_trajectory__type_support.cpp.o[0m
[206.152s] [ 40%] [32mBuilding CXX object CMakeFiles/moveit_msgs__rosidl_typesupport_fastrtps_cpp.dir/rosidl_typesupport_fastrtps_cpp/moveit_msgs/msg/detail/dds_fastrtps/joint_constraint__type_support.cpp.o[0m
[206.229s] [ 40%] [32mBuilding CXX object CMakeFiles/moveit_msgs__rosidl_typesupport_fastrtps_c.dir/rosidl_typesupport_fastrtps_c/moveit_msgs/msg/detail/move_it_error_codes__type_support_c.cpp.o[0m
[206.390s] [ 40%] [32mBuilding CXX object CMakeFiles/moveit_msgs__rosidl_typesupport_cpp.dir/rosidl_typesupport_cpp/moveit_msgs/msg/visibility_constraint__type_support.cpp.o[0m
[206.782s] [ 40%] [32mBuilding CXX object CMakeFiles/moveit_msgs__rosidl_typesupport_fastrtps_cpp.dir/rosidl_typesupport_fastrtps_cpp/moveit_msgs/msg/detail/dds_fastrtps/joint_limits__type_support.cpp.o[0m
[206.816s] [ 40%] [32mBuilding CXX object CMakeFiles/moveit_msgs__rosidl_typesupport_fastrtps_c.dir/rosidl_typesupport_fastrtps_c/moveit_msgs/msg/detail/trajectory_constraints__type_support_c.cpp.o[0m
[206.837s] [ 40%] [32mBuilding CXX object CMakeFiles/moveit_msgs__rosidl_typesupport_cpp.dir/rosidl_typesupport_cpp/moveit_msgs/msg/workspace_parameters__type_support.cpp.o[0m
[207.307s] [ 40%] [32mBuilding CXX object CMakeFiles/moveit_msgs__rosidl_typesupport_cpp.dir/rosidl_typesupport_cpp/moveit_msgs/msg/kinematic_solver_info__type_support.cpp.o[0m
[207.363s] [ 40%] [32mBuilding CXX object CMakeFiles/moveit_msgs__rosidl_typesupport_fastrtps_c.dir/rosidl_typesupport_fastrtps_c/moveit_msgs/msg/detail/object_color__type_support_c.cpp.o[0m
[207.412s] [ 40%] [32mBuilding CXX object CMakeFiles/moveit_msgs__rosidl_typesupport_fastrtps_cpp.dir/rosidl_typesupport_fastrtps_cpp/moveit_msgs/msg/detail/dds_fastrtps/link_padding__type_support.cpp.o[0m
[207.775s] [ 40%] [32mBuilding CXX object CMakeFiles/moveit_msgs__rosidl_typesupport_cpp.dir/rosidl_typesupport_cpp/moveit_msgs/msg/position_ik_request__type_support.cpp.o[0m
[207.959s] [ 40%] [32mBuilding CXX object CMakeFiles/moveit_msgs__rosidl_typesupport_fastrtps_c.dir/rosidl_typesupport_fastrtps_c/moveit_msgs/msg/detail/orientation_constraint__type_support_c.cpp.o[0m
[208.088s] [ 40%] [32mBuilding CXX object CMakeFiles/moveit_msgs__rosidl_typesupport_fastrtps_cpp.dir/rosidl_typesupport_fastrtps_cpp/moveit_msgs/msg/detail/dds_fastrtps/link_scale__type_support.cpp.o[0m
[208.268s] [ 40%] [32mBuilding CXX object CMakeFiles/moveit_msgs__rosidl_typesupport_cpp.dir/rosidl_typesupport_cpp/moveit_msgs/msg/pipeline_state__type_support.cpp.o[0m
[208.659s] [ 40%] [32mBuilding CXX object CMakeFiles/moveit_msgs__rosidl_typesupport_fastrtps_c.dir/rosidl_typesupport_fastrtps_c/moveit_msgs/msg/detail/oriented_bounding_box__type_support_c.cpp.o[0m
[208.705s] [ 41%] [32mBuilding CXX object CMakeFiles/moveit_msgs__rosidl_typesupport_cpp.dir/rosidl_typesupport_cpp/moveit_msgs/msg/servo_status__type_support.cpp.o[0m
[208.737s] [ 42%] [32mBuilding CXX object CMakeFiles/moveit_msgs__rosidl_typesupport_fastrtps_cpp.dir/rosidl_typesupport_fastrtps_cpp/moveit_msgs/msg/detail/dds_fastrtps/motion_plan_request__type_support.cpp.o[0m
[209.130s] [ 42%] [32mBuilding CXX object CMakeFiles/moveit_msgs__rosidl_typesupport_cpp.dir/rosidl_typesupport_cpp/moveit_msgs/srv/get_motion_plan__type_support.cpp.o[0m
[209.270s] [ 43%] [32mBuilding CXX object CMakeFiles/moveit_msgs__rosidl_typesupport_fastrtps_c.dir/rosidl_typesupport_fastrtps_c/moveit_msgs/msg/detail/place_location__type_support_c.cpp.o[0m
[209.633s] [ 43%] [32mBuilding CXX object CMakeFiles/moveit_msgs__rosidl_typesupport_cpp.dir/rosidl_typesupport_cpp/moveit_msgs/srv/get_state_validity__type_support.cpp.o[0m
[209.937s] [ 43%] [32mBuilding CXX object CMakeFiles/moveit_msgs__rosidl_typesupport_fastrtps_c.dir/rosidl_typesupport_fastrtps_c/moveit_msgs/msg/detail/planner_interface_description__type_support_c.cpp.o[0m
[210.023s] [ 43%] [32mBuilding CXX object CMakeFiles/moveit_msgs__rosidl_typesupport_fastrtps_cpp.dir/rosidl_typesupport_fastrtps_cpp/moveit_msgs/msg/detail/dds_fastrtps/motion_plan_response__type_support.cpp.o[0m
[210.074s] [ 43%] [32mBuilding CXX object CMakeFiles/moveit_msgs__rosidl_typesupport_cpp.dir/rosidl_typesupport_cpp/moveit_msgs/srv/get_cartesian_path__type_support.cpp.o[0m
[210.502s] [ 43%] [32mBuilding CXX object CMakeFiles/moveit_msgs__rosidl_typesupport_cpp.dir/rosidl_typesupport_cpp/moveit_msgs/srv/get_planning_scene__type_support.cpp.o[0m
[210.580s] [ 43%] [32mBuilding CXX object CMakeFiles/moveit_msgs__rosidl_typesupport_fastrtps_c.dir/rosidl_typesupport_fastrtps_c/moveit_msgs/msg/detail/planner_params__type_support_c.cpp.o[0m
[210.699s] [ 43%] [32mBuilding CXX object CMakeFiles/moveit_msgs__rosidl_typesupport_fastrtps_cpp.dir/rosidl_typesupport_fastrtps_cpp/moveit_msgs/msg/detail/dds_fastrtps/motion_plan_detailed_response__type_support.cpp.o[0m
[210.940s] [ 43%] [32mBuilding CXX object CMakeFiles/moveit_msgs__rosidl_typesupport_cpp.dir/rosidl_typesupport_cpp/moveit_msgs/srv/grasp_planning__type_support.cpp.o[0m
[211.208s] [ 43%] [32mBuilding CXX object CMakeFiles/moveit_msgs__rosidl_typesupport_fastrtps_c.dir/rosidl_typesupport_fastrtps_c/moveit_msgs/msg/detail/planning_scene__type_support_c.cpp.o[0m
[211.369s] [ 43%] [32mBuilding CXX object CMakeFiles/moveit_msgs__rosidl_typesupport_cpp.dir/rosidl_typesupport_cpp/moveit_msgs/srv/apply_planning_scene__type_support.cpp.o[0m
[211.699s] [ 43%] [32mBuilding CXX object CMakeFiles/moveit_msgs__rosidl_typesupport_fastrtps_cpp.dir/rosidl_typesupport_fastrtps_cpp/moveit_msgs/msg/detail/dds_fastrtps/motion_sequence_item__type_support.cpp.o[0m
[211.804s] [ 44%] [32mBuilding CXX object CMakeFiles/moveit_msgs__rosidl_typesupport_cpp.dir/rosidl_typesupport_cpp/moveit_msgs/srv/query_planner_interfaces__type_support.cpp.o[0m
[211.835s] [ 44%] [32mBuilding CXX object CMakeFiles/moveit_msgs__rosidl_typesupport_fastrtps_c.dir/rosidl_typesupport_fastrtps_c/moveit_msgs/msg/detail/planning_scene_components__type_support_c.cpp.o[0m
[212.204s] [ 44%] [32mBuilding CXX object CMakeFiles/moveit_msgs__rosidl_typesupport_cpp.dir/rosidl_typesupport_cpp/moveit_msgs/srv/get_motion_sequence__type_support.cpp.o[0m
[212.324s] [ 44%] [32mBuilding CXX object CMakeFiles/moveit_msgs__rosidl_typesupport_fastrtps_c.dir/rosidl_typesupport_fastrtps_c/moveit_msgs/msg/detail/planning_scene_world__type_support_c.cpp.o[0m
[212.325s] [ 44%] [32mBuilding CXX object CMakeFiles/moveit_msgs__rosidl_typesupport_fastrtps_cpp.dir/rosidl_typesupport_fastrtps_cpp/moveit_msgs/msg/detail/dds_fastrtps/motion_sequence_request__type_support.cpp.o[0m
[212.655s] [ 44%] [32mBuilding CXX object CMakeFiles/moveit_msgs__rosidl_typesupport_cpp.dir/rosidl_typesupport_cpp/moveit_msgs/srv/get_position_fk__type_support.cpp.o[0m
[212.841s] [ 45%] [32mBuilding CXX object CMakeFiles/moveit_msgs__rosidl_typesupport_fastrtps_c.dir/rosidl_typesupport_fastrtps_c/moveit_msgs/msg/detail/planning_options__type_support_c.cpp.o[0m
[213.103s] [ 45%] [32mBuilding CXX object CMakeFiles/moveit_msgs__rosidl_typesupport_cpp.dir/rosidl_typesupport_cpp/moveit_msgs/srv/get_position_ik__type_support.cpp.o[0m
[213.385s] [ 45%] [32mBuilding CXX object CMakeFiles/moveit_msgs__rosidl_typesupport_fastrtps_c.dir/rosidl_typesupport_fastrtps_c/moveit_msgs/msg/detail/position_constraint__type_support_c.cpp.o[0m
[213.534s] [ 45%] [32mBuilding CXX object CMakeFiles/moveit_msgs__rosidl_typesupport_cpp.dir/rosidl_typesupport_cpp/moveit_msgs/srv/get_planner_params__type_support.cpp.o[0m
[213.753s] [ 45%] [32mBuilding CXX object CMakeFiles/moveit_msgs__rosidl_typesupport_fastrtps_cpp.dir/rosidl_typesupport_fastrtps_cpp/moveit_msgs/msg/detail/dds_fastrtps/motion_sequence_response__type_support.cpp.o[0m
[213.927s] [ 45%] [32mBuilding CXX object CMakeFiles/moveit_msgs__rosidl_typesupport_cpp.dir/rosidl_typesupport_cpp/moveit_msgs/srv/set_planner_params__type_support.cpp.o[0m
[213.936s] [ 45%] [32mBuilding CXX object CMakeFiles/moveit_msgs__rosidl_typesupport_fastrtps_c.dir/rosidl_typesupport_fastrtps_c/moveit_msgs/msg/detail/robot_state__type_support_c.cpp.o[0m
[214.308s] [ 46%] [32mBuilding CXX object CMakeFiles/moveit_msgs__rosidl_typesupport_cpp.dir/rosidl_typesupport_cpp/moveit_msgs/srv/update_pointcloud_octomap__type_support.cpp.o[0m
[214.486s] [ 46%] [32mBuilding CXX object CMakeFiles/moveit_msgs__rosidl_typesupport_fastrtps_c.dir/rosidl_typesupport_fastrtps_c/moveit_msgs/msg/detail/robot_trajectory__type_support_c.cpp.o[0m
[214.630s] [ 47%] [32mBuilding CXX object CMakeFiles/moveit_msgs__rosidl_typesupport_fastrtps_cpp.dir/rosidl_typesupport_fastrtps_cpp/moveit_msgs/msg/detail/dds_fastrtps/move_it_error_codes__type_support.cpp.o[0m
[214.722s] [ 47%] [32mBuilding CXX object CMakeFiles/moveit_msgs__rosidl_typesupport_cpp.dir/rosidl_typesupport_cpp/moveit_msgs/srv/save_map__type_support.cpp.o[0m
[215.030s] [ 47%] [32mBuilding CXX object CMakeFiles/moveit_msgs__rosidl_typesupport_fastrtps_c.dir/rosidl_typesupport_fastrtps_c/moveit_msgs/msg/detail/visibility_constraint__type_support_c.cpp.o[0m
[215.184s] [ 47%] [32mBuilding CXX object CMakeFiles/moveit_msgs__rosidl_typesupport_cpp.dir/rosidl_typesupport_cpp/moveit_msgs/srv/load_map__type_support.cpp.o[0m
[215.245s] [ 47%] [32mBuilding CXX object CMakeFiles/moveit_msgs__rosidl_typesupport_fastrtps_cpp.dir/rosidl_typesupport_fastrtps_cpp/moveit_msgs/msg/detail/dds_fastrtps/trajectory_constraints__type_support.cpp.o[0m
[215.528s] [ 47%] [32mBuilding CXX object CMakeFiles/moveit_msgs__rosidl_typesupport_fastrtps_c.dir/rosidl_typesupport_fastrtps_c/moveit_msgs/msg/detail/workspace_parameters__type_support_c.cpp.o[0m
[215.554s] [ 47%] [32mBuilding CXX object CMakeFiles/moveit_msgs__rosidl_typesupport_cpp.dir/rosidl_typesupport_cpp/moveit_msgs/srv/save_robot_state_to_warehouse__type_support.cpp.o[0m
[215.946s] [ 47%] [32mBuilding CXX object CMakeFiles/moveit_msgs__rosidl_typesupport_cpp.dir/rosidl_typesupport_cpp/moveit_msgs/srv/list_robot_states_in_warehouse__type_support.cpp.o[0m
[216.004s] [ 47%] [32mBuilding CXX object CMakeFiles/moveit_msgs__rosidl_typesupport_fastrtps_c.dir/rosidl_typesupport_fastrtps_c/moveit_msgs/msg/detail/kinematic_solver_info__type_support_c.cpp.o[0m
[216.021s] [ 47%] [32mBuilding CXX object CMakeFiles/moveit_msgs__rosidl_typesupport_fastrtps_cpp.dir/rosidl_typesupport_fastrtps_cpp/moveit_msgs/msg/detail/dds_fastrtps/object_color__type_support.cpp.o[0m
[216.309s] [ 47%] [32mBuilding CXX object CMakeFiles/moveit_msgs__rosidl_typesupport_cpp.dir/rosidl_typesupport_cpp/moveit_msgs/srv/get_robot_state_from_warehouse__type_support.cpp.o[0m
[216.577s] [ 48%] [32mBuilding CXX object CMakeFiles/moveit_msgs__rosidl_typesupport_fastrtps_c.dir/rosidl_typesupport_fastrtps_c/moveit_msgs/msg/detail/position_ik_request__type_support_c.cpp.o[0m
[216.607s] [ 48%] [32mBuilding CXX object CMakeFiles/moveit_msgs__rosidl_typesupport_fastrtps_cpp.dir/rosidl_typesupport_fastrtps_cpp/moveit_msgs/msg/detail/dds_fastrtps/orientation_constraint__type_support.cpp.o[0m
[216.710s] [ 48%] [32mBuilding CXX object CMakeFiles/moveit_msgs__rosidl_typesupport_cpp.dir/rosidl_typesupport_cpp/moveit_msgs/srv/check_if_robot_state_exists_in_warehouse__type_support.cpp.o[0m
[217.102s] [ 49%] [32mBuilding CXX object CMakeFiles/moveit_msgs__rosidl_typesupport_cpp.dir/rosidl_typesupport_cpp/moveit_msgs/srv/rename_robot_state_in_warehouse__type_support.cpp.o[0m
[217.170s] [ 49%] [32mBuilding CXX object CMakeFiles/moveit_msgs__rosidl_typesupport_fastrtps_c.dir/rosidl_typesupport_fastrtps_c/moveit_msgs/msg/detail/pipeline_state__type_support_c.cpp.o[0m
[217.195s] [ 49%] [32mBuilding CXX object CMakeFiles/moveit_msgs__rosidl_typesupport_fastrtps_cpp.dir/rosidl_typesupport_fastrtps_cpp/moveit_msgs/msg/detail/dds_fastrtps/oriented_bounding_box__type_support.cpp.o[0m
[217.471s] [ 49%] [32mBuilding CXX object CMakeFiles/moveit_msgs__rosidl_typesupport_cpp.dir/rosidl_typesupport_cpp/moveit_msgs/srv/delete_robot_state_from_warehouse__type_support.cpp.o[0m
[217.697s] [ 49%] [32mBuilding CXX object CMakeFiles/moveit_msgs__rosidl_typesupport_fastrtps_c.dir/rosidl_typesupport_fastrtps_c/moveit_msgs/msg/detail/servo_status__type_support_c.cpp.o[0m
[217.737s] [ 49%] [32mBuilding CXX object CMakeFiles/moveit_msgs__rosidl_typesupport_fastrtps_cpp.dir/rosidl_typesupport_fastrtps_cpp/moveit_msgs/msg/detail/dds_fastrtps/place_location__type_support.cpp.o[0m
[217.843s] [ 49%] [32mBuilding CXX object CMakeFiles/moveit_msgs__rosidl_typesupport_cpp.dir/rosidl_typesupport_cpp/moveit_msgs/srv/servo_command_type__type_support.cpp.o[0m
[218.184s] [ 49%] [32mBuilding CXX object CMakeFiles/moveit_msgs__rosidl_typesupport_fastrtps_c.dir/rosidl_typesupport_fastrtps_c/moveit_msgs/srv/detail/get_motion_plan__type_support_c.cpp.o[0m
[218.261s] [ 49%] [32mBuilding CXX object CMakeFiles/moveit_msgs__rosidl_typesupport_cpp.dir/rosidl_typesupport_cpp/moveit_msgs/srv/get_group_urdf__type_support.cpp.o[0m
[218.407s] [ 49%] [32mBuilding CXX object CMakeFiles/moveit_msgs__rosidl_typesupport_fastrtps_cpp.dir/rosidl_typesupport_fastrtps_cpp/moveit_msgs/msg/detail/dds_fastrtps/planner_interface_description__type_support.cpp.o[0m
[218.622s] [ 49%] [32mBuilding CXX object CMakeFiles/moveit_msgs__rosidl_typesupport_cpp.dir/rosidl_typesupport_cpp/moveit_msgs/action/execute_trajectory__type_support.cpp.o[0m
[218.697s] [ 49%] [32mBuilding CXX object CMakeFiles/moveit_msgs__rosidl_typesupport_fastrtps_c.dir/rosidl_typesupport_fastrtps_c/moveit_msgs/srv/detail/get_state_validity__type_support_c.cpp.o[0m
[219.111s] [ 50%] [32mBuilding CXX object CMakeFiles/moveit_msgs__rosidl_typesupport_fastrtps_cpp.dir/rosidl_typesupport_fastrtps_cpp/moveit_msgs/msg/detail/dds_fastrtps/planner_params__type_support.cpp.o[0m
[219.290s] [ 50%] [32mBuilding CXX object CMakeFiles/moveit_msgs__rosidl_typesupport_cpp.dir/rosidl_typesupport_cpp/moveit_msgs/action/move_group__type_support.cpp.o[0m
[219.305s] [ 50%] [32mBuilding CXX object CMakeFiles/moveit_msgs__rosidl_typesupport_fastrtps_c.dir/rosidl_typesupport_fastrtps_c/moveit_msgs/srv/detail/get_cartesian_path__type_support_c.cpp.o[0m
[219.845s] [ 50%] [32mBuilding CXX object CMakeFiles/moveit_msgs__rosidl_typesupport_fastrtps_cpp.dir/rosidl_typesupport_fastrtps_cpp/moveit_msgs/msg/detail/dds_fastrtps/planning_scene__type_support.cpp.o[0m
[219.926s] [ 51%] [32mBuilding CXX object CMakeFiles/moveit_msgs__rosidl_typesupport_fastrtps_c.dir/rosidl_typesupport_fastrtps_c/moveit_msgs/srv/detail/get_planning_scene__type_support_c.cpp.o[0m
[219.969s] [ 52%] [32mBuilding CXX object CMakeFiles/moveit_msgs__rosidl_typesupport_cpp.dir/rosidl_typesupport_cpp/moveit_msgs/action/move_group_sequence__type_support.cpp.o[0m
[220.437s] [ 52%] [32mBuilding CXX object CMakeFiles/moveit_msgs__rosidl_typesupport_fastrtps_c.dir/rosidl_typesupport_fastrtps_c/moveit_msgs/srv/detail/grasp_planning__type_support_c.cpp.o[0m
[220.649s] [ 52%] [32mBuilding CXX object CMakeFiles/moveit_msgs__rosidl_typesupport_cpp.dir/rosidl_typesupport_cpp/moveit_msgs/action/pickup__type_support.cpp.o[0m
[220.789s] [ 52%] [32mBuilding CXX object CMakeFiles/moveit_msgs__rosidl_typesupport_fastrtps_cpp.dir/rosidl_typesupport_fastrtps_cpp/moveit_msgs/msg/detail/dds_fastrtps/planning_scene_components__type_support.cpp.o[0m
[221.077s] [ 52%] [32mBuilding CXX object CMakeFiles/moveit_msgs__rosidl_typesupport_fastrtps_c.dir/rosidl_typesupport_fastrtps_c/moveit_msgs/srv/detail/apply_planning_scene__type_support_c.cpp.o[0m
[221.317s] [ 52%] [32mBuilding CXX object CMakeFiles/moveit_msgs__rosidl_typesupport_cpp.dir/rosidl_typesupport_cpp/moveit_msgs/action/place__type_support.cpp.o[0m
[221.317s] [ 52%] [32mBuilding CXX object CMakeFiles/moveit_msgs__rosidl_typesupport_fastrtps_cpp.dir/rosidl_typesupport_fastrtps_cpp/moveit_msgs/msg/detail/dds_fastrtps/planning_scene_world__type_support.cpp.o[0m
[221.621s] [ 52%] [32mBuilding CXX object CMakeFiles/moveit_msgs__rosidl_typesupport_fastrtps_c.dir/rosidl_typesupport_fastrtps_c/moveit_msgs/srv/detail/query_planner_interfaces__type_support_c.cpp.o[0m
[222.028s] [ 52%] [32mBuilding CXX object CMakeFiles/moveit_msgs__rosidl_typesupport_cpp.dir/rosidl_typesupport_cpp/moveit_msgs/action/local_planner__type_support.cpp.o[0m
[222.153s] [ 52%] [32mBuilding CXX object CMakeFiles/moveit_msgs__rosidl_typesupport_fastrtps_c.dir/rosidl_typesupport_fastrtps_c/moveit_msgs/srv/detail/get_motion_sequence__type_support_c.cpp.o[0m
[222.213s] [ 52%] [32mBuilding CXX object CMakeFiles/moveit_msgs__rosidl_typesupport_fastrtps_cpp.dir/rosidl_typesupport_fastrtps_cpp/moveit_msgs/msg/detail/dds_fastrtps/planning_options__type_support.cpp.o[0m
[222.711s] [ 52%] [32mBuilding CXX object CMakeFiles/moveit_msgs__rosidl_typesupport_fastrtps_c.dir/rosidl_typesupport_fastrtps_c/moveit_msgs/srv/detail/get_position_fk__type_support_c.cpp.o[0m
[222.748s] [ 52%] [32mBuilding CXX object CMakeFiles/moveit_msgs__rosidl_typesupport_cpp.dir/rosidl_typesupport_cpp/moveit_msgs/action/global_planner__type_support.cpp.o[0m
[222.900s] [ 52%] [32mBuilding CXX object CMakeFiles/moveit_msgs__rosidl_typesupport_fastrtps_cpp.dir/rosidl_typesupport_fastrtps_cpp/moveit_msgs/msg/detail/dds_fastrtps/position_constraint__type_support.cpp.o[0m
[223.043s] gmake[2]: *** [CMakeFiles/moveit_msgs__rosidl_typesupport_cpp.dir/build.make:1591: CMakeFiles/moveit_msgs__rosidl_typesupport_cpp.dir/rosidl_typesupport_cpp/moveit_msgs/action/global_planner__type_support.cpp.o] Interrupt
[223.043s] gmake[2]: *** [CMakeFiles/moveit_msgs__rosidl_typesupport_fastrtps_c.dir/build.make:1536: CMakeFiles/moveit_msgs__rosidl_typesupport_fastrtps_c.dir/rosidl_typesupport_fastrtps_c/moveit_msgs/srv/detail/get_position_fk__type_support_c.cpp.o] Interrupt
[223.043s] gmake[1]: *** [CMakeFiles/Makefile2:395: CMakeFiles/moveit_msgs__rosidl_typesupport_cpp.dir/all] Interrupt
[223.043s] gmake[1]: *** [CMakeFiles/Makefile2:239: CMakeFiles/moveit_msgs__rosidl_typesupport_fastrtps_c.dir/all] Interrupt
[223.044s] gmake[2]: *** [CMakeFiles/moveit_msgs__rosidl_typesupport_fastrtps_cpp.dir/build.make:1298: CMakeFiles/moveit_msgs__rosidl_typesupport_fastrtps_cpp.dir/rosidl_typesupport_fastrtps_cpp/moveit_msgs/msg/detail/dds_fastrtps/position_constraint__type_support.cpp.o] Interrupt
[223.044s] gmake[1]: *** [CMakeFiles/Makefile2:343: CMakeFiles/moveit_msgs__rosidl_typesupport_fastrtps_cpp.dir/all] Interrupt
[223.045s] gmake: *** [Makefile:146: all] Interrupt
[223.049s] Invoked command in '/home/maranmen/Quadruped_8DOF/build/moveit_msgs' returned '-2': CMAKE_PREFIX_PATH=/home/maranmen/Quadruped_8DOF/install/quadruped_model:/opt/ros/humble /usr/bin/cmake --build /home/maranmen/Quadruped_8DOF/build/moveit_msgs -- -j4 -l4
