[1.902s] DEBUG:colcon:Command line arguments: ['/usr/bin/colcon', 'build']
[1.902s] DEBUG:colcon:Parsed command line arguments: Namespace(log_base=None, log_level=None, verb_name='build', build_base='build', install_base='install', merge_install=False, symlink_install=False, test_result_base=None, continue_on_error=False, executor='parallel', parallel_workers=4, event_handlers=None, ignore_user_meta=False, metas=['./colcon.meta'], base_paths=['.'], packages_ignore=None, packages_ignore_regex=None, paths=None, packages_up_to=None, packages_up_to_regex=None, packages_above=None, packages_above_and_dependencies=None, packages_above_depth=None, packages_select_by_dep=None, packages_skip_by_dep=None, packages_skip_up_to=None, packages_select_build_failed=False, packages_skip_build_finished=False, packages_select_test_failures=False, packages_skip_test_passed=False, packages_select=None, packages_skip=None, packages_select_regex=None, packages_skip_regex=None, packages_start=None, packages_end=None, allow_overriding=[], cmake_args=None, cmake_target=None, cmake_target_skip_unavailable=False, cmake_clean_cache=False, cmake_clean_first=False, cmake_force_configure=False, ament_cmake_args=None, catkin_cmake_args=None, catkin_skip_building_tests=False, mixin_files=None, mixin=None, verb_parser=<colcon_mixin.mixin.mixin_argument.MixinArgumentDecorator object at 0x737436c4e740>, verb_extension=<colcon_core.verb.build.BuildVerb object at 0x737436c4e1d0>, main=<bound method BuildVerb.main of <colcon_core.verb.build.BuildVerb object at 0x737436c4e1d0>>, mixin_verb=('build',))
[6.277s] Level 1:colcon.colcon_core.package_discovery:discover_packages(colcon_meta) check parameters
[6.277s] Level 1:colcon.colcon_core.package_discovery:discover_packages(recursive) check parameters
[6.278s] Level 1:colcon.colcon_core.package_discovery:discover_packages(ignore) check parameters
[6.278s] Level 1:colcon.colcon_core.package_discovery:discover_packages(path) check parameters
[6.278s] Level 1:colcon.colcon_core.package_discovery:discover_packages(colcon_meta) discover
[6.278s] Level 1:colcon.colcon_core.package_discovery:discover_packages(recursive) discover
[6.278s] INFO:colcon.colcon_core.package_discovery:Crawling recursively for packages in '/home/maranmen/quadruped_8DOF/src'
[6.278s] Level 1:colcon.colcon_core.package_identification:_identify(.) by extensions ['ignore', 'ignore_ament_install']
[6.278s] Level 1:colcon.colcon_core.package_identification:_identify(.) by extension 'ignore'
[6.278s] Level 1:colcon.colcon_core.package_identification:_identify(.) by extension 'ignore_ament_install'
[6.278s] Level 1:colcon.colcon_core.package_identification:_identify(.) by extensions ['colcon_pkg']
[6.278s] Level 1:colcon.colcon_core.package_identification:_identify(.) by extension 'colcon_pkg'
[6.278s] Level 1:colcon.colcon_core.package_identification:_identify(.) by extensions ['colcon_meta']
[6.278s] Level 1:colcon.colcon_core.package_identification:_identify(.) by extension 'colcon_meta'
[6.278s] Level 1:colcon.colcon_core.package_identification:_identify(.) by extensions ['ros']
[6.278s] Level 1:colcon.colcon_core.package_identification:_identify(.) by extension 'ros'
[6.331s] Level 1:colcon.colcon_core.package_identification:_identify(.) by extensions ['cmake', 'python']
[6.331s] Level 1:colcon.colcon_core.package_identification:_identify(.) by extension 'cmake'
[6.331s] Level 1:colcon.colcon_core.package_identification:_identify(.) by extension 'python'
[6.331s] Level 1:colcon.colcon_core.package_identification:_identify(.) by extensions ['python_setup_py']
[6.331s] Level 1:colcon.colcon_core.package_identification:_identify(.) by extension 'python_setup_py'
[6.331s] Level 1:colcon.colcon_core.package_identification:_identify(build) by extensions ['ignore', 'ignore_ament_install']
[6.332s] Level 1:colcon.colcon_core.package_identification:_identify(build) by extension 'ignore'
[6.332s] Level 1:colcon.colcon_core.package_identification:_identify(build) ignored
[6.332s] Level 1:colcon.colcon_core.package_identification:_identify(cinematic_control) by extensions ['ignore', 'ignore_ament_install']
[6.332s] Level 1:colcon.colcon_core.package_identification:_identify(cinematic_control) by extension 'ignore'
[6.332s] Level 1:colcon.colcon_core.package_identification:_identify(cinematic_control) by extension 'ignore_ament_install'
[6.332s] Level 1:colcon.colcon_core.package_identification:_identify(cinematic_control) by extensions ['colcon_pkg']
[6.332s] Level 1:colcon.colcon_core.package_identification:_identify(cinematic_control) by extension 'colcon_pkg'
[6.332s] Level 1:colcon.colcon_core.package_identification:_identify(cinematic_control) by extensions ['colcon_meta']
[6.332s] Level 1:colcon.colcon_core.package_identification:_identify(cinematic_control) by extension 'colcon_meta'
[6.332s] Level 1:colcon.colcon_core.package_identification:_identify(cinematic_control) by extensions ['ros']
[6.332s] Level 1:colcon.colcon_core.package_identification:_identify(cinematic_control) by extension 'ros'
[6.356s] DEBUG:colcon.colcon_core.package_identification:Package 'cinematic_control' with type 'ros.ament_python' and name 'cinematic_control'
[6.356s] Level 1:colcon.colcon_core.package_identification:_identify(install) by extensions ['ignore', 'ignore_ament_install']
[6.357s] Level 1:colcon.colcon_core.package_identification:_identify(install) by extension 'ignore'
[6.357s] Level 1:colcon.colcon_core.package_identification:_identify(install) ignored
[6.357s] Level 1:colcon.colcon_core.package_identification:_identify(log) by extensions ['ignore', 'ignore_ament_install']
[6.357s] Level 1:colcon.colcon_core.package_identification:_identify(log) by extension 'ignore'
[6.357s] Level 1:colcon.colcon_core.package_identification:_identify(log) ignored
[6.357s] Level 1:colcon.colcon_core.package_identification:_identify(quadruped_model) by extensions ['ignore', 'ignore_ament_install']
[6.357s] Level 1:colcon.colcon_core.package_identification:_identify(quadruped_model) by extension 'ignore'
[6.357s] Level 1:colcon.colcon_core.package_identification:_identify(quadruped_model) by extension 'ignore_ament_install'
[6.357s] Level 1:colcon.colcon_core.package_identification:_identify(quadruped_model) by extensions ['colcon_pkg']
[6.357s] Level 1:colcon.colcon_core.package_identification:_identify(quadruped_model) by extension 'colcon_pkg'
[6.357s] Level 1:colcon.colcon_core.package_identification:_identify(quadruped_model) by extensions ['colcon_meta']
[6.357s] Level 1:colcon.colcon_core.package_identification:_identify(quadruped_model) by extension 'colcon_meta'
[6.357s] Level 1:colcon.colcon_core.package_identification:_identify(quadruped_model) by extensions ['ros']
[6.357s] Level 1:colcon.colcon_core.package_identification:_identify(quadruped_model) by extension 'ros'
[6.358s] DEBUG:colcon.colcon_core.package_identification:Package 'quadruped_model' with type 'ros.ament_cmake' and name 'quadruped_model'
[6.358s] Level 1:colcon.colcon_core.package_discovery:discover_packages(recursive) using defaults
[6.358s] Level 1:colcon.colcon_core.package_discovery:discover_packages(ignore) discover
[6.358s] Level 1:colcon.colcon_core.package_discovery:discover_packages(ignore) using defaults
[6.358s] Level 1:colcon.colcon_core.package_discovery:discover_packages(path) discover
[6.358s] Level 1:colcon.colcon_core.package_discovery:discover_packages(path) using defaults
[6.609s] Level 1:colcon.colcon_core.package_discovery:discover_packages(prefix_path) check parameters
[6.609s] Level 1:colcon.colcon_core.package_discovery:discover_packages(prefix_path) discover
[6.675s] DEBUG:colcon.colcon_installed_package_information.package_discovery:Found 69 installed packages in /home/maranmen/ws_moveit/install
[6.678s] DEBUG:colcon.colcon_installed_package_information.package_discovery:Found 339 installed packages in /opt/ros/humble
[6.689s] Level 1:colcon.colcon_core.package_discovery:discover_packages(prefix_path) using defaults
[8.578s] Level 5:colcon.colcon_core.verb:set package 'quadruped_model' build argument 'cmake_args' from command line to 'None'
[8.578s] Level 5:colcon.colcon_core.verb:set package 'quadruped_model' build argument 'cmake_target' from command line to 'None'
[8.578s] Level 5:colcon.colcon_core.verb:set package 'quadruped_model' build argument 'cmake_target_skip_unavailable' from command line to 'False'
[8.578s] Level 5:colcon.colcon_core.verb:set package 'quadruped_model' build argument 'cmake_clean_cache' from command line to 'False'
[8.578s] Level 5:colcon.colcon_core.verb:set package 'quadruped_model' build argument 'cmake_clean_first' from command line to 'False'
[8.578s] Level 5:colcon.colcon_core.verb:set package 'quadruped_model' build argument 'cmake_force_configure' from command line to 'False'
[8.578s] Level 5:colcon.colcon_core.verb:set package 'quadruped_model' build argument 'ament_cmake_args' from command line to 'None'
[8.579s] Level 5:colcon.colcon_core.verb:set package 'quadruped_model' build argument 'catkin_cmake_args' from command line to 'None'
[8.579s] Level 5:colcon.colcon_core.verb:set package 'quadruped_model' build argument 'catkin_skip_building_tests' from command line to 'False'
[8.579s] DEBUG:colcon.colcon_core.verb:Building package 'quadruped_model' with the following arguments: {'ament_cmake_args': None, 'build_base': '/home/maranmen/quadruped_8DOF/src/build/quadruped_model', 'catkin_cmake_args': None, 'catkin_skip_building_tests': False, 'cmake_args': None, 'cmake_clean_cache': False, 'cmake_clean_first': False, 'cmake_force_configure': False, 'cmake_target': None, 'cmake_target_skip_unavailable': False, 'install_base': '/home/maranmen/quadruped_8DOF/src/install/quadruped_model', 'merge_install': False, 'path': '/home/maranmen/quadruped_8DOF/src/quadruped_model', 'symlink_install': False, 'test_result_base': None}
[8.579s] Level 5:colcon.colcon_core.verb:set package 'cinematic_control' build argument 'cmake_args' from command line to 'None'
[8.579s] Level 5:colcon.colcon_core.verb:set package 'cinematic_control' build argument 'cmake_target' from command line to 'None'
[8.579s] Level 5:colcon.colcon_core.verb:set package 'cinematic_control' build argument 'cmake_target_skip_unavailable' from command line to 'False'
[8.579s] Level 5:colcon.colcon_core.verb:set package 'cinematic_control' build argument 'cmake_clean_cache' from command line to 'False'
[8.579s] Level 5:colcon.colcon_core.verb:set package 'cinematic_control' build argument 'cmake_clean_first' from command line to 'False'
[8.579s] Level 5:colcon.colcon_core.verb:set package 'cinematic_control' build argument 'cmake_force_configure' from command line to 'False'
[8.579s] Level 5:colcon.colcon_core.verb:set package 'cinematic_control' build argument 'ament_cmake_args' from command line to 'None'
[8.579s] Level 5:colcon.colcon_core.verb:set package 'cinematic_control' build argument 'catkin_cmake_args' from command line to 'None'
[8.579s] Level 5:colcon.colcon_core.verb:set package 'cinematic_control' build argument 'catkin_skip_building_tests' from command line to 'False'
[8.579s] DEBUG:colcon.colcon_core.verb:Building package 'cinematic_control' with the following arguments: {'ament_cmake_args': None, 'build_base': '/home/maranmen/quadruped_8DOF/src/build/cinematic_control', 'catkin_cmake_args': None, 'catkin_skip_building_tests': False, 'cmake_args': None, 'cmake_clean_cache': False, 'cmake_clean_first': False, 'cmake_force_configure': False, 'cmake_target': None, 'cmake_target_skip_unavailable': False, 'install_base': '/home/maranmen/quadruped_8DOF/src/install/cinematic_control', 'merge_install': False, 'path': '/home/maranmen/quadruped_8DOF/src/cinematic_control', 'symlink_install': False, 'test_result_base': None}
[8.579s] INFO:colcon.colcon_core.executor:Executing jobs using 'parallel' executor
[8.581s] DEBUG:colcon.colcon_parallel_executor.executor.parallel:run_until_complete
[8.581s] INFO:colcon.colcon_ros.task.ament_cmake.build:Building ROS package in '/home/maranmen/quadruped_8DOF/src/quadruped_model' with build type 'ament_cmake'
[8.581s] INFO:colcon.colcon_cmake.task.cmake.build:Building CMake package in '/home/maranmen/quadruped_8DOF/src/quadruped_model'
[8.608s] INFO:colcon.colcon_core.plugin_system:Skipping extension 'colcon_core.shell.bat': Not used on non-Windows systems
[8.608s] INFO:colcon.colcon_core.shell:Skip shell extension 'powershell' for command environment: Not usable outside of PowerShell
[8.608s] DEBUG:colcon.colcon_core.shell:Skip shell extension 'dsv' for command environment
[8.651s] DEBUG:colcon.colcon_core.event_handler.log_command:Invoking command in '/home/maranmen/quadruped_8DOF/src/build/quadruped_model': CMAKE_PREFIX_PATH=${CMAKE_PREFIX_PATH}:/home/maranmen/ws_moveit/install/moveit_configs_utils:/opt/ros/humble /usr/bin/cmake /home/maranmen/quadruped_8DOF/src/quadruped_model -DCMAKE_INSTALL_PREFIX=/home/maranmen/quadruped_8DOF/src/install/quadruped_model
[9.123s] DEBUG:colcon.colcon_core.event_handler.log_command:Invoked command in '/home/maranmen/quadruped_8DOF/src/build/quadruped_model' returned '1': CMAKE_PREFIX_PATH=${CMAKE_PREFIX_PATH}:/home/maranmen/ws_moveit/install/moveit_configs_utils:/opt/ros/humble /usr/bin/cmake /home/maranmen/quadruped_8DOF/src/quadruped_model -DCMAKE_INSTALL_PREFIX=/home/maranmen/quadruped_8DOF/src/install/quadruped_model
[9.179s] DEBUG:colcon.colcon_parallel_executor.executor.parallel:closing loop
[9.180s] DEBUG:colcon.colcon_parallel_executor.executor.parallel:loop closed
[9.180s] DEBUG:colcon.colcon_parallel_executor.executor.parallel:run_until_complete finished with 'argument of type 'NoneType' is not iterable'
[9.180s] DEBUG:colcon.colcon_core.event_reactor:joining thread
[9.197s] INFO:colcon.colcon_core.plugin_system:Skipping extension 'colcon_notification.desktop_notification.terminal_notifier': Not used on non-Darwin systems
[9.197s] INFO:colcon.colcon_core.plugin_system:Skipping extension 'colcon_notification.desktop_notification.win32': Not used on non-Windows systems
[9.197s] INFO:colcon.colcon_notification.desktop_notification:Sending desktop notification using 'notify2'
[9.242s] DEBUG:colcon.colcon_core.event_reactor:joined thread
[9.243s] INFO:colcon.colcon_core.shell:Creating prefix script '/home/maranmen/quadruped_8DOF/src/install/local_setup.ps1'
[9.245s] INFO:colcon.colcon_core.shell:Creating prefix util module '/home/maranmen/quadruped_8DOF/src/install/_local_setup_util_ps1.py'
[9.247s] INFO:colcon.colcon_core.shell:Creating prefix chain script '/home/maranmen/quadruped_8DOF/src/install/setup.ps1'
[9.253s] INFO:colcon.colcon_core.shell:Creating prefix script '/home/maranmen/quadruped_8DOF/src/install/local_setup.sh'
[9.254s] INFO:colcon.colcon_core.shell:Creating prefix util module '/home/maranmen/quadruped_8DOF/src/install/_local_setup_util_sh.py'
[9.255s] INFO:colcon.colcon_core.shell:Creating prefix chain script '/home/maranmen/quadruped_8DOF/src/install/setup.sh'
[9.260s] INFO:colcon.colcon_core.shell:Creating prefix script '/home/maranmen/quadruped_8DOF/src/install/local_setup.bash'
[9.281s] INFO:colcon.colcon_core.shell:Creating prefix chain script '/home/maranmen/quadruped_8DOF/src/install/setup.bash'
[9.287s] INFO:colcon.colcon_core.shell:Creating prefix script '/home/maranmen/quadruped_8DOF/src/install/local_setup.zsh'
[9.295s] INFO:colcon.colcon_core.shell:Creating prefix chain script '/home/maranmen/quadruped_8DOF/src/install/setup.zsh'
