[0.016s] Invoking command in '/home/maranmen/Quadruped_8DOF/build/moveit_resources_pr2_description': CMAKE_PREFIX_PATH=/home/maranmen/Quadruped_8DOF/install/quadruped_model:/opt/ros/humble /usr/bin/cmake /home/maranmen/Quadruped_8DOF/src/moveit_resources/pr2_description -DCMAKE_BUILD_TYPE=Release -DCMAKE_INSTALL_PREFIX=/home/maranmen/Quadruped_8DOF/install/moveit_resources_pr2_description
[0.102s] -- The C compiler identification is GNU 11.4.0
[0.185s] -- The CXX compiler identification is GNU 11.4.0
[0.199s] -- Detecting C compiler ABI info
[0.323s] -- Detecting C compiler ABI info - done
[0.329s] -- Check for working C compiler: /usr/bin/cc - skipped
[0.330s] -- Detecting C compile features
[0.330s] -- Detecting C compile features - done
[0.334s] -- Detecting CXX compiler ABI info
[0.462s] -- Detecting CXX compiler ABI info - done
[0.482s] -- Check for working CXX compiler: /usr/bin/c++ - skipped
[0.482s] -- Detecting CXX compile features
[0.483s] -- Detecting CXX compile features - done
[0.486s] -- Found ament_cmake: 1.3.9 (/opt/ros/humble/share/ament_cmake/cmake)
[0.691s] -- Found Python3: /usr/bin/python3 (found version "3.10.12") found components: Interpreter 
[0.885s] -- Configuring done
[0.890s] -- Generating done
[0.892s] -- Build files have been written to: /home/maranmen/Quadruped_8DOF/build/moveit_resources_pr2_description
[0.897s] Invoked command in '/home/maranmen/Quadruped_8DOF/build/moveit_resources_pr2_description' returned '0': CMAKE_PREFIX_PATH=/home/maranmen/Quadruped_8DOF/install/quadruped_model:/opt/ros/humble /usr/bin/cmake /home/maranmen/Quadruped_8DOF/src/moveit_resources/pr2_description -DCMAKE_BUILD_TYPE=Release -DCMAKE_INSTALL_PREFIX=/home/maranmen/Quadruped_8DOF/install/moveit_resources_pr2_description
[0.899s] Invoking command in '/home/maranmen/Quadruped_8DOF/build/moveit_resources_pr2_description': CMAKE_PREFIX_PATH=/home/maranmen/Quadruped_8DOF/install/quadruped_model:/opt/ros/humble /usr/bin/cmake --build /home/maranmen/Quadruped_8DOF/build/moveit_resources_pr2_description -- -j4 -l4
[0.971s] Invoked command in '/home/maranmen/Quadruped_8DOF/build/moveit_resources_pr2_description' returned '0': CMAKE_PREFIX_PATH=/home/maranmen/Quadruped_8DOF/install/quadruped_model:/opt/ros/humble /usr/bin/cmake --build /home/maranmen/Quadruped_8DOF/build/moveit_resources_pr2_description -- -j4 -l4
[1.025s] Invoking command in '/home/maranmen/Quadruped_8DOF/build/moveit_resources_pr2_description': CMAKE_PREFIX_PATH=/home/maranmen/Quadruped_8DOF/install/quadruped_model:/opt/ros/humble /usr/bin/cmake --install /home/maranmen/Quadruped_8DOF/build/moveit_resources_pr2_description
[1.038s] -- Install configuration: "Release"
[1.038s] -- Installing: /home/maranmen/Quadruped_8DOF/install/moveit_resources_pr2_description/share/ament_index/resource_index/package_run_dependencies/moveit_resources_pr2_description
[1.038s] -- Installing: /home/maranmen/Quadruped_8DOF/install/moveit_resources_pr2_description/share/ament_index/resource_index/parent_prefix_path/moveit_resources_pr2_description
[1.066s] -- Installing: /home/maranmen/Quadruped_8DOF/install/moveit_resources_pr2_description/share/moveit_resources_pr2_description/environment/ament_prefix_path.sh
[1.066s] -- Installing: /home/maranmen/Quadruped_8DOF/install/moveit_resources_pr2_description/share/moveit_resources_pr2_description/environment/ament_prefix_path.dsv
[1.066s] -- Installing: /home/maranmen/Quadruped_8DOF/install/moveit_resources_pr2_description/share/moveit_resources_pr2_description/environment/path.sh
[1.066s] -- Installing: /home/maranmen/Quadruped_8DOF/install/moveit_resources_pr2_description/share/moveit_resources_pr2_description/environment/path.dsv
[1.066s] -- Installing: /home/maranmen/Quadruped_8DOF/install/moveit_resources_pr2_description/share/moveit_resources_pr2_description/local_setup.bash
[1.067s] -- Installing: /home/maranmen/Quadruped_8DOF/install/moveit_resources_pr2_description/share/moveit_resources_pr2_description/local_setup.sh
[1.067s] -- Installing: /home/maranmen/Quadruped_8DOF/install/moveit_resources_pr2_description/share/moveit_resources_pr2_description/local_setup.zsh
[1.067s] -- Installing: /home/maranmen/Quadruped_8DOF/install/moveit_resources_pr2_description/share/moveit_resources_pr2_description/local_setup.dsv
[1.067s] -- Installing: /home/maranmen/Quadruped_8DOF/install/moveit_resources_pr2_description/share/moveit_resources_pr2_description/package.dsv
[1.067s] -- Installing: /home/maranmen/Quadruped_8DOF/install/moveit_resources_pr2_description/share/ament_index/resource_index/packages/moveit_resources_pr2_description
[1.067s] -- Installing: /home/maranmen/Quadruped_8DOF/install/moveit_resources_pr2_description/share/moveit_resources_pr2_description/cmake/moveit_resources_pr2_descriptionConfig.cmake
[1.067s] -- Installing: /home/maranmen/Quadruped_8DOF/install/moveit_resources_pr2_description/share/moveit_resources_pr2_description/cmake/moveit_resources_pr2_descriptionConfig-version.cmake
[1.068s] -- Installing: /home/maranmen/Quadruped_8DOF/install/moveit_resources_pr2_description/share/moveit_resources_pr2_description/package.xml
[1.071s] -- Installing: /home/maranmen/Quadruped_8DOF/install/moveit_resources_pr2_description/share/moveit_resources_pr2_description/srdf
[1.071s] -- Installing: /home/maranmen/Quadruped_8DOF/install/moveit_resources_pr2_description/share/moveit_resources_pr2_description/srdf/robot.xml
[1.071s] -- Installing: /home/maranmen/Quadruped_8DOF/install/moveit_resources_pr2_description/share/moveit_resources_pr2_description/urdf
[1.071s] -- Installing: /home/maranmen/Quadruped_8DOF/install/moveit_resources_pr2_description/share/moveit_resources_pr2_description/urdf/meshes
[1.072s] -- Installing: /home/maranmen/Quadruped_8DOF/install/moveit_resources_pr2_description/share/moveit_resources_pr2_description/urdf/meshes/tilting_laser_v0
[1.072s] -- Installing: /home/maranmen/Quadruped_8DOF/install/moveit_resources_pr2_description/share/moveit_resources_pr2_description/urdf/meshes/tilting_laser_v0/tilting_hokuyo_normals.tif
[1.119s] -- Installing: /home/maranmen/Quadruped_8DOF/install/moveit_resources_pr2_description/share/moveit_resources_pr2_description/urdf/meshes/tilting_laser_v0/tilting_hokuyo.stl
[1.119s] -- Installing: /home/maranmen/Quadruped_8DOF/install/moveit_resources_pr2_description/share/moveit_resources_pr2_description/urdf/meshes/tilting_laser_v0/tilting_hokuyo_color.tif
[1.120s] -- Installing: /home/maranmen/Quadruped_8DOF/install/moveit_resources_pr2_description/share/moveit_resources_pr2_description/urdf/meshes/tilting_laser_v0/tilting_hokuyo_L.stl
[1.121s] -- Installing: /home/maranmen/Quadruped_8DOF/install/moveit_resources_pr2_description/share/moveit_resources_pr2_description/urdf/meshes/tilting_laser_v0/hok_tilt.stl
[1.122s] -- Installing: /home/maranmen/Quadruped_8DOF/install/moveit_resources_pr2_description/share/moveit_resources_pr2_description/urdf/meshes/tilting_laser_v0/tilting_hokuyo.dae
[1.123s] -- Installing: /home/maranmen/Quadruped_8DOF/install/moveit_resources_pr2_description/share/moveit_resources_pr2_description/urdf/meshes/tilting_laser_v0/convex
[1.123s] -- Installing: /home/maranmen/Quadruped_8DOF/install/moveit_resources_pr2_description/share/moveit_resources_pr2_description/urdf/meshes/tilting_laser_v0/convex/tilting_hokuyo.xml
[1.123s] -- Installing: /home/maranmen/Quadruped_8DOF/install/moveit_resources_pr2_description/share/moveit_resources_pr2_description/urdf/meshes/tilting_laser_v0/convex/hok_tilt.dae
[1.126s] -- Installing: /home/maranmen/Quadruped_8DOF/install/moveit_resources_pr2_description/share/moveit_resources_pr2_description/urdf/meshes/tilting_laser_v0/convex/hok_tilt.xml
[1.126s] -- Installing: /home/maranmen/Quadruped_8DOF/install/moveit_resources_pr2_description/share/moveit_resources_pr2_description/urdf/meshes/tilting_laser_v0/convex/tilting_hokuyo_convex.stlb
[1.126s] -- Installing: /home/maranmen/Quadruped_8DOF/install/moveit_resources_pr2_description/share/moveit_resources_pr2_description/urdf/meshes/tilting_laser_v0/convex/tilting_hokuyo.dae
[1.128s] -- Installing: /home/maranmen/Quadruped_8DOF/install/moveit_resources_pr2_description/share/moveit_resources_pr2_description/urdf/meshes/tilting_laser_v0/convex/tilting_hokuyo_L_convex.stla
[1.129s] -- Installing: /home/maranmen/Quadruped_8DOF/install/moveit_resources_pr2_description/share/moveit_resources_pr2_description/urdf/meshes/tilting_laser_v0/convex/tilting_hokuyo_L.xml
[1.130s] -- Installing: /home/maranmen/Quadruped_8DOF/install/moveit_resources_pr2_description/share/moveit_resources_pr2_description/urdf/meshes/tilting_laser_v0/convex/tilting_hokuyo_L.dae
[1.131s] -- Installing: /home/maranmen/Quadruped_8DOF/install/moveit_resources_pr2_description/share/moveit_resources_pr2_description/urdf/meshes/tilting_laser_v0/convex/hok_tilt_convex.stla
[1.131s] -- Installing: /home/maranmen/Quadruped_8DOF/install/moveit_resources_pr2_description/share/moveit_resources_pr2_description/urdf/meshes/tilting_laser_v0/convex/tilting_hokuyo_convex.stla
[1.132s] -- Installing: /home/maranmen/Quadruped_8DOF/install/moveit_resources_pr2_description/share/moveit_resources_pr2_description/urdf/meshes/tilting_laser_v0/convex/tilting_hokuyo_L_convex.stlb
[1.132s] -- Installing: /home/maranmen/Quadruped_8DOF/install/moveit_resources_pr2_description/share/moveit_resources_pr2_description/urdf/meshes/tilting_laser_v0/convex/hok_tilt_convex.stlb
[1.133s] -- Installing: /home/maranmen/Quadruped_8DOF/install/moveit_resources_pr2_description/share/moveit_resources_pr2_description/urdf/meshes/upper_arm_v0
[1.134s] -- Installing: /home/maranmen/Quadruped_8DOF/install/moveit_resources_pr2_description/share/moveit_resources_pr2_description/urdf/meshes/upper_arm_v0/elbow_flex_normals.tif
[1.139s] -- Installing: /home/maranmen/Quadruped_8DOF/install/moveit_resources_pr2_description/share/moveit_resources_pr2_description/urdf/meshes/upper_arm_v0/upper_arm_normals.tif
[1.145s] -- Installing: /home/maranmen/Quadruped_8DOF/install/moveit_resources_pr2_description/share/moveit_resources_pr2_description/urdf/meshes/upper_arm_v0/upper_arm.stl
[1.147s] -- Installing: /home/maranmen/Quadruped_8DOF/install/moveit_resources_pr2_description/share/moveit_resources_pr2_description/urdf/meshes/upper_arm_v0/elbow_flex_color.tif
[1.148s] -- Installing: /home/maranmen/Quadruped_8DOF/install/moveit_resources_pr2_description/share/moveit_resources_pr2_description/urdf/meshes/upper_arm_v0/convex
[1.149s] -- Installing: /home/maranmen/Quadruped_8DOF/install/moveit_resources_pr2_description/share/moveit_resources_pr2_description/urdf/meshes/upper_arm_v0/convex/upper_arm.xml
[1.151s] -- Installing: /home/maranmen/Quadruped_8DOF/install/moveit_resources_pr2_description/share/moveit_resources_pr2_description/urdf/meshes/upper_arm_v0/convex/upper_arm_convex.stlb
[1.151s] -- Installing: /home/maranmen/Quadruped_8DOF/install/moveit_resources_pr2_description/share/moveit_resources_pr2_description/urdf/meshes/upper_arm_v0/convex/forearm_roll_L_convex.stla
[1.151s] -- Installing: /home/maranmen/Quadruped_8DOF/install/moveit_resources_pr2_description/share/moveit_resources_pr2_description/urdf/meshes/upper_arm_v0/convex/elbow_flex.xml
[1.151s] -- Installing: /home/maranmen/Quadruped_8DOF/install/moveit_resources_pr2_description/share/moveit_resources_pr2_description/urdf/meshes/upper_arm_v0/convex/forearm_roll.dae
[1.152s] -- Installing: /home/maranmen/Quadruped_8DOF/install/moveit_resources_pr2_description/share/moveit_resources_pr2_description/urdf/meshes/upper_arm_v0/convex/forearm_roll.xml
[1.152s] -- Installing: /home/maranmen/Quadruped_8DOF/install/moveit_resources_pr2_description/share/moveit_resources_pr2_description/urdf/meshes/upper_arm_v0/convex/forearm_roll_convex.stla
[1.154s] -- Installing: /home/maranmen/Quadruped_8DOF/install/moveit_resources_pr2_description/share/moveit_resources_pr2_description/urdf/meshes/upper_arm_v0/convex/forearm_roll_L.dae
[1.155s] -- Installing: /home/maranmen/Quadruped_8DOF/install/moveit_resources_pr2_description/share/moveit_resources_pr2_description/urdf/meshes/upper_arm_v0/convex/elbow_flex_convex.stlb
[1.155s] -- Installing: /home/maranmen/Quadruped_8DOF/install/moveit_resources_pr2_description/share/moveit_resources_pr2_description/urdf/meshes/upper_arm_v0/convex/elbow_flex_convex.stla
[1.185s] -- Installing: /home/maranmen/Quadruped_8DOF/install/moveit_resources_pr2_description/share/moveit_resources_pr2_description/urdf/meshes/upper_arm_v0/convex/upper_arm_convex.stla
[1.185s] -- Installing: /home/maranmen/Quadruped_8DOF/install/moveit_resources_pr2_description/share/moveit_resources_pr2_description/urdf/meshes/upper_arm_v0/convex/forearm_roll_L_convex.stlb
[1.186s] -- Installing: /home/maranmen/Quadruped_8DOF/install/moveit_resources_pr2_description/share/moveit_resources_pr2_description/urdf/meshes/upper_arm_v0/convex/elbow_flex.dae
[1.187s] -- Installing: /home/maranmen/Quadruped_8DOF/install/moveit_resources_pr2_description/share/moveit_resources_pr2_description/urdf/meshes/upper_arm_v0/convex/forearm_roll_convex.stlb
[1.187s] -- Installing: /home/maranmen/Quadruped_8DOF/install/moveit_resources_pr2_description/share/moveit_resources_pr2_description/urdf/meshes/upper_arm_v0/convex/upper_arm.dae
[1.187s] -- Installing: /home/maranmen/Quadruped_8DOF/install/moveit_resources_pr2_description/share/moveit_resources_pr2_description/urdf/meshes/upper_arm_v0/convex/forearm_roll_L.xml
[1.188s] -- Installing: /home/maranmen/Quadruped_8DOF/install/moveit_resources_pr2_description/share/moveit_resources_pr2_description/urdf/meshes/upper_arm_v0/upper_arm_color.tif
[1.189s] -- Installing: /home/maranmen/Quadruped_8DOF/install/moveit_resources_pr2_description/share/moveit_resources_pr2_description/urdf/meshes/upper_arm_v0/upper_arm.jpg
[1.192s] -- Installing: /home/maranmen/Quadruped_8DOF/install/moveit_resources_pr2_description/share/moveit_resources_pr2_description/urdf/meshes/upper_arm_v0/elbow_flex.stl
[1.192s] -- Installing: /home/maranmen/Quadruped_8DOF/install/moveit_resources_pr2_description/share/moveit_resources_pr2_description/urdf/meshes/upper_arm_v0/elbow_flex.dae
[1.193s] -- Installing: /home/maranmen/Quadruped_8DOF/install/moveit_resources_pr2_description/share/moveit_resources_pr2_description/urdf/meshes/upper_arm_v0/upper_arm.dae
[1.196s] -- Installing: /home/maranmen/Quadruped_8DOF/install/moveit_resources_pr2_description/share/moveit_resources_pr2_description/urdf/meshes/upper_arm_v0/forearm_roll_L.stl
[1.196s] -- Installing: /home/maranmen/Quadruped_8DOF/install/moveit_resources_pr2_description/share/moveit_resources_pr2_description/urdf/meshes/upper_arm_v0/forearm_roll.stl
[1.196s] -- Installing: /home/maranmen/Quadruped_8DOF/install/moveit_resources_pr2_description/share/moveit_resources_pr2_description/urdf/meshes/gripper_v0
[1.197s] -- Installing: /home/maranmen/Quadruped_8DOF/install/moveit_resources_pr2_description/share/moveit_resources_pr2_description/urdf/meshes/gripper_v0/fingertip_H_Color_100430.tif
[1.198s] -- Installing: /home/maranmen/Quadruped_8DOF/install/moveit_resources_pr2_description/share/moveit_resources_pr2_description/urdf/meshes/gripper_v0/l_float_color.tif
[1.198s] -- Installing: /home/maranmen/Quadruped_8DOF/install/moveit_resources_pr2_description/share/moveit_resources_pr2_description/urdf/meshes/gripper_v0/l_float_normals.tif
[1.201s] -- Installing: /home/maranmen/Quadruped_8DOF/install/moveit_resources_pr2_description/share/moveit_resources_pr2_description/urdf/meshes/gripper_v0/l_finger_tip.dae
[1.201s] -- Installing: /home/maranmen/Quadruped_8DOF/install/moveit_resources_pr2_description/share/moveit_resources_pr2_description/urdf/meshes/gripper_v0/l_finger.stl
[1.201s] -- Installing: /home/maranmen/Quadruped_8DOF/install/moveit_resources_pr2_description/share/moveit_resources_pr2_description/urdf/meshes/gripper_v0/l_finger_normals.tif
[1.203s] -- Installing: /home/maranmen/Quadruped_8DOF/install/moveit_resources_pr2_description/share/moveit_resources_pr2_description/urdf/meshes/gripper_v0/l_finger.dae
[1.204s] -- Installing: /home/maranmen/Quadruped_8DOF/install/moveit_resources_pr2_description/share/moveit_resources_pr2_description/urdf/meshes/gripper_v0/l_finger_tip_normals.tif
[1.206s] -- Installing: /home/maranmen/Quadruped_8DOF/install/moveit_resources_pr2_description/share/moveit_resources_pr2_description/urdf/meshes/gripper_v0/gripper_palm_normals.tif
[1.210s] -- Installing: /home/maranmen/Quadruped_8DOF/install/moveit_resources_pr2_description/share/moveit_resources_pr2_description/urdf/meshes/gripper_v0/finger_H_UV_100430.dae
[1.270s] -- Installing: /home/maranmen/Quadruped_8DOF/install/moveit_resources_pr2_description/share/moveit_resources_pr2_description/urdf/meshes/gripper_v0/l_finger_color.tif
[1.271s] -- Installing: /home/maranmen/Quadruped_8DOF/install/moveit_resources_pr2_description/share/moveit_resources_pr2_description/urdf/meshes/gripper_v0/float_H_Color_100430.tif
[1.271s] -- Installing: /home/maranmen/Quadruped_8DOF/install/moveit_resources_pr2_description/share/moveit_resources_pr2_description/urdf/meshes/gripper_v0/palm_H_Color_100430.tif
[1.272s] -- Installing: /home/maranmen/Quadruped_8DOF/install/moveit_resources_pr2_description/share/moveit_resources_pr2_description/urdf/meshes/gripper_v0/gripper_palm_color.tif
[1.272s] -- Installing: /home/maranmen/Quadruped_8DOF/install/moveit_resources_pr2_description/share/moveit_resources_pr2_description/urdf/meshes/gripper_v0/upper_finger_r.stl
[1.274s] -- Installing: /home/maranmen/Quadruped_8DOF/install/moveit_resources_pr2_description/share/moveit_resources_pr2_description/urdf/meshes/gripper_v0/l_floating.stl
[1.275s] -- Installing: /home/maranmen/Quadruped_8DOF/install/moveit_resources_pr2_description/share/moveit_resources_pr2_description/urdf/meshes/gripper_v0/convex
[1.275s] -- Installing: /home/maranmen/Quadruped_8DOF/install/moveit_resources_pr2_description/share/moveit_resources_pr2_description/urdf/meshes/gripper_v0/convex/l_finger_convex.stlb
[1.276s] -- Installing: /home/maranmen/Quadruped_8DOF/install/moveit_resources_pr2_description/share/moveit_resources_pr2_description/urdf/meshes/gripper_v0/convex/l_finger.xml
[1.276s] -- Installing: /home/maranmen/Quadruped_8DOF/install/moveit_resources_pr2_description/share/moveit_resources_pr2_description/urdf/meshes/gripper_v0/convex/upper_finger_l.xml
[1.276s] -- Installing: /home/maranmen/Quadruped_8DOF/install/moveit_resources_pr2_description/share/moveit_resources_pr2_description/urdf/meshes/gripper_v0/convex/l_floating_convex.stlb
[1.277s] -- Installing: /home/maranmen/Quadruped_8DOF/install/moveit_resources_pr2_description/share/moveit_resources_pr2_description/urdf/meshes/gripper_v0/convex/gripper_palm.xml
[1.277s] -- Installing: /home/maranmen/Quadruped_8DOF/install/moveit_resources_pr2_description/share/moveit_resources_pr2_description/urdf/meshes/gripper_v0/convex/finger_tip_r_convex.stlb
[1.278s] -- Installing: /home/maranmen/Quadruped_8DOF/install/moveit_resources_pr2_description/share/moveit_resources_pr2_description/urdf/meshes/gripper_v0/convex/l_finger_tip.dae
[1.278s] -- Installing: /home/maranmen/Quadruped_8DOF/install/moveit_resources_pr2_description/share/moveit_resources_pr2_description/urdf/meshes/gripper_v0/convex/l_floating.dae
[1.278s] -- Installing: /home/maranmen/Quadruped_8DOF/install/moveit_resources_pr2_description/share/moveit_resources_pr2_description/urdf/meshes/gripper_v0/convex/l_finger_tip.xml
[1.279s] -- Installing: /home/maranmen/Quadruped_8DOF/install/moveit_resources_pr2_description/share/moveit_resources_pr2_description/urdf/meshes/gripper_v0/convex/finger_tip_l.xml
[1.279s] -- Installing: /home/maranmen/Quadruped_8DOF/install/moveit_resources_pr2_description/share/moveit_resources_pr2_description/urdf/meshes/gripper_v0/convex/finger_tip_pad2_l.xml
[1.280s] -- Installing: /home/maranmen/Quadruped_8DOF/install/moveit_resources_pr2_description/share/moveit_resources_pr2_description/urdf/meshes/gripper_v0/convex/l_floating_convex.stla
[1.280s] -- Installing: /home/maranmen/Quadruped_8DOF/install/moveit_resources_pr2_description/share/moveit_resources_pr2_description/urdf/meshes/gripper_v0/convex/l_finger.dae
[1.280s] -- Installing: /home/maranmen/Quadruped_8DOF/install/moveit_resources_pr2_description/share/moveit_resources_pr2_description/urdf/meshes/gripper_v0/convex/l_floating.xml
[1.280s] -- Installing: /home/maranmen/Quadruped_8DOF/install/moveit_resources_pr2_description/share/moveit_resources_pr2_description/urdf/meshes/gripper_v0/convex/upper_finger_r_convex.stla
[1.282s] -- Installing: /home/maranmen/Quadruped_8DOF/install/moveit_resources_pr2_description/share/moveit_resources_pr2_description/urdf/meshes/gripper_v0/convex/upper_finger_l_convex.stlb
[1.282s] -- Installing: /home/maranmen/Quadruped_8DOF/install/moveit_resources_pr2_description/share/moveit_resources_pr2_description/urdf/meshes/gripper_v0/convex/finger_tip_pad2_l_convex.stla
[1.282s] -- Installing: /home/maranmen/Quadruped_8DOF/install/moveit_resources_pr2_description/share/moveit_resources_pr2_description/urdf/meshes/gripper_v0/convex/upper_finger_r.dae
[1.282s] -- Installing: /home/maranmen/Quadruped_8DOF/install/moveit_resources_pr2_description/share/moveit_resources_pr2_description/urdf/meshes/gripper_v0/convex/finger_tip_pad2_r_convex.stla
[1.282s] -- Installing: /home/maranmen/Quadruped_8DOF/install/moveit_resources_pr2_description/share/moveit_resources_pr2_description/urdf/meshes/gripper_v0/convex/finger_tip_r.xml
[1.282s] -- Installing: /home/maranmen/Quadruped_8DOF/install/moveit_resources_pr2_description/share/moveit_resources_pr2_description/urdf/meshes/gripper_v0/convex/l_finger_tip_convex.stlb
[1.282s] -- Installing: /home/maranmen/Quadruped_8DOF/install/moveit_resources_pr2_description/share/moveit_resources_pr2_description/urdf/meshes/gripper_v0/convex/upper_finger_l.dae
[1.283s] -- Installing: /home/maranmen/Quadruped_8DOF/install/moveit_resources_pr2_description/share/moveit_resources_pr2_description/urdf/meshes/gripper_v0/convex/finger_tip_l_convex.stla
[1.283s] -- Installing: /home/maranmen/Quadruped_8DOF/install/moveit_resources_pr2_description/share/moveit_resources_pr2_description/urdf/meshes/gripper_v0/convex/finger_tip_pad2_r.xml
[1.284s] -- Installing: /home/maranmen/Quadruped_8DOF/install/moveit_resources_pr2_description/share/moveit_resources_pr2_description/urdf/meshes/gripper_v0/convex/finger_tip_l.dae
[1.284s] -- Installing: /home/maranmen/Quadruped_8DOF/install/moveit_resources_pr2_description/share/moveit_resources_pr2_description/urdf/meshes/gripper_v0/convex/finger_tip_pad2_l.dae
[1.284s] -- Installing: /home/maranmen/Quadruped_8DOF/install/moveit_resources_pr2_description/share/moveit_resources_pr2_description/urdf/meshes/gripper_v0/convex/gripper_palm_convex.stla
[1.286s] -- Installing: /home/maranmen/Quadruped_8DOF/install/moveit_resources_pr2_description/share/moveit_resources_pr2_description/urdf/meshes/gripper_v0/convex/finger_tip_l_convex.stlb
[1.286s] -- Installing: /home/maranmen/Quadruped_8DOF/install/moveit_resources_pr2_description/share/moveit_resources_pr2_description/urdf/meshes/gripper_v0/convex/upper_finger_r.xml
[1.286s] -- Installing: /home/maranmen/Quadruped_8DOF/install/moveit_resources_pr2_description/share/moveit_resources_pr2_description/urdf/meshes/gripper_v0/convex/finger_tip_pad2_l_convex.stlb
[1.287s] -- Installing: /home/maranmen/Quadruped_8DOF/install/moveit_resources_pr2_description/share/moveit_resources_pr2_description/urdf/meshes/gripper_v0/convex/gripper_palm_convex.stlb
[1.287s] -- Installing: /home/maranmen/Quadruped_8DOF/install/moveit_resources_pr2_description/share/moveit_resources_pr2_description/urdf/meshes/gripper_v0/convex/gripper_palm.dae
[1.287s] -- Installing: /home/maranmen/Quadruped_8DOF/install/moveit_resources_pr2_description/share/moveit_resources_pr2_description/urdf/meshes/gripper_v0/convex/finger_tip_pad2_r.dae
[1.287s] -- Installing: /home/maranmen/Quadruped_8DOF/install/moveit_resources_pr2_description/share/moveit_resources_pr2_description/urdf/meshes/gripper_v0/convex/finger_tip_r.dae
[1.287s] -- Installing: /home/maranmen/Quadruped_8DOF/install/moveit_resources_pr2_description/share/moveit_resources_pr2_description/urdf/meshes/gripper_v0/convex/l_finger_convex.stla
[1.287s] -- Installing: /home/maranmen/Quadruped_8DOF/install/moveit_resources_pr2_description/share/moveit_resources_pr2_description/urdf/meshes/gripper_v0/convex/finger_tip_pad2_r_convex.stlb
[1.287s] -- Installing: /home/maranmen/Quadruped_8DOF/install/moveit_resources_pr2_description/share/moveit_resources_pr2_description/urdf/meshes/gripper_v0/convex/upper_finger_l_convex.stla
[1.287s] -- Installing: /home/maranmen/Quadruped_8DOF/install/moveit_resources_pr2_description/share/moveit_resources_pr2_description/urdf/meshes/gripper_v0/convex/finger_tip_r_convex.stla
[1.289s] -- Installing: /home/maranmen/Quadruped_8DOF/install/moveit_resources_pr2_description/share/moveit_resources_pr2_description/urdf/meshes/gripper_v0/convex/upper_finger_r_convex.stlb
[1.289s] -- Installing: /home/maranmen/Quadruped_8DOF/install/moveit_resources_pr2_description/share/moveit_resources_pr2_description/urdf/meshes/gripper_v0/convex/l_finger_tip_convex.stla
[1.289s] -- Installing: /home/maranmen/Quadruped_8DOF/install/moveit_resources_pr2_description/share/moveit_resources_pr2_description/urdf/meshes/gripper_v0/l_float.dae
[1.289s] -- Installing: /home/maranmen/Quadruped_8DOF/install/moveit_resources_pr2_description/share/moveit_resources_pr2_description/urdf/meshes/gripper_v0/finger_tip_l.stl
[1.290s] -- Installing: /home/maranmen/Quadruped_8DOF/install/moveit_resources_pr2_description/share/moveit_resources_pr2_description/urdf/meshes/gripper_v0/finger_tip_pad2_l.stl
[1.290s] -- Installing: /home/maranmen/Quadruped_8DOF/install/moveit_resources_pr2_description/share/moveit_resources_pr2_description/urdf/meshes/gripper_v0/l_finger_tip.stl
[1.291s] -- Installing: /home/maranmen/Quadruped_8DOF/install/moveit_resources_pr2_description/share/moveit_resources_pr2_description/urdf/meshes/gripper_v0/finger_tip_pad2_r.stl
[1.291s] -- Installing: /home/maranmen/Quadruped_8DOF/install/moveit_resources_pr2_description/share/moveit_resources_pr2_description/urdf/meshes/gripper_v0/finger_H_Color_100430.tif
[1.291s] -- Installing: /home/maranmen/Quadruped_8DOF/install/moveit_resources_pr2_description/share/moveit_resources_pr2_description/urdf/meshes/gripper_v0/palm_H_UV_100430.dae
[1.293s] -- Installing: /home/maranmen/Quadruped_8DOF/install/moveit_resources_pr2_description/share/moveit_resources_pr2_description/urdf/meshes/gripper_v0/l_finger_tip_color.tif
[1.294s] -- Installing: /home/maranmen/Quadruped_8DOF/install/moveit_resources_pr2_description/share/moveit_resources_pr2_description/urdf/meshes/gripper_v0/finger_tip_r.stl
[1.294s] -- Installing: /home/maranmen/Quadruped_8DOF/install/moveit_resources_pr2_description/share/moveit_resources_pr2_description/urdf/meshes/gripper_v0/float_H_UV_100430.dae
[1.316s] -- Installing: /home/maranmen/Quadruped_8DOF/install/moveit_resources_pr2_description/share/moveit_resources_pr2_description/urdf/meshes/gripper_v0/gripper_palm.stl
[1.328s] -- Installing: /home/maranmen/Quadruped_8DOF/install/moveit_resources_pr2_description/share/moveit_resources_pr2_description/urdf/meshes/gripper_v0/gripper_palm.dae
[1.335s] -- Installing: /home/maranmen/Quadruped_8DOF/install/moveit_resources_pr2_description/share/moveit_resources_pr2_description/urdf/meshes/gripper_v0/finger_tip_H_UV_100430.dae
[1.336s] -- Installing: /home/maranmen/Quadruped_8DOF/install/moveit_resources_pr2_description/share/moveit_resources_pr2_description/urdf/meshes/gripper_v0/upper_finger_l.stl
[1.336s] -- Installing: /home/maranmen/Quadruped_8DOF/install/moveit_resources_pr2_description/share/moveit_resources_pr2_description/urdf/meshes/shoulder_v0
[1.336s] -- Installing: /home/maranmen/Quadruped_8DOF/install/moveit_resources_pr2_description/share/moveit_resources_pr2_description/urdf/meshes/shoulder_v0/shoulder_lift_normals.tif
[1.358s] -- Installing: /home/maranmen/Quadruped_8DOF/install/moveit_resources_pr2_description/share/moveit_resources_pr2_description/urdf/meshes/shoulder_v0/upper_arm_roll_normals.tif
[1.363s] -- Installing: /home/maranmen/Quadruped_8DOF/install/moveit_resources_pr2_description/share/moveit_resources_pr2_description/urdf/meshes/shoulder_v0/upper_arm_roll.stl
[1.363s] -- Installing: /home/maranmen/Quadruped_8DOF/install/moveit_resources_pr2_description/share/moveit_resources_pr2_description/urdf/meshes/shoulder_v0/shoulder_lift.stl
[1.364s] -- Installing: /home/maranmen/Quadruped_8DOF/install/moveit_resources_pr2_description/share/moveit_resources_pr2_description/urdf/meshes/shoulder_v0/shoulder_lift_color.tif
[1.365s] -- Installing: /home/maranmen/Quadruped_8DOF/install/moveit_resources_pr2_description/share/moveit_resources_pr2_description/urdf/meshes/shoulder_v0/upper_arm_roll_L.stl
[1.366s] -- Installing: /home/maranmen/Quadruped_8DOF/install/moveit_resources_pr2_description/share/moveit_resources_pr2_description/urdf/meshes/shoulder_v0/convex
[1.366s] -- Installing: /home/maranmen/Quadruped_8DOF/install/moveit_resources_pr2_description/share/moveit_resources_pr2_description/urdf/meshes/shoulder_v0/convex/shoulder_lift_convex.stlb
[1.366s] -- Installing: /home/maranmen/Quadruped_8DOF/install/moveit_resources_pr2_description/share/moveit_resources_pr2_description/urdf/meshes/shoulder_v0/convex/shoulder_pan.xml
[1.367s] -- Installing: /home/maranmen/Quadruped_8DOF/install/moveit_resources_pr2_description/share/moveit_resources_pr2_description/urdf/meshes/shoulder_v0/convex/upper_arm_roll_L_convex.stla
[1.367s] -- Installing: /home/maranmen/Quadruped_8DOF/install/moveit_resources_pr2_description/share/moveit_resources_pr2_description/urdf/meshes/shoulder_v0/convex/upper_arm_roll_convex.stlb
[1.368s] -- Installing: /home/maranmen/Quadruped_8DOF/install/moveit_resources_pr2_description/share/moveit_resources_pr2_description/urdf/meshes/shoulder_v0/convex/shoulder_pan_convex.stla
[1.384s] -- Installing: /home/maranmen/Quadruped_8DOF/install/moveit_resources_pr2_description/share/moveit_resources_pr2_description/urdf/meshes/shoulder_v0/convex/shoulder_yaw_convex.stla
[1.384s] -- Installing: /home/maranmen/Quadruped_8DOF/install/moveit_resources_pr2_description/share/moveit_resources_pr2_description/urdf/meshes/shoulder_v0/convex/shoulder_yaw.xml
[1.385s] -- Installing: /home/maranmen/Quadruped_8DOF/install/moveit_resources_pr2_description/share/moveit_resources_pr2_description/urdf/meshes/shoulder_v0/convex/upper_arm_roll_L.dae
[1.385s] -- Installing: /home/maranmen/Quadruped_8DOF/install/moveit_resources_pr2_description/share/moveit_resources_pr2_description/urdf/meshes/shoulder_v0/convex/shoulder_yaw.dae
[1.386s] -- Installing: /home/maranmen/Quadruped_8DOF/install/moveit_resources_pr2_description/share/moveit_resources_pr2_description/urdf/meshes/shoulder_v0/convex/shoulder_lift_convex.stla
[1.387s] -- Installing: /home/maranmen/Quadruped_8DOF/install/moveit_resources_pr2_description/share/moveit_resources_pr2_description/urdf/meshes/shoulder_v0/convex/shoulder_lift.xml
[1.388s] -- Installing: /home/maranmen/Quadruped_8DOF/install/moveit_resources_pr2_description/share/moveit_resources_pr2_description/urdf/meshes/shoulder_v0/convex/upper_arm_roll.xml
[1.389s] -- Installing: /home/maranmen/Quadruped_8DOF/install/moveit_resources_pr2_description/share/moveit_resources_pr2_description/urdf/meshes/shoulder_v0/convex/shoulder_yaw_convex.stlb
[1.389s] -- Installing: /home/maranmen/Quadruped_8DOF/install/moveit_resources_pr2_description/share/moveit_resources_pr2_description/urdf/meshes/shoulder_v0/convex/shoulder_pan_convex.stlb
[1.390s] -- Installing: /home/maranmen/Quadruped_8DOF/install/moveit_resources_pr2_description/share/moveit_resources_pr2_description/urdf/meshes/shoulder_v0/convex/shoulder_lift.dae
[1.390s] -- Installing: /home/maranmen/Quadruped_8DOF/install/moveit_resources_pr2_description/share/moveit_resources_pr2_description/urdf/meshes/shoulder_v0/convex/upper_arm_roll_convex.stla
[1.391s] -- Installing: /home/maranmen/Quadruped_8DOF/install/moveit_resources_pr2_description/share/moveit_resources_pr2_description/urdf/meshes/shoulder_v0/convex/shoulder_pan.dae
[1.391s] -- Installing: /home/maranmen/Quadruped_8DOF/install/moveit_resources_pr2_description/share/moveit_resources_pr2_description/urdf/meshes/shoulder_v0/convex/upper_arm_roll.dae
[1.392s] -- Installing: /home/maranmen/Quadruped_8DOF/install/moveit_resources_pr2_description/share/moveit_resources_pr2_description/urdf/meshes/shoulder_v0/convex/upper_arm_roll_L_convex.stlb
[1.392s] -- Installing: /home/maranmen/Quadruped_8DOF/install/moveit_resources_pr2_description/share/moveit_resources_pr2_description/urdf/meshes/shoulder_v0/convex/upper_arm_roll_L.xml
[1.393s] -- Installing: /home/maranmen/Quadruped_8DOF/install/moveit_resources_pr2_description/share/moveit_resources_pr2_description/urdf/meshes/shoulder_v0/shoulder_yaw.stl
[1.393s] -- Installing: /home/maranmen/Quadruped_8DOF/install/moveit_resources_pr2_description/share/moveit_resources_pr2_description/urdf/meshes/shoulder_v0/shoulder_pan.stl
[1.394s] -- Installing: /home/maranmen/Quadruped_8DOF/install/moveit_resources_pr2_description/share/moveit_resources_pr2_description/urdf/meshes/shoulder_v0/shoulder_lift.dae
[1.395s] -- Installing: /home/maranmen/Quadruped_8DOF/install/moveit_resources_pr2_description/share/moveit_resources_pr2_description/urdf/meshes/shoulder_v0/upper_arm_roll_color.tif
[1.396s] -- Installing: /home/maranmen/Quadruped_8DOF/install/moveit_resources_pr2_description/share/moveit_resources_pr2_description/urdf/meshes/shoulder_v0/shoulder_pan_normals.tif
[1.400s] -- Installing: /home/maranmen/Quadruped_8DOF/install/moveit_resources_pr2_description/share/moveit_resources_pr2_description/urdf/meshes/shoulder_v0/shoulder_pan_color.tif
[1.516s] -- Installing: /home/maranmen/Quadruped_8DOF/install/moveit_resources_pr2_description/share/moveit_resources_pr2_description/urdf/meshes/shoulder_v0/shoulder_pan.dae
[1.517s] -- Installing: /home/maranmen/Quadruped_8DOF/install/moveit_resources_pr2_description/share/moveit_resources_pr2_description/urdf/meshes/shoulder_v0/upper_arm_roll.dae
[1.517s] -- Installing: /home/maranmen/Quadruped_8DOF/install/moveit_resources_pr2_description/share/moveit_resources_pr2_description/urdf/meshes/torso_v0
[1.517s] -- Installing: /home/maranmen/Quadruped_8DOF/install/moveit_resources_pr2_description/share/moveit_resources_pr2_description/urdf/meshes/torso_v0/torso_lift_normals.tif
[1.524s] -- Installing: /home/maranmen/Quadruped_8DOF/install/moveit_resources_pr2_description/share/moveit_resources_pr2_description/urdf/meshes/torso_v0/torso_lift.stl
[1.525s] -- Installing: /home/maranmen/Quadruped_8DOF/install/moveit_resources_pr2_description/share/moveit_resources_pr2_description/urdf/meshes/torso_v0/torso_lift.dae
[1.526s] -- Installing: /home/maranmen/Quadruped_8DOF/install/moveit_resources_pr2_description/share/moveit_resources_pr2_description/urdf/meshes/torso_v0/convex
[1.526s] -- Installing: /home/maranmen/Quadruped_8DOF/install/moveit_resources_pr2_description/share/moveit_resources_pr2_description/urdf/meshes/torso_v0/convex/torso_lift_L_convex.stlb
[1.527s] -- Installing: /home/maranmen/Quadruped_8DOF/install/moveit_resources_pr2_description/share/moveit_resources_pr2_description/urdf/meshes/torso_v0/convex/torso_convex.stla
[1.529s] -- Installing: /home/maranmen/Quadruped_8DOF/install/moveit_resources_pr2_description/share/moveit_resources_pr2_description/urdf/meshes/torso_v0/convex/torso_lift_L.xml
[1.531s] -- Installing: /home/maranmen/Quadruped_8DOF/install/moveit_resources_pr2_description/share/moveit_resources_pr2_description/urdf/meshes/torso_v0/convex/torso_lift_L_convex.stla
[1.532s] -- Installing: /home/maranmen/Quadruped_8DOF/install/moveit_resources_pr2_description/share/moveit_resources_pr2_description/urdf/meshes/torso_v0/convex/torso_lift_L.dae
[1.534s] -- Installing: /home/maranmen/Quadruped_8DOF/install/moveit_resources_pr2_description/share/moveit_resources_pr2_description/urdf/meshes/torso_v0/convex/torso_convex.stlb
[1.535s] -- Installing: /home/maranmen/Quadruped_8DOF/install/moveit_resources_pr2_description/share/moveit_resources_pr2_description/urdf/meshes/torso_v0/convex/torso_lift.dae
[1.536s] -- Installing: /home/maranmen/Quadruped_8DOF/install/moveit_resources_pr2_description/share/moveit_resources_pr2_description/urdf/meshes/torso_v0/convex/torso_lift_convex.stla
[1.537s] -- Installing: /home/maranmen/Quadruped_8DOF/install/moveit_resources_pr2_description/share/moveit_resources_pr2_description/urdf/meshes/torso_v0/convex/torso_lift.xml
[1.538s] -- Installing: /home/maranmen/Quadruped_8DOF/install/moveit_resources_pr2_description/share/moveit_resources_pr2_description/urdf/meshes/torso_v0/convex/torso_lift_convex.stlb
[1.539s] -- Installing: /home/maranmen/Quadruped_8DOF/install/moveit_resources_pr2_description/share/moveit_resources_pr2_description/urdf/meshes/torso_v0/convex/torso.xml
[1.539s] -- Installing: /home/maranmen/Quadruped_8DOF/install/moveit_resources_pr2_description/share/moveit_resources_pr2_description/urdf/meshes/torso_v0/convex/torso.dae
[1.541s] -- Installing: /home/maranmen/Quadruped_8DOF/install/moveit_resources_pr2_description/share/moveit_resources_pr2_description/urdf/meshes/torso_v0/torso.stl
[1.541s] -- Installing: /home/maranmen/Quadruped_8DOF/install/moveit_resources_pr2_description/share/moveit_resources_pr2_description/urdf/meshes/torso_v0/torso_lift_color.tif
[1.543s] -- Installing: /home/maranmen/Quadruped_8DOF/install/moveit_resources_pr2_description/share/moveit_resources_pr2_description/urdf/meshes/torso_v0/torso_lift_L.stl
[1.543s] -- Installing: /home/maranmen/Quadruped_8DOF/install/moveit_resources_pr2_description/share/moveit_resources_pr2_description/urdf/meshes/base_v0
[1.543s] -- Installing: /home/maranmen/Quadruped_8DOF/install/moveit_resources_pr2_description/share/moveit_resources_pr2_description/urdf/meshes/base_v0/wheel_h_color.tif
[1.543s] -- Installing: /home/maranmen/Quadruped_8DOF/install/moveit_resources_pr2_description/share/moveit_resources_pr2_description/urdf/meshes/base_v0/wheel_color.tif
[1.544s] -- Installing: /home/maranmen/Quadruped_8DOF/install/moveit_resources_pr2_description/share/moveit_resources_pr2_description/urdf/meshes/base_v0/base_normals.tif
[1.546s] -- Installing: /home/maranmen/Quadruped_8DOF/install/moveit_resources_pr2_description/share/moveit_resources_pr2_description/urdf/meshes/base_v0/caster_L.stl
[1.546s] -- Installing: /home/maranmen/Quadruped_8DOF/install/moveit_resources_pr2_description/share/moveit_resources_pr2_description/urdf/meshes/base_v0/base.stl
[1.546s] -- Installing: /home/maranmen/Quadruped_8DOF/install/moveit_resources_pr2_description/share/moveit_resources_pr2_description/urdf/meshes/base_v0/pr2_wheel.stl
[1.547s] -- Installing: /home/maranmen/Quadruped_8DOF/install/moveit_resources_pr2_description/share/moveit_resources_pr2_description/urdf/meshes/base_v0/wheel.stl
[1.547s] -- Installing: /home/maranmen/Quadruped_8DOF/install/moveit_resources_pr2_description/share/moveit_resources_pr2_description/urdf/meshes/base_v0/convex
[1.548s] -- Installing: /home/maranmen/Quadruped_8DOF/install/moveit_resources_pr2_description/share/moveit_resources_pr2_description/urdf/meshes/base_v0/convex/pr2_wheel_convex.stla
[1.548s] -- Installing: /home/maranmen/Quadruped_8DOF/install/moveit_resources_pr2_description/share/moveit_resources_pr2_description/urdf/meshes/base_v0/convex/caster_convex.stlb
[1.548s] -- Installing: /home/maranmen/Quadruped_8DOF/install/moveit_resources_pr2_description/share/moveit_resources_pr2_description/urdf/meshes/base_v0/convex/base_convex.stlb
[1.548s] -- Installing: /home/maranmen/Quadruped_8DOF/install/moveit_resources_pr2_description/share/moveit_resources_pr2_description/urdf/meshes/base_v0/convex/base_L.dae
[1.548s] -- Installing: /home/maranmen/Quadruped_8DOF/install/moveit_resources_pr2_description/share/moveit_resources_pr2_description/urdf/meshes/base_v0/convex/pr2_wheel.xml
[1.549s] -- Installing: /home/maranmen/Quadruped_8DOF/install/moveit_resources_pr2_description/share/moveit_resources_pr2_description/urdf/meshes/base_v0/convex/caster_L_convex.stla
[1.549s] -- Installing: /home/maranmen/Quadruped_8DOF/install/moveit_resources_pr2_description/share/moveit_resources_pr2_description/urdf/meshes/base_v0/convex/base_L.xml
[1.549s] -- Installing: /home/maranmen/Quadruped_8DOF/install/moveit_resources_pr2_description/share/moveit_resources_pr2_description/urdf/meshes/base_v0/convex/pr2_wheel_convex.stlb
[1.549s] -- Installing: /home/maranmen/Quadruped_8DOF/install/moveit_resources_pr2_description/share/moveit_resources_pr2_description/urdf/meshes/base_v0/convex/caster_convex.stla
[1.549s] -- Installing: /home/maranmen/Quadruped_8DOF/install/moveit_resources_pr2_description/share/moveit_resources_pr2_description/urdf/meshes/base_v0/convex/wheel_convex.stla
[1.549s] -- Installing: /home/maranmen/Quadruped_8DOF/install/moveit_resources_pr2_description/share/moveit_resources_pr2_description/urdf/meshes/base_v0/convex/pr2_wheel.dae
[1.549s] -- Installing: /home/maranmen/Quadruped_8DOF/install/moveit_resources_pr2_description/share/moveit_resources_pr2_description/urdf/meshes/base_v0/convex/caster_L.xml
[1.550s] -- Installing: /home/maranmen/Quadruped_8DOF/install/moveit_resources_pr2_description/share/moveit_resources_pr2_description/urdf/meshes/base_v0/convex/base.xml
[1.550s] -- Installing: /home/maranmen/Quadruped_8DOF/install/moveit_resources_pr2_description/share/moveit_resources_pr2_description/urdf/meshes/base_v0/convex/caster.xml
[1.551s] -- Installing: /home/maranmen/Quadruped_8DOF/install/moveit_resources_pr2_description/share/moveit_resources_pr2_description/urdf/meshes/base_v0/convex/wheel.xml
[1.551s] -- Installing: /home/maranmen/Quadruped_8DOF/install/moveit_resources_pr2_description/share/moveit_resources_pr2_description/urdf/meshes/base_v0/convex/base_L_convex.stlb
[1.551s] -- Installing: /home/maranmen/Quadruped_8DOF/install/moveit_resources_pr2_description/share/moveit_resources_pr2_description/urdf/meshes/base_v0/convex/base_convex.stla
[1.551s] -- Installing: /home/maranmen/Quadruped_8DOF/install/moveit_resources_pr2_description/share/moveit_resources_pr2_description/urdf/meshes/base_v0/convex/caster_L.dae
[1.551s] -- Installing: /home/maranmen/Quadruped_8DOF/install/moveit_resources_pr2_description/share/moveit_resources_pr2_description/urdf/meshes/base_v0/convex/wheel.dae
[1.551s] -- Installing: /home/maranmen/Quadruped_8DOF/install/moveit_resources_pr2_description/share/moveit_resources_pr2_description/urdf/meshes/base_v0/convex/base.dae
[1.551s] -- Installing: /home/maranmen/Quadruped_8DOF/install/moveit_resources_pr2_description/share/moveit_resources_pr2_description/urdf/meshes/base_v0/convex/caster.dae
[1.553s] -- Installing: /home/maranmen/Quadruped_8DOF/install/moveit_resources_pr2_description/share/moveit_resources_pr2_description/urdf/meshes/base_v0/convex/caster_L_convex.stlb
[1.553s] -- Installing: /home/maranmen/Quadruped_8DOF/install/moveit_resources_pr2_description/share/moveit_resources_pr2_description/urdf/meshes/base_v0/convex/wheel_convex.stlb
[1.554s] -- Installing: /home/maranmen/Quadruped_8DOF/install/moveit_resources_pr2_description/share/moveit_resources_pr2_description/urdf/meshes/base_v0/convex/base_L_convex.stla
[1.554s] -- Installing: /home/maranmen/Quadruped_8DOF/install/moveit_resources_pr2_description/share/moveit_resources_pr2_description/urdf/meshes/base_v0/base_L.stl
[1.554s] -- Installing: /home/maranmen/Quadruped_8DOF/install/moveit_resources_pr2_description/share/moveit_resources_pr2_description/urdf/meshes/base_v0/wheel_h.dae
[1.567s] -- Installing: /home/maranmen/Quadruped_8DOF/install/moveit_resources_pr2_description/share/moveit_resources_pr2_description/urdf/meshes/base_v0/base_color.tif
[1.567s] -- Installing: /home/maranmen/Quadruped_8DOF/install/moveit_resources_pr2_description/share/moveit_resources_pr2_description/urdf/meshes/base_v0/caster.stl
[1.567s] -- Installing: /home/maranmen/Quadruped_8DOF/install/moveit_resources_pr2_description/share/moveit_resources_pr2_description/urdf/meshes/base_v0/wheel_normals.tif
[1.576s] -- Installing: /home/maranmen/Quadruped_8DOF/install/moveit_resources_pr2_description/share/moveit_resources_pr2_description/urdf/meshes/base_v0/wheel.dae
[1.576s] -- Installing: /home/maranmen/Quadruped_8DOF/install/moveit_resources_pr2_description/share/moveit_resources_pr2_description/urdf/meshes/base_v0/base.dae
[1.576s] -- Installing: /home/maranmen/Quadruped_8DOF/install/moveit_resources_pr2_description/share/moveit_resources_pr2_description/urdf/meshes/head_v0
[1.576s] -- Installing: /home/maranmen/Quadruped_8DOF/install/moveit_resources_pr2_description/share/moveit_resources_pr2_description/urdf/meshes/head_v0/head_tilt_color_red.tif
[1.578s] -- Installing: /home/maranmen/Quadruped_8DOF/install/moveit_resources_pr2_description/share/moveit_resources_pr2_description/urdf/meshes/head_v0/head_pan.dae
[1.578s] -- Installing: /home/maranmen/Quadruped_8DOF/install/moveit_resources_pr2_description/share/moveit_resources_pr2_description/urdf/meshes/head_v0/head_tilt.stl
[1.579s] -- Installing: /home/maranmen/Quadruped_8DOF/install/moveit_resources_pr2_description/share/moveit_resources_pr2_description/urdf/meshes/head_v0/head_pan_color.tif
[1.579s] -- Installing: /home/maranmen/Quadruped_8DOF/install/moveit_resources_pr2_description/share/moveit_resources_pr2_description/urdf/meshes/head_v0/head_tilt_color_yellow.tif
[1.581s] -- Installing: /home/maranmen/Quadruped_8DOF/install/moveit_resources_pr2_description/share/moveit_resources_pr2_description/urdf/meshes/head_v0/convex
[1.581s] -- Installing: /home/maranmen/Quadruped_8DOF/install/moveit_resources_pr2_description/share/moveit_resources_pr2_description/urdf/meshes/head_v0/convex/head_tilt_L_convex.stla
[1.581s] -- Installing: /home/maranmen/Quadruped_8DOF/install/moveit_resources_pr2_description/share/moveit_resources_pr2_description/urdf/meshes/head_v0/convex/head_tilt_convex.stlb
[1.582s] -- Installing: /home/maranmen/Quadruped_8DOF/install/moveit_resources_pr2_description/share/moveit_resources_pr2_description/urdf/meshes/head_v0/convex/head_pan_convex.stlb
[1.582s] -- Installing: /home/maranmen/Quadruped_8DOF/install/moveit_resources_pr2_description/share/moveit_resources_pr2_description/urdf/meshes/head_v0/convex/head_tilt.xml
[1.582s] -- Installing: /home/maranmen/Quadruped_8DOF/install/moveit_resources_pr2_description/share/moveit_resources_pr2_description/urdf/meshes/head_v0/convex/head_pan_L.xml
[1.582s] -- Installing: /home/maranmen/Quadruped_8DOF/install/moveit_resources_pr2_description/share/moveit_resources_pr2_description/urdf/meshes/head_v0/convex/head_tilt_convex.stla
[1.582s] -- Installing: /home/maranmen/Quadruped_8DOF/install/moveit_resources_pr2_description/share/moveit_resources_pr2_description/urdf/meshes/head_v0/convex/head_pan.dae
[1.582s] -- Installing: /home/maranmen/Quadruped_8DOF/install/moveit_resources_pr2_description/share/moveit_resources_pr2_description/urdf/meshes/head_v0/convex/head_tilt_L.dae
[1.583s] -- Installing: /home/maranmen/Quadruped_8DOF/install/moveit_resources_pr2_description/share/moveit_resources_pr2_description/urdf/meshes/head_v0/convex/head_pan_L_convex.stlb
[1.583s] -- Installing: /home/maranmen/Quadruped_8DOF/install/moveit_resources_pr2_description/share/moveit_resources_pr2_description/urdf/meshes/head_v0/convex/head_tilt_L.xml
[1.583s] -- Installing: /home/maranmen/Quadruped_8DOF/install/moveit_resources_pr2_description/share/moveit_resources_pr2_description/urdf/meshes/head_v0/convex/head_pan.xml
[1.583s] -- Installing: /home/maranmen/Quadruped_8DOF/install/moveit_resources_pr2_description/share/moveit_resources_pr2_description/urdf/meshes/head_v0/convex/head_pan_convex.stla
[1.583s] -- Installing: /home/maranmen/Quadruped_8DOF/install/moveit_resources_pr2_description/share/moveit_resources_pr2_description/urdf/meshes/head_v0/convex/head_pan_L.dae
[1.584s] -- Installing: /home/maranmen/Quadruped_8DOF/install/moveit_resources_pr2_description/share/moveit_resources_pr2_description/urdf/meshes/head_v0/convex/head_tilt.dae
[1.584s] -- Installing: /home/maranmen/Quadruped_8DOF/install/moveit_resources_pr2_description/share/moveit_resources_pr2_description/urdf/meshes/head_v0/convex/head_tilt_L_convex.stlb
[1.584s] -- Installing: /home/maranmen/Quadruped_8DOF/install/moveit_resources_pr2_description/share/moveit_resources_pr2_description/urdf/meshes/head_v0/convex/head_pan_L_convex.stla
[1.585s] -- Installing: /home/maranmen/Quadruped_8DOF/install/moveit_resources_pr2_description/share/moveit_resources_pr2_description/urdf/meshes/head_v0/head_tilt_green.tif
[1.586s] -- Installing: /home/maranmen/Quadruped_8DOF/install/moveit_resources_pr2_description/share/moveit_resources_pr2_description/urdf/meshes/head_v0/head_tilt.dae
[1.595s] -- Installing: /home/maranmen/Quadruped_8DOF/install/moveit_resources_pr2_description/share/moveit_resources_pr2_description/urdf/meshes/head_v0/head_pan.stl
[1.595s] -- Installing: /home/maranmen/Quadruped_8DOF/install/moveit_resources_pr2_description/share/moveit_resources_pr2_description/urdf/meshes/head_v0/head_tilt_color.tif
[1.610s] -- Installing: /home/maranmen/Quadruped_8DOF/install/moveit_resources_pr2_description/share/moveit_resources_pr2_description/urdf/meshes/head_v0/head_pan_normals.tif
[1.616s] -- Installing: /home/maranmen/Quadruped_8DOF/install/moveit_resources_pr2_description/share/moveit_resources_pr2_description/urdf/meshes/head_v0/head_tilt_L.stl
[1.617s] -- Installing: /home/maranmen/Quadruped_8DOF/install/moveit_resources_pr2_description/share/moveit_resources_pr2_description/urdf/meshes/head_v0/head_tilt_normals.tif
[1.621s] -- Installing: /home/maranmen/Quadruped_8DOF/install/moveit_resources_pr2_description/share/moveit_resources_pr2_description/urdf/meshes/head_v0/head_pan_L.stl
[1.621s] -- Installing: /home/maranmen/Quadruped_8DOF/install/moveit_resources_pr2_description/share/moveit_resources_pr2_description/urdf/meshes/sensors
[1.621s] -- Installing: /home/maranmen/Quadruped_8DOF/install/moveit_resources_pr2_description/share/moveit_resources_pr2_description/urdf/meshes/sensors/kinect_v0
[1.621s] -- Installing: /home/maranmen/Quadruped_8DOF/install/moveit_resources_pr2_description/share/moveit_resources_pr2_description/urdf/meshes/sensors/kinect_v0/kinect_color.tga
[1.622s] -- Installing: /home/maranmen/Quadruped_8DOF/install/moveit_resources_pr2_description/share/moveit_resources_pr2_description/urdf/meshes/sensors/kinect_v0/kinect.tga
[1.623s] -- Installing: /home/maranmen/Quadruped_8DOF/install/moveit_resources_pr2_description/share/moveit_resources_pr2_description/urdf/meshes/sensors/kinect_v0/kinect.dae
[1.625s] -- Installing: /home/maranmen/Quadruped_8DOF/install/moveit_resources_pr2_description/share/moveit_resources_pr2_description/urdf/meshes/sensors/kinect_v0/kinect_mount.stl
[1.627s] -- Installing: /home/maranmen/Quadruped_8DOF/install/moveit_resources_pr2_description/share/moveit_resources_pr2_description/urdf/meshes/sensors/kinect_prosilica_v0
[1.627s] -- Installing: /home/maranmen/Quadruped_8DOF/install/moveit_resources_pr2_description/share/moveit_resources_pr2_description/urdf/meshes/sensors/kinect_prosilica_v0/115x100_swept_back_no_sensors--coarse.STL
[1.632s] -- Installing: /home/maranmen/Quadruped_8DOF/install/moveit_resources_pr2_description/share/moveit_resources_pr2_description/urdf/meshes/sensors/kinect_prosilica_v0/Prosilica_w_Lens--coarse.STL
[1.639s] -- Installing: /home/maranmen/Quadruped_8DOF/install/moveit_resources_pr2_description/share/moveit_resources_pr2_description/urdf/meshes/sensors/kinect_prosilica_v0/68-04546_Kinect_Sensor--coarse.STL
[1.641s] -- Installing: /home/maranmen/Quadruped_8DOF/install/moveit_resources_pr2_description/share/moveit_resources_pr2_description/urdf/meshes/sensors/kinect_prosilica_v0/115x100_swept_fwd--coarse.STL
[1.646s] -- Installing: /home/maranmen/Quadruped_8DOF/install/moveit_resources_pr2_description/share/moveit_resources_pr2_description/urdf/meshes/sensors/kinect_prosilica_v0/115x100_swept_back--coarse.STL
[1.651s] -- Installing: /home/maranmen/Quadruped_8DOF/install/moveit_resources_pr2_description/share/moveit_resources_pr2_description/urdf/meshes/sensors/kinect_prosilica_v0/115x100_swept_fwd_no_sensors--coarse.STL
[1.654s] -- Installing: /home/maranmen/Quadruped_8DOF/install/moveit_resources_pr2_description/share/moveit_resources_pr2_description/urdf/meshes/forearm_v0
[1.654s] -- Installing: /home/maranmen/Quadruped_8DOF/install/moveit_resources_pr2_description/share/moveit_resources_pr2_description/urdf/meshes/forearm_v0/forearm.jpg
[1.654s] -- Installing: /home/maranmen/Quadruped_8DOF/install/moveit_resources_pr2_description/share/moveit_resources_pr2_description/urdf/meshes/forearm_v0/wrist_normals.tif
[1.655s] -- Installing: /home/maranmen/Quadruped_8DOF/install/moveit_resources_pr2_description/share/moveit_resources_pr2_description/urdf/meshes/forearm_v0/wrist_flex.dae
[1.656s] -- Installing: /home/maranmen/Quadruped_8DOF/install/moveit_resources_pr2_description/share/moveit_resources_pr2_description/urdf/meshes/forearm_v0/forearm_normals.tif
[1.660s] -- Installing: /home/maranmen/Quadruped_8DOF/install/moveit_resources_pr2_description/share/moveit_resources_pr2_description/urdf/meshes/forearm_v0/convex
[1.660s] -- Installing: /home/maranmen/Quadruped_8DOF/install/moveit_resources_pr2_description/share/moveit_resources_pr2_description/urdf/meshes/forearm_v0/convex/forearm_convex.stlb
[1.661s] -- Installing: /home/maranmen/Quadruped_8DOF/install/moveit_resources_pr2_description/share/moveit_resources_pr2_description/urdf/meshes/forearm_v0/convex/wrist_roll_convex.stla
[1.662s] -- Installing: /home/maranmen/Quadruped_8DOF/install/moveit_resources_pr2_description/share/moveit_resources_pr2_description/urdf/meshes/forearm_v0/convex/wrist_flex.dae
[1.662s] -- Installing: /home/maranmen/Quadruped_8DOF/install/moveit_resources_pr2_description/share/moveit_resources_pr2_description/urdf/meshes/forearm_v0/convex/wrist_roll_L.dae
[1.662s] -- Installing: /home/maranmen/Quadruped_8DOF/install/moveit_resources_pr2_description/share/moveit_resources_pr2_description/urdf/meshes/forearm_v0/convex/wrist_roll_convex.stlb
[1.663s] -- Installing: /home/maranmen/Quadruped_8DOF/install/moveit_resources_pr2_description/share/moveit_resources_pr2_description/urdf/meshes/forearm_v0/convex/wrist_roll_L_convex.stla
[1.663s] -- Installing: /home/maranmen/Quadruped_8DOF/install/moveit_resources_pr2_description/share/moveit_resources_pr2_description/urdf/meshes/forearm_v0/convex/wrist_flex.xml
[1.663s] -- Installing: /home/maranmen/Quadruped_8DOF/install/moveit_resources_pr2_description/share/moveit_resources_pr2_description/urdf/meshes/forearm_v0/convex/wrist_roll.dae
[1.663s] -- Installing: /home/maranmen/Quadruped_8DOF/install/moveit_resources_pr2_description/share/moveit_resources_pr2_description/urdf/meshes/forearm_v0/convex/forearm_convex.stla
[1.664s] -- Installing: /home/maranmen/Quadruped_8DOF/install/moveit_resources_pr2_description/share/moveit_resources_pr2_description/urdf/meshes/forearm_v0/convex/wrist_roll_L_convex.stlb
[1.664s] -- Installing: /home/maranmen/Quadruped_8DOF/install/moveit_resources_pr2_description/share/moveit_resources_pr2_description/urdf/meshes/forearm_v0/convex/wrist_flex_convex.stla
[1.664s] -- Installing: /home/maranmen/Quadruped_8DOF/install/moveit_resources_pr2_description/share/moveit_resources_pr2_description/urdf/meshes/forearm_v0/convex/wrist_roll_L.xml
[1.665s] -- Installing: /home/maranmen/Quadruped_8DOF/install/moveit_resources_pr2_description/share/moveit_resources_pr2_description/urdf/meshes/forearm_v0/convex/forearm.xml
[1.665s] -- Installing: /home/maranmen/Quadruped_8DOF/install/moveit_resources_pr2_description/share/moveit_resources_pr2_description/urdf/meshes/forearm_v0/convex/wrist_roll.xml
[1.665s] -- Installing: /home/maranmen/Quadruped_8DOF/install/moveit_resources_pr2_description/share/moveit_resources_pr2_description/urdf/meshes/forearm_v0/convex/wrist_flex_convex.stlb
[1.667s] -- Installing: /home/maranmen/Quadruped_8DOF/install/moveit_resources_pr2_description/share/moveit_resources_pr2_description/urdf/meshes/forearm_v0/convex/forearm.dae
[1.667s] -- Installing: /home/maranmen/Quadruped_8DOF/install/moveit_resources_pr2_description/share/moveit_resources_pr2_description/urdf/meshes/forearm_v0/wrist_roll.stl
[1.668s] -- Installing: /home/maranmen/Quadruped_8DOF/install/moveit_resources_pr2_description/share/moveit_resources_pr2_description/urdf/meshes/forearm_v0/forearm_color.tif
[1.676s] -- Installing: /home/maranmen/Quadruped_8DOF/install/moveit_resources_pr2_description/share/moveit_resources_pr2_description/urdf/meshes/forearm_v0/wrist_roll_L.stl
[1.676s] -- Installing: /home/maranmen/Quadruped_8DOF/install/moveit_resources_pr2_description/share/moveit_resources_pr2_description/urdf/meshes/forearm_v0/wrist_color.tif
[1.676s] -- Installing: /home/maranmen/Quadruped_8DOF/install/moveit_resources_pr2_description/share/moveit_resources_pr2_description/urdf/meshes/forearm_v0/forearm.stl
[1.677s] -- Installing: /home/maranmen/Quadruped_8DOF/install/moveit_resources_pr2_description/share/moveit_resources_pr2_description/urdf/meshes/forearm_v0/wrist_flex.stl
[1.677s] -- Installing: /home/maranmen/Quadruped_8DOF/install/moveit_resources_pr2_description/share/moveit_resources_pr2_description/urdf/meshes/forearm_v0/forearm.dae
[1.678s] -- Installing: /home/maranmen/Quadruped_8DOF/install/moveit_resources_pr2_description/share/moveit_resources_pr2_description/urdf/robot.xml
[1.679s] -- Installing: /home/maranmen/Quadruped_8DOF/install/moveit_resources_pr2_description/share/moveit_resources_pr2_description/urdf/materials
[1.679s] -- Installing: /home/maranmen/Quadruped_8DOF/install/moveit_resources_pr2_description/share/moveit_resources_pr2_description/urdf/materials/textures
[1.679s] -- Installing: /home/maranmen/Quadruped_8DOF/install/moveit_resources_pr2_description/share/moveit_resources_pr2_description/urdf/materials/textures/pr2_caster_texture.png
[1.680s] -- Installing: /home/maranmen/Quadruped_8DOF/install/moveit_resources_pr2_description/share/moveit_resources_pr2_description/urdf/materials/textures/pr2_wheel_right.png
[1.680s] -- Installing: /home/maranmen/Quadruped_8DOF/install/moveit_resources_pr2_description/share/moveit_resources_pr2_description/urdf/materials/textures/pr2_wheel_left.png
[1.680s] -- Installing: /home/maranmen/Quadruped_8DOF/install/moveit_resources_pr2_description/share/moveit_resources_pr2_description/kinect.dae
[1.686s] Invoked command in '/home/maranmen/Quadruped_8DOF/build/moveit_resources_pr2_description' returned '0': CMAKE_PREFIX_PATH=/home/maranmen/Quadruped_8DOF/install/quadruped_model:/opt/ros/humble /usr/bin/cmake --install /home/maranmen/Quadruped_8DOF/build/moveit_resources_pr2_description
