[0.440s] DEBUG:colcon:Command line arguments: ['/usr/bin/colcon', 'build']
[0.440s] DEBUG:colcon:Parsed command line arguments: Namespace(log_base=None, log_level=None, verb_name='build', build_base='build', install_base='install', merge_install=False, symlink_install=False, test_result_base=None, continue_on_error=False, executor='parallel', parallel_workers=4, event_handlers=None, ignore_user_meta=False, metas=['./colcon.meta'], base_paths=['.'], packages_ignore=None, packages_ignore_regex=None, paths=None, packages_up_to=None, packages_up_to_regex=None, packages_above=None, packages_above_and_dependencies=None, packages_above_depth=None, packages_select_by_dep=None, packages_skip_by_dep=None, packages_skip_up_to=None, packages_select_build_failed=False, packages_skip_build_finished=False, packages_select_test_failures=False, packages_skip_test_passed=False, packages_select=None, packages_skip=None, packages_select_regex=None, packages_skip_regex=None, packages_start=None, packages_end=None, allow_overriding=[], cmake_args=None, cmake_target=None, cmake_target_skip_unavailable=False, cmake_clean_cache=False, cmake_clean_first=False, cmake_force_configure=False, ament_cmake_args=None, catkin_cmake_args=None, catkin_skip_building_tests=False, mixin_files=None, mixin=None, verb_parser=<colcon_mixin.mixin.mixin_argument.MixinArgumentDecorator object at 0x775595542ce0>, verb_extension=<colcon_core.verb.build.BuildVerb object at 0x775595542770>, main=<bound method BuildVerb.main of <colcon_core.verb.build.BuildVerb object at 0x775595542770>>, mixin_verb=('build',))
[1.170s] Level 1:colcon.colcon_core.package_discovery:discover_packages(colcon_meta) check parameters
[1.170s] Level 1:colcon.colcon_core.package_discovery:discover_packages(recursive) check parameters
[1.170s] Level 1:colcon.colcon_core.package_discovery:discover_packages(ignore) check parameters
[1.171s] Level 1:colcon.colcon_core.package_discovery:discover_packages(path) check parameters
[1.171s] Level 1:colcon.colcon_core.package_discovery:discover_packages(colcon_meta) discover
[1.171s] Level 1:colcon.colcon_core.package_discovery:discover_packages(recursive) discover
[1.171s] INFO:colcon.colcon_core.package_discovery:Crawling recursively for packages in '/home/maranmen/quadruped_8DOF'
[1.171s] Level 1:colcon.colcon_core.package_identification:_identify(.) by extensions ['ignore', 'ignore_ament_install']
[1.171s] Level 1:colcon.colcon_core.package_identification:_identify(.) by extension 'ignore'
[1.172s] Level 1:colcon.colcon_core.package_identification:_identify(.) by extension 'ignore_ament_install'
[1.172s] Level 1:colcon.colcon_core.package_identification:_identify(.) by extensions ['colcon_pkg']
[1.172s] Level 1:colcon.colcon_core.package_identification:_identify(.) by extension 'colcon_pkg'
[1.172s] Level 1:colcon.colcon_core.package_identification:_identify(.) by extensions ['colcon_meta']
[1.172s] Level 1:colcon.colcon_core.package_identification:_identify(.) by extension 'colcon_meta'
[1.172s] Level 1:colcon.colcon_core.package_identification:_identify(.) by extensions ['ros']
[1.172s] Level 1:colcon.colcon_core.package_identification:_identify(.) by extension 'ros'
[1.198s] Level 1:colcon.colcon_core.package_identification:_identify(.) by extensions ['cmake', 'python']
[1.198s] Level 1:colcon.colcon_core.package_identification:_identify(.) by extension 'cmake'
[1.198s] Level 1:colcon.colcon_core.package_identification:_identify(.) by extension 'python'
[1.199s] Level 1:colcon.colcon_core.package_identification:_identify(.) by extensions ['python_setup_py']
[1.199s] Level 1:colcon.colcon_core.package_identification:_identify(.) by extension 'python_setup_py'
[1.199s] Level 1:colcon.colcon_core.package_identification:_identify(build) by extensions ['ignore', 'ignore_ament_install']
[1.199s] Level 1:colcon.colcon_core.package_identification:_identify(build) by extension 'ignore'
[1.199s] Level 1:colcon.colcon_core.package_identification:_identify(build) ignored
[1.200s] Level 1:colcon.colcon_core.package_identification:_identify(install) by extensions ['ignore', 'ignore_ament_install']
[1.200s] Level 1:colcon.colcon_core.package_identification:_identify(install) by extension 'ignore'
[1.200s] Level 1:colcon.colcon_core.package_identification:_identify(install) ignored
[1.200s] Level 1:colcon.colcon_core.package_identification:_identify(log) by extensions ['ignore', 'ignore_ament_install']
[1.200s] Level 1:colcon.colcon_core.package_identification:_identify(log) by extension 'ignore'
[1.200s] Level 1:colcon.colcon_core.package_identification:_identify(log) ignored
[1.201s] Level 1:colcon.colcon_core.package_identification:_identify(src) by extensions ['ignore', 'ignore_ament_install']
[1.201s] Level 1:colcon.colcon_core.package_identification:_identify(src) by extension 'ignore'
[1.201s] Level 1:colcon.colcon_core.package_identification:_identify(src) by extension 'ignore_ament_install'
[1.201s] Level 1:colcon.colcon_core.package_identification:_identify(src) by extensions ['colcon_pkg']
[1.201s] Level 1:colcon.colcon_core.package_identification:_identify(src) by extension 'colcon_pkg'
[1.201s] Level 1:colcon.colcon_core.package_identification:_identify(src) by extensions ['colcon_meta']
[1.201s] Level 1:colcon.colcon_core.package_identification:_identify(src) by extension 'colcon_meta'
[1.202s] Level 1:colcon.colcon_core.package_identification:_identify(src) by extensions ['ros']
[1.202s] Level 1:colcon.colcon_core.package_identification:_identify(src) by extension 'ros'
[1.202s] Level 1:colcon.colcon_core.package_identification:_identify(src) by extensions ['cmake', 'python']
[1.202s] Level 1:colcon.colcon_core.package_identification:_identify(src) by extension 'cmake'
[1.202s] Level 1:colcon.colcon_core.package_identification:_identify(src) by extension 'python'
[1.202s] Level 1:colcon.colcon_core.package_identification:_identify(src) by extensions ['python_setup_py']
[1.202s] Level 1:colcon.colcon_core.package_identification:_identify(src) by extension 'python_setup_py'
[1.203s] Level 1:colcon.colcon_core.package_identification:_identify(src/cinematic_control) by extensions ['ignore', 'ignore_ament_install']
[1.203s] Level 1:colcon.colcon_core.package_identification:_identify(src/cinematic_control) by extension 'ignore'
[1.203s] Level 1:colcon.colcon_core.package_identification:_identify(src/cinematic_control) by extension 'ignore_ament_install'
[1.203s] Level 1:colcon.colcon_core.package_identification:_identify(src/cinematic_control) by extensions ['colcon_pkg']
[1.203s] Level 1:colcon.colcon_core.package_identification:_identify(src/cinematic_control) by extension 'colcon_pkg'
[1.203s] Level 1:colcon.colcon_core.package_identification:_identify(src/cinematic_control) by extensions ['colcon_meta']
[1.203s] Level 1:colcon.colcon_core.package_identification:_identify(src/cinematic_control) by extension 'colcon_meta'
[1.203s] Level 1:colcon.colcon_core.package_identification:_identify(src/cinematic_control) by extensions ['ros']
[1.204s] Level 1:colcon.colcon_core.package_identification:_identify(src/cinematic_control) by extension 'ros'
[1.208s] DEBUG:colcon.colcon_core.package_identification:Package 'src/cinematic_control' with type 'ros.ament_python' and name 'cinematic_control'
[1.208s] Level 1:colcon.colcon_core.package_identification:_identify(src/quadruped_model) by extensions ['ignore', 'ignore_ament_install']
[1.208s] Level 1:colcon.colcon_core.package_identification:_identify(src/quadruped_model) by extension 'ignore'
[1.208s] Level 1:colcon.colcon_core.package_identification:_identify(src/quadruped_model) by extension 'ignore_ament_install'
[1.208s] Level 1:colcon.colcon_core.package_identification:_identify(src/quadruped_model) by extensions ['colcon_pkg']
[1.208s] Level 1:colcon.colcon_core.package_identification:_identify(src/quadruped_model) by extension 'colcon_pkg'
[1.209s] Level 1:colcon.colcon_core.package_identification:_identify(src/quadruped_model) by extensions ['colcon_meta']
[1.209s] Level 1:colcon.colcon_core.package_identification:_identify(src/quadruped_model) by extension 'colcon_meta'
[1.209s] Level 1:colcon.colcon_core.package_identification:_identify(src/quadruped_model) by extensions ['ros']
[1.209s] Level 1:colcon.colcon_core.package_identification:_identify(src/quadruped_model) by extension 'ros'
[1.210s] DEBUG:colcon.colcon_core.package_identification:Package 'src/quadruped_model' with type 'ros.ament_cmake' and name 'quadruped_model'
[1.210s] Level 1:colcon.colcon_core.package_discovery:discover_packages(recursive) using defaults
[1.210s] Level 1:colcon.colcon_core.package_discovery:discover_packages(ignore) discover
[1.210s] Level 1:colcon.colcon_core.package_discovery:discover_packages(ignore) using defaults
[1.211s] Level 1:colcon.colcon_core.package_discovery:discover_packages(path) discover
[1.211s] Level 1:colcon.colcon_core.package_discovery:discover_packages(path) using defaults
[1.252s] Level 1:colcon.colcon_core.package_discovery:discover_packages(prefix_path) check parameters
[1.252s] Level 1:colcon.colcon_core.package_discovery:discover_packages(prefix_path) discover
[1.384s] DEBUG:colcon.colcon_installed_package_information.package_discovery:Found 3 installed packages in /home/maranmen/quadruped_8DOF/install
[1.391s] DEBUG:colcon.colcon_installed_package_information.package_discovery:Found 69 installed packages in /home/maranmen/ws_moveit/install
[1.400s] DEBUG:colcon.colcon_installed_package_information.package_discovery:Found 339 installed packages in /opt/ros/humble
[1.411s] Level 1:colcon.colcon_core.package_discovery:discover_packages(prefix_path) using defaults
[1.540s] Level 5:colcon.colcon_core.verb:set package 'quadruped_model' build argument 'cmake_args' from command line to 'None'
[1.540s] Level 5:colcon.colcon_core.verb:set package 'quadruped_model' build argument 'cmake_target' from command line to 'None'
[1.540s] Level 5:colcon.colcon_core.verb:set package 'quadruped_model' build argument 'cmake_target_skip_unavailable' from command line to 'False'
[1.540s] Level 5:colcon.colcon_core.verb:set package 'quadruped_model' build argument 'cmake_clean_cache' from command line to 'False'
[1.540s] Level 5:colcon.colcon_core.verb:set package 'quadruped_model' build argument 'cmake_clean_first' from command line to 'False'
[1.540s] Level 5:colcon.colcon_core.verb:set package 'quadruped_model' build argument 'cmake_force_configure' from command line to 'False'
[1.540s] Level 5:colcon.colcon_core.verb:set package 'quadruped_model' build argument 'ament_cmake_args' from command line to 'None'
[1.540s] Level 5:colcon.colcon_core.verb:set package 'quadruped_model' build argument 'catkin_cmake_args' from command line to 'None'
[1.540s] Level 5:colcon.colcon_core.verb:set package 'quadruped_model' build argument 'catkin_skip_building_tests' from command line to 'False'
[1.541s] DEBUG:colcon.colcon_core.verb:Building package 'quadruped_model' with the following arguments: {'ament_cmake_args': None, 'build_base': '/home/maranmen/quadruped_8DOF/build/quadruped_model', 'catkin_cmake_args': None, 'catkin_skip_building_tests': False, 'cmake_args': None, 'cmake_clean_cache': False, 'cmake_clean_first': False, 'cmake_force_configure': False, 'cmake_target': None, 'cmake_target_skip_unavailable': False, 'install_base': '/home/maranmen/quadruped_8DOF/install/quadruped_model', 'merge_install': False, 'path': '/home/maranmen/quadruped_8DOF/src/quadruped_model', 'symlink_install': False, 'test_result_base': None}
[1.541s] Level 5:colcon.colcon_core.verb:set package 'cinematic_control' build argument 'cmake_args' from command line to 'None'
[1.541s] Level 5:colcon.colcon_core.verb:set package 'cinematic_control' build argument 'cmake_target' from command line to 'None'
[1.541s] Level 5:colcon.colcon_core.verb:set package 'cinematic_control' build argument 'cmake_target_skip_unavailable' from command line to 'False'
[1.541s] Level 5:colcon.colcon_core.verb:set package 'cinematic_control' build argument 'cmake_clean_cache' from command line to 'False'
[1.541s] Level 5:colcon.colcon_core.verb:set package 'cinematic_control' build argument 'cmake_clean_first' from command line to 'False'
[1.542s] Level 5:colcon.colcon_core.verb:set package 'cinematic_control' build argument 'cmake_force_configure' from command line to 'False'
[1.542s] Level 5:colcon.colcon_core.verb:set package 'cinematic_control' build argument 'ament_cmake_args' from command line to 'None'
[1.542s] Level 5:colcon.colcon_core.verb:set package 'cinematic_control' build argument 'catkin_cmake_args' from command line to 'None'
[1.542s] Level 5:colcon.colcon_core.verb:set package 'cinematic_control' build argument 'catkin_skip_building_tests' from command line to 'False'
[1.542s] DEBUG:colcon.colcon_core.verb:Building package 'cinematic_control' with the following arguments: {'ament_cmake_args': None, 'build_base': '/home/maranmen/quadruped_8DOF/build/cinematic_control', 'catkin_cmake_args': None, 'catkin_skip_building_tests': False, 'cmake_args': None, 'cmake_clean_cache': False, 'cmake_clean_first': False, 'cmake_force_configure': False, 'cmake_target': None, 'cmake_target_skip_unavailable': False, 'install_base': '/home/maranmen/quadruped_8DOF/install/cinematic_control', 'merge_install': False, 'path': '/home/maranmen/quadruped_8DOF/src/cinematic_control', 'symlink_install': False, 'test_result_base': None}
[1.542s] INFO:colcon.colcon_core.executor:Executing jobs using 'parallel' executor
[1.545s] DEBUG:colcon.colcon_parallel_executor.executor.parallel:run_until_complete
[1.546s] INFO:colcon.colcon_ros.task.ament_cmake.build:Building ROS package in '/home/maranmen/quadruped_8DOF/src/quadruped_model' with build type 'ament_cmake'
[1.547s] INFO:colcon.colcon_cmake.task.cmake.build:Building CMake package in '/home/maranmen/quadruped_8DOF/src/quadruped_model'
[1.552s] INFO:colcon.colcon_core.plugin_system:Skipping extension 'colcon_core.shell.bat': Not used on non-Windows systems
[1.553s] INFO:colcon.colcon_core.shell:Skip shell extension 'powershell' for command environment: Not usable outside of PowerShell
[1.553s] DEBUG:colcon.colcon_core.shell:Skip shell extension 'dsv' for command environment
[1.645s] DEBUG:colcon.colcon_core.event_handler.log_command:Invoking command in '/home/maranmen/quadruped_8DOF/build/quadruped_model': CMAKE_PREFIX_PATH=${CMAKE_PREFIX_PATH}:/home/maranmen/quadruped_8DOF/install/cinematic_control:/home/maranmen/ws_moveit/install/moveit_configs_utils:/opt/ros/humble /usr/bin/cmake --build /home/maranmen/quadruped_8DOF/build/quadruped_model -- -j4 -l4
[3.462s] DEBUG:colcon.colcon_core.event_handler.log_command:Invoked command in '/home/maranmen/quadruped_8DOF/build/quadruped_model' returned '0': CMAKE_PREFIX_PATH=${CMAKE_PREFIX_PATH}:/home/maranmen/quadruped_8DOF/install/cinematic_control:/home/maranmen/ws_moveit/install/moveit_configs_utils:/opt/ros/humble /usr/bin/cmake --build /home/maranmen/quadruped_8DOF/build/quadruped_model -- -j4 -l4
[3.887s] DEBUG:colcon.colcon_core.event_handler.log_command:Invoking command in '/home/maranmen/quadruped_8DOF/build/quadruped_model': CMAKE_PREFIX_PATH=${CMAKE_PREFIX_PATH}:/home/maranmen/quadruped_8DOF/install/cinematic_control:/home/maranmen/ws_moveit/install/moveit_configs_utils:/opt/ros/humble /usr/bin/cmake --install /home/maranmen/quadruped_8DOF/build/quadruped_model
[3.987s] Level 1:colcon.colcon_core.environment:create_environment_scripts_only(quadruped_model)
[3.988s] DEBUG:colcon.colcon_core.event_handler.log_command:Invoked command in '/home/maranmen/quadruped_8DOF/build/quadruped_model' returned '0': CMAKE_PREFIX_PATH=${CMAKE_PREFIX_PATH}:/home/maranmen/quadruped_8DOF/install/cinematic_control:/home/maranmen/ws_moveit/install/moveit_configs_utils:/opt/ros/humble /usr/bin/cmake --install /home/maranmen/quadruped_8DOF/build/quadruped_model
[3.995s] Level 1:colcon.colcon_core.environment:checking '/home/maranmen/quadruped_8DOF/install/quadruped_model' for CMake module files
[3.997s] Level 1:colcon.colcon_core.environment:checking '/home/maranmen/quadruped_8DOF/install/quadruped_model' for CMake config files
[3.998s] Level 1:colcon.colcon_core.shell:create_environment_hook('quadruped_model', 'cmake_prefix_path')
[3.999s] INFO:colcon.colcon_core.shell:Creating environment hook '/home/maranmen/quadruped_8DOF/install/quadruped_model/share/quadruped_model/hook/cmake_prefix_path.ps1'
[4.000s] INFO:colcon.colcon_core.shell:Creating environment descriptor '/home/maranmen/quadruped_8DOF/install/quadruped_model/share/quadruped_model/hook/cmake_prefix_path.dsv'
[4.002s] INFO:colcon.colcon_core.shell:Creating environment hook '/home/maranmen/quadruped_8DOF/install/quadruped_model/share/quadruped_model/hook/cmake_prefix_path.sh'
[4.004s] Level 1:colcon.colcon_core.environment:checking '/home/maranmen/quadruped_8DOF/install/quadruped_model/lib'
[4.004s] Level 1:colcon.colcon_core.environment:checking '/home/maranmen/quadruped_8DOF/install/quadruped_model/bin'
[4.004s] Level 1:colcon.colcon_core.environment:checking '/home/maranmen/quadruped_8DOF/install/quadruped_model/lib/pkgconfig/quadruped_model.pc'
[4.005s] Level 1:colcon.colcon_core.environment:checking '/home/maranmen/quadruped_8DOF/install/quadruped_model/lib/python3.10/site-packages'
[4.005s] Level 1:colcon.colcon_core.shell:create_environment_hook('quadruped_model', 'pythonpath')
[4.005s] INFO:colcon.colcon_core.shell:Creating environment hook '/home/maranmen/quadruped_8DOF/install/quadruped_model/share/quadruped_model/hook/pythonpath.ps1'
[4.006s] INFO:colcon.colcon_core.shell:Creating environment descriptor '/home/maranmen/quadruped_8DOF/install/quadruped_model/share/quadruped_model/hook/pythonpath.dsv'
[4.007s] INFO:colcon.colcon_core.shell:Creating environment hook '/home/maranmen/quadruped_8DOF/install/quadruped_model/share/quadruped_model/hook/pythonpath.sh'
[4.008s] Level 1:colcon.colcon_core.environment:checking '/home/maranmen/quadruped_8DOF/install/quadruped_model/bin'
[4.009s] INFO:colcon.colcon_core.shell:Creating package script '/home/maranmen/quadruped_8DOF/install/quadruped_model/share/quadruped_model/package.ps1'
[4.010s] INFO:colcon.colcon_core.shell:Creating package descriptor '/home/maranmen/quadruped_8DOF/install/quadruped_model/share/quadruped_model/package.dsv'
[4.011s] INFO:colcon.colcon_core.shell:Creating package script '/home/maranmen/quadruped_8DOF/install/quadruped_model/share/quadruped_model/package.sh'
[4.012s] INFO:colcon.colcon_core.shell:Creating package script '/home/maranmen/quadruped_8DOF/install/quadruped_model/share/quadruped_model/package.bash'
[4.014s] INFO:colcon.colcon_core.shell:Creating package script '/home/maranmen/quadruped_8DOF/install/quadruped_model/share/quadruped_model/package.zsh'
[4.015s] Level 1:colcon.colcon_core.environment:create_file_with_runtime_dependencies(/home/maranmen/quadruped_8DOF/install/quadruped_model/share/colcon-core/packages/quadruped_model)
[4.367s] Level 1:colcon.colcon_core.environment:create_environment_scripts_only(quadruped_model)
[4.368s] Level 1:colcon.colcon_core.environment:checking '/home/maranmen/quadruped_8DOF/install/quadruped_model' for CMake module files
[4.369s] Level 1:colcon.colcon_core.environment:checking '/home/maranmen/quadruped_8DOF/install/quadruped_model' for CMake config files
[4.371s] Level 1:colcon.colcon_core.shell:create_environment_hook('quadruped_model', 'cmake_prefix_path')
[4.371s] INFO:colcon.colcon_core.shell:Creating environment hook '/home/maranmen/quadruped_8DOF/install/quadruped_model/share/quadruped_model/hook/cmake_prefix_path.ps1'
[4.373s] INFO:colcon.colcon_core.shell:Creating environment descriptor '/home/maranmen/quadruped_8DOF/install/quadruped_model/share/quadruped_model/hook/cmake_prefix_path.dsv'
[4.374s] INFO:colcon.colcon_core.shell:Creating environment hook '/home/maranmen/quadruped_8DOF/install/quadruped_model/share/quadruped_model/hook/cmake_prefix_path.sh'
[4.375s] Level 1:colcon.colcon_core.environment:checking '/home/maranmen/quadruped_8DOF/install/quadruped_model/lib'
[4.376s] Level 1:colcon.colcon_core.environment:checking '/home/maranmen/quadruped_8DOF/install/quadruped_model/bin'
[4.376s] Level 1:colcon.colcon_core.environment:checking '/home/maranmen/quadruped_8DOF/install/quadruped_model/lib/pkgconfig/quadruped_model.pc'
[4.377s] Level 1:colcon.colcon_core.environment:checking '/home/maranmen/quadruped_8DOF/install/quadruped_model/lib/python3.10/site-packages'
[4.377s] Level 1:colcon.colcon_core.shell:create_environment_hook('quadruped_model', 'pythonpath')
[4.377s] INFO:colcon.colcon_core.shell:Creating environment hook '/home/maranmen/quadruped_8DOF/install/quadruped_model/share/quadruped_model/hook/pythonpath.ps1'
[4.378s] INFO:colcon.colcon_core.shell:Creating environment descriptor '/home/maranmen/quadruped_8DOF/install/quadruped_model/share/quadruped_model/hook/pythonpath.dsv'
[4.379s] INFO:colcon.colcon_core.shell:Creating environment hook '/home/maranmen/quadruped_8DOF/install/quadruped_model/share/quadruped_model/hook/pythonpath.sh'
[4.381s] Level 1:colcon.colcon_core.environment:checking '/home/maranmen/quadruped_8DOF/install/quadruped_model/bin'
[4.381s] INFO:colcon.colcon_core.shell:Creating package script '/home/maranmen/quadruped_8DOF/install/quadruped_model/share/quadruped_model/package.ps1'
[4.383s] INFO:colcon.colcon_core.shell:Creating package descriptor '/home/maranmen/quadruped_8DOF/install/quadruped_model/share/quadruped_model/package.dsv'
[4.385s] INFO:colcon.colcon_core.shell:Creating package script '/home/maranmen/quadruped_8DOF/install/quadruped_model/share/quadruped_model/package.sh'
[4.386s] INFO:colcon.colcon_core.shell:Creating package script '/home/maranmen/quadruped_8DOF/install/quadruped_model/share/quadruped_model/package.bash'
[4.388s] INFO:colcon.colcon_core.shell:Creating package script '/home/maranmen/quadruped_8DOF/install/quadruped_model/share/quadruped_model/package.zsh'
[4.389s] Level 1:colcon.colcon_core.environment:create_file_with_runtime_dependencies(/home/maranmen/quadruped_8DOF/install/quadruped_model/share/colcon-core/packages/quadruped_model)
[4.394s] INFO:colcon.colcon_ros.task.ament_python.build:Building ROS package in '/home/maranmen/quadruped_8DOF/src/cinematic_control' with build type 'ament_python'
[4.395s] Level 1:colcon.colcon_core.shell:create_environment_hook('cinematic_control', 'ament_prefix_path')
[4.395s] INFO:colcon.colcon_core.shell:Creating environment hook '/home/maranmen/quadruped_8DOF/install/cinematic_control/share/cinematic_control/hook/ament_prefix_path.ps1'
[4.397s] INFO:colcon.colcon_core.shell:Creating environment descriptor '/home/maranmen/quadruped_8DOF/install/cinematic_control/share/cinematic_control/hook/ament_prefix_path.dsv'
[4.398s] INFO:colcon.colcon_core.shell:Creating environment hook '/home/maranmen/quadruped_8DOF/install/cinematic_control/share/cinematic_control/hook/ament_prefix_path.sh'
[4.400s] INFO:colcon.colcon_core.shell:Skip shell extension 'powershell' for command environment: Not usable outside of PowerShell
[4.400s] DEBUG:colcon.colcon_core.shell:Skip shell extension 'dsv' for command environment
[5.149s] INFO:colcon.colcon_core.task.python.build:Building Python package in '/home/maranmen/quadruped_8DOF/src/cinematic_control'
[5.149s] INFO:colcon.colcon_core.shell:Skip shell extension 'powershell' for command environment: Not usable outside of PowerShell
[5.150s] DEBUG:colcon.colcon_core.shell:Skip shell extension 'dsv' for command environment
[6.353s] DEBUG:colcon.colcon_core.event_handler.log_command:Invoking command in '/home/maranmen/quadruped_8DOF/src/cinematic_control': CMAKE_PREFIX_PATH=/home/maranmen/quadruped_8DOF/install/quadruped_model:/home/maranmen/quadruped_8DOF/install/quadruped_model_msg:/home/maranmen/ws_moveit/install/robotiq_hardware_tests:/home/maranmen/ws_moveit/install/robotiq_driver:/home/maranmen/ws_moveit/install/serial:/home/maranmen/ws_moveit/install/moveit2_tutorials:/home/maranmen/ws_moveit/install/moveit_visual_tools:/home/maranmen/ws_moveit/install/rviz_visual_tools:/home/maranmen/ws_moveit/install/moveit_task_constructor_visualization:/home/maranmen/ws_moveit/install/moveit_task_constructor_demo:/home/maranmen/ws_moveit/install/moveit_task_constructor_capabilities:/home/maranmen/ws_moveit/install/moveit_task_constructor_core:/home/maranmen/ws_moveit/install/rviz_marker_tools:/home/maranmen/ws_moveit/install/kortex_bringup:/home/maranmen/ws_moveit/install/kinova_gen3_7dof_robotiq_2f_85_moveit_config:/home/maranmen/ws_moveit/install/kinova_gen3_6dof_robotiq_2f_85_moveit_config:/home/maranmen/ws_moveit/install/kortex_description:/home/maranmen/ws_moveit/install/robotiq_description:/home/maranmen/ws_moveit/install/robotiq_controllers:/home/maranmen/ws_moveit/install/pilz_industrial_motion_planner_testutils:/home/maranmen/ws_moveit/install/moveit_runtime:/home/maranmen/ws_moveit/install/moveit:/home/maranmen/ws_moveit/install/moveit_planners:/home/maranmen/ws_moveit/install/pilz_industrial_motion_planner:/home/maranmen/ws_moveit/install/pick_ik:/home/maranmen/ws_moveit/install/moveit_task_constructor_msgs:/home/maranmen/ws_moveit/install/moveit_ros_control_interface:/home/maranmen/ws_moveit/install/moveit_plugins:/home/maranmen/ws_moveit/install/moveit_simple_controller_manager:/home/maranmen/ws_moveit/install/moveit_setup_assistant:/home/maranmen/ws_moveit/install/moveit_setup_srdf_plugins:/home/maranmen/ws_moveit/install/moveit_setup_core_plugins:/home/maranmen/ws_moveit/install/moveit_setup_controllers:/home/maranmen/ws_moveit/install/moveit_setup_app_plugins:/home/maranmen/ws_moveit/install/moveit_setup_framework:/home/maranmen/ws_moveit/install/moveit_servo:/home/maranmen/ws_moveit/install/moveit_ros:/home/maranmen/ws_moveit/install/moveit_ros_visualization:/home/maranmen/ws_moveit/install/moveit_py:/home/maranmen/ws_moveit/install/moveit_hybrid_planning:/home/maranmen/ws_moveit/install/moveit_ros_planning_interface:/home/maranmen/ws_moveit/install/moveit_ros_benchmarks:/home/maranmen/ws_moveit/install/moveit_ros_warehouse:/home/maranmen/ws_moveit/install/moveit_ros_robot_interaction:/home/maranmen/ws_moveit/install/moveit_ros_perception:/home/maranmen/ws_moveit/install/moveit_resources_prbt_pg70_support:/home/maranmen/ws_moveit/install/moveit_resources_prbt_moveit_config:/home/maranmen/ws_moveit/install/moveit_ros_move_group:/home/maranmen/ws_moveit/install/moveit_planners_ompl:/home/maranmen/ws_moveit/install/moveit_kinematics:/home/maranmen/ws_moveit/install/moveit_ros_planning:/home/maranmen/ws_moveit/install/moveit_ros_occupancy_map_monitor:/home/maranmen/ws_moveit/install/moveit_resources_prbt_support:/home/maranmen/ws_moveit/install/moveit_resources_prbt_ikfast_manipulator_plugin:/home/maranmen/ws_moveit/install/moveit_resources:/home/maranmen/ws_moveit/install/moveit_resources_pr2_description:/home/maranmen/ws_moveit/install/moveit_resources_panda_moveit_config:/home/maranmen/ws_moveit/install/dual_arm_panda_moveit_config:/home/maranmen/ws_moveit/install/moveit_resources_panda_description:/home/maranmen/ws_moveit/install/moveit_resources_fanuc_moveit_config:/home/maranmen/ws_moveit/install/moveit_resources_fanuc_description:/home/maranmen/ws_moveit/install/moveit_planners_stomp:/home/maranmen/ws_moveit/install/moveit_planners_chomp:/home/maranmen/ws_moveit/install/chomp_motion_planner:/home/maranmen/ws_moveit/install/moveit_core:/home/maranmen/ws_moveit/install/moveit_msgs:/home/maranmen/ws_moveit/install/moveit_common:/home/maranmen/ws_moveit/install/kortex_driver:/home/maranmen/ws_moveit/install/kortex_api PYTHONPATH=/home/maranmen/quadruped_8DOF/build/cinematic_control/prefix_override:/usr/lib/python3/dist-packages/colcon_core/task/python/colcon_distutils_commands:/home/maranmen/quadruped_8DOF/install/cinematic_control/lib/python3.10/site-packages:/home/maranmen/quadruped_8DOF/install/quadruped_model/lib/python3.10/site-packages:/home/maranmen/quadruped_8DOF/install/cinematic_control/lib/python3.10/site-packages:/home/maranmen/ws_moveit/install/moveit_task_constructor_msgs/local/lib/python3.10/dist-packages:/home/maranmen/ws_moveit/install/moveit_py/local/lib/python3.10/dist-packages:/home/maranmen/ws_moveit/install/moveit_msgs/local/lib/python3.10/dist-packages:/home/maranmen/ws_moveit/install/moveit_configs_utils/lib/python3.10/site-packages:/opt/ros/humble/lib/python3.10/site-packages:/opt/ros/humble/local/lib/python3.10/dist-packages /usr/bin/python3 -W ignore:setup.py install is deprecated setup.py egg_info --egg-base ../../build/cinematic_control build --build-base /home/maranmen/quadruped_8DOF/build/cinematic_control/build install --record /home/maranmen/quadruped_8DOF/build/cinematic_control/install.log --single-version-externally-managed install_data
[7.059s] Level 1:colcon.colcon_core.environment:checking '/home/maranmen/quadruped_8DOF/install/cinematic_control' for CMake module files
[7.061s] DEBUG:colcon.colcon_core.event_handler.log_command:Invoked command in '/home/maranmen/quadruped_8DOF/src/cinematic_control' returned '0': CMAKE_PREFIX_PATH=/home/maranmen/quadruped_8DOF/install/quadruped_model:/home/maranmen/quadruped_8DOF/install/quadruped_model_msg:/home/maranmen/ws_moveit/install/robotiq_hardware_tests:/home/maranmen/ws_moveit/install/robotiq_driver:/home/maranmen/ws_moveit/install/serial:/home/maranmen/ws_moveit/install/moveit2_tutorials:/home/maranmen/ws_moveit/install/moveit_visual_tools:/home/maranmen/ws_moveit/install/rviz_visual_tools:/home/maranmen/ws_moveit/install/moveit_task_constructor_visualization:/home/maranmen/ws_moveit/install/moveit_task_constructor_demo:/home/maranmen/ws_moveit/install/moveit_task_constructor_capabilities:/home/maranmen/ws_moveit/install/moveit_task_constructor_core:/home/maranmen/ws_moveit/install/rviz_marker_tools:/home/maranmen/ws_moveit/install/kortex_bringup:/home/maranmen/ws_moveit/install/kinova_gen3_7dof_robotiq_2f_85_moveit_config:/home/maranmen/ws_moveit/install/kinova_gen3_6dof_robotiq_2f_85_moveit_config:/home/maranmen/ws_moveit/install/kortex_description:/home/maranmen/ws_moveit/install/robotiq_description:/home/maranmen/ws_moveit/install/robotiq_controllers:/home/maranmen/ws_moveit/install/pilz_industrial_motion_planner_testutils:/home/maranmen/ws_moveit/install/moveit_runtime:/home/maranmen/ws_moveit/install/moveit:/home/maranmen/ws_moveit/install/moveit_planners:/home/maranmen/ws_moveit/install/pilz_industrial_motion_planner:/home/maranmen/ws_moveit/install/pick_ik:/home/maranmen/ws_moveit/install/moveit_task_constructor_msgs:/home/maranmen/ws_moveit/install/moveit_ros_control_interface:/home/maranmen/ws_moveit/install/moveit_plugins:/home/maranmen/ws_moveit/install/moveit_simple_controller_manager:/home/maranmen/ws_moveit/install/moveit_setup_assistant:/home/maranmen/ws_moveit/install/moveit_setup_srdf_plugins:/home/maranmen/ws_moveit/install/moveit_setup_core_plugins:/home/maranmen/ws_moveit/install/moveit_setup_controllers:/home/maranmen/ws_moveit/install/moveit_setup_app_plugins:/home/maranmen/ws_moveit/install/moveit_setup_framework:/home/maranmen/ws_moveit/install/moveit_servo:/home/maranmen/ws_moveit/install/moveit_ros:/home/maranmen/ws_moveit/install/moveit_ros_visualization:/home/maranmen/ws_moveit/install/moveit_py:/home/maranmen/ws_moveit/install/moveit_hybrid_planning:/home/maranmen/ws_moveit/install/moveit_ros_planning_interface:/home/maranmen/ws_moveit/install/moveit_ros_benchmarks:/home/maranmen/ws_moveit/install/moveit_ros_warehouse:/home/maranmen/ws_moveit/install/moveit_ros_robot_interaction:/home/maranmen/ws_moveit/install/moveit_ros_perception:/home/maranmen/ws_moveit/install/moveit_resources_prbt_pg70_support:/home/maranmen/ws_moveit/install/moveit_resources_prbt_moveit_config:/home/maranmen/ws_moveit/install/moveit_ros_move_group:/home/maranmen/ws_moveit/install/moveit_planners_ompl:/home/maranmen/ws_moveit/install/moveit_kinematics:/home/maranmen/ws_moveit/install/moveit_ros_planning:/home/maranmen/ws_moveit/install/moveit_ros_occupancy_map_monitor:/home/maranmen/ws_moveit/install/moveit_resources_prbt_support:/home/maranmen/ws_moveit/install/moveit_resources_prbt_ikfast_manipulator_plugin:/home/maranmen/ws_moveit/install/moveit_resources:/home/maranmen/ws_moveit/install/moveit_resources_pr2_description:/home/maranmen/ws_moveit/install/moveit_resources_panda_moveit_config:/home/maranmen/ws_moveit/install/dual_arm_panda_moveit_config:/home/maranmen/ws_moveit/install/moveit_resources_panda_description:/home/maranmen/ws_moveit/install/moveit_resources_fanuc_moveit_config:/home/maranmen/ws_moveit/install/moveit_resources_fanuc_description:/home/maranmen/ws_moveit/install/moveit_planners_stomp:/home/maranmen/ws_moveit/install/moveit_planners_chomp:/home/maranmen/ws_moveit/install/chomp_motion_planner:/home/maranmen/ws_moveit/install/moveit_core:/home/maranmen/ws_moveit/install/moveit_msgs:/home/maranmen/ws_moveit/install/moveit_common:/home/maranmen/ws_moveit/install/kortex_driver:/home/maranmen/ws_moveit/install/kortex_api PYTHONPATH=/home/maranmen/quadruped_8DOF/build/cinematic_control/prefix_override:/usr/lib/python3/dist-packages/colcon_core/task/python/colcon_distutils_commands:/home/maranmen/quadruped_8DOF/install/cinematic_control/lib/python3.10/site-packages:/home/maranmen/quadruped_8DOF/install/quadruped_model/lib/python3.10/site-packages:/home/maranmen/quadruped_8DOF/install/cinematic_control/lib/python3.10/site-packages:/home/maranmen/ws_moveit/install/moveit_task_constructor_msgs/local/lib/python3.10/dist-packages:/home/maranmen/ws_moveit/install/moveit_py/local/lib/python3.10/dist-packages:/home/maranmen/ws_moveit/install/moveit_msgs/local/lib/python3.10/dist-packages:/home/maranmen/ws_moveit/install/moveit_configs_utils/lib/python3.10/site-packages:/opt/ros/humble/lib/python3.10/site-packages:/opt/ros/humble/local/lib/python3.10/dist-packages /usr/bin/python3 -W ignore:setup.py install is deprecated setup.py egg_info --egg-base ../../build/cinematic_control build --build-base /home/maranmen/quadruped_8DOF/build/cinematic_control/build install --record /home/maranmen/quadruped_8DOF/build/cinematic_control/install.log --single-version-externally-managed install_data
[7.062s] Level 1:colcon.colcon_core.environment:checking '/home/maranmen/quadruped_8DOF/install/cinematic_control' for CMake config files
[7.064s] Level 1:colcon.colcon_core.environment:checking '/home/maranmen/quadruped_8DOF/install/cinematic_control/lib'
[7.065s] Level 1:colcon.colcon_core.environment:checking '/home/maranmen/quadruped_8DOF/install/cinematic_control/bin'
[7.065s] Level 1:colcon.colcon_core.environment:checking '/home/maranmen/quadruped_8DOF/install/cinematic_control/lib/pkgconfig/cinematic_control.pc'
[7.065s] Level 1:colcon.colcon_core.environment:checking '/home/maranmen/quadruped_8DOF/install/cinematic_control/lib/python3.10/site-packages'
[7.065s] Level 1:colcon.colcon_core.shell:create_environment_hook('cinematic_control', 'pythonpath')
[7.066s] INFO:colcon.colcon_core.shell:Creating environment hook '/home/maranmen/quadruped_8DOF/install/cinematic_control/share/cinematic_control/hook/pythonpath.ps1'
[7.067s] INFO:colcon.colcon_core.shell:Creating environment descriptor '/home/maranmen/quadruped_8DOF/install/cinematic_control/share/cinematic_control/hook/pythonpath.dsv'
[7.069s] INFO:colcon.colcon_core.shell:Creating environment hook '/home/maranmen/quadruped_8DOF/install/cinematic_control/share/cinematic_control/hook/pythonpath.sh'
[7.071s] Level 1:colcon.colcon_core.environment:checking '/home/maranmen/quadruped_8DOF/install/cinematic_control/bin'
[7.071s] Level 1:colcon.colcon_core.environment:create_environment_scripts_only(cinematic_control)
[7.072s] INFO:colcon.colcon_core.shell:Creating package script '/home/maranmen/quadruped_8DOF/install/cinematic_control/share/cinematic_control/package.ps1'
[7.073s] INFO:colcon.colcon_core.shell:Creating package descriptor '/home/maranmen/quadruped_8DOF/install/cinematic_control/share/cinematic_control/package.dsv'
[7.075s] INFO:colcon.colcon_core.shell:Creating package script '/home/maranmen/quadruped_8DOF/install/cinematic_control/share/cinematic_control/package.sh'
[7.076s] INFO:colcon.colcon_core.shell:Creating package script '/home/maranmen/quadruped_8DOF/install/cinematic_control/share/cinematic_control/package.bash'
[7.078s] INFO:colcon.colcon_core.shell:Creating package script '/home/maranmen/quadruped_8DOF/install/cinematic_control/share/cinematic_control/package.zsh'
[7.079s] Level 1:colcon.colcon_core.environment:create_file_with_runtime_dependencies(/home/maranmen/quadruped_8DOF/install/cinematic_control/share/colcon-core/packages/cinematic_control)
[7.081s] DEBUG:colcon.colcon_parallel_executor.executor.parallel:closing loop
[7.082s] DEBUG:colcon.colcon_parallel_executor.executor.parallel:loop closed
[7.082s] DEBUG:colcon.colcon_parallel_executor.executor.parallel:run_until_complete finished with '0'
[7.083s] DEBUG:colcon.colcon_core.event_reactor:joining thread
[7.136s] INFO:colcon.colcon_core.plugin_system:Skipping extension 'colcon_notification.desktop_notification.terminal_notifier': Not used on non-Darwin systems
[7.138s] INFO:colcon.colcon_core.plugin_system:Skipping extension 'colcon_notification.desktop_notification.win32': Not used on non-Windows systems
[7.139s] INFO:colcon.colcon_notification.desktop_notification:Sending desktop notification using 'notify2'
[7.193s] DEBUG:colcon.colcon_core.event_reactor:joined thread
[7.194s] INFO:colcon.colcon_core.shell:Creating prefix script '/home/maranmen/quadruped_8DOF/install/local_setup.ps1'
[7.196s] INFO:colcon.colcon_core.shell:Creating prefix util module '/home/maranmen/quadruped_8DOF/install/_local_setup_util_ps1.py'
[7.200s] INFO:colcon.colcon_core.shell:Creating prefix chain script '/home/maranmen/quadruped_8DOF/install/setup.ps1'
[7.232s] INFO:colcon.colcon_core.shell:Creating prefix script '/home/maranmen/quadruped_8DOF/install/local_setup.sh'
[7.234s] INFO:colcon.colcon_core.shell:Creating prefix util module '/home/maranmen/quadruped_8DOF/install/_local_setup_util_sh.py'
[7.236s] INFO:colcon.colcon_core.shell:Creating prefix chain script '/home/maranmen/quadruped_8DOF/install/setup.sh'
[7.273s] INFO:colcon.colcon_core.shell:Creating prefix script '/home/maranmen/quadruped_8DOF/install/local_setup.bash'
[7.277s] INFO:colcon.colcon_core.shell:Creating prefix chain script '/home/maranmen/quadruped_8DOF/install/setup.bash'
[7.326s] INFO:colcon.colcon_core.shell:Creating prefix script '/home/maranmen/quadruped_8DOF/install/local_setup.zsh'
[7.331s] INFO:colcon.colcon_core.shell:Creating prefix chain script '/home/maranmen/quadruped_8DOF/install/setup.zsh'
