[0.793s] Invoking command in '/home/maranmen/Quadruped_8DOF/src/quadruped_model': PYTHONPATH=/home/maranmen/Quadruped_8DOF/build/quadruped_model/prefix_override:/home/maranmen/Quadruped_8DOF/install/quadruped_model/lib/python3.10/site-packages:${PYTHONPATH} /usr/bin/python3 -W ignore:setup.py install is deprecated setup.py egg_info --egg-base ../../build/quadruped_model build --build-base /home/maranmen/Quadruped_8DOF/build/quadruped_model/build install --record /home/maranmen/Quadruped_8DOF/build/quadruped_model/install.log --single-version-externally-managed install_data
[1.098s] running egg_info
[1.098s] writing ../../build/quadruped_model/quadruped_model.egg-info/PKG-INFO
[1.099s] writing dependency_links to ../../build/quadruped_model/quadruped_model.egg-info/dependency_links.txt
[1.099s] writing entry points to ../../build/quadruped_model/quadruped_model.egg-info/entry_points.txt
[1.099s] writing requirements to ../../build/quadruped_model/quadruped_model.egg-info/requires.txt
[1.100s] writing top-level names to ../../build/quadruped_model/quadruped_model.egg-info/top_level.txt
[1.101s] reading manifest file '../../build/quadruped_model/quadruped_model.egg-info/SOURCES.txt'
[1.103s] writing manifest file '../../build/quadruped_model/quadruped_model.egg-info/SOURCES.txt'
[1.103s] running build
[1.103s] running build_py
[1.104s] running install
[1.104s] running install_lib
[1.105s] running install_data
[1.106s] copying meshes/foot_BR_link.STL -> /home/maranmen/Quadruped_8DOF/install/quadruped_model/share/quadruped_model/meshes
[1.106s] copying meshes/leg_FL_link.STL -> /home/maranmen/Quadruped_8DOF/install/quadruped_model/share/quadruped_model/meshes
[1.107s] copying meshes/leg_FR_link.STL -> /home/maranmen/Quadruped_8DOF/install/quadruped_model/share/quadruped_model/meshes
[1.108s] copying meshes/leg_BL_link.STL -> /home/maranmen/Quadruped_8DOF/install/quadruped_model/share/quadruped_model/meshes
[1.109s] copying meshes/foot_BL_link.STL -> /home/maranmen/Quadruped_8DOF/install/quadruped_model/share/quadruped_model/meshes
[1.110s] copying meshes/foot_FR_link.STL -> /home/maranmen/Quadruped_8DOF/install/quadruped_model/share/quadruped_model/meshes
[1.110s] copying meshes/foot_FL_link.STL -> /home/maranmen/Quadruped_8DOF/install/quadruped_model/share/quadruped_model/meshes
[1.111s] copying meshes/leg_BR_link.STL -> /home/maranmen/Quadruped_8DOF/install/quadruped_model/share/quadruped_model/meshes
[1.112s] copying meshes/base_link.STL -> /home/maranmen/Quadruped_8DOF/install/quadruped_model/share/quadruped_model/meshes
[1.115s] running install_egg_info
[1.117s] removing '/home/maranmen/Quadruped_8DOF/install/quadruped_model/lib/python3.10/site-packages/quadruped_model-0.0.0-py3.10.egg-info' (and everything under it)
[1.118s] Copying ../../build/quadruped_model/quadruped_model.egg-info to /home/maranmen/Quadruped_8DOF/install/quadruped_model/lib/python3.10/site-packages/quadruped_model-0.0.0-py3.10.egg-info
[1.119s] running install_scripts
[1.148s] writing list of installed files to '/home/maranmen/Quadruped_8DOF/build/quadruped_model/install.log'
[1.186s] Invoked command in '/home/maranmen/Quadruped_8DOF/src/quadruped_model' returned '0': PYTHONPATH=/home/maranmen/Quadruped_8DOF/build/quadruped_model/prefix_override:/home/maranmen/Quadruped_8DOF/install/quadruped_model/lib/python3.10/site-packages:${PYTHONPATH} /usr/bin/python3 -W ignore:setup.py install is deprecated setup.py egg_info --egg-base ../../build/quadruped_model build --build-base /home/maranmen/Quadruped_8DOF/build/quadruped_model/build install --record /home/maranmen/Quadruped_8DOF/build/quadruped_model/install.log --single-version-externally-managed install_data
