[3.544s] Invoking command in '/home/julio/Desktop/proyecto_tesis/quadruped_8DOF/src/quadruped_model': PYTHONPATH=/home/julio/Desktop/proyecto_tesis/quadruped_8DOF/build/quadruped_model/prefix_override:/usr/lib/python3/dist-packages/colcon_core/task/python/colcon_distutils_commands:/home/julio/Desktop/proyecto_tesis/quadruped_8DOF/install/quadruped_model/lib/python3.10/site-packages:${PYTHONPATH} /usr/bin/python3 -W ignore:setup.py install is deprecated setup.py egg_info --egg-base ../../build/quadruped_model build --build-base /home/julio/Desktop/proyecto_tesis/quadruped_8DOF/build/quadruped_model/build install --record /home/julio/Desktop/proyecto_tesis/quadruped_8DOF/build/quadruped_model/install.log --single-version-externally-managed install_data
[4.517s] running egg_info
[4.517s] writing ../../build/quadruped_model/quadruped_model.egg-info/PKG-INFO
[4.519s] writing dependency_links to ../../build/quadruped_model/quadruped_model.egg-info/dependency_links.txt
[4.520s] writing entry points to ../../build/quadruped_model/quadruped_model.egg-info/entry_points.txt
[4.521s] writing requirements to ../../build/quadruped_model/quadruped_model.egg-info/requires.txt
[4.522s] writing top-level names to ../../build/quadruped_model/quadruped_model.egg-info/top_level.txt
[4.533s] reading manifest file '../../build/quadruped_model/quadruped_model.egg-info/SOURCES.txt'
[4.536s] writing manifest file '../../build/quadruped_model/quadruped_model.egg-info/SOURCES.txt'
[4.537s] running build
[4.546s] running build_py
[4.546s] copying quadruped_model/vrep_communication.py -> /home/julio/Desktop/proyecto_tesis/quadruped_8DOF/build/quadruped_model/build/lib/quadruped_model
[4.552s] running install
[4.555s] running install_lib
[4.564s] copying /home/julio/Desktop/proyecto_tesis/quadruped_8DOF/build/quadruped_model/build/lib/quadruped_model/vrep_communication.py -> /home/julio/Desktop/proyecto_tesis/quadruped_8DOF/install/quadruped_model/lib/python3.10/site-packages/quadruped_model
[4.572s] byte-compiling /home/julio/Desktop/proyecto_tesis/quadruped_8DOF/install/quadruped_model/lib/python3.10/site-packages/quadruped_model/vrep_communication.py to vrep_communication.cpython-310.pyc
[4.576s] running install_data
[4.579s] running install_egg_info
[4.583s] removing '/home/julio/Desktop/proyecto_tesis/quadruped_8DOF/install/quadruped_model/lib/python3.10/site-packages/quadruped_model-0.0.0-py3.10.egg-info' (and everything under it)
[4.585s] Copying ../../build/quadruped_model/quadruped_model.egg-info to /home/julio/Desktop/proyecto_tesis/quadruped_8DOF/install/quadruped_model/lib/python3.10/site-packages/quadruped_model-0.0.0-py3.10.egg-info
[4.613s] running install_scripts
[4.705s] Installing continuous_lifter script to /home/julio/Desktop/proyecto_tesis/quadruped_8DOF/install/quadruped_model/lib/quadruped_model
[4.706s] Installing move_hip script to /home/julio/Desktop/proyecto_tesis/quadruped_8DOF/install/quadruped_model/lib/quadruped_model
[4.709s] Installing move_leg script to /home/julio/Desktop/proyecto_tesis/quadruped_8DOF/install/quadruped_model/lib/quadruped_model
[4.713s] Installing move_robot script to /home/julio/Desktop/proyecto_tesis/quadruped_8DOF/install/quadruped_model/lib/quadruped_model
[4.713s] Installing vrep_communication script to /home/julio/Desktop/proyecto_tesis/quadruped_8DOF/install/quadruped_model/lib/quadruped_model
[4.714s] writing list of installed files to '/home/julio/Desktop/proyecto_tesis/quadruped_8DOF/build/quadruped_model/install.log'
[4.763s] Invoked command in '/home/julio/Desktop/proyecto_tesis/quadruped_8DOF/src/quadruped_model' returned '0': PYTHONPATH=/home/julio/Desktop/proyecto_tesis/quadruped_8DOF/build/quadruped_model/prefix_override:/usr/lib/python3/dist-packages/colcon_core/task/python/colcon_distutils_commands:/home/julio/Desktop/proyecto_tesis/quadruped_8DOF/install/quadruped_model/lib/python3.10/site-packages:${PYTHONPATH} /usr/bin/python3 -W ignore:setup.py install is deprecated setup.py egg_info --egg-base ../../build/quadruped_model build --build-base /home/julio/Desktop/proyecto_tesis/quadruped_8DOF/build/quadruped_model/build install --record /home/julio/Desktop/proyecto_tesis/quadruped_8DOF/build/quadruped_model/install.log --single-version-externally-managed install_data
