[8.614s] Invoking command in '/home/julio/Desktop/proyecto_tesis/quadruped_8DOF/src/quadruped_model': PYTHONPATH=/home/julio/Desktop/proyecto_tesis/quadruped_8DOF/build/quadruped_model/prefix_override:/usr/lib/python3/dist-packages/colcon_core/task/python/colcon_distutils_commands:/home/julio/Desktop/proyecto_tesis/quadruped_8DOF/install/quadruped_model/lib/python3.10/site-packages:${PYTHONPATH} /usr/bin/python3 -W ignore:setup.py install is deprecated setup.py egg_info --egg-base ../../build/quadruped_model build --build-base /home/julio/Desktop/proyecto_tesis/quadruped_8DOF/build/quadruped_model/build install --record /home/julio/Desktop/proyecto_tesis/quadruped_8DOF/build/quadruped_model/install.log --single-version-externally-managed install_data
[11.765s] running egg_info
[11.771s] writing ../../build/quadruped_model/quadruped_model.egg-info/PKG-INFO
[11.774s] writing dependency_links to ../../build/quadruped_model/quadruped_model.egg-info/dependency_links.txt
[11.775s] writing entry points to ../../build/quadruped_model/quadruped_model.egg-info/entry_points.txt
[11.775s] writing requirements to ../../build/quadruped_model/quadruped_model.egg-info/requires.txt
[11.778s] writing top-level names to ../../build/quadruped_model/quadruped_model.egg-info/top_level.txt
[11.806s] reading manifest file '../../build/quadruped_model/quadruped_model.egg-info/SOURCES.txt'
[11.820s] writing manifest file '../../build/quadruped_model/quadruped_model.egg-info/SOURCES.txt'
[11.821s] running build
[11.825s] running build_py
[11.832s] copying quadruped_model/move_leg.py -> /home/julio/Desktop/proyecto_tesis/quadruped_8DOF/build/quadruped_model/build/lib/quadruped_model
[11.840s] running install
[11.841s] running install_lib
[11.853s] copying /home/julio/Desktop/proyecto_tesis/quadruped_8DOF/build/quadruped_model/build/lib/quadruped_model/move_leg.py -> /home/julio/Desktop/proyecto_tesis/quadruped_8DOF/install/quadruped_model/lib/python3.10/site-packages/quadruped_model
[11.863s] byte-compiling /home/julio/Desktop/proyecto_tesis/quadruped_8DOF/install/quadruped_model/lib/python3.10/site-packages/quadruped_model/move_leg.py to move_leg.cpython-310.pyc
[11.867s] running install_data
[11.875s] running install_egg_info
[11.931s] removing '/home/julio/Desktop/proyecto_tesis/quadruped_8DOF/install/quadruped_model/lib/python3.10/site-packages/quadruped_model-0.0.0-py3.10.egg-info' (and everything under it)
[11.944s] Copying ../../build/quadruped_model/quadruped_model.egg-info to /home/julio/Desktop/proyecto_tesis/quadruped_8DOF/install/quadruped_model/lib/python3.10/site-packages/quadruped_model-0.0.0-py3.10.egg-info
[11.958s] running install_scripts
[12.172s] Installing continuous_lifter script to /home/julio/Desktop/proyecto_tesis/quadruped_8DOF/install/quadruped_model/lib/quadruped_model
[12.185s] Installing move_leg script to /home/julio/Desktop/proyecto_tesis/quadruped_8DOF/install/quadruped_model/lib/quadruped_model
[12.195s] Installing move_robot script to /home/julio/Desktop/proyecto_tesis/quadruped_8DOF/install/quadruped_model/lib/quadruped_model
[12.195s] Installing vrep_communication script to /home/julio/Desktop/proyecto_tesis/quadruped_8DOF/install/quadruped_model/lib/quadruped_model
[12.196s] writing list of installed files to '/home/julio/Desktop/proyecto_tesis/quadruped_8DOF/build/quadruped_model/install.log'
[12.448s] Invoked command in '/home/julio/Desktop/proyecto_tesis/quadruped_8DOF/src/quadruped_model' returned '0': PYTHONPATH=/home/julio/Desktop/proyecto_tesis/quadruped_8DOF/build/quadruped_model/prefix_override:/usr/lib/python3/dist-packages/colcon_core/task/python/colcon_distutils_commands:/home/julio/Desktop/proyecto_tesis/quadruped_8DOF/install/quadruped_model/lib/python3.10/site-packages:${PYTHONPATH} /usr/bin/python3 -W ignore:setup.py install is deprecated setup.py egg_info --egg-base ../../build/quadruped_model build --build-base /home/julio/Desktop/proyecto_tesis/quadruped_8DOF/build/quadruped_model/build install --record /home/julio/Desktop/proyecto_tesis/quadruped_8DOF/build/quadruped_model/install.log --single-version-externally-managed install_data
